文件名，Iou_1，Iou_2，mIoU，fscore，recall，precision, accuracy
20393_mask.png 0.77799 0.871071 0.82453 0.931093 0.985835 0.882111 0.911194
20572_mask.png 0.967679 0.608121 0.7879 0.756313 0.998087 0.608831 0.969223
20337_mask.png 0.713557 0.837495 0.775526 0.911562 0.994907 0.841101 0.884323
20726_mask.png 0.897278 0.606754 0.752016 0.755254 0.988316 0.611138 0.911331
20411_mask.png 0.929152 0.40441 0.666781 0.575914 0.918473 0.419467 0.932404
20233_mask.png 0.745055 0.603439 0.674247 0.752681 0.879827 0.657643 0.816315
20784_mask.png 0.859244 0.736199 0.797721 0.848058 0.922674 0.784608 0.898941
20764_mask.png 0.975286 0.211661 0.593473 0.349373 0.211973 0.993103 0.975449
20125_mask.png 0.980935 0.521875 0.751405 0.685832 0.759522 0.625175 0.981323
20779_mask.png 0.995346 0.0 0.497673 nan nan 0.0 0.995346
20727_mask.png 0.913043 0.679414 0.796229 0.809108 0.951839 0.703601 0.926575
20385_mask.png 0.915244 0.837253 0.876249 0.911418 0.865814 0.962094 0.940979
20723_mask.png 0.0 0.99704 0.49852 0.998518 0.997283 0.999755 0.99704
20795_mask.png 0.816784 0.528426 0.672605 0.691464 0.626185 0.771938 0.847992
20363_mask.png 0.795368 0.984261 0.889815 0.992068 0.995529 0.988631 0.985168
20459_mask.png 0.972049 0.98234 0.977195 0.991092 0.99103 0.991153 0.989059
20583_mask.png 0.905769 0.834026 0.869898 0.909503 0.883908 0.936624 0.93605
20654_mask.png 0.815601 0.894048 0.854824 0.944061 0.94415 0.943971 0.927856
20175_mask.png 0.904778 0.584974 0.744876 0.73815 0.884164 0.633527 0.916046
20772_mask.png 0.85472 0.901192 0.877956 0.948028 0.993694 0.906375 0.937515
20169_mask.png 0.827376 0.864861 0.846119 0.927534 0.98477 0.876586 0.917984
20131_mask.png 0.995099 0.823991 0.909545 0.903503 0.905172 0.90184 0.995209
20497_mask.png 0.996836 0.338658 0.667747 0.505967 0.374558 0.779412 0.996841
20730_mask.png 1.0 nan 1.0 nan nan nan 1.0
20790_mask.png 0.993935 0.505632 0.749784 0.671654 0.512041 0.975845 0.993973
20739_mask.png 0.843297 0.418991 0.631144 0.590548 0.453702 0.845597 0.859207
20488_mask.png 0.935075 0.816748 0.875912 0.899132 0.933367 0.867319 0.949646
20051_mask.png 0.595954 0.460261 0.528108 0.630382 0.466047 0.973735 0.699493
20197_mask.png 0.99077 0.767892 0.879331 0.868709 0.96665 0.78879 0.991043
20073_mask.png 0.96679 0.648139 0.807464 0.78651 0.957911 0.667138 0.968704
20454_mask.png 0.657947 0.887075 0.772511 0.940159 0.995892 0.890333 0.907227
20219_mask.png 1.0 nan 1.0 nan nan nan 1.0
20336_mask.png 0.929073 0.593554 0.761313 0.744944 0.957801 0.609493 0.93573
20236_mask.png 0.973743 0.872331 0.923037 0.931813 0.918294 0.945736 0.977737
20754_mask.png 0.828524 0.546866 0.687695 0.707063 0.832802 0.614312 0.857925
20181_mask.png 0.933776 0.597904 0.76584 0.74836 0.995763 0.599429 0.939713
20788_mask.png 0.924681 0.219063 0.571872 0.359396 0.228745 0.838072 0.926239
20308_mask.png 0.945467 0.400973 0.67322 0.572421 0.562241 0.582975 0.947388
20824_mask.png 0.8692 0.942922 0.906061 0.970623 0.962366 0.979022 0.958618
20327_mask.png 0.905735 0.906489 0.906112 0.950951 0.92122 0.982665 0.950745
20063_mask.png 0.939335 0.728565 0.83395 0.842971 0.797653 0.893748 0.94783
20234_mask.png 0.421128 0.935209 0.678168 0.96652 0.955421 0.97788 0.938126
20017_mask.png 0.480406 0.982526 0.731466 0.991186 0.984586 0.997874 0.982803
20064_mask.png 0.901817 0.821597 0.861707 0.902062 1.0 0.821597 0.932388
20041_mask.png 0.952316 0.582621 0.767468 0.736274 0.981051 0.589252 0.955292
20413_mask.png 0.985144 0.654001 0.819572 0.790811 0.66966 0.96548 0.98555
20248_mask.png 0.144404 0.699836 0.42212 0.823416 0.704353 0.99092 0.71431
20646_mask.png 0.936603 0.438201 0.687402 0.609373 0.652165 0.571852 0.93959
20402_mask.png 0.975561 0.539758 0.757659 0.701094 0.882552 0.581529 0.976242
20038_mask.png 0.782875 0.850827 0.816851 0.919402 0.881739 0.960426 0.903
20558_mask.png 0.834834 0.828635 0.831734 0.906288 0.832142 0.99494 0.908173
20213_mask.png 0.98078 0.843955 0.912368 0.915375 0.863077 0.97442 0.98259
20724_mask.png 0.810362 0.657609 0.733986 0.793443 0.728041 0.871755 0.860992
20414_mask.png 0.916039 0.98112 0.948579 0.99047 0.983436 0.997605 0.984344
20364_mask.png 0.838701 0.909867 0.874284 0.952807 0.937971 0.96812 0.938629
20602_mask.png 0.986537 0.732053 0.859295 0.845301 0.945122 0.764551 0.987015
20279_mask.png 0.664324 0.973131 0.818728 0.986382 0.997661 0.975356 0.974487
20641_mask.png 0.896743 0.68631 0.791527 0.813979 0.722914 0.931292 0.915771
20191_mask.png 0.771598 0.864424 0.818011 0.927283 0.870915 0.991452 0.907013
20076_mask.png 0.931423 0.584406 0.757915 0.737698 0.813435 0.674862 0.937454
20130_mask.png 0.793123 0.859874 0.826498 0.924658 0.890538 0.961497 0.908844
20123_mask.png 0.99055 0.522586 0.756568 0.686445 0.544643 0.928077 0.990646
20719_mask.png 0.832212 0.993316 0.912764 0.996647 0.999635 0.993676 0.99353
20343_mask.png 0.944338 0.438303 0.691321 0.609473 0.520909 0.73432 0.946655
20668_mask.png 0.912212 0.669082 0.790647 0.801737 0.770172 0.835999 0.925446
20686_mask.png 0.920886 0.741701 0.831293 0.851697 0.852685 0.850712 0.935532
20246_mask.png 0.962288 0.395489 0.678888 0.56681 0.630695 0.514677 0.963196
20663_mask.png 0.984103 0.719686 0.851894 0.836997 0.992278 0.72374 0.984726
20264_mask.png 0.970857 0.704158 0.837508 0.8264 0.785622 0.871642 0.972748
20012_mask.png 0.92572 0.99876 0.96224 0.99938 0.999426 0.999333 0.998779
20407_mask.png 0.84337 0.980919 0.912144 0.990367 0.984929 0.995866 0.982697
20287_mask.png 1.0 nan 1.0 nan nan nan 1.0
20610_mask.png 0.945277 0.406014 0.675646 0.577539 0.996206 0.406643 0.94725
20625_mask.png 0.876059 0.508331 0.692195 0.674031 0.579119 0.806151 0.890137
20680_mask.png 0.974559 0.793305 0.883932 0.884741 0.793413 0.999829 0.976822
20138_mask.png 0.871835 0.667264 0.76955 0.80043 0.999254 0.667597 0.898041
20320_mask.png 0.968351 0.510124 0.739237 0.675606 0.518473 0.969402 0.96936
20168_mask.png 0.939554 0.502996 0.721275 0.669324 0.872517 0.542894 0.943039
20208_mask.png 0.543079 0.966424 0.754752 0.982925 0.970366 0.995814 0.967712
20314_mask.png 0.990933 0.439163 0.715048 0.610304 1.0 0.439163 0.990997
20648_mask.png 0.671898 0.561729 0.616813 0.719368 0.645195 0.812812 0.769028
20239_mask.png 0.97782 0.786123 0.881972 0.880257 0.787126 0.998383 0.979492
20295_mask.png 0.990559 0.572129 0.781344 0.72784 0.989104 0.575758 0.990677
20505_mask.png 0.890403 0.490113 0.690258 0.65782 0.49395 0.984397 0.900848
20776_mask.png 1.0 nan 1.0 nan nan nan 1.0
20570_mask.png 0.894963 0.854151 0.874557 0.921339 0.945061 0.898779 0.934967
20545_mask.png 0.833572 0.658071 0.745821 0.793779 0.965155 0.674086 0.873947
20753_mask.png 0.841317 0.54545 0.693383 0.705878 0.744584 0.670998 0.866699
20503_mask.png 0.885935 0.875447 0.880691 0.933587 0.997401 0.877448 0.936691
20655_mask.png 0.858602 0.457055 0.657828 0.627368 0.523231 0.783258 0.873642
20210_mask.png 0.732377 0.688041 0.710209 0.815195 0.77259 0.862772 0.831711
20357_mask.png 0.878906 0.767128 0.823017 0.86822 0.827269 0.913437 0.913437
20600_mask.png 0.427878 0.955409 0.691643 0.977196 1.0 0.955409 0.956848
20077_mask.png 0.949823 0.479722 0.714772 0.648395 0.572049 0.748257 0.952042
20591_mask.png 0.921893 0.509276 0.715584 0.674861 0.821327 0.572727 0.92775
20298_mask.png 0.994041 0.74124 0.86764 0.851393 0.809419 0.897959 0.994141
20761_mask.png 0.948528 0.387284 0.667906 0.558334 0.98474 0.389623 0.95015
20116_mask.png 0.958604 0.658974 0.808789 0.794435 0.806848 0.782398 0.96167
20221_mask.png 0.0 0.986343 0.493172 0.993125 0.986343 1.0 0.986343
20483_mask.png 0.849905 0.455582 0.652743 0.625979 0.954326 0.465737 0.866653
20361_mask.png 0.921758 0.487873 0.704815 0.655799 0.868054 0.52695 0.927185
20542_mask.png 0.869967 0.237572 0.55377 0.383933 0.989147 0.238193 0.875031
20607_mask.png 0.909694 0.710866 0.81028 0.831001 0.72799 0.96797 0.926102
20555_mask.png 0.833246 0.474753 0.653999 0.64384 0.982601 0.478777 0.855087
20135_mask.png 0.734832 0.936749 0.835791 0.967342 0.937506 0.999139 0.946182
20344_mask.png 0.994946 0.834529 0.914737 0.909802 0.840557 0.991479 0.995071
20217_mask.png 0.51675 0.703413 0.610081 0.825886 0.916132 0.751826 0.774826
20429_mask.png 0.952157 0.539547 0.745852 0.700917 0.990322 0.542407 0.954697
20606_mask.png 0.905391 0.765861 0.835626 0.867408 0.960734 0.790607 0.92775
20212_mask.png 0.941503 0.912155 0.926829 0.95406 0.91458 0.997101 0.963608
20714_mask.png 0.944023 0.429775 0.686899 0.601178 0.557587 0.652163 0.946289
20157_mask.png 0.738834 0.96315 0.850992 0.981229 0.969587 0.993154 0.966629
20100_mask.png 0.936567 0.581828 0.759198 0.73564 0.623973 0.895988 0.941711
20611_mask.png 0.79963 0.950542 0.875086 0.974644 0.988975 0.960722 0.958694
20101_mask.png 0.831623 0.654413 0.743018 0.791112 0.97724 0.664542 0.87233
20484_mask.png 0.950127 0.606712 0.778419 0.755222 0.858767 0.67396 0.95369
20001_mask.png 0.870285 0.965013 0.917649 0.982195 0.980418 0.983978 0.971664
20086_mask.png 1.0 nan 1.0 nan nan nan 1.0
20231_mask.png 0.872396 0.557854 0.715125 0.716183 0.616512 0.854296 0.890091
20033_mask.png 0.885192 0.557582 0.721387 0.715959 0.580112 0.934883 0.899704
20688_mask.png 0.610903 0.897011 0.753957 0.94571 0.994458 0.901518 0.911346
20608_mask.png 0.883811 0.515758 0.699785 0.680528 0.749896 0.622907 0.896606
20804_mask.png 1.0 nan 1.0 nan nan nan 1.0
20352_mask.png 0.836496 0.714033 0.775265 0.833162 0.777755 0.897068 0.883896
20485_mask.png 0.95953 0.695319 0.827425 0.820281 0.928452 0.734686 0.962952
20463_mask.png 0.758261 0.770281 0.764271 0.870236 0.771354 0.998197 0.866486
20645_mask.png 0.861543 0.705481 0.783512 0.82731 0.936109 0.741168 0.896027
20530_mask.png 1.0 nan 1.0 nan nan nan 1.0
20358_mask.png 0.98542 0.633936 0.809678 0.775962 0.737997 0.818044 0.985779
20170_mask.png 0.875217 0.48004 0.677628 0.648685 0.912399 0.503233 0.888107
20088_mask.png 0.900936 0.879627 0.890282 0.935959 0.89284 0.983454 0.942535
20025_mask.png 0.0 0.949539 0.47477 0.974117 1.0 0.949539 0.949539
20692_mask.png 0.20301 0.628462 0.415736 0.771847 0.630674 0.99445 0.660583
20044_mask.png 0.926953 0.829193 0.878073 0.906622 0.912456 0.900861 0.946075
20787_mask.png 0.93584 0.406162 0.671001 0.577689 0.472313 0.74359 0.938538
20148_mask.png 0.0 0.988327 0.494164 0.994129 1.0 0.988327 0.988327
20550_mask.png 0.871267 0.839353 0.85531 0.912661 0.850678 0.984387 0.923035
20568_mask.png 0.819117 0.835838 0.827478 0.910579 0.882783 0.940184 0.905838
20691_mask.png 0.379222 0.800887 0.590054 0.889436 0.807562 0.989784 0.822479
20560_mask.png 0.977073 0.76158 0.869327 0.864656 0.924731 0.81191 0.978638
20813_mask.png 0.800054 0.636006 0.71803 0.77751 0.684276 0.900159 0.851822
20306_mask.png 0.792709 0.90806 0.850384 0.951815 0.928374 0.97647 0.931976
20652_mask.png 0.837855 0.917925 0.87789 0.957206 0.920947 0.996438 0.942368
20527_mask.png 0.95121 0.386957 0.669083 0.557994 0.713037 0.458333 0.952667
20247_mask.png 0.35317 0.803295 0.578233 0.890919 0.808253 0.992422 0.822372
20190_mask.png 0.501132 0.668199 0.584666 0.801102 0.817788 0.785084 0.751144
20492_mask.png 0.392968 0.798026 0.595497 0.887669 0.808107 0.984609 0.821381
20465_mask.png 0.49103 0.886128 0.688579 0.939627 0.995794 0.889457 0.8974
20171_mask.png 0.792672 0.792791 0.792732 0.884421 0.797612 0.992434 0.884384
20180_mask.png 0.544634 0.923541 0.734087 0.960251 0.989384 0.932784 0.929947
20354_mask.png 0.999985 0.0 0.499992 nan 0.0 nan 0.999985
20127_mask.png 0.991267 0.517036 0.754152 0.68164 0.914157 0.54342 0.991348
20226_mask.png 0.948763 0.934711 0.941737 0.966254 0.967248 0.965262 0.970444
20750_mask.png 0.831242 0.945937 0.88859 0.972217 0.966707 0.97779 0.957306
20586_mask.png 0.861548 0.736497 0.799022 0.848256 0.801271 0.901094 0.900177
20365_mask.png 0.756465 0.675873 0.716169 0.806592 0.7349 0.893784 0.838486
20045_mask.png 0.778559 0.91917 0.848865 0.957883 0.920451 0.998489 0.937057
20359_mask.png 0.851013 0.578214 0.714613 0.732744 0.657848 0.826886 0.876282
20048_mask.png 0.548563 0.717793 0.633178 0.835715 0.750118 0.943364 0.789856
20252_mask.png 0.903507 0.54651 0.725008 0.706765 0.991432 0.549103 0.913559
20785_mask.png 0.762118 0.515996 0.639057 0.680735 0.525465 0.966256 0.810242
20734_mask.png 0.456745 0.971949 0.714347 0.985775 0.999053 0.972845 0.972595
20725_mask.png 0.899628 0.820412 0.86002 0.901347 0.985789 0.83023 0.931183
20713_mask.png 0.440873 0.440812 0.440842 0.611894 0.976143 0.445613 0.611923
20422_mask.png 0.887526 0.730487 0.809006 0.844256 0.881209 0.810277 0.913803
20196_mask.png 0.913897 0.754117 0.834007 0.859825 0.787745 0.946426 0.931885
20443_mask.png 0.284067 0.872575 0.578321 0.931952 0.999651 0.872841 0.878708
20449_mask.png 0.635326 0.883186 0.759256 0.93797 0.883186 1.0 0.902939
20283_mask.png 0.940922 0.500956 0.720939 0.667516 0.665277 0.66977 0.944229
20349_mask.png 0.532164 0.62811 0.580137 0.771582 0.99628 0.629587 0.738663
20445_mask.png 0.828681 0.968731 0.898706 0.984117 0.984803 0.983433 0.972839
20537_mask.png 0.79856 0.580261 0.689411 0.734386 0.630493 0.879273 0.842438
20512_mask.png 0.915922 0.83683 0.876376 0.911168 0.901187 0.921372 0.941254
20372_mask.png 0.854326 0.704607 0.779467 0.826709 0.887372 0.77381 0.891891
20662_mask.png 0.152916 0.23349 0.193203 0.378584 1.0 0.23349 0.32666
20722_mask.png 0.739731 0.532222 0.635976 0.694706 0.635742 0.765726 0.799194
20491_mask.png 0.981555 0.654336 0.817946 0.791055 0.967192 0.669189 0.982178
20165_mask.png 0.087666 0.972615 0.53014 0.986117 0.999026 0.973538 0.972687
20029_mask.png 0.86992 0.949227 0.909574 0.973952 0.988358 0.95996 0.962097
20134_mask.png 0.805132 0.527762 0.666447 0.690895 0.892205 0.563705 0.839981
20541_mask.png 0.691387 0.365719 0.528553 0.535569 0.390117 0.853964 0.738007
20319_mask.png 1.0 nan 1.0 nan nan nan 1.0
20773_mask.png 0.974101 0.530868 0.752484 0.693551 0.612406 0.799486 0.974838
20467_mask.png 0.636986 0.99919 0.818088 0.999595 1.0 0.99919 0.999191
20330_mask.png 0.753302 0.976482 0.864892 0.988101 0.998963 0.977473 0.978058
20120_mask.png 0.983485 0.592207 0.787846 0.743882 0.795337 0.69868 0.983871
20107_mask.png 0.75933 0.757534 0.758432 0.862042 0.829955 0.89671 0.862625
20377_mask.png 0.754631 0.853784 0.804207 0.921125 0.866239 0.983438 0.899139
20230_mask.png 0.897168 0.443879 0.670524 0.614842 0.911608 0.463842 0.904968
20708_mask.png 0.966071 0.780652 0.873362 0.876816 0.817245 0.945754 0.969727
20539_mask.png 0.566361 0.639097 0.602729 0.779816 0.746532 0.816206 0.754715
20345_mask.png 0.731341 0.876971 0.804156 0.934453 0.883485 0.991662 0.907837
20103_mask.png 0.899212 0.832477 0.865845 0.908581 0.920338 0.89712 0.932846
20566_mask.png 0.0 0.0 0.0 nan 0.0 nan 0.0
20220_mask.png 0.434641 0.997355 0.715998 0.998676 1.0 0.997355 0.99736
20462_mask.png 0.917257 0.754976 0.836116 0.860383 0.965692 0.775784 0.934067
20501_mask.png 0.936839 0.722396 0.829618 0.838827 0.722396 1.0 0.945755
20797_mask.png 0.787281 0.527433 0.657357 0.690614 0.537718 0.965004 0.828094
20477_mask.png 0.981304 0.759409 0.870357 0.863255 0.788428 0.953774 0.982346
20431_mask.png 0.975887 0.538715 0.757301 0.700215 0.872206 0.584881 0.976547
20332_mask.png 0.993601 0.47014 0.73187 0.639585 0.47014 1.0 0.993637
20224_mask.png 0.94432 0.66006 0.80219 0.795224 0.792514 0.797953 0.949753
20442_mask.png 0.748879 0.580991 0.664935 0.73497 0.587239 0.982014 0.813736
20812_mask.png 0.828543 0.803587 0.816065 0.891099 0.847495 0.939432 0.899231
20433_mask.png 0.938047 0.548487 0.743267 0.708417 0.808424 0.630429 0.942383
20256_mask.png 0.958338 0.89426 0.926299 0.944179 0.91609 0.974044 0.969193
20438_mask.png 0.889472 0.541237 0.715354 0.702341 0.587687 0.872576 0.902222
20836_mask.png 0.923304 0.371914 0.647609 0.542182 0.413568 0.786899 0.926636
20543_mask.png 0.627168 0.856187 0.741677 0.922522 0.953065 0.893877 0.884201
20605_mask.png 0.159435 0.921706 0.54057 0.959258 0.999832 0.921849 0.922852
20026_mask.png 0.913127 0.464069 0.688598 0.633944 0.706689 0.574777 0.919205
20767_mask.png 0.775802 0.99087 0.883336 0.995414 0.998778 0.992073 0.99115
20557_mask.png 0.869039 0.731349 0.800194 0.844831 0.78591 0.913304 0.903458
20338_mask.png 0.818377 0.207671 0.513024 0.34392 0.981543 0.208485 0.82663
20827_mask.png 0.927746 0.618349 0.773047 0.764172 0.664088 0.899777 0.935318
20673_mask.png 0.995363 0.382892 0.689128 0.553756 0.994709 0.383673 0.995377
20039_mask.png 0.512479 0.212993 0.362736 0.351186 0.999607 0.213011 0.569305
20833_mask.png 0.877571 0.673463 0.775517 0.804874 0.67799 0.990182 0.902252
20020_mask.png 0.887461 0.52275 0.705105 0.686587 0.717049 0.658608 0.899811
20222_mask.png 0.560887 0.907739 0.734313 0.951638 0.951001 0.952277 0.917465
20387_mask.png 0.866646 0.519562 0.693104 0.683831 0.667475 0.70101 0.883453
20328_mask.png 0.820028 0.884338 0.852183 0.938619 0.976208 0.903817 0.924255
20291_mask.png 0.904257 0.405471 0.654864 0.576989 0.507582 0.668386 0.910126
20781_mask.png 0.824538 0.743898 0.784218 0.853144 0.986226 0.751707 0.883774
20237_mask.png 0.985874 0.516437 0.751155 0.681119 0.523375 0.974975 0.986084
20035_mask.png 0.836371 0.945313 0.890842 0.971888 0.976406 0.967412 0.95726
20106_mask.png 0.831095 0.91079 0.870942 0.953312 0.916282 0.993462 0.938004
20603_mask.png 0.941093 0.692162 0.816627 0.81808 0.911198 0.742229 0.947983
20014_mask.png 0.977257 0.888407 0.932832 0.940907 0.967546 0.915694 0.980743
20596_mask.png 0.929992 0.145496 0.537744 0.254031 0.146019 0.97598 0.930817
20589_mask.png 1.0 nan 1.0 nan nan nan 1.0
20612_mask.png 0.946457 0.105439 0.525948 0.190764 0.995157 0.105493 0.946793
20388_mask.png 0.826123 0.447805 0.636964 0.618598 0.781832 0.511753 0.84761
20272_mask.png 0.414489 0.638905 0.526697 0.779673 0.648472 0.977431 0.712418
20706_mask.png 0.977457 0.416533 0.696995 0.588102 0.416533 1.0 0.977814
20582_mask.png 0.887909 0.71085 0.79938 0.83099 0.999365 0.711171 0.912125
20296_mask.png 0.0 0.999939 0.499969 0.999969 1.0 0.999939 0.999939
20019_mask.png 0.75117 0.744077 0.747623 0.853261 0.744842 0.998621 0.855621
20523_mask.png 0.87679 0.358744 0.617767 0.528052 0.388169 0.825552 0.884735
20095_mask.png 0.668409 0.493353 0.580881 0.660732 0.933256 0.511397 0.749344
20517_mask.png 0.81603 0.41476 0.615395 0.586333 0.499769 0.709166 0.83725
20136_mask.png 0.958816 0.503069 0.730942 0.669389 0.654768 0.684678 0.960464
20709_mask.png 0.868283 0.811776 0.840029 0.896111 0.845633 0.952996 0.916
20162_mask.png 0.943722 0.688029 0.815876 0.815186 0.931394 0.72476 0.949936
20556_mask.png 0.999252 0.0 0.499626 nan nan 0.0 0.999252
20458_mask.png 0.97263 0.887576 0.930103 0.94044 0.957097 0.924353 0.977493
20154_mask.png 0.923667 0.781234 0.852451 0.877183 0.781278 0.999929 0.940018
20474_mask.png 0.825513 0.635032 0.730272 0.776783 0.900631 0.682878 0.86615
20744_mask.png 0.024096 0.051284 0.03769 0.097564 0.051284 1.0 0.072998
20016_mask.png 0.896943 0.921171 0.909057 0.958968 1.0 0.921171 0.953247
20396_mask.png 0.84251 0.477652 0.660081 0.646501 0.521228 0.851042 0.862335
20799_mask.png nan 1.0 1.0 1.0 1.0 1.0 1.0
20707_mask.png 0.662716 0.934853 0.798784 0.96633 0.976941 0.955946 0.942245
20187_mask.png 0.876564 0.843752 0.860158 0.915255 0.891019 0.940847 0.925934
20524_mask.png 0.96585 0.81404 0.889945 0.897489 0.836244 0.968413 0.970291
20770_mask.png 0.381692 0.921664 0.651678 0.959235 0.925573 0.995439 0.925278
20091_mask.png 0.988805 0.748405 0.868605 0.856101 0.799092 0.921868 0.989166
20303_mask.png 0.906612 0.845338 0.875975 0.916187 0.868476 0.969446 0.938171
20746_mask.png 0.960753 0.440583 0.700668 0.611673 0.752874 0.515072 0.961929
20394_mask.png 0.95802 0.46855 0.713285 0.638112 0.940491 0.482865 0.959518
20494_mask.png 0.032345 0.93412 0.483233 0.965938 0.961892 0.970018 0.934265
20265_mask.png 0.921686 0.801557 0.861622 0.889849 0.903868 0.876259 0.940506
20397_mask.png 0.0 0.954742 0.477371 0.976847 0.954742 1.0 0.954742
20261_mask.png 0.985804 0.9128 0.949302 0.954412 0.926464 0.984099 0.98764
20310_mask.png 0.885131 0.694716 0.789924 0.819861 0.858308 0.784711 0.908936
20186_mask.png 0.97058 0.655146 0.812863 0.791648 0.920892 0.694217 0.972137
20624_mask.png 0.752055 0.821109 0.786582 0.901768 0.880509 0.924079 0.884033
20546_mask.png 0.0 0.980713 0.490356 0.990263 0.980713 1.0 0.980713
20434_mask.png 0.996744 0.358434 0.677589 0.527716 0.639785 0.449057 0.99675
20552_mask.png 0.984596 0.486054 0.735325 0.654154 0.639266 0.669751 0.984818
20214_mask.png 0.803854 0.986217 0.895035 0.993061 0.994101 0.992022 0.986954
20050_mask.png 0.412618 0.952735 0.682676 0.975796 0.963137 0.988792 0.954254
20826_mask.png 0.948237 0.703027 0.825632 0.82562 0.889137 0.770573 0.953888
20240_mask.png 0.704761 0.727218 0.715989 0.842068 0.784689 0.908501 0.834793
20259_mask.png 0.69381 0.939301 0.816555 0.9687 0.981429 0.956298 0.94664
20355_mask.png nan 1.0 1.0 1.0 1.0 1.0 1.0
20816_mask.png 0.895106 0.675786 0.785446 0.80653 0.875698 0.747489 0.913925
20390_mask.png 0.934705 0.770438 0.852572 0.870336 0.93902 0.811015 0.946442
20699_mask.png 0.826171 0.948911 0.887541 0.973786 0.962473 0.985369 0.958893
20740_mask.png 0.743237 0.960274 0.851755 0.979734 0.986438 0.973121 0.964371
20507_mask.png 0.962969 0.663092 0.813031 0.797421 0.705994 0.916049 0.965485
20415_mask.png 0.984746 0.695748 0.840247 0.820579 0.852567 0.790906 0.98526
20763_mask.png 0.95818 0.8982 0.92819 0.94637 0.986871 0.909063 0.969452
20525_mask.png 0.811588 0.866529 0.839059 0.928492 0.893897 0.965874 0.915253
20622_mask.png 1.0 nan 1.0 nan nan nan 1.0
20650_mask.png 0.740065 0.424753 0.582409 0.596248 0.858735 0.456662 0.781921
20054_mask.png 0.993364 0.79507 0.894217 0.885837 0.800487 0.991561 0.99353
20227_mask.png 0.87207 0.978297 0.925184 0.98903 0.987954 0.990108 0.981094
20112_mask.png 0.952182 0.825704 0.888943 0.904532 1.0 0.825704 0.961014
20656_mask.png 0.900147 0.93415 0.917149 0.965954 0.93572 0.998207 0.958679
20270_mask.png 0.933574 0.490157 0.711865 0.65786 0.669845 0.646295 0.937561
20004_mask.png 0.951245 0.172639 0.561942 0.294446 1.0 0.172639 0.951736
20831_mask.png 0.907737 0.553039 0.730388 0.712202 0.737264 0.688789 0.917191
20046_mask.png 0.866619 0.635157 0.750888 0.776876 0.743304 0.813624 0.891754
20167_mask.png 0.855244 0.920665 0.887955 0.958694 0.973161 0.944651 0.945984
20780_mask.png 0.757116 0.346022 0.551569 0.51414 0.355313 0.929737 0.784775
20302_mask.png 0.945029 0.520113 0.732571 0.684308 0.734503 0.640535 0.94812
20554_mask.png 0.852738 0.797166 0.824952 0.887137 0.854526 0.922336 0.906723
20040_mask.png 0.955316 0.745179 0.850247 0.853986 0.889698 0.82103 0.96048
20752_mask.png 0.973609 0.435752 0.704681 0.607002 0.807028 0.486436 0.974136
20052_mask.png 0.991784 0.857777 0.92478 0.923444 0.938429 0.908931 0.992172
20207_mask.png 0.447792 0.774772 0.611282 0.873095 0.949762 0.80788 0.809555
20098_mask.png 0.526192 0.513991 0.520091 0.678988 0.79951 0.590042 0.684357
20070_mask.png 0.977225 0.847385 0.912305 0.917389 0.851111 0.994861 0.979782
20113_mask.png 0.803753 0.649268 0.72651 0.787341 0.730528 0.853735 0.856049
20637_mask.png 0.986091 0.457229 0.72166 0.627532 0.594828 0.664042 0.986252
20032_mask.png 0.93695 0.593293 0.765122 0.744738 0.611025 0.953368 0.942261
20657_mask.png 1.0 nan 1.0 nan nan nan 1.0
20374_mask.png 0.695529 0.341384 0.518456 0.509003 0.989477 0.342628 0.73703
20569_mask.png 0.982851 0.69305 0.83795 0.8187 0.924678 0.734516 0.98349
20629_mask.png 0.928052 0.840064 0.884058 0.913081 0.852899 0.982401 0.947784
20209_mask.png 1.0 nan 1.0 nan nan nan 1.0
20575_mask.png 0.959728 0.316359 0.638043 0.480657 0.371668 0.680091 0.960464
20243_mask.png 0.827504 0.942117 0.88481 0.970196 0.945527 0.996186 0.954697
20551_mask.png 0.812071 0.763655 0.787863 0.865992 0.868498 0.8635 0.883072
20383_mask.png 0.927883 0.616638 0.77226 0.762865 0.661102 0.901655 0.935379
20273_mask.png 0.888606 0.93971 0.914158 0.968918 0.984074 0.954222 0.95929
20042_mask.png 0.917635 0.565624 0.74163 0.722554 0.687757 0.76106 0.925613
20198_mask.png 0.985382 0.943163 0.964272 0.97075 0.969096 0.97241 0.988235
20549_mask.png 0.851009 0.53853 0.69477 0.700058 0.824374 0.608322 0.873077
20177_mask.png 0.9541 0.402172 0.678136 0.573641 0.439248 0.826526 0.955475
20617_mask.png 0.835105 0.633949 0.734527 0.775971 0.93064 0.665387 0.871735
20616_mask.png 0.99122 0.520202 0.755711 0.684385 0.985646 0.524173 0.991302
20418_mask.png 0.906232 0.697907 0.802069 0.822079 0.959148 0.719287 0.922928
20737_mask.png 0.96103 0.716429 0.83873 0.83479 0.844208 0.82558 0.964523
20614_mask.png 0.980507 0.572312 0.77641 0.727988 0.669076 0.798275 0.981003
20544_mask.png 0.965001 0.61758 0.79129 0.763585 0.639548 0.947312 0.966873
20769_mask.png 0.993262 0.608423 0.800843 0.756546 0.985486 0.613924 0.993332
20172_mask.png 0.979589 0.542717 0.761153 0.703586 0.942249 0.561391 0.980072
20370_mask.png 1.0 nan 1.0 nan nan nan 1.0
20604_mask.png 0.728932 0.591327 0.660129 0.743187 0.592237 0.997407 0.805298
20697_mask.png 0.483089 0.711277 0.597183 0.831282 0.772447 0.899819 0.772629
20828_mask.png 1.0 nan 1.0 nan nan nan 1.0
20111_mask.png 0.829256 0.503203 0.666229 0.669507 0.982511 0.507751 0.854431
20257_mask.png 0.979805 0.521611 0.750708 0.685603 0.667297 0.704943 0.98024
20335_mask.png 0.976965 0.282838 0.629902 0.440957 0.967213 0.285576 0.977173
20588_mask.png 0.825506 0.694749 0.760127 0.819884 0.954452 0.718573 0.875107
20286_mask.png 1.0 nan 1.0 nan nan nan 1.0
20071_mask.png 0.821247 0.763244 0.792246 0.865727 0.844489 0.888061 0.886597
20798_mask.png 0.941866 0.764161 0.853013 0.866316 0.771768 0.987265 0.95108
20147_mask.png 0.903635 0.563355 0.733495 0.7207 0.758689 0.686334 0.914291
20267_mask.png 0.907644 0.440722 0.674183 0.611807 0.445759 0.975 0.91391
20509_mask.png 1.0 nan 1.0 nan nan nan 1.0
20189_mask.png 0.967736 0.430935 0.699336 0.602312 0.483452 0.798671 0.968506
20618_mask.png 0.869436 0.989973 0.929705 0.994961 0.992623 0.997311 0.990601
20487_mask.png 0.878909 0.408672 0.643791 0.580224 0.431715 0.884481 0.88826
20450_mask.png 0.934069 0.416018 0.675044 0.587589 0.431972 0.918463 0.937027
20519_mask.png 0.947235 0.490242 0.718738 0.657936 0.945906 0.504382 0.949783
20672_mask.png 0.850306 0.601703 0.726004 0.751329 0.791086 0.715376 0.877914
20360_mask.png 0.992709 0.721165 0.856937 0.837997 0.789714 0.892568 0.992844
20511_mask.png 0.733504 0.563908 0.648706 0.721152 0.962853 0.576449 0.801804
20671_mask.png 0.90651 0.918181 0.912345 0.957345 0.976997 0.938468 0.954376
20832_mask.png 0.924786 0.43541 0.680098 0.606669 0.747296 0.510587 0.928909
20005_mask.png 0.746099 0.915743 0.830921 0.956019 0.915743 1.0 0.932465
20693_mask.png 0.915528 0.555684 0.735606 0.714392 0.601248 0.879989 0.923599
20437_mask.png 0.992811 0.030864 0.511838 0.05988 1.0 0.030864 0.992813
20635_mask.png 0.65298 0.780389 0.716685 0.87665 0.780389 1.0 0.844604
20193_mask.png 0.978025 0.738476 0.858251 0.849567 0.800376 0.905201 0.979309
20277_mask.png 0.9599 0.59812 0.77901 0.74853 0.866432 0.658872 0.962158
20202_mask.png 0.9511 0.467141 0.70912 0.636804 0.662731 0.61283 0.95311
20282_mask.png 0.878772 0.511162 0.694967 0.676515 0.985959 0.51491 0.89241
20384_mask.png 0.998393 0.634146 0.81627 0.776119 0.957895 0.65233 0.998398
20118_mask.png 0.866382 0.69781 0.782096 0.822012 1.0 0.69781 0.897888
20819_mask.png 0.755892 0.176203 0.466048 0.299613 0.176203 1.0 0.768005
20720_mask.png 0.830521 0.97272 0.901621 0.986171 0.986786 0.985558 0.975937
20643_mask.png 0.951494 0.293744 0.622619 0.4541 0.394041 0.535759 0.952454
20232_mask.png 0.686185 0.707401 0.696793 0.828629 0.722053 0.972114 0.821564
20621_mask.png 0.952566 0.262663 0.607614 0.416046 0.297785 0.690114 0.953354
20331_mask.png 0.994247 0.651076 0.822662 0.788669 0.763996 0.814988 0.994308
20155_mask.png 0.799344 0.846719 0.823031 0.916998 0.884408 0.952082 0.904831
20002_mask.png 0.984899 0.480851 0.732875 0.649425 0.668145 0.631726 0.985107
20677_mask.png 0.801512 0.69907 0.750291 0.822886 0.9599 0.7201 0.864151
20085_mask.png 0.745177 0.90096 0.823069 0.9479 0.967316 0.929248 0.923203
20403_mask.png 0.840907 0.749077 0.794992 0.85654 0.997731 0.750356 0.892136
20137_mask.png 0.888253 0.81185 0.850052 0.896156 0.876212 0.917029 0.924606
20097_mask.png 0.947544 0.74543 0.846487 0.85415 0.924658 0.793633 0.954529
20597_mask.png 0.915705 0.469398 0.692552 0.638899 0.470126 0.996713 0.921555
20440_mask.png 0.983494 0.542475 0.762984 0.703383 0.85346 0.598193 0.98381
20562_mask.png 0.83942 0.540637 0.690029 0.701836 1.0 0.540637 0.864944
20573_mask.png 0.684079 0.520572 0.602326 0.684706 0.547778 0.912904 0.764771
20489_mask.png 0.87728 0.945303 0.911291 0.971882 0.950589 0.994152 0.960678
20811_mask.png 0.77388 0.83741 0.805645 0.911512 0.959612 0.868003 0.895538
20716_mask.png 0.37833 0.680657 0.529494 0.809989 0.688664 0.983205 0.73262
20704_mask.png 0.922459 0.530068 0.726264 0.692869 0.705528 0.680656 0.928696
20818_mask.png 0.835048 0.48674 0.660894 0.654775 0.501471 0.943085 0.857361
20096_mask.png 0.974057 0.617081 0.795569 0.763204 0.900068 0.662469 0.975098
20782_mask.png 0.955545 0.532535 0.74404 0.694973 0.841278 0.592016 0.957687
20129_mask.png 0.689938 0.510898 0.600418 0.676284 0.534398 0.920749 0.765793
20164_mask.png 0.867553 0.607573 0.737563 0.755888 0.836735 0.689289 0.890091
20703_mask.png 0.63419 0.96667 0.80043 0.983053 0.9981 0.968452 0.968491
20132_mask.png 0.757118 0.830504 0.793811 0.907405 0.965173 0.856161 0.889099
20211_mask.png 0.913261 0.550835 0.732048 0.710372 0.660829 0.767946 0.9216
20561_mask.png 0.242249 0.255761 0.249005 0.407341 0.998304 0.255872 0.398804
20721_mask.png 0.952983 0.499915 0.726449 0.666591 0.650597 0.683391 0.955093
20379_mask.png 0.881296 0.705499 0.793397 0.827323 0.900906 0.764852 0.907578
20766_mask.png 0.916177 0.771806 0.843992 0.871208 0.791254 0.969137 0.934692
20090_mask.png 0.736514 0.895889 0.816201 0.945086 0.941632 0.948565 0.919357
20311_mask.png 0.858743 0.597444 0.728093 0.748 0.951336 0.616278 0.883224
20011_mask.png 0.0 0.989105 0.494553 0.994523 0.989105 1.0 0.989105
20514_mask.png 0.924106 0.472653 0.69838 0.641907 0.633096 0.650967 0.92894
20185_mask.png 0.927945 0.881532 0.904739 0.937037 0.907554 0.968499 0.953094
20667_mask.png 0.960369 0.527994 0.744181 0.691094 0.783441 0.618222 0.962051
20630_mask.png 0.976618 0.582325 0.779471 0.736037 0.870425 0.637596 0.977356
20506_mask.png 0.985151 0.804769 0.89496 0.891825 0.892773 0.890879 0.986008
20253_mask.png 0.287365 0.660821 0.474093 0.795776 0.807448 0.784438 0.70163
20447_mask.png 0.961421 0.656104 0.808762 0.792346 0.70834 0.89896 0.964066
20037_mask.png 0.973201 0.543455 0.758328 0.704206 0.543455 1.0 0.97403
20235_mask.png 0.003425 0.991119 0.497272 0.99554 0.998279 0.992816 0.991119
20696_mask.png 0.861067 0.586351 0.723709 0.739245 0.696306 0.787828 0.883926
20495_mask.png 0.737606 0.339451 0.538528 0.506851 0.344162 0.961239 0.768784
20480_mask.png 0.8193 0.992587 0.905944 0.99628 0.999412 0.993167 0.992828
20069_mask.png 0.914174 0.950218 0.932196 0.974474 0.965641 0.98347 0.967468
20526_mask.png 0.915699 0.216514 0.566106 0.355958 0.22282 0.88441 0.917618
20464_mask.png 0.841654 0.568521 0.705087 0.724913 0.874333 0.61911 0.868988
20642_mask.png 0.959924 0.969502 0.964713 0.984515 0.990985 0.978128 0.982376
20271_mask.png 0.522401 0.699603 0.611002 0.823254 0.700028 0.999131 0.773895
20292_mask.png 0.788819 0.489937 0.639378 0.657661 0.492601 0.989082 0.824432
20229_mask.png 0.971056 0.542301 0.756678 0.703236 0.981925 0.547769 0.972015
20839_mask.png 0.982137 0.379421 0.680779 0.550117 0.489627 0.62766 0.98233
20783_mask.png 0.896971 0.827382 0.862176 0.905538 0.93975 0.87373 0.93103
20094_mask.png 0.984725 0.703953 0.844339 0.826259 0.82745 0.825072 0.98526
20747_mask.png 0.921851 0.801347 0.861599 0.88972 0.812287 0.983471 0.940582
20508_mask.png 0.909114 0.852782 0.880948 0.920542 1.0 0.852782 0.94046
20003_mask.png 0.938817 0.743754 0.841286 0.853049 0.908698 0.803823 0.948044
20417_mask.png 0.564828 0.67045 0.617639 0.802718 0.671167 0.99841 0.76918
20260_mask.png 0.917932 0.532865 0.725398 0.695253 0.795068 0.617705 0.924957
20297_mask.png 0.136238 0.976014 0.556126 0.987862 0.999185 0.976792 0.976105
20326_mask.png 0.627966 0.854958 0.741462 0.921809 0.85745 0.996612 0.883484
20516_mask.png 0.917302 0.842674 0.879988 0.914621 0.997867 0.844195 0.942688
20315_mask.png 0.868608 0.936565 0.902586 0.967243 0.936565 1.0 0.955307
20055_mask.png 0.955964 0.605862 0.780913 0.754563 0.647196 0.904637 0.958755
20269_mask.png 0.621121 0.558921 0.590021 0.717061 0.922016 0.586654 0.744019
20348_mask.png 0.753984 0.96008 0.857032 0.979634 0.983233 0.97606 0.964432
20802_mask.png 0.992321 0.245113 0.618717 0.39372 0.304673 0.556314 0.99234
20745_mask.png 0.879254 0.655842 0.767548 0.792155 0.801713 0.782822 0.90184
20082_mask.png 0.955827 0.117449 0.536638 0.210209 0.122678 0.733716 0.956085
20280_mask.png 0.636664 0.692244 0.664454 0.818138 0.700687 0.982892 0.800064
20757_mask.png 0.24936 0.878924 0.564142 0.935561 0.879972 0.998647 0.883606
20099_mask.png 0.736392 0.816619 0.776505 0.899054 0.976895 0.832702 0.878738
20792_mask.png 0.940953 0.9438 0.942377 0.971088 0.948023 0.995303 0.970352
20249_mask.png 0.950784 0.543315 0.74705 0.704089 0.92122 0.569789 0.953506
20639_mask.png 0.618646 0.489272 0.553959 0.657062 0.986332 0.492612 0.720688
20626_mask.png 0.99852 0.0 0.49926 nan nan 0.0 0.99852
20733_mask.png 0.828616 0.819216 0.823916 0.900626 0.978783 0.834027 0.903534
20334_mask.png 0.892071 0.860164 0.876118 0.924826 0.899549 0.951565 0.935135
20263_mask.png 0.807402 0.877368 0.842385 0.934679 0.969047 0.902665 0.919006
20749_mask.png 0.965154 0.408488 0.686821 0.580038 0.940171 0.41939 0.965973
20203_mask.png 0.946413 0.881056 0.913734 0.936767 0.932265 0.941313 0.961639
20676_mask.png 0.748734 0.741196 0.744965 0.851364 0.765057 0.959621 0.853882
20075_mask.png 0.935812 0.622507 0.779159 0.767339 0.940339 0.648104 0.941956
20659_mask.png 0.706739 0.820893 0.763816 0.901638 0.990015 0.827746 0.874893
20092_mask.png 0.620591 0.523194 0.571893 0.68697 0.885172 0.561289 0.732117
20455_mask.png 0.0 0.817841 0.40892 0.899794 0.817841 1.0 0.817841
20619_mask.png 0.770134 0.691372 0.730753 0.817528 0.909521 0.742434 0.848267
20821_mask.png 0.829121 0.87426 0.85169 0.932912 0.894725 0.974504 0.921906
20599_mask.png 0.760206 0.890804 0.825505 0.942249 0.923744 0.96151 0.918884
20059_mask.png 0.05904 0.78233 0.420685 0.877874 1.0 0.78233 0.785263
20670_mask.png 0.95217 0.531958 0.742064 0.694482 0.554298 0.929574 0.954636
20460_mask.png 0.843779 0.924431 0.884105 0.960732 0.998886 0.925385 0.946335
20179_mask.png 0.958886 0.589942 0.774414 0.742092 0.859962 0.652639 0.961182
20748_mask.png 0.952698 0.352891 0.652795 0.521684 1.0 0.352891 0.953888
20156_mask.png nan 1.0 1.0 1.0 1.0 1.0 1.0
20255_mask.png 0.839922 0.962249 0.901086 0.980762 0.966969 0.994953 0.968491
20371_mask.png 1.0 nan 1.0 nan nan nan 1.0
20592_mask.png nan 1.0 1.0 1.0 1.0 1.0 1.0
20166_mask.png 0.924025 0.765866 0.844946 0.867411 0.970755 0.783954 0.939148
20084_mask.png 0.905687 0.684006 0.794847 0.812356 0.884 0.751454 0.921677
20580_mask.png 0.956898 0.584944 0.770921 0.738126 0.794454 0.689256 0.959366
20496_mask.png 0.940138 0.590822 0.76548 0.742788 0.630853 0.903014 0.944901
20067_mask.png 0.7204 0.24123 0.480815 0.388695 1.0 0.24123 0.743225
20321_mask.png 0.885821 0.765023 0.825422 0.86687 0.765023 1.0 0.916763
20423_mask.png 0.244712 0.743915 0.494313 0.853155 0.999956 0.743939 0.763535
20301_mask.png 0.759357 0.838607 0.798982 0.91222 0.916191 0.908284 0.893066
20317_mask.png 0.975644 0.309274 0.642459 0.472436 0.309409 0.998588 0.975906
20072_mask.png 0.898021 0.632888 0.765454 0.775176 0.985418 0.638871 0.913269
20515_mask.png 0.777852 0.774156 0.776004 0.872703 0.951311 0.806095 0.873886
20765_mask.png 0.886356 0.587292 0.736824 0.739993 0.587292 1.0 0.902176
20461_mask.png nan 1.0 1.0 1.0 1.0 1.0 1.0
20453_mask.png 0.838055 0.823019 0.830537 0.902919 0.845334 0.968922 0.907623
20242_mask.png 0.91714 0.807453 0.862296 0.893471 0.865424 0.923396 0.938507
20060_mask.png 0.478151 0.756365 0.617258 0.861284 0.849254 0.873661 0.800827
20399_mask.png 0.826041 0.781683 0.803862 0.877466 0.788743 0.98868 0.892807
20285_mask.png 0.919915 0.125105 0.52251 0.222389 1.0 0.125105 0.920822
20194_mask.png 0.871339 0.531214 0.701277 0.693847 0.559177 0.913963 0.887711
20711_mask.png 0.898243 0.282373 0.590308 0.440391 0.308134 0.77156 0.902161
20470_mask.png 0.93263 0.512648 0.722639 0.677815 0.771159 0.604628 0.937088
20578_mask.png 0.852665 0.656531 0.754598 0.792657 0.892864 0.712674 0.88504
20700_mask.png 0.95911 0.861061 0.910085 0.925344 0.897392 0.955093 0.967377
20715_mask.png 0.579351 0.506663 0.543007 0.672563 0.506663 1.0 0.706253
20278_mask.png 0.760537 0.53581 0.648173 0.697756 0.615652 0.805128 0.812393
20325_mask.png 0.985668 0.59328 0.789474 0.744728 0.974582 0.602604 0.985962
20145_mask.png 1.0 nan 1.0 nan nan nan 1.0
20089_mask.png 0.937962 0.696038 0.817 0.820781 0.724429 0.946696 0.945679
20647_mask.png 0.93658 0.920247 0.928414 0.958467 0.977377 0.940276 0.963379
20675_mask.png 0.803925 0.591113 0.697519 0.743018 0.663488 0.844211 0.847229
20023_mask.png nan 1.0 1.0 1.0 1.0 1.0 1.0
20439_mask.png 0.959095 0.845312 0.902203 0.916172 0.999332 0.84579 0.966568
20126_mask.png 0.768965 0.889714 0.82934 0.941639 0.963277 0.920951 0.919327
20791_mask.png 0.93775 0.621691 0.77972 0.766719 0.941632 0.646609 0.943527
20119_mask.png 0.797985 0.771046 0.784515 0.870724 0.915376 0.830225 0.879776
20815_mask.png 0.999908 0.0 0.499954 nan nan 0.0 0.999908
20803_mask.png 0.847772 0.544974 0.696373 0.70548 0.627546 0.805516 0.871246
20223_mask.png 0.966072 0.599546 0.782809 0.749645 0.813977 0.694737 0.967712
20731_mask.png 1.0 nan 1.0 nan nan nan 1.0
20595_mask.png 0.741304 0.929142 0.835223 0.96327 0.99626 0.932394 0.941101
20007_mask.png 0.969634 0.678915 0.824274 0.808754 0.900478 0.733989 0.971466
20143_mask.png 0.919972 0.700434 0.810203 0.82383 0.966143 0.718059 0.932587
20653_mask.png 1.0 nan 1.0 nan nan nan 1.0
20307_mask.png 0.478395 0.721314 0.599855 0.838097 0.965978 0.740117 0.778046
20718_mask.png 0.837938 0.684817 0.761377 0.812927 0.703881 0.961955 0.880142
20628_mask.png 0.767081 0.950795 0.858938 0.974777 0.95663 0.993626 0.957657
20316_mask.png 0.588852 0.762616 0.675734 0.865323 0.912981 0.822393 0.822845
20184_mask.png 0.779003 0.787652 0.783328 0.881214 0.790246 0.995851 0.878555
20808_mask.png 0.954724 0.824424 0.889574 0.903764 0.882963 0.925568 0.962662
20139_mask.png 0.893323 0.785412 0.839368 0.879811 0.856431 0.904502 0.923279
20613_mask.png 0.899513 0.588844 0.744179 0.741224 0.982366 0.595135 0.912155
20251_mask.png 0.765611 0.432979 0.599295 0.604306 0.930857 0.447367 0.801193
20838_mask.png 0.957423 0.352871 0.655147 0.521663 0.819735 0.382557 0.958389
20576_mask.png 0.719435 0.713045 0.71624 0.832488 0.969812 0.72923 0.834686
20593_mask.png 0.839784 0.001712 0.420748 0.003418 0.001712 1.0 0.839828
20694_mask.png 0.0 0.999969 0.499985 0.999985 1.0 0.999969 0.999969
20585_mask.png 1.0 nan 1.0 nan nan nan 1.0
20584_mask.png 0.869121 0.496454 0.682787 0.663507 0.92905 0.516018 0.884079
20777_mask.png 0.693979 0.955519 0.824749 0.977254 0.958885 0.996339 0.959595
20176_mask.png 0.930929 0.536906 0.733918 0.698684 0.624149 0.793436 0.93605
20712_mask.png 0.858942 0.43372 0.646331 0.605028 0.958596 0.442 0.872696
20520_mask.png 0.930441 0.564932 0.747687 0.721989 0.832413 0.637431 0.936203
20288_mask.png 0.976654 0.478049 0.727351 0.646865 0.796748 0.544444 0.977142
20083_mask.png 0.968418 0.675631 0.822024 0.806419 0.890969 0.736526 0.970367
20830_mask.png 0.923945 0.663249 0.793597 0.797534 0.710493 0.908878 0.933853
20499_mask.png 0.818652 0.465636 0.642144 0.635404 0.480936 0.936048 0.843399
20201_mask.png 0.687296 0.761775 0.724536 0.864781 0.985444 0.770444 0.843643
20104_mask.png 0.799624 0.356844 0.578234 0.525991 0.396457 0.781246 0.819672
20502_mask.png 0.750261 0.539773 0.645017 0.701107 0.807165 0.619684 0.806839
20241_mask.png 0.970895 0.48273 0.726812 0.651137 0.497274 0.942873 0.971664
20837_mask.png 0.704218 0.719712 0.711965 0.837015 0.989472 0.725266 0.831894
20323_mask.png 0.877143 0.943123 0.910133 0.970729 0.969455 0.972006 0.959549
20531_mask.png 0.885141 0.923 0.904071 0.959959 0.967925 0.952122 0.951675
20500_mask.png 0.996821 0.779207 0.888014 0.875904 0.868578 0.883354 0.996857
20684_mask.png 0.77172 0.622425 0.697073 0.767278 0.709186 0.835735 0.834137
20436_mask.png 0.909166 0.620192 0.764679 0.765578 0.871154 0.682826 0.920898
20043_mask.png 0.867967 0.392795 0.630381 0.564038 0.414217 0.883653 0.878357
20658_mask.png 0.563215 0.975361 0.769288 0.987527 0.98204 0.993075 0.97612
20644_mask.png 0.762075 0.496452 0.629263 0.663505 0.502218 0.977394 0.807281
20424_mask.png 0.985403 0.589575 0.787489 0.741802 0.703239 0.78484 0.985703
20547_mask.png 0.912893 0.812678 0.862785 0.89666 0.928457 0.866969 0.936783
20598_mask.png 0.926916 0.414502 0.670709 0.586075 0.414502 1.0 0.930511
20742_mask.png 0.897535 0.197501 0.547518 0.329855 0.19916 0.959524 0.900055
20441_mask.png nan 1.0 1.0 1.0 1.0 1.0 1.0
20262_mask.png 0.960333 0.132304 0.546318 0.233689 0.132304 1.0 0.960571
20755_mask.png 0.79206 0.582401 0.68723 0.736098 0.907763 0.619034 0.838806
20380_mask.png 0.609931 0.977671 0.793801 0.988709 0.982636 0.994858 0.978424
20322_mask.png 0.880005 0.801439 0.840722 0.889777 0.806365 0.992435 0.919159
20121_mask.png 0.706745 0.65507 0.680907 0.791592 0.686632 0.934431 0.811646
20080_mask.png 0.963519 0.82155 0.892535 0.902034 0.856883 0.952208 0.968765
20738_mask.png 0.895883 0.628363 0.762123 0.771772 0.718366 0.833758 0.911469
20695_mask.png 0.9085 0.444798 0.676649 0.615723 0.844528 0.484468 0.914749
20163_mask.png 0.896366 0.812912 0.854639 0.896802 0.857588 0.939775 0.928543
20504_mask.png 0.512119 0.728949 0.620534 0.843228 0.803175 0.887486 0.788986
20346_mask.png 0.992701 0.493063 0.742882 0.660472 0.498382 0.978814 0.992752
20183_mask.png 0.723221 0.848022 0.785621 0.917762 0.89013 0.947164 0.89122
20685_mask.png 0.981391 0.954878 0.968134 0.976918 0.987521 0.966541 0.986649
20478_mask.png 0.724336 0.317203 0.520769 0.481631 0.982697 0.318985 0.75563
20015_mask.png 0.967369 0.977985 0.972677 0.98887 0.986342 0.991411 0.986679
20681_mask.png 0.985308 0.533037 0.759173 0.6954 0.594937 0.836687 0.98555
20108_mask.png 0.992499 0.644167 0.818333 0.783579 0.730449 0.845043 0.992599
20640_mask.png 0.908767 0.746857 0.827812 0.855086 0.799942 0.918396 0.928116
20416_mask.png 0.495109 0.867383 0.681246 0.928982 0.897659 0.962571 0.882645
20036_mask.png 0.634062 0.995107 0.814584 0.997547 0.999475 0.995627 0.995148
20333_mask.png 0.536252 0.967808 0.75203 0.983641 0.968805 0.998938 0.968964
20406_mask.png 1.0 nan 1.0 nan nan nan 1.0
20341_mask.png 0.700248 0.675431 0.687839 0.806277 0.69595 0.958173 0.815399
20634_mask.png 0.387976 0.902875 0.645426 0.948959 1.0 0.902875 0.908508
20144_mask.png 0.708415 0.921491 0.814953 0.959141 0.993224 0.92732 0.934067
20188_mask.png 0.871213 0.407277 0.639245 0.578816 0.438482 0.851254 0.881683
20674_mask.png 0.906198 0.388983 0.64759 0.560097 0.961468 0.395142 0.911484
20386_mask.png 0.99512 0.759174 0.877147 0.863103 0.998994 0.759755 0.995193
20353_mask.png 0.794207 0.388225 0.591216 0.559311 0.393431 0.967041 0.817978
20294_mask.png 0.924312 0.46597 0.695141 0.635716 0.524345 0.807157 0.929001
20047_mask.png 0.98286 0.647459 0.815159 0.786009 0.95057 0.670017 0.983383
20140_mask.png 0.770904 0.314342 0.542623 0.478326 0.99664 0.314675 0.792679
20356_mask.png 0.838531 0.464065 0.651298 0.633941 0.628341 0.63964 0.858337
20577_mask.png 0.086059 0.991891 0.538975 0.995929 0.996517 0.995342 0.991898
20579_mask.png 0.741933 0.945681 0.843807 0.972082 0.94814 0.997265 0.953018
20717_mask.png 0.904664 0.907197 0.90593 0.951341 0.988215 0.917119 0.950653
20574_mask.png 0.750336 0.864269 0.807303 0.927194 0.887629 0.97045 0.903595
20456_mask.png 0.219207 0.994284 0.606745 0.997134 0.994588 0.999693 0.994293
20151_mask.png 0.78092 0.872916 0.826918 0.932146 0.999442 0.873342 0.912537
20275_mask.png 0.819666 0.973366 0.896516 0.986503 0.985487 0.987522 0.976242
20398_mask.png 0.966092 0.568997 0.767544 0.7253 0.716509 0.73431 0.967545
20633_mask.png 0.833848 0.840486 0.837167 0.91333 0.863327 0.969482 0.911407
20631_mask.png 0.914464 0.884961 0.899712 0.93897 0.936654 0.941298 0.94841
20540_mask.png 0.99124 0.620643 0.805942 0.765922 0.797588 0.736675 0.991364
20419_mask.png 0.629964 0.916344 0.773154 0.956346 0.989441 0.925394 0.926773
20013_mask.png 0.898768 0.850819 0.874794 0.919397 0.893175 0.947206 0.935822
20620_mask.png 0.910046 0.559827 0.734937 0.717806 0.655495 0.793209 0.919281
20225_mask.png 0.949154 0.50808 0.728617 0.67381 0.850898 0.557735 0.951691
20206_mask.png 0.972156 0.728363 0.85026 0.842836 0.914992 0.781229 0.974091
20817_mask.png 0.978885 0.55687 0.767878 0.715372 0.575408 0.945313 0.979431
20021_mask.png 0.711941 0.862106 0.787023 0.925947 0.9672 0.888069 0.897156
20375_mask.png 0.819224 0.460609 0.639916 0.630708 0.460609 1.0 0.843399
20133_mask.png 0.489153 0.735722 0.612437 0.847742 0.738362 0.995164 0.789093
20615_mask.png 0.71229 0.720153 0.716222 0.837313 0.726174 0.988617 0.834686
20786_mask.png 0.68666 0.279446 0.483053 0.436823 0.998453 0.279567 0.720612
20528_mask.png 0.906417 0.697155 0.801786 0.821557 0.867707 0.780068 0.923004
20159_mask.png 0.904078 0.681702 0.79289 0.810728 0.88664 0.746791 0.920425
20008_mask.png 0.910873 0.422842 0.666858 0.594363 0.593792 0.594935 0.916336
20216_mask.png 0.986517 0.789855 0.888186 0.882591 0.875381 0.889921 0.987167
20276_mask.png 0.854669 0.984335 0.919502 0.992106 0.999966 0.984368 0.985657
20389_mask.png 0.967733 0.712566 0.84015 0.832162 0.724369 0.977644 0.970123
20679_mask.png 0.670517 0.960501 0.815509 0.979853 0.982115 0.9776 0.96344
20078_mask.png 0.908333 0.523905 0.716119 0.687582 0.952872 0.537841 0.916733
20266_mask.png 0.633844 0.776623 0.705234 0.874269 0.945516 0.813007 0.838913
20829_mask.png 0.912203 0.835319 0.873761 0.910271 0.851307 0.978011 0.939255
20324_mask.png 0.850608 0.815422 0.833015 0.898328 0.850475 0.951887 0.910004
20204_mask.png 0.793723 0.568686 0.681205 0.725048 0.595917 0.925623 0.83783
20548_mask.png 0.939743 0.508788 0.724266 0.674433 0.958904 0.52013 0.943283
20425_mask.png 0.955427 0.927432 0.94143 0.96235 0.964907 0.959806 0.971603
20369_mask.png 0.820336 0.479918 0.650127 0.648573 0.529877 0.835799 0.845886
20534_mask.png 0.803791 0.811725 0.807758 0.896079 0.875189 0.917991 0.893707
20535_mask.png 0.971199 0.710271 0.840735 0.830595 0.778879 0.889667 0.973099
20238_mask.png 0.976637 0.59662 0.786628 0.747354 0.97636 0.605365 0.977417
20601_mask.png 0.0 0.955093 0.477547 0.977031 0.965241 0.989112 0.955093
20793_mask.png 0.391282 0.794465 0.592874 0.885462 0.999174 0.794987 0.818451
20768_mask.png 0.862462 0.928124 0.895293 0.962722 0.931651 0.995938 0.950455
20638_mask.png 0.881396 0.582561 0.731979 0.736226 0.609097 0.930421 0.898239
20636_mask.png 0.972627 0.585951 0.779289 0.738927 0.743535 0.734375 0.973648
20735_mask.png 0.941079 0.339327 0.640203 0.506712 0.46746 0.553161 0.94281
20421_mask.png 0.469015 0.764703 0.616859 0.866665 0.784363 0.968263 0.805191
20428_mask.png 0.914214 0.785026 0.84962 0.879568 0.949238 0.819426 0.934677
20373_mask.png 0.984111 0.515381 0.749746 0.6802 0.550556 0.889706 0.984375
20660_mask.png 0.85093 0.478018 0.664474 0.646836 0.51752 0.862307 0.868835
20760_mask.png 0.423405 0.678561 0.550983 0.808503 0.850202 0.770704 0.739944
20152_mask.png 0.952366 0.503336 0.727851 0.669625 0.505358 0.99211 0.954559
20122_mask.png 0.0 0.025864 0.012932 0.050423 0.025864 1.0 0.025864
20451_mask.png 0.987191 0.594089 0.79064 0.745365 0.77907 0.714455 0.987427
20215_mask.png 0.318646 0.840243 0.579444 0.913187 0.999317 0.840725 0.851349
20412_mask.png 0.935236 0.665451 0.800343 0.799124 0.866427 0.741523 0.942627
20473_mask.png 0.871929 0.808877 0.840403 0.894341 0.981676 0.821277 0.916946
20452_mask.png 0.978203 0.566073 0.772138 0.72292 0.715075 0.73094 0.978806
20581_mask.png 0.912304 0.713026 0.812665 0.832475 0.740963 0.949777 0.927994
20110_mask.png 0.878477 0.674679 0.776578 0.805741 0.726352 0.904615 0.902939
20312_mask.png 0.831966 0.627722 0.729844 0.771289 0.681889 0.887669 0.869064
20666_mask.png 0.87738 0.85713 0.867255 0.923069 0.933524 0.912846 0.929352
20762_mask.png 0.836834 0.915577 0.876205 0.955928 0.99324 0.921318 0.941086
20701_mask.png 0.959302 0.497156 0.728229 0.664134 0.612763 0.724907 0.960876
20794_mask.png 0.654585 0.628623 0.641604 0.771969 0.953884 0.648327 0.782028
20587_mask.png 0.831772 0.774677 0.803225 0.873035 0.959564 0.80082 0.893417
20796_mask.png 0.828292 0.689095 0.758693 0.815934 0.765055 0.874063 0.875626
20800_mask.png 0.832022 0.494116 0.663069 0.661416 0.677299 0.64626 0.855698
20340_mask.png 0.383566 0.693771 0.538668 0.819203 0.997128 0.69516 0.742783
20010_mask.png 0.332099 0.836331 0.584215 0.910872 0.969473 0.858951 0.848648
20182_mask.png 1.0 nan 1.0 nan nan nan 1.0
20835_mask.png 1.0 nan 1.0 nan nan nan 1.0
20522_mask.png 0.768888 0.414166 0.591527 0.585738 0.444702 0.857782 0.801346
20469_mask.png 0.925368 0.902404 0.913886 0.948699 0.912996 0.987308 0.955841
20028_mask.png 0.979231 0.037509 0.50837 0.072306 1.0 0.037509 0.979248
20117_mask.png 0.741078 0.43805 0.589564 0.609228 0.961895 0.445786 0.784561
20609_mask.png 0.433668 0.984311 0.708989 0.992093 0.991199 0.99299 0.984497
20665_mask.png 0.45937 0.884628 0.671999 0.938782 0.884628 1.0 0.894928
20305_mask.png 0.929639 0.234266 0.581953 0.379604 0.981521 0.235304 0.931122
20533_mask.png 0.99939 0.0 0.499695 nan 0.0 0.0 0.99939
20049_mask.png 0.822141 0.86743 0.844785 0.929009 0.950978 0.908032 0.917801
20378_mask.png 0.980418 0.516538 0.748478 0.681207 0.601703 0.784921 0.98082
20513_mask.png 0.809824 0.975611 0.892717 0.987655 0.978726 0.996748 0.977905
20124_mask.png 0.712768 0.775089 0.743928 0.873296 0.892762 0.85466 0.855652
20061_mask.png 0.888189 0.322097 0.605143 0.487251 0.324595 0.976662 0.893829
20651_mask.png 0.524417 0.825665 0.675041 0.904509 0.960306 0.85484 0.853775
20290_mask.png 0.429095 0.970873 0.699984 0.985221 0.999647 0.971206 0.971497
20408_mask.png 0.81317 0.547041 0.680106 0.70721 0.758805 0.662184 0.847565
20368_mask.png 0.899316 0.882898 0.891107 0.937808 0.980821 0.898408 0.942764
20056_mask.png 0.992383 0.524952 0.758668 0.688483 0.527992 0.98915 0.992447
20678_mask.png 0.0 0.999268 0.499634 0.999634 0.999268 1.0 0.999268
20057_mask.png 0.903494 0.847385 0.87544 0.917389 0.853904 0.991071 0.937164
20102_mask.png 0.0 0.996338 0.498169 0.998166 0.996338 1.0 0.996338
20199_mask.png 0.979595 0.652174 0.815884 0.789474 0.697574 0.909262 0.980347
20476_mask.png 0.984355 0.781503 0.882929 0.877353 0.842144 0.915634 0.985184
20710_mask.png 0.75657 0.789644 0.773107 0.882459 0.813984 0.963513 0.872803
20009_mask.png 0.787589 0.848033 0.817811 0.917768 0.861015 0.982531 0.902802
20444_mask.png 0.961757 0.497189 0.729473 0.664164 0.611994 0.726057 0.96315
20404_mask.png 0.726165 0.87235 0.799258 0.931824 0.930565 0.933086 0.904633
20395_mask.png 0.978103 0.627356 0.80273 0.771013 0.807346 0.737809 0.978882
20446_mask.png 0.999649 0.0 0.499825 nan nan 0.0 0.999649
20427_mask.png 0.854894 0.506026 0.68046 0.672002 0.53518 0.90281 0.873672
20153_mask.png 0.906991 0.667055 0.787023 0.80028 0.668008 0.997867 0.9216
20195_mask.png 0.710416 0.736939 0.723678 0.848549 0.995692 0.739296 0.840118
20702_mask.png 0.847361 0.410007 0.628684 0.581568 0.506039 0.683598 0.862
20218_mask.png 0.694863 0.83759 0.766227 0.911618 0.873771 0.952893 0.881439
20034_mask.png 0.935582 0.273016 0.604299 0.428928 0.84915 0.286932 0.937103
20493_mask.png 0.826554 0.822499 0.824526 0.902606 0.929793 0.876963 0.903839
20814_mask.png 1.0 nan 1.0 nan nan nan 1.0
20105_mask.png 0.903182 0.562771 0.732976 0.720222 0.814856 0.645282 0.91391
20632_mask.png 0.885331 0.43427 0.6598 0.605562 0.463786 0.872183 0.894608
20362_mask.png 0.961852 0.573682 0.767767 0.729095 0.710007 0.749239 0.963715
20258_mask.png 0.818243 0.40731 0.612776 0.578849 0.478247 0.733051 0.838425
20289_mask.png 0.837795 0.906905 0.87235 0.95118 0.94431 0.958151 0.937134
20347_mask.png 0.936479 0.633548 0.785013 0.775671 0.946301 0.657175 0.942764
20150_mask.png 0.74689 0.734997 0.740944 0.847261 0.996314 0.737001 0.851288
20426_mask.png 0.531227 0.810175 0.670701 0.895135 0.821261 0.983612 0.843781
20682_mask.png 0.997346 0.667308 0.832327 0.800461 0.861042 0.747845 0.99736
20479_mask.png 0.44901 0.958757 0.703883 0.978944 0.959938 0.998719 0.960098
20498_mask.png 0.986426 0.694297 0.840361 0.819569 0.711176 0.966946 0.986832
20245_mask.png 0.832918 0.933232 0.883075 0.965463 0.967182 0.963749 0.949905
20391_mask.png 1.0 nan 1.0 nan nan nan 1.0
20481_mask.png 0.685521 0.299796 0.492658 0.461297 0.299842 0.999486 0.722839
20058_mask.png 0.783332 0.570822 0.677077 0.726782 0.800666 0.665381 0.831802
20468_mask.png 0.820008 0.734482 0.777245 0.846918 0.773305 0.93602 0.879837
20553_mask.png 0.884718 0.461424 0.673071 0.631472 0.575349 0.699727 0.895081
20567_mask.png 0.986859 0.355204 0.671031 0.524207 0.530405 0.518152 0.986954
20027_mask.png 0.0 0.975754 0.487877 0.987728 0.975754 1.0 0.975754
20466_mask.png 0.488056 0.832803 0.660429 0.908775 0.969799 0.854976 0.855789
20559_mask.png 0.975322 0.39167 0.683496 0.562878 0.877568 0.414309 0.975708
20409_mask.png 0.731969 0.517297 0.624633 0.681867 0.865889 0.562353 0.791779
20244_mask.png 0.577497 0.751023 0.66426 0.85781 0.985587 0.759362 0.81424
20664_mask.png 0.885891 0.997701 0.941796 0.998849 0.998974 0.998725 0.997742
20366_mask.png 0.853463 0.613212 0.733337 0.760238 0.662929 0.891028 0.881088
20022_mask.png 0.547794 0.713155 0.630475 0.832563 0.784533 0.886858 0.787125
20448_mask.png 0.935403 0.734359 0.834881 0.846836 0.883531 0.813068 0.94519
20759_mask.png 0.932554 0.881009 0.906782 0.936741 0.899118 0.977649 0.955017
20432_mask.png 0.475374 0.920921 0.698148 0.958833 0.921614 0.999184 0.926208
20141_mask.png 1.0 nan 1.0 nan nan nan 1.0
20590_mask.png 0.744551 0.746598 0.745574 0.854917 0.936726 0.786249 0.854248
20062_mask.png 0.999756 0.0 0.499878 nan 0.0 nan 0.999756
20741_mask.png 0.431598 0.804423 0.618011 0.891613 0.994325 0.808134 0.829712
20532_mask.png 0.923903 0.847359 0.885631 0.917374 0.862569 0.979615 0.946503
20192_mask.png 0.848375 0.302409 0.575392 0.464384 0.302409 1.0 0.857727
20529_mask.png 0.866799 0.958289 0.912544 0.9787 0.99907 0.959145 0.967194
20563_mask.png 0.857615 0.768269 0.812942 0.86895 0.875375 0.86262 0.903275
20392_mask.png 0.959693 0.769665 0.864679 0.869842 0.937342 0.811411 0.964478
20771_mask.png 0.835878 0.917871 0.876875 0.957177 0.928054 0.988187 0.942093
20732_mask.png 0.956718 0.370792 0.663755 0.540989 0.499081 0.59058 0.957794
20536_mask.png 0.40532 0.552578 0.478949 0.71182 0.972661 0.561295 0.657135
20149_mask.png 0.791321 0.0 0.39566 nan 0.0 nan 0.791321
20268_mask.png 0.959099 0.615114 0.787107 0.761697 0.899351 0.660588 0.961609
20300_mask.png 0.655705 0.202475 0.42909 0.336764 0.202475 1.0 0.68338
20299_mask.png 0.974654 0.518176 0.746415 0.68263 0.628025 0.747635 0.975327
20410_mask.png 0.916573 0.539308 0.727941 0.700715 0.673481 0.730244 0.923996
20318_mask.png 0.829309 0.835343 0.832326 0.910285 0.99091 0.841794 0.908524
20006_mask.png 0.94259 0.430422 0.686506 0.601811 0.447014 0.920608 0.944977
20775_mask.png 0.979262 0.513355 0.746309 0.678433 0.82578 0.575708 0.979706
20690_mask.png 0.95293 0.567965 0.760448 0.724462 0.817598 0.650375 0.955673
20065_mask.png 0.999725 0.0 0.499863 nan nan 0.0 0.999725
20114_mask.png 0.651535 0.471265 0.5614 0.640625 0.478142 0.970384 0.734116
20115_mask.png 0.959524 0.678336 0.81893 0.808344 0.965892 0.694984 0.962708
20068_mask.png 0.895943 0.740043 0.817993 0.850603 0.834699 0.867126 0.919724
20079_mask.png 0.986947 0.861931 0.924439 0.925846 0.958835 0.895052 0.98793
20435_mask.png 0.843147 0.774689 0.808918 0.873042 0.801347 0.958826 0.898102
20521_mask.png 0.894261 0.468912 0.681587 0.638448 0.594434 0.689502 0.90329
20031_mask.png 0.654806 0.95062 0.802713 0.974685 0.998353 0.952114 0.954849
20661_mask.png 0.744936 0.789745 0.76734 0.882522 0.954658 0.820522 0.869736
20018_mask.png 0.930046 0.680931 0.805488 0.810183 0.920722 0.723341 0.939133
20834_mask.png 0.698208 0.771223 0.734716 0.870837 0.802691 0.951627 0.850403
20205_mask.png 0.766092 0.797462 0.781777 0.88732 0.915075 0.861199 0.878235
20128_mask.png 0.966957 0.60308 0.785018 0.752402 0.999043 0.603428 0.968536
20823_mask.png 0.934273 0.513527 0.7239 0.678583 0.800151 0.589083 0.938538
20053_mask.png 0.989422 0.460754 0.725088 0.630844 0.773386 0.532668 0.989517
20751_mask.png 0.67621 0.774265 0.725238 0.872773 0.894065 0.852471 0.846588
20822_mask.png 0.951208 0.526612 0.73891 0.689909 0.726529 0.656804 0.95372
20510_mask.png 0.953964 0.722554 0.838259 0.838933 0.730529 0.985117 0.958893
20024_mask.png 0.839674 0.749162 0.794418 0.856595 0.789405 0.936287 0.891586
20486_mask.png 0.920785 0.563941 0.742363 0.721179 0.693227 0.751481 0.928146
20482_mask.png 0.571855 0.920107 0.745981 0.958392 0.931528 0.986851 0.927811
20087_mask.png 0.847705 0.759623 0.803664 0.863393 0.89504 0.833908 0.897186
20339_mask.png 0.930939 0.577889 0.754414 0.732484 0.827753 0.656881 0.936905
20825_mask.png 0.964928 0.533066 0.748997 0.695424 0.943883 0.550513 0.966278
20623_mask.png 0.929574 0.374081 0.651828 0.544482 0.535938 0.553303 0.932419
20030_mask.png 0.849311 0.612011 0.730661 0.759313 0.844018 0.69006 0.87825
20729_mask.png 0.933196 0.754295 0.843745 0.859941 0.948868 0.786253 0.944565
20705_mask.png 0.784953 0.323897 0.554425 0.489308 0.336559 0.895931 0.805038
20158_mask.png 0.985732 0.748458 0.867095 0.856135 0.908441 0.809524 0.986313
20683_mask.png 0.916033 0.395737 0.655885 0.567065 0.53753 0.600035 0.92041
20200_mask.png 0.831603 0.529295 0.680449 0.692208 0.542477 0.956107 0.858414
20313_mask.png 0.753428 0.809393 0.78141 0.894657 0.810704 0.998005 0.879547
20789_mask.png 0.884054 0.88049 0.882272 0.936447 0.89299 0.984351 0.937469
20564_mask.png 0.955493 0.237072 0.596283 0.38328 0.269846 0.661243 0.9561
20173_mask.png 0.852267 0.647823 0.750045 0.786278 0.984533 0.654484 0.883835
20518_mask.png 0.435327 0.549564 0.492446 0.709315 0.967921 0.55976 0.665665
20420_mask.png 0.972313 0.712447 0.84238 0.832081 0.943062 0.74447 0.974091
20178_mask.png 0.992703 0.392857 0.69278 0.564103 0.941896 0.402614 0.992737
20490_mask.png 0.844716 0.690304 0.76751 0.816781 0.789274 0.846274 0.884644
20066_mask.png 0.941565 0.885454 0.913509 0.939247 0.904221 0.977096 0.959747
20471_mask.png nan 1.0 1.0 1.0 1.0 1.0 1.0
20405_mask.png nan 1.0 1.0 1.0 1.0 1.0 1.0
20284_mask.png 0.795946 0.364818 0.580382 0.534603 0.38335 0.882995 0.817352
20571_mask.png 0.955369 0.350909 0.653139 0.519515 0.998061 0.351149 0.956421
20472_mask.png 0.984643 0.225058 0.60485 0.367424 0.979798 0.226107 0.984711
20250_mask.png nan 1.0 1.0 1.0 1.0 1.0 1.0
20806_mask.png 0.94975 0.569377 0.759563 0.725609 0.827188 0.646249 0.952881
20342_mask.png 0.748221 0.059692 0.403957 0.112659 0.959963 0.059841 0.752182
20293_mask.png 0.965399 0.738216 0.851808 0.849395 0.858659 0.840329 0.968475
20367_mask.png 0.536813 0.82272 0.679766 0.902739 0.852319 0.959499 0.852936
20698_mask.png 0.756359 0.974101 0.86523 0.986881 0.987697 0.986065 0.976028
20109_mask.png 0.945294 0.628102 0.786698 0.771576 0.843683 0.710823 0.949921
20146_mask.png 0.506688 0.791638 0.649163 0.883703 0.977962 0.806017 0.828369
20565_mask.png 0.666051 0.740201 0.703126 0.850708 0.768433 0.952712 0.828873
20309_mask.png 0.873297 0.563822 0.71856 0.721082 0.779496 0.670812 0.891129
20161_mask.png 0.218228 0.924084 0.571156 0.960544 0.99968 0.924357 0.925659
20401_mask.png 0.992618 0.715398 0.854008 0.83409 0.922008 0.76148 0.992752
20074_mask.png 0.360009 0.553969 0.456989 0.712973 0.997525 0.554732 0.643433
20649_mask.png 0.694938 0.725677 0.710307 0.841034 0.918558 0.775578 0.831177
20228_mask.png 0.902962 0.566413 0.734688 0.723198 0.800282 0.659658 0.913879
20351_mask.png 0.783065 0.472619 0.627842 0.641875 0.527104 0.820538 0.818375
20304_mask.png 0.947189 0.413017 0.680103 0.584589 1.0 0.413017 0.949081
20093_mask.png 0.834093 0.707888 0.77099 0.828963 0.778823 0.886003 0.881668
20382_mask.png 0.972648 0.735261 0.853955 0.847436 0.797346 0.904241 0.974579
20728_mask.png 0.817617 0.240812 0.529214 0.388152 0.243313 0.959058 0.827591
20381_mask.png 0.972879 0.776923 0.874901 0.874459 0.781863 0.991933 0.97522
20627_mask.png 0.719151 0.823808 0.77148 0.903393 0.875471 0.933156 0.878586
20329_mask.png 0.987573 0.737229 0.862401 0.848741 0.754356 0.970123 0.987991
20538_mask.png 0.982777 0.700524 0.841651 0.823892 0.816865 0.831041 0.983444
20669_mask.png 0.95217 0.526943 0.739557 0.690194 0.895704 0.561389 0.95459
20350_mask.png 0.747234 0.596144 0.671689 0.74698 0.951231 0.614938 0.815918
20809_mask.png 0.665044 0.863948 0.764496 0.927009 0.956281 0.899475 0.892883
20807_mask.png 0.641118 0.979484 0.810301 0.989636 0.985047 0.994268 0.980209
20756_mask.png 0.947188 0.570746 0.758967 0.72672 0.662864 0.804189 0.950653
20142_mask.png 0.848662 0.736484 0.792573 0.848247 0.820141 0.878348 0.893646
20254_mask.png 0.590442 0.96684 0.778641 0.983141 0.96873 0.997987 0.968353
20689_mask.png 0.895444 0.889133 0.892289 0.941314 0.917068 0.966876 0.94313
20687_mask.png 0.948502 0.878223 0.913362 0.935163 0.88554 0.990678 0.962448
20810_mask.png 0.966455 0.580136 0.773296 0.734286 0.659923 0.827537 0.967941
20778_mask.png 0.987381 0.465709 0.726545 0.635472 0.515919 0.827146 0.987518
20736_mask.png 0.928569 0.671439 0.800004 0.803426 0.671439 1.0 0.937668
20174_mask.png 0.90302 0.97416 0.93859 0.986911 0.97636 0.997693 0.979172
20475_mask.png 0.800216 0.94892 0.874568 0.973791 0.98853 0.959484 0.957596
20801_mask.png 0.875509 0.827359 0.851434 0.905524 0.881756 0.93061 0.922028
20400_mask.png 0.977735 0.633924 0.805829 0.775953 0.76775 0.784333 0.978561
20376_mask.png 0.964842 0.746448 0.855645 0.854819 0.967422 0.765695 0.96814
20281_mask.png 0.812226 0.752936 0.782581 0.859057 0.994082 0.756326 0.880569
20594_mask.png 0.690919 0.708986 0.699952 0.829715 0.995826 0.711099 0.823685
20274_mask.png 0.87018 0.471115 0.670647 0.640487 0.494144 0.90998 0.883636
20457_mask.png 0.879582 0.78816 0.833871 0.881532 0.825577 0.945623 0.91684
20820_mask.png 0.998795 0.0 0.499397 nan nan 0.0 0.998795
20774_mask.png 0.717037 0.979975 0.848506 0.989886 0.979975 1.0 0.980942
20805_mask.png 0.826832 0.480128 0.65348 0.648765 0.495748 0.938415 0.850708
20160_mask.png 0.53284 0.287398 0.410119 0.446478 1.0 0.287398 0.606903
20758_mask.png 0.975069 0.56319 0.769129 0.720565 0.680107 0.766141 0.975845
20743_mask.png 0.966191 0.432773 0.699482 0.604106 0.51196 0.736701 0.967041
20430_mask.png 0.699396 0.68136 0.690378 0.810487 0.938788 0.713038 0.817017
20081_mask.png 0.69155 0.744274 0.717912 0.853391 0.907048 0.805728 0.837463
--------------------
总mIou：0.8779304627603087
总mIou：0.7809174178015861
总mIou：0.8294239402809473
总fscore：0.8769836929890221
总recall：0.8732269590846301
总precision0.8807728904539127
总accuracy0.9149410716114794
Finish!
