文件名，Iou_1，Iou_2，mIoU，fscore，recall，precision, accuracy
10034_mask.png 0.966359 0.723903 0.845131 0.839842 0.837327 0.842372 0.969086
10291_mask.png 0.999619 0.0 0.499809 nan nan 0.0 0.999619
10376_mask.png 0.839257 0.631541 0.735399 0.774165 0.680708 0.897369 0.873978
10192_mask.png 0.985743 0.923586 0.954664 0.960275 0.967752 0.952913 0.987839
10411_mask.png 0.855883 0.69098 0.773432 0.817254 0.774438 0.865082 0.891006
10665_mask.png 0.850859 0.595406 0.723133 0.746401 0.654696 0.867981 0.877701
10110_mask.png 0.83742 0.498798 0.668109 0.665597 0.511661 0.952018 0.860062
10349_mask.png 0.960016 0.610303 0.785159 0.757998 0.61536 0.986714 0.962372
10284_mask.png 0.975422 0.685002 0.830212 0.813058 0.899865 0.741525 0.976669
10401_mask.png 0.931108 0.625509 0.778308 0.769616 0.676165 0.893041 0.938217
10193_mask.png 0.985943 0.824959 0.905451 0.904085 0.878343 0.931382 0.986816
10761_mask.png 0.981556 0.654233 0.817895 0.790981 0.983972 0.661281 0.982178
10555_mask.png 0.820462 0.626152 0.723307 0.770103 0.681281 0.885557 0.861969
10120_mask.png 0.993898 0.915787 0.954843 0.956043 0.967956 0.944419 0.994278
10066_mask.png 0.910077 0.580103 0.74509 0.734259 0.599156 0.94803 0.920013
10595_mask.png 0.920943 0.538798 0.729871 0.700284 0.808197 0.617795 0.927628
10335_mask.png 0.848484 0.736184 0.792334 0.848048 0.97948 0.747716 0.893509
10522_mask.png 0.930719 0.908952 0.919836 0.952305 0.941398 0.963468 0.959045
10468_mask.png 0.967258 0.686894 0.827076 0.814389 0.830089 0.799272 0.969452
10448_mask.png 0.964695 0.492859 0.728777 0.660289 0.720106 0.609647 0.965866
10161_mask.png 0.984704 0.883769 0.934237 0.938299 0.916633 0.961013 0.986298
10560_mask.png 0.975324 0.792357 0.883841 0.884151 1.0 0.792357 0.977448
10614_mask.png 0.949869 0.637706 0.793787 0.778779 0.710998 0.860846 0.953934
10204_mask.png 0.928447 0.759754 0.8441 0.863477 0.918712 0.814508 0.94165
10615_mask.png 0.852193 0.640143 0.746168 0.780594 0.703335 0.87692 0.882965
10521_mask.png 0.906056 0.667181 0.786618 0.80037 0.816959 0.784441 0.920944
10082_mask.png 0.944591 0.509078 0.726834 0.674687 0.947074 0.523985 0.947601
10230_mask.png 0.977363 0.614016 0.795689 0.760855 0.894386 0.662017 0.978149
10686_mask.png 0.923401 0.750977 0.837189 0.857781 0.837853 0.87868 0.937775
10368_mask.png 0.964891 0.608118 0.786505 0.75631 0.683626 0.846288 0.966705
10308_mask.png 0.88774 0.930401 0.909071 0.963946 0.973225 0.954842 0.955109
10139_mask.png 0.86788 0.663367 0.765623 0.79762 0.975009 0.674842 0.895172
10227_mask.png 0.951479 0.877274 0.914376 0.934626 0.955987 0.914197 0.963974
10643_mask.png 0.982684 0.600866 0.791775 0.750676 0.648617 0.890851 0.983124
10576_mask.png 0.915084 0.647201 0.781142 0.785819 0.935402 0.677481 0.926529
10352_mask.png 0.956285 0.826189 0.891237 0.904823 0.99086 0.832533 0.963806
10773_mask.png 0.927138 0.593482 0.76031 0.744887 0.943829 0.615212 0.934143
10684_mask.png 0.993688 0.82165 0.907669 0.902094 0.959585 0.851103 0.993866
10095_mask.png 0.915469 0.733314 0.824391 0.846141 0.860305 0.832435 0.931412
10010_mask.png 0.999052 0.628743 0.813897 0.772059 1.0 0.628743 0.999054
10037_mask.png 0.87837 0.626171 0.752271 0.770117 0.897992 0.674122 0.898956
10638_mask.png 0.962864 0.545277 0.75407 0.705734 0.871763 0.592828 0.964447
10746_mask.png 0.982989 0.867643 0.925316 0.929132 0.945907 0.912941 0.984695
10382_mask.png 0.97465 0.777713 0.876181 0.874959 0.956982 0.805887 0.976715
10114_mask.png 0.909363 0.701232 0.805298 0.824381 0.888065 0.76922 0.925262
10545_mask.png 0.963831 0.850065 0.906948 0.918957 0.977731 0.866848 0.969986
10384_mask.png 0.943946 0.763368 0.853657 0.865807 0.927113 0.812106 0.95253
10625_mask.png 0.98306 0.877566 0.930313 0.934791 0.96518 0.906258 0.984894
10214_mask.png 0.985591 0.723572 0.854582 0.839619 0.983891 0.732247 0.986115
10434_mask.png 0.983242 0.583786 0.783514 0.737203 0.791689 0.689734 0.983627
10326_mask.png 0.899603 0.491307 0.695455 0.658894 0.608317 0.718645 0.908478
10526_mask.png 0.943334 0.576205 0.759769 0.731129 0.929237 0.602648 0.947388
10201_mask.png 0.981204 0.803267 0.892236 0.890902 0.913018 0.869832 0.982544
10011_mask.png 0.876038 0.818732 0.847385 0.900333 0.923557 0.878248 0.920532
10156_mask.png 0.871224 0.635142 0.753183 0.776864 0.688328 0.891539 0.894806
10179_mask.png 0.949968 0.690978 0.820473 0.817252 0.997278 0.692283 0.955002
10293_mask.png 0.83386 0.606285 0.720073 0.754891 0.673714 0.858309 0.867706
10021_mask.png 0.950706 0.6856 0.818153 0.813479 0.848699 0.781066 0.95549
10711_mask.png 0.941696 0.907751 0.924724 0.951645 0.928999 0.975423 0.962952
10752_mask.png 0.897111 0.553939 0.725525 0.712948 0.984226 0.558901 0.908768
10529_mask.png 0.840096 0.606126 0.723111 0.754768 0.62341 0.956258 0.871674
10147_mask.png 0.883375 0.851516 0.867445 0.919804 0.92255 0.917074 0.930115
10289_mask.png 1.0 nan 1.0 nan nan nan 1.0
10050_mask.png 0.968222 0.732327 0.850275 0.845484 0.756203 0.958669 0.970764
10309_mask.png 0.867042 0.736241 0.801642 0.848086 0.754209 0.968656 0.90303
10184_mask.png 0.940123 0.522309 0.731216 0.686206 0.567823 0.866954 0.943802
10246_mask.png 0.979318 0.777582 0.87845 0.874876 0.845418 0.906462 0.980713
10772_mask.png 1.0 1.0 1.0 1.0 1.0 1.0 1.0
10025_mask.png 0.9472 0.623566 0.785383 0.768143 0.713841 0.831388 0.951447
10278_mask.png 0.833503 0.62906 0.731281 0.772298 0.902044 0.675182 0.870163
10568_mask.png 0.864744 0.745683 0.805214 0.854316 0.963899 0.767106 0.903152
10770_mask.png 0.997643 0.575758 0.7867 0.730769 0.995238 0.577348 0.99765
10758_mask.png 0.972199 0.619764 0.795982 0.765253 0.951759 0.639865 0.973404
10469_mask.png 0.926428 0.557239 0.741833 0.715676 0.840115 0.623345 0.932663
10551_mask.png 0.74902 0.444219 0.596619 0.615169 0.455529 0.947068 0.790955
10594_mask.png 0.975566 0.963634 0.9696 0.98148 0.965729 0.997753 0.985168
10056_mask.png 0.897094 0.567058 0.732076 0.723723 0.778089 0.676458 0.909317
10691_mask.png 0.915734 0.628268 0.772001 0.771701 0.955779 0.647077 0.926239
10121_mask.png 0.99609 0.695444 0.845767 0.820368 0.909091 0.747423 0.996124
10768_mask.png 0.926327 0.636279 0.781303 0.777714 0.821295 0.738525 0.934738
10123_mask.png 0.839349 0.771714 0.805532 0.87115 0.9179 0.828931 0.895889
10058_mask.png 0.923757 0.637456 0.780606 0.778593 0.937099 0.66595 0.93277
10014_mask.png 1.0 nan 1.0 nan nan nan 1.0
10606_mask.png 0.978552 0.517726 0.748139 0.682239 0.907692 0.546499 0.979034
10068_mask.png 0.922905 0.66419 0.793548 0.798214 0.959818 0.683186 0.933105
10499_mask.png 0.974757 0.908113 0.941435 0.951844 0.999389 0.908617 0.979797
10409_mask.png 0.99204 0.980239 0.986139 0.990021 0.995653 0.984452 0.994293
10760_mask.png 0.953547 0.668137 0.810842 0.801058 0.730579 0.886587 0.95752
10719_mask.png 0.960865 0.609658 0.785261 0.7575 0.708122 0.81428 0.96312
10191_mask.png 0.929474 0.510795 0.720135 0.676194 0.539163 0.906616 0.934311
10496_mask.png 0.969772 0.451164 0.710468 0.621796 0.464348 0.940793 0.970505
10166_mask.png 0.978902 0.718515 0.848709 0.836205 0.938358 0.754109 0.97998
10669_mask.png 0.958982 0.92957 0.944276 0.963499 0.994685 0.93421 0.973389
10430_mask.png 1.0 nan 1.0 nan nan nan 1.0
10742_mask.png 0.958425 0.632089 0.795257 0.774577 0.949576 0.654042 0.961197
10728_mask.png 0.396893 0.787239 0.592066 0.880955 0.973687 0.804351 0.81337
10455_mask.png 0.842499 0.505009 0.673754 0.671105 0.711552 0.635008 0.864304
10528_mask.png 0.927761 0.584212 0.755987 0.737543 0.786738 0.694138 0.934418
10355_mask.png 0.875239 0.54589 0.710565 0.706247 0.709353 0.703167 0.89151
10608_mask.png 0.933149 0.455655 0.694402 0.626048 0.959657 0.464553 0.936691
10672_mask.png 0.98846 0.78906 0.88876 0.882095 0.977297 0.803794 0.988937
10072_mask.png 0.963978 0.660668 0.812323 0.795665 0.731811 0.871727 0.966339
10270_mask.png 0.871109 0.504809 0.687959 0.670927 0.524788 0.929872 0.886078
10325_mask.png 0.896634 0.735302 0.815968 0.847463 0.957809 0.759915 0.919693
10094_mask.png 0.898929 0.662062 0.780496 0.796676 0.964817 0.678442 0.915634
10396_mask.png 0.999954 0.0 0.499977 nan nan 0.0 0.999954
10641_mask.png 0.968237 0.53583 0.752033 0.697772 0.665518 0.733312 0.96936
10075_mask.png 0.933602 0.731106 0.832354 0.844669 0.914583 0.784685 0.943756
10168_mask.png 0.990367 0.951485 0.970926 0.975139 0.964527 0.985988 0.991898
10261_mask.png 0.993328 0.303514 0.648421 0.465686 0.95 0.308442 0.993347
10165_mask.png 0.99189 0.667514 0.829702 0.80061 1.0 0.667514 0.99202
10074_mask.png 0.668854 0.461271 0.565062 0.631329 0.585355 0.68514 0.742004
10436_mask.png 0.934613 0.547516 0.741065 0.707606 0.657229 0.766348 0.939407
10426_mask.png 0.994671 0.850265 0.922468 0.919074 0.922819 0.915359 0.994827
10519_mask.png 0.994798 0.948688 0.971743 0.973669 0.993263 0.954832 0.995255
10683_mask.png 0.904826 0.667175 0.786 0.800366 0.834194 0.769174 0.920074
10717_mask.png 0.979843 0.949674 0.964758 0.974187 0.973111 0.975266 0.985397
10695_mask.png 0.905563 0.857617 0.88159 0.923352 0.912169 0.934813 0.939804
10328_mask.png 0.894619 0.803227 0.848923 0.890877 0.851969 0.93351 0.926315
10466_mask.png 0.864935 0.594412 0.729674 0.745619 0.676305 0.830763 0.887253
10257_mask.png 1.0 nan 1.0 nan nan nan 1.0
10679_mask.png 0.935928 0.649159 0.792543 0.787261 0.868793 0.719718 0.942719
10364_mask.png 0.971554 0.971587 0.971571 0.985589 0.991227 0.980015 0.98558
10710_mask.png 0.856303 0.577175 0.716739 0.73191 0.631545 0.870202 0.879868
10145_mask.png 0.940874 0.816217 0.878545 0.89881 0.942014 0.859395 0.953171
10572_mask.png 0.873929 0.743611 0.80877 0.852955 0.977549 0.756532 0.907684
10015_mask.png 0.932468 0.613047 0.772758 0.76011 0.864356 0.678304 0.938995
10126_mask.png 0.923126 0.847984 0.885555 0.91774 0.916799 0.918683 0.946198
10379_mask.png 0.921477 0.581959 0.751718 0.735745 0.594495 0.965033 0.929214
10495_mask.png 0.889392 0.775001 0.832197 0.87324 0.878011 0.868521 0.919907
10153_mask.png 0.929717 0.659585 0.794651 0.79488 0.862997 0.736729 0.938141
10380_mask.png 0.96176 0.838483 0.900121 0.912147 0.943667 0.882664 0.968094
10605_mask.png 0.958024 0.522773 0.740398 0.686606 0.890297 0.558766 0.959869
10673_mask.png 0.958962 0.978113 0.968538 0.988936 0.979107 0.998964 0.985519
10274_mask.png 0.909307 0.980521 0.944914 0.990165 0.996829 0.983589 0.983704
10739_mask.png 0.984252 0.655907 0.820079 0.792202 0.84364 0.746677 0.984711
10224_mask.png 0.996152 0.923297 0.959725 0.960119 0.930404 0.991795 0.996323
10659_mask.png 0.94566 0.801333 0.873496 0.889711 0.922414 0.859247 0.955429
10232_mask.png 0.954984 0.75891 0.856947 0.862932 0.91837 0.813807 0.960571
10341_mask.png 0.963172 0.522634 0.742903 0.686486 0.63137 0.752147 0.9646
10723_mask.png 0.970414 0.777792 0.874103 0.875009 0.958093 0.805185 0.97319
10255_mask.png 0.838444 0.811296 0.82487 0.895818 0.998439 0.812326 0.904663
10756_mask.png 0.99852 0.0 0.49926 nan 0.0 nan 0.99852
10730_mask.png 0.911475 0.939342 0.925409 0.968722 0.993368 0.94527 0.962662
10344_mask.png 0.946529 0.854271 0.9004 0.921409 0.970946 0.876682 0.95929
10366_mask.png 0.891869 0.6233 0.757585 0.767942 0.863593 0.691367 0.908279
10018_mask.png 0.994906 0.518841 0.756873 0.683206 0.920308 0.543247 0.994934
10241_mask.png 0.905422 0.643622 0.774522 0.783175 0.724263 0.852519 0.91922
10371_mask.png 0.874532 0.648869 0.761701 0.787047 0.864764 0.722147 0.898148
10240_mask.png 0.979953 0.518713 0.749333 0.683095 0.947368 0.534104 0.980377
10564_mask.png 0.984732 0.816311 0.900521 0.898867 0.93447 0.865876 0.985703
10743_mask.png 0.935487 0.738975 0.837231 0.849897 0.882158 0.819913 0.94545
10492_mask.png 0.99772 0.967152 0.982436 0.983302 0.983067 0.983536 0.997864
10033_mask.png 0.850051 0.687664 0.768857 0.81493 0.992253 0.691376 0.887268
10080_mask.png 0.929195 0.725434 0.827314 0.840871 0.937886 0.762045 0.940353
10322_mask.png 0.967187 0.645837 0.806512 0.784813 0.843978 0.733399 0.96904
10092_mask.png 0.817527 0.633089 0.725308 0.775327 0.923172 0.668299 0.861221
10064_mask.png 0.952293 0.817182 0.884737 0.899395 0.986638 0.826327 0.960678
10087_mask.png 0.951238 0.725386 0.838312 0.840839 0.902486 0.787075 0.956802
10375_mask.png 0.966352 0.633357 0.799855 0.775528 0.685976 0.891972 0.968201
10446_mask.png 0.978023 0.854205 0.916114 0.92137 0.868494 0.981102 0.98053
10771_mask.png 1.0 nan 1.0 nan nan nan 1.0
10637_mask.png 0.985571 0.835573 0.910572 0.910422 0.867804 0.957442 0.986557
10530_mask.png 0.931534 0.688185 0.809859 0.815296 0.818787 0.811834 0.940521
10682_mask.png 0.974649 0.832082 0.903365 0.908346 0.984123 0.843404 0.977478
10100_mask.png 0.928578 0.927263 0.92792 0.962259 0.945309 0.979828 0.962616
10359_mask.png 1.0 nan 1.0 nan nan nan 1.0
10035_mask.png 0.979274 0.619241 0.799257 0.764853 0.705281 0.835418 0.97995
10766_mask.png 1.0 nan 1.0 nan nan nan 1.0
10239_mask.png 0.624809 0.695578 0.660193 0.820461 0.831455 0.809755 0.797989
10200_mask.png 0.940905 0.975531 0.958218 0.987614 0.991295 0.98396 0.982391
10667_mask.png 0.909597 0.671094 0.790346 0.803179 0.75898 0.852845 0.923676
10004_mask.png 0.931813 0.679632 0.805722 0.809263 0.914936 0.725473 0.94043
10253_mask.png 0.981913 0.60809 0.795001 0.756288 0.621396 0.965983 0.982407
10639_mask.png 0.973959 0.816886 0.895423 0.899216 0.906084 0.892451 0.976669
10486_mask.png 0.910608 0.678939 0.794774 0.808772 0.954995 0.70138 0.92482
10281_mask.png 0.993571 0.757629 0.8756 0.862104 0.760306 0.995374 0.993698
10619_mask.png 0.799664 0.494196 0.64693 0.661487 0.526011 0.890956 0.832458
10504_mask.png 0.948038 0.49391 0.720974 0.661231 0.950706 0.506891 0.950546
10561_mask.png 0.872266 0.615716 0.743991 0.762159 0.707999 0.825291 0.893967
10180_mask.png 0.972058 0.867511 0.919784 0.929056 0.92389 0.93428 0.976379
10125_mask.png 0.938719 0.859507 0.899113 0.924446 0.977037 0.877227 0.955429
10712_mask.png 0.969352 0.557032 0.763192 0.715505 0.563093 0.981041 0.97049
10394_mask.png 0.926379 0.76715 0.846765 0.868234 0.991936 0.771965 0.94075
10674_mask.png 0.972569 0.591639 0.782104 0.743434 0.628292 0.910247 0.973618
10443_mask.png 0.874699 0.658456 0.766578 0.794059 0.875635 0.726387 0.899078
10060_mask.png 0.984853 0.816423 0.900638 0.898935 0.844082 0.961413 0.985809
10729_mask.png 1.0 nan 1.0 nan nan nan 1.0
10415_mask.png 0.989745 0.95174 0.970742 0.975273 0.992617 0.958525 0.99147
10251_mask.png 0.940998 0.669474 0.805236 0.802018 0.711554 0.918834 0.947296
10386_mask.png 0.891728 0.751707 0.821718 0.858257 0.966545 0.771788 0.918457
10508_mask.png 0.908877 0.457285 0.683081 0.627585 0.493609 0.861382 0.915375
10748_mask.png 0.782653 0.87007 0.826361 0.930521 0.993504 0.875048 0.911484
10471_mask.png 0.953306 0.578299 0.765802 0.732813 0.705419 0.76242 0.956116
10452_mask.png 0.990902 0.375789 0.683346 0.546289 0.994429 0.376582 0.990952
10023_mask.png 0.929818 0.664562 0.79719 0.798483 0.847727 0.754646 0.938385
10451_mask.png 0.848431 0.535045 0.691738 0.697106 0.874405 0.579587 0.870941
10296_mask.png 0.953744 0.577755 0.765749 0.732376 0.783963 0.687159 0.956497
10342_mask.png 0.955395 0.558622 0.757009 0.716815 0.599555 0.891094 0.957779
10357_mask.png 0.919965 0.628787 0.774376 0.772093 0.84859 0.708247 0.92952
10652_mask.png 0.987091 0.0 0.493546 nan 0.0 nan 0.987091
10170_mask.png 0.952539 0.657167 0.804853 0.793121 0.854708 0.739813 0.956497
10354_mask.png 1.0 nan 1.0 nan nan nan 1.0
10295_mask.png 0.949284 0.789335 0.869309 0.882266 0.894521 0.870343 0.957382
10052_mask.png 0.959255 0.747376 0.853316 0.855427 0.971476 0.764145 0.963638
10408_mask.png 1.0 nan 1.0 nan nan nan 1.0
10279_mask.png 1.0 nan 1.0 nan nan nan 1.0
10370_mask.png 0.928378 0.590156 0.759267 0.742262 0.722098 0.763584 0.935074
10660_mask.png 0.998352 0.129032 0.563692 0.228571 0.129032 1.0 0.998352
10294_mask.png 0.988045 0.69209 0.840068 0.81803 0.702293 0.97944 0.988358
10749_mask.png 0.953437 0.510924 0.732181 0.676307 0.976236 0.517359 0.955597
10584_mask.png 0.940049 0.648933 0.794491 0.787094 0.675692 0.942482 0.94603
10285_mask.png 0.987004 0.840791 0.913898 0.913511 0.972505 0.861265 0.987839
10381_mask.png 0.987261 0.756888 0.872074 0.861623 0.961538 0.780518 0.987747
10235_mask.png 0.917654 0.752935 0.835295 0.859056 0.958096 0.778574 0.934174
10566_mask.png 0.951863 0.942525 0.947194 0.970412 0.968608 0.972223 0.973099
10178_mask.png 0.942954 0.56154 0.752247 0.719213 0.593036 0.913595 0.946838
10103_mask.png 0.98544 0.832012 0.908726 0.908304 0.942686 0.876342 0.98642
10599_mask.png 0.881868 0.451407 0.666638 0.622027 0.959511 0.460173 0.892334
10423_mask.png 1.0 nan 1.0 nan nan nan 1.0
10195_mask.png 0.931968 0.95299 0.942479 0.975929 0.965757 0.986318 0.971405
10205_mask.png 0.867407 0.52627 0.696838 0.689616 0.590125 0.829456 0.88443
10675_mask.png 0.963609 0.467757 0.715683 0.637376 0.507496 0.856601 0.964737
10755_mask.png 0.942839 0.55052 0.746679 0.71011 0.944493 0.568927 0.946579
10429_mask.png 1.0 nan 1.0 nan nan nan 1.0
10513_mask.png 0.941871 0.706956 0.824413 0.828323 0.923253 0.751095 0.94902
10098_mask.png 0.99245 0.983987 0.988218 0.991929 0.999038 0.98492 0.994843
10007_mask.png 0.951874 0.859197 0.905536 0.924267 0.886063 0.965914 0.962799
10525_mask.png 0.823793 0.797971 0.810882 0.887635 0.954704 0.829371 0.896103
10604_mask.png 0.91582 0.673998 0.794909 0.805255 0.845812 0.768409 0.928299
10275_mask.png 0.850272 0.65721 0.753741 0.793152 0.905582 0.705556 0.883667
10589_mask.png 0.920745 0.776228 0.848487 0.874018 0.952998 0.807128 0.937836
10327_mask.png 0.956864 0.779446 0.868155 0.876055 0.909272 0.845179 0.96257
10630_mask.png 0.990741 0.639928 0.815334 0.780434 0.99718 0.641088 0.990891
10552_mask.png 0.888762 0.484536 0.686649 0.652778 0.972871 0.491173 0.899292
10280_mask.png 0.927829 0.578205 0.753017 0.732737 0.741206 0.72446 0.934326
10476_mask.png 0.937856 0.828952 0.883404 0.906478 0.974558 0.847288 0.95224
10273_mask.png 0.995694 0.644219 0.819956 0.783617 0.734783 0.839404 0.995728
10745_mask.png 0.954219 0.575443 0.764831 0.730516 0.946835 0.594658 0.956894
10688_mask.png 0.915597 0.551137 0.733367 0.710624 0.768962 0.660513 0.923523
10597_mask.png 0.997764 0.934773 0.966268 0.966287 0.984519 0.948718 0.997833
10567_mask.png 0.954367 0.742423 0.848395 0.852173 0.987555 0.749434 0.959671
10248_mask.png 0.959068 0.323476 0.641272 0.488828 0.950869 0.328975 0.959854
10212_mask.png 0.943088 0.853329 0.898209 0.920861 0.997308 0.855299 0.957245
10297_mask.png 0.936834 0.540818 0.738826 0.701988 0.594991 0.855903 0.941208
10225_mask.png 0.858372 0.630377 0.744374 0.77329 0.732422 0.818988 0.885925
10450_mask.png 0.942234 0.656731 0.799483 0.792804 0.832844 0.756437 0.947983
10654_mask.png 0.915079 0.768402 0.841741 0.869035 0.94795 0.80225 0.933746
10097_mask.png 0.955048 0.516429 0.735739 0.681112 0.967763 0.525468 0.957108
10198_mask.png 0.960603 0.630912 0.795758 0.773693 0.636056 0.987345 0.963089
10057_mask.png 0.972484 0.844407 0.908445 0.915641 0.856123 0.984052 0.976059
10031_mask.png 0.954535 0.597781 0.776158 0.748264 0.717275 0.782051 0.957413
10390_mask.png 0.959648 0.489473 0.72456 0.657243 0.956505 0.500615 0.961151
10500_mask.png 0.913522 0.483499 0.69851 0.651836 0.514465 0.889292 0.919998
10041_mask.png 0.989845 0.588715 0.78928 0.741121 0.880037 0.640082 0.98999
10425_mask.png 0.966485 0.956851 0.961668 0.97795 0.985886 0.97014 0.980774
10196_mask.png 0.870184 0.604513 0.737348 0.753516 0.643403 0.909099 0.891678
10154_mask.png 0.96674 0.458631 0.712686 0.628852 0.98411 0.462053 0.967651
10223_mask.png 0.987091 0.640591 0.813841 0.780927 0.748984 0.815717 0.987381
10640_mask.png 0.944649 0.463422 0.704035 0.63334 0.509109 0.83777 0.947174
10016_mask.png 0.80593 0.826401 0.816165 0.90495 0.962593 0.853821 0.899124
10048_mask.png 0.938802 0.558952 0.748877 0.717087 0.610536 0.868692 0.943207
10090_mask.png 0.978323 0.892462 0.935393 0.943175 0.983078 0.906386 0.981628
10512_mask.png 0.902736 0.906854 0.904795 0.951152 0.919144 0.985469 0.950043
10124_mask.png 0.96969 0.802986 0.886338 0.890729 0.980008 0.816359 0.973022
10477_mask.png 0.914537 0.53906 0.726798 0.700506 0.901453 0.572816 0.922302
10339_mask.png 0.955494 0.465347 0.71042 0.635135 0.962205 0.474011 0.957153
10363_mask.png 0.994136 0.958931 0.976534 0.979035 0.983917 0.974201 0.994843
10601_mask.png 0.73205 0.640504 0.686277 0.780863 0.960975 0.65761 0.818634
10112_mask.png 0.871388 0.801979 0.836684 0.890109 0.862573 0.919463 0.915436
10142_mask.png 0.990055 0.627542 0.808799 0.771153 0.964286 0.642475 0.990219
10618_mask.png 0.936485 0.60888 0.772682 0.756899 0.895792 0.655295 0.9422
10414_mask.png 0.909881 0.734177 0.822029 0.846715 0.794706 0.906007 0.927841
10474_mask.png 0.96594 0.444246 0.705093 0.615194 0.571382 0.666283 0.966843
10374_mask.png 0.687237 0.728871 0.708054 0.843176 0.914294 0.782322 0.830093
10582_mask.png 0.997286 0.936431 0.966859 0.967172 0.957067 0.977493 0.997391
10437_mask.png 0.974853 0.759186 0.867019 0.863111 0.913126 0.81829 0.9767
10689_mask.png 0.988201 0.897319 0.94276 0.945881 0.953166 0.938707 0.989304
10431_mask.png 0.938151 0.752413 0.845282 0.858716 0.796696 0.931208 0.947937
10395_mask.png 0.98383 0.965143 0.974486 0.982262 0.988201 0.976395 0.988831
10459_mask.png 0.937381 0.780063 0.858722 0.876444 0.909299 0.845881 0.948761
10008_mask.png 0.928254 0.780099 0.854176 0.876467 0.834809 0.922501 0.94281
10177_mask.png 0.923711 0.758094 0.840902 0.862404 0.845537 0.879958 0.938431
10444_mask.png 0.933364 0.427549 0.680457 0.598997 0.944664 0.438532 0.936523
10627_mask.png 0.985981 0.910547 0.948264 0.95318 0.977661 0.929894 0.987732
10649_mask.png 0.963679 0.477077 0.720378 0.645974 0.943871 0.491007 0.964844
10262_mask.png 0.999542 0.0 0.499771 nan 0.0 0.0 0.999542
10030_mask.png 0.958775 0.800619 0.879697 0.889271 0.830478 0.957022 0.96463
10222_mask.png 0.937832 0.680433 0.809132 0.809831 0.773448 0.849806 0.945099
10677_mask.png 0.975796 0.956988 0.966392 0.978021 0.985437 0.970716 0.984268
10283_mask.png 0.436085 0.69934 0.567712 0.823072 0.98054 0.709183 0.756058
10569_mask.png 0.94 0.283396 0.611698 0.441634 0.983808 0.284724 0.941391
10613_mask.png 0.962233 0.658627 0.81043 0.794183 0.940021 0.687519 0.964798
10312_mask.png 0.967481 0.838658 0.90307 0.91225 0.892951 0.932402 0.972183
10583_mask.png 0.578205 0.779489 0.678847 0.876082 0.863993 0.888514 0.830673
10776_mask.png 0.981612 0.854038 0.917825 0.921274 0.971315 0.876135 0.983398
10231_mask.png 0.960422 0.691969 0.826196 0.817946 0.881839 0.762685 0.963654
10725_mask.png 0.0 0.286209 0.143105 0.445043 0.996494 0.286498 0.286209
10736_mask.png 0.94294 0.896116 0.919528 0.945212 0.960158 0.930724 0.961761
10361_mask.png 0.94295 0.679727 0.811339 0.809331 0.742084 0.889979 0.949112
10300_mask.png 0.95734 0.900983 0.929161 0.947913 0.928839 0.967786 0.969269
10718_mask.png 1.0 nan 1.0 nan nan nan 1.0
10433_mask.png 0.823897 0.517593 0.670745 0.682123 0.697589 0.667329 0.851883
10553_mask.png 0.88452 0.767067 0.825794 0.868181 0.950916 0.798691 0.916336
10774_mask.png 0.992331 0.865374 0.928852 0.927829 0.985595 0.876459 0.992691
10085_mask.png 0.963997 0.97778 0.970889 0.988765 0.979927 0.997765 0.986069
10019_mask.png 0.939624 0.600946 0.770285 0.750739 0.859346 0.666504 0.944656
10646_mask.png 0.964151 0.527406 0.745779 0.69059 0.607763 0.799556 0.96553
10670_mask.png 0.984705 0.898354 0.94153 0.946456 0.922023 0.972219 0.986526
10219_mask.png 0.548375 0.843535 0.695955 0.915128 0.958923 0.875158 0.868515
10243_mask.png 0.885331 0.52421 0.704771 0.687845 0.9899 0.527029 0.898193
10550_mask.png 0.992 0.561285 0.776642 0.719004 0.810745 0.645914 0.992081
10610_mask.png 0.999068 0.603896 0.801482 0.753036 0.869159 0.664286 0.999069
10022_mask.png 0.976021 0.71089 0.843456 0.831018 0.974366 0.724439 0.977356
10734_mask.png 0.881211 0.70478 0.792996 0.826828 0.88179 0.778315 0.907455
10302_mask.png 0.955451 0.57746 0.766456 0.732139 0.973848 0.586556 0.958008
10102_mask.png 0.93583 0.819231 0.87753 0.900634 0.925996 0.876625 0.950287
10763_mask.png 0.966045 0.827797 0.896921 0.905787 0.989243 0.835317 0.97081
10077_mask.png 0.971159 0.669014 0.820087 0.801688 0.763698 0.843655 0.972748
10518_mask.png 0.958336 0.727636 0.842986 0.842348 0.749144 0.96204 0.962509
10407_mask.png 0.927933 0.742324 0.835129 0.852108 0.862248 0.842204 0.940323
10517_mask.png 0.92529 0.741801 0.833545 0.851763 0.791647 0.921761 0.938492
10132_mask.png 0.95954 0.426981 0.693261 0.59844 0.599562 0.597322 0.960724
10726_mask.png 0.962089 0.569192 0.76564 0.725458 0.901124 0.607108 0.963898
10520_mask.png 0.911399 0.832648 0.872024 0.908683 0.983422 0.844502 0.938507
10562_mask.png 0.949877 0.599055 0.774466 0.749262 0.747789 0.75074 0.953369
10042_mask.png 0.967415 0.855552 0.911484 0.922154 0.985133 0.866743 0.972687
10356_mask.png 0.924078 0.650333 0.787205 0.788123 0.698931 0.903409 0.933472
10475_mask.png 0.962352 0.505103 0.733728 0.671187 0.590168 0.777992 0.963745
10226_mask.png 0.915629 0.594795 0.755212 0.74592 0.695962 0.803605 0.924927
10218_mask.png 0.987865 0.745189 0.866527 0.853992 0.917484 0.79872 0.988281
10480_mask.png 0.90142 0.749171 0.825295 0.856601 0.910407 0.8088 0.923843
10470_mask.png 1.0 nan 1.0 nan nan nan 1.0
10182_mask.png 0.902752 0.605675 0.754213 0.754418 0.956322 0.622906 0.91539
10171_mask.png 0.955304 0.555876 0.75559 0.71455 0.655961 0.784633 0.957672
10666_mask.png 0.961132 0.494333 0.727733 0.661611 0.790705 0.568753 0.962555
10510_mask.png 0.895346 0.743542 0.819444 0.85291 0.840875 0.865294 0.919708
10256_mask.png 0.815206 0.317004 0.566105 0.481402 0.319253 0.978269 0.829803
10310_mask.png 0.938821 0.468863 0.703842 0.638403 0.747718 0.556975 0.941956
10635_mask.png 0.868816 0.826914 0.847865 0.905258 0.879971 0.932041 0.919357
10704_mask.png 0.977879 0.94948 0.963679 0.974085 0.994676 0.954329 0.984375
10461_mask.png 0.913675 0.665234 0.789455 0.798968 0.932556 0.698857 0.926315
10424_mask.png 0.871825 0.542448 0.707137 0.70336 0.59188 0.86658 0.888733
10402_mask.png 0.912716 0.725727 0.819222 0.841068 0.747659 0.961151 0.929092
10420_mask.png 0.865453 0.696813 0.781133 0.82132 0.712432 0.969498 0.897232
10531_mask.png 0.968192 0.677451 0.822822 0.807715 0.975749 0.689053 0.970184
10027_mask.png 0.98189 0.711968 0.846929 0.831754 0.758304 0.920958 0.982666
10131_mask.png 0.982082 0.619286 0.800684 0.764888 0.971219 0.630863 0.98259
10483_mask.png 1.0 nan 1.0 nan nan nan 1.0
10602_mask.png 0.856863 0.597628 0.727245 0.748144 0.648456 0.88405 0.881958
10732_mask.png 1.0 nan 1.0 nan nan nan 1.0
10502_mask.png 0.980039 0.91848 0.949259 0.957508 0.923343 0.994298 0.983704
10315_mask.png 0.947192 0.666844 0.807018 0.800128 0.801971 0.798293 0.95224
10687_mask.png 0.99 0.894792 0.942396 0.944475 0.966692 0.923257 0.990784
10539_mask.png 0.969604 0.837038 0.903321 0.911291 0.905927 0.916718 0.973709
10288_mask.png 0.896445 0.831721 0.864083 0.908131 0.942163 0.876472 0.931503
10320_mask.png 0.939081 0.57536 0.75722 0.730449 0.796462 0.674541 0.943726
10702_mask.png 0.962294 0.616271 0.789283 0.762584 0.701274 0.835641 0.964447
10006_mask.png 0.987709 0.794275 0.890992 0.885344 0.832352 0.945541 0.988266
10089_mask.png 0.906893 0.659955 0.783424 0.795148 0.926987 0.696141 0.921143
10467_mask.png 0.866627 0.624843 0.745735 0.769112 0.661374 0.918781 0.890869
10150_mask.png 0.959532 0.757819 0.858676 0.862226 0.926774 0.806084 0.964081
10506_mask.png 0.96292 0.911583 0.937251 0.953747 0.959147 0.948407 0.973175
10713_mask.png 0.924975 0.769726 0.847351 0.869882 0.929739 0.817266 0.940018
10024_mask.png 0.938894 0.461963 0.700428 0.631976 0.637215 0.626823 0.94194
10258_mask.png 0.96545 0.326172 0.645811 0.491901 0.420273 0.592959 0.966019
10091_mask.png 0.978469 0.630665 0.804567 0.773506 0.753811 0.794258 0.979233
10578_mask.png 0.870575 0.968577 0.919576 0.984038 0.971198 0.997222 0.97406
10207_mask.png 1.0 nan 1.0 nan nan nan 1.0
10403_mask.png 0.959675 0.768964 0.86432 0.869395 0.776665 0.987269 0.964447
10303_mask.png 0.921413 0.896676 0.909044 0.945524 0.98891 0.905785 0.953278
10587_mask.png 1.0 nan 1.0 nan nan nan 1.0
10516_mask.png 0.905766 0.685844 0.795805 0.813651 0.731758 0.916182 0.921844
10265_mask.png 0.990483 0.867942 0.929212 0.929303 0.982179 0.881829 0.991043
10509_mask.png 0.976076 0.685985 0.831031 0.81375 0.863854 0.76914 0.977264
10254_mask.png 0.946026 0.740103 0.843065 0.850643 0.82236 0.88094 0.953217
10445_mask.png 0.906256 0.825404 0.86583 0.904352 0.914357 0.894564 0.935043
10318_mask.png 0.836799 0.905122 0.87096 0.950198 0.988628 0.914644 0.936172
10703_mask.png 0.699571 0.996772 0.848171 0.998383 0.997446 0.999322 0.996796
10628_mask.png 0.968401 0.623277 0.795839 0.767925 0.979248 0.63162 0.969971
10692_mask.png 0.95111 0.675591 0.81335 0.806391 0.93069 0.711383 0.955627
10741_mask.png 0.957855 0.71233 0.835093 0.832001 0.919115 0.759971 0.961838
10216_mask.png 0.0 0.310822 0.155411 0.474239 1.0 0.310822 0.310822
10203_mask.png 0.990876 0.723354 0.857115 0.839472 0.951995 0.750737 0.991089
10532_mask.png 0.917421 0.679674 0.798548 0.809293 0.870545 0.756094 0.929733
10389_mask.png 0.917041 0.775094 0.846068 0.873299 0.990618 0.780826 0.935486
10377_mask.png 0.869363 0.590981 0.730172 0.742914 0.622294 0.921537 0.890106
10664_mask.png 0.884965 0.801971 0.843468 0.890104 0.933991 0.850157 0.921524
10611_mask.png 0.946071 0.834426 0.890248 0.90974 0.931865 0.888642 0.957596
10697_mask.png 0.894098 0.806612 0.850355 0.892956 0.881006 0.905234 0.926544
10514_mask.png 0.92109 0.758791 0.839941 0.862855 0.867132 0.85862 0.936783
10418_mask.png 0.96529 0.644695 0.804992 0.783969 0.739619 0.833978 0.967346
10588_mask.png 0.887949 0.63831 0.76313 0.77923 0.678242 0.915553 0.906448
10696_mask.png 0.979499 0.844442 0.91197 0.915661 0.913431 0.917902 0.981552
10298_mask.png 0.95365 0.664658 0.809154 0.798552 0.952003 0.687703 0.95755
10472_mask.png 0.940085 0.952854 0.946469 0.975858 0.965463 0.986478 0.9729
10538_mask.png 0.94662 0.691175 0.818897 0.81739 0.883081 0.760796 0.952316
10174_mask.png 0.903881 0.664192 0.784037 0.798216 0.866711 0.739754 0.919235
10767_mask.png 0.942801 0.193105 0.567953 0.323702 0.326689 0.320768 0.943573
10233_mask.png 0.981034 0.776714 0.878874 0.874326 0.958186 0.803964 0.982208
10399_mask.png 0.981843 0.550753 0.766298 0.710304 0.970748 0.560047 0.982239
10299_mask.png 0.830974 0.660723 0.745848 0.795705 0.86078 0.739778 0.872833
10099_mask.png 0.98145 0.857068 0.919259 0.923034 0.978228 0.873735 0.983307
10592_mask.png 0.979922 0.064103 0.522012 0.120482 0.231959 0.081374 0.97995
10694_mask.png 0.915145 0.703516 0.809331 0.825958 0.909799 0.756265 0.929367
10029_mask.png 0.957137 0.708524 0.832831 0.829399 0.896102 0.771939 0.961182
10323_mask.png 0.983462 0.680305 0.831884 0.80974 0.793165 0.827023 0.984024
10733_mask.png 1.0 nan 1.0 nan nan nan 1.0
10580_mask.png 0.968488 0.602621 0.785554 0.752044 0.916028 0.637857 0.969925
10577_mask.png 0.92999 0.668754 0.799372 0.801501 0.946693 0.694923 0.93866
10759_mask.png 0.954184 0.671925 0.813055 0.803774 0.775662 0.834001 0.958115
10617_mask.png 0.986993 0.915612 0.951303 0.955947 0.968571 0.943649 0.988602
10573_mask.png 0.815144 0.080015 0.44758 0.148175 1.0 0.080015 0.818069
10157_mask.png 0.983165 0.550707 0.766936 0.710265 0.822981 0.624705 0.983505
10152_mask.png 0.98553 0.879104 0.932317 0.935663 0.978974 0.896022 0.986908
10681_mask.png 0.967361 0.924539 0.94595 0.96079 0.943599 0.97862 0.976685
10271_mask.png 0.993281 0.781393 0.887337 0.877283 0.8459 0.911085 0.993439
10449_mask.png 0.999116 0.947417 0.973267 0.972999 0.970699 0.975309 0.99913
10026_mask.png 1.0 nan 1.0 nan nan nan 1.0
10079_mask.png 0.864613 0.621854 0.743234 0.766843 0.653739 0.927273 0.889267
10002_mask.png 0.927468 0.734807 0.831138 0.847134 0.902559 0.798122 0.939606
10598_mask.png 0.922103 0.698697 0.8104 0.822627 0.914038 0.747837 0.934021
10118_mask.png 1.0 nan 1.0 nan nan nan 1.0
10574_mask.png 0.926811 0.192946 0.559879 0.323479 0.992952 0.193211 0.92807
10661_mask.png 0.937199 0.613247 0.775223 0.760264 0.634691 0.94778 0.942886
10334_mask.png 0.963144 0.553191 0.758168 0.712329 0.797546 0.643564 0.964752
10194_mask.png nan 1.0 1.0 1.0 1.0 1.0 1.0
10304_mask.png 0.955889 0.604902 0.780395 0.753818 0.952665 0.623646 0.958679
10621_mask.png 0.910265 0.869781 0.890023 0.930356 0.93644 0.924351 0.943893
10181_mask.png 0.995513 0.796192 0.895852 0.886533 0.978336 0.810481 0.99559
10693_mask.png 0.958456 0.529486 0.743971 0.692371 0.590121 0.837482 0.960312
10482_mask.png 0.842722 0.347107 0.594915 0.515337 0.967477 0.351205 0.854858
10054_mask.png 0.890023 0.675664 0.782843 0.806443 0.813912 0.79911 0.910522
10305_mask.png 0.962297 0.593473 0.777885 0.74488 0.645703 0.880051 0.964264
10657_mask.png 0.840715 0.711088 0.775901 0.831153 0.879072 0.788188 0.885574
10757_mask.png 0.950246 0.454244 0.702245 0.624715 0.927732 0.470907 0.952225
10632_mask.png 0.860083 0.72683 0.793457 0.841809 0.863058 0.82158 0.898041
10494_mask.png 0.981522 0.676021 0.828772 0.806698 0.690605 0.969709 0.982208
10716_mask.png 0.934659 0.69815 0.816404 0.822248 0.952824 0.723147 0.943237
10032_mask.png 0.79991 0.705225 0.752568 0.827135 0.959436 0.726899 0.864685
10490_mask.png 0.88352 0.350072 0.616796 0.518598 0.38122 0.810771 0.890396
10488_mask.png 0.779646 0.852844 0.816245 0.920578 0.87439 0.971917 0.903229
10107_mask.png 0.969443 0.555223 0.762333 0.71401 0.891852 0.595303 0.970566
10593_mask.png 0.903035 0.729954 0.816495 0.8439 0.821711 0.867321 0.923172
10028_mask.png 0.980807 0.582766 0.781786 0.736389 0.726539 0.74651 0.981308
10440_mask.png 0.866219 0.692167 0.779193 0.818084 0.743512 0.909282 0.897156
10558_mask.png 0.996096 0.653951 0.825023 0.790774 0.837696 0.74883 0.996124
10351_mask.png 0.977534 0.801354 0.889444 0.889724 0.990542 0.807533 0.979401
10462_mask.png 0.997635 0.892122 0.944879 0.942986 0.925626 0.961009 0.997681
10268_mask.png 0.974757 0.564082 0.769419 0.721294 0.704383 0.739037 0.975555
10412_mask.png 0.920319 0.455213 0.687766 0.625631 0.822808 0.504688 0.925293
10163_mask.png 0.972264 0.528105 0.750184 0.691189 0.89155 0.564359 0.973099
10130_mask.png 0.973385 0.760963 0.867174 0.864258 0.874893 0.853878 0.975464
10138_mask.png 0.929674 0.750263 0.839968 0.857314 0.763951 0.976675 0.94194
10497_mask.png 0.913664 0.251022 0.582343 0.401306 0.251501 0.992461 0.916092
10038_mask.png 0.926593 0.852342 0.889468 0.920286 0.874076 0.971655 0.948441
10162_mask.png 0.87759 0.573604 0.725597 0.729032 0.613115 0.899001 0.894897
10104_mask.png 0.994379 0.757697 0.876038 0.862148 0.83914 0.886453 0.994476
10421_mask.png 0.955603 0.823968 0.889785 0.903489 0.978989 0.838801 0.963242
10367_mask.png 0.969114 0.943545 0.95633 0.970952 0.952405 0.990236 0.97963
10167_mask.png 1.0 nan 1.0 nan nan nan 1.0
10701_mask.png 0.981258 0.906716 0.943987 0.951076 0.980485 0.923379 0.984146
10209_mask.png 1.0 nan 1.0 nan nan nan 1.0
10017_mask.png 0.945827 0.727345 0.836586 0.842153 0.919547 0.776776 0.952667
10202_mask.png 0.961457 0.94772 0.954588 0.973158 0.979648 0.966754 0.97731
10175_mask.png 1.0 nan 1.0 nan nan nan 1.0
10491_mask.png 0.990741 0.784745 0.887743 0.879392 0.891667 0.86745 0.991043
10003_mask.png 0.906716 0.853845 0.880281 0.921161 0.866259 0.983493 0.939621
10533_mask.png 0.976999 0.231914 0.604456 0.37651 0.31044 0.478307 0.977158
10656_mask.png 0.911991 0.838261 0.875126 0.912015 0.839907 0.997667 0.93956
10663_mask.png 0.982086 0.504086 0.743086 0.670289 0.960656 0.514712 0.982407
10724_mask.png 0.966678 0.731563 0.849121 0.844974 0.962088 0.753279 0.969452
10464_mask.png 0.934386 0.796599 0.865492 0.886786 0.832277 0.948934 0.9478
10067_mask.png 0.888841 0.793239 0.84104 0.8847 0.935629 0.839029 0.922073
10286_mask.png 0.985221 0.784979 0.8851 0.879539 0.876437 0.882662 0.985977
10249_mask.png 0.991965 0.848101 0.920033 0.917808 0.989451 0.855839 0.99231
10622_mask.png 0.981484 0.29755 0.639517 0.458633 0.971429 0.300177 0.981628
10210_mask.png 0.983102 0.561311 0.772207 0.719025 0.745699 0.694194 0.983459
10769_mask.png 0.844931 0.708988 0.776959 0.829717 0.888636 0.778124 0.887451
10119_mask.png 0.962709 0.683193 0.822951 0.811782 0.97521 0.695268 0.965485
10738_mask.png 0.991407 0.899384 0.945396 0.947027 0.905481 0.992569 0.99202
10317_mask.png 0.937934 0.802095 0.870015 0.89018 0.811483 0.985781 0.950409
10671_mask.png 0.901602 0.525461 0.713532 0.688921 0.566464 0.878924 0.91127
10211_mask.png 0.816892 0.167769 0.49233 0.287333 1.0 0.167769 0.82341
10333_mask.png 0.993403 0.891935 0.942669 0.942881 0.9024 0.987165 0.993744
10208_mask.png 0.992802 0.958131 0.975467 0.978618 0.997202 0.960713 0.99382
10134_mask.png 0.981718 0.608535 0.795127 0.756633 0.654027 0.897423 0.982224
10084_mask.png 0.919611 0.692127 0.805869 0.818056 0.7578 0.888722 0.931915
10735_mask.png 0.90758 0.599413 0.753496 0.749541 0.69787 0.809475 0.918808
10690_mask.png 0.954183 0.935409 0.944796 0.966627 0.997672 0.937455 0.972458
10259_mask.png 0.894437 0.659453 0.776945 0.794784 0.887568 0.719563 0.912354
10159_mask.png 0.961586 0.984259 0.972923 0.992067 0.986189 0.998016 0.988708
10061_mask.png 0.947221 0.660388 0.803804 0.795462 0.669594 0.979605 0.952133
10146_mask.png 0.990846 0.831474 0.91116 0.907983 0.915912 0.900191 0.991241
10546_mask.png 0.885326 0.65266 0.768993 0.78983 0.896105 0.70609 0.905655
10647_mask.png 0.936719 0.717874 0.827297 0.83577 0.722496 0.991167 0.945496
10012_mask.png 0.956004 0.788526 0.872265 0.88176 0.798202 0.984858 0.962204
10348_mask.png 0.943834 0.587759 0.765796 0.740363 0.723712 0.757798 0.947998
10439_mask.png 1.0 nan 1.0 nan nan nan 1.0
10244_mask.png 0.863369 0.569612 0.716491 0.7258 0.947955 0.588001 0.884293
10427_mask.png 0.959283 0.670764 0.815024 0.802943 0.849839 0.760952 0.962402
10343_mask.png 0.987647 0.837844 0.912745 0.911768 0.854226 0.977623 0.988388
10447_mask.png 0.955596 0.623158 0.789377 0.767834 0.846808 0.702334 0.958633
10678_mask.png 0.759092 0.548379 0.653735 0.708326 0.563012 0.954747 0.813614
10070_mask.png 0.811238 0.497324 0.654281 0.664283 0.508807 0.95659 0.840942
10650_mask.png 1.0 nan 1.0 nan nan nan 1.0
10314_mask.png 1.0 nan 1.0 nan nan nan 1.0
10655_mask.png 0.956148 0.388451 0.6723 0.559546 0.581723 0.538998 0.957336
10581_mask.png 0.977454 0.734034 0.855744 0.84662 0.892168 0.805497 0.978775
10269_mask.png 0.977617 0.674029 0.825823 0.805278 0.701258 0.945532 0.978607
10479_mask.png 0.891653 0.715008 0.80333 0.833824 0.981363 0.72485 0.91481
10063_mask.png 0.900017 0.728033 0.814025 0.842615 0.975467 0.741612 0.921127
10272_mask.png 1.0 nan 1.0 nan nan nan 1.0
10457_mask.png 0.949273 0.954057 0.951665 0.976488 0.975879 0.977098 0.975296
10117_mask.png 0.95535 0.457484 0.706417 0.627772 0.528444 0.773082 0.95697
10706_mask.png 0.990974 0.848778 0.919876 0.918204 0.957866 0.881696 0.991409
10040_mask.png 0.981533 0.845733 0.913633 0.916419 0.917047 0.915793 0.983231
10332_mask.png 0.903917 0.72027 0.812094 0.837392 0.820995 0.854457 0.922974
10105_mask.png 0.951909 0.639434 0.795672 0.780067 0.715874 0.856905 0.955688
10668_mask.png 0.966495 0.987018 0.976756 0.993466 0.988469 0.998515 0.990555
10319_mask.png 0.992997 0.760278 0.876637 0.863816 0.901837 0.828871 0.993149
10453_mask.png 0.988262 0.980684 0.984473 0.990248 0.988888 0.991612 0.992645
10169_mask.png 0.789393 0.592074 0.690733 0.743777 0.616185 0.938008 0.838699
10775_mask.png 1.0 nan 1.0 nan nan nan 1.0
10186_mask.png 0.950462 0.89184 0.921151 0.942828 0.920165 0.966636 0.964828
10590_mask.png 0.961995 0.825122 0.893558 0.904183 0.966912 0.849097 0.967773
10722_mask.png 0.94621 0.750596 0.848403 0.857532 0.877475 0.838476 0.953705
10540_mask.png 0.902181 0.467863 0.685022 0.637475 0.516675 0.831997 0.909927
10422_mask.png 0.888185 0.907568 0.897876 0.951545 0.986538 0.918949 0.946701
10083_mask.png 0.985493 0.647909 0.816701 0.786341 0.671924 0.94772 0.98587
10507_mask.png 0.93931 0.766709 0.853009 0.867952 0.901108 0.837149 0.949402
10413_mask.png 0.984137 0.94023 0.962183 0.969194 0.999847 0.940365 0.987305
10143_mask.png 0.968446 0.743086 0.855766 0.852609 0.77459 0.948106 0.971085
10626_mask.png 0.938102 0.37719 0.657646 0.547768 0.428287 0.759705 0.940338
10765_mask.png 0.799948 0.390157 0.595053 0.561313 0.394315 0.973681 0.822647
10559_mask.png 0.942448 0.764858 0.853653 0.866765 0.825465 0.912414 0.951523
10282_mask.png 0.898798 0.71527 0.807034 0.834003 0.903305 0.774577 0.919312
10199_mask.png 0.948295 0.544923 0.746609 0.705437 0.706938 0.703943 0.951309
10603_mask.png 0.898342 0.734823 0.816582 0.847145 0.954919 0.76123 0.920685
10267_mask.png 0.979872 0.821898 0.900885 0.902243 0.920813 0.884408 0.981583
10197_mask.png 0.999191 0.475248 0.737219 0.644295 0.941176 0.489796 0.999191
10575_mask.png 0.95096 0.772997 0.861978 0.871967 0.981065 0.784704 0.957977
10498_mask.png 0.906818 0.808579 0.857698 0.89416 0.935463 0.85635 0.933136
10699_mask.png 0.928038 0.877393 0.902715 0.934693 0.96005 0.910641 0.952499
10290_mask.png 0.928497 0.814205 0.871351 0.897589 0.907856 0.887552 0.945557
10397_mask.png 0.971248 0.854001 0.912625 0.921252 0.897546 0.946244 0.975388
10036_mask.png 0.967053 0.892352 0.929702 0.943114 0.996809 0.894908 0.974121
10069_mask.png 0.904184 0.919316 0.91175 0.957962 0.924809 0.99358 0.954193
10501_mask.png 0.814114 0.588359 0.701236 0.740838 0.660981 0.842644 0.853134
10136_mask.png 0.917535 0.657065 0.7873 0.793047 0.920338 0.696689 0.928787
10151_mask.png 0.976707 0.902416 0.939561 0.948705 0.933982 0.9639 0.980835
10013_mask.png 0.921098 0.875009 0.898054 0.933339 0.966991 0.901949 0.949173
10731_mask.png 0.931232 0.693884 0.812558 0.819282 0.785111 0.856561 0.940506
10527_mask.png 0.982507 0.24353 0.613019 0.391676 0.943445 0.247138 0.982605
10330_mask.png 0.9709 0.723729 0.847315 0.839725 0.976441 0.736592 0.972961
10360_mask.png 0.773326 0.67671 0.725018 0.807188 0.686134 0.980109 0.846268
10754_mask.png 0.971362 0.521682 0.746522 0.685665 0.787386 0.607219 0.972229
10404_mask.png 0.878792 0.858648 0.86872 0.923949 0.946399 0.90254 0.930191
10481_mask.png 0.966193 0.337994 0.652093 0.505225 0.983201 0.339957 0.966766
10537_mask.png 0.97521 0.554551 0.76488 0.713455 0.720264 0.706772 0.975952
10189_mask.png 0.841021 0.635856 0.738438 0.777399 0.666542 0.932486 0.875565
10624_mask.png 0.931517 0.75005 0.840784 0.857176 0.779732 0.951699 0.943192
10266_mask.png 1.0 nan 1.0 nan nan nan 1.0
10651_mask.png 0.983596 0.65892 0.821258 0.794396 0.971056 0.67212 0.9841
10385_mask.png 0.988851 0.948592 0.968721 0.973618 0.992544 0.9554 0.990753
10369_mask.png 0.974667 0.789678 0.882173 0.882481 0.996848 0.791655 0.976868
10744_mask.png 0.911516 0.734825 0.823171 0.847146 0.972641 0.750334 0.92894
10383_mask.png 0.976941 0.67212 0.82453 0.803914 0.79666 0.8113 0.977982
10685_mask.png 0.959363 0.586603 0.772983 0.739445 0.711186 0.770043 0.961578
10055_mask.png 0.966398 0.578663 0.77253 0.733105 0.955702 0.594611 0.96788
10400_mask.png 0.896017 0.714218 0.805117 0.833287 0.950633 0.741728 0.917465
10331_mask.png 0.969486 0.627424 0.798455 0.771064 0.845342 0.708785 0.970978
10020_mask.png 0.879915 0.609648 0.744782 0.757493 0.627615 0.95515 0.89888
10543_mask.png 0.952936 0.693121 0.823028 0.818749 0.849683 0.789989 0.957458
10127_mask.png 0.964088 0.657116 0.810602 0.793084 0.941964 0.684843 0.9664
10419_mask.png 0.976995 0.465847 0.721421 0.635602 0.859333 0.504304 0.977448
10544_mask.png 0.978434 0.741553 0.859994 0.8516 0.843791 0.859554 0.979691
10049_mask.png 0.997065 0.704334 0.8507 0.826521 0.951883 0.730337 0.997086
10648_mask.png 0.845666 0.655684 0.750675 0.79204 0.973259 0.667713 0.880722
10751_mask.png 0.933198 0.523147 0.728173 0.686929 0.691013 0.682893 0.937759
10046_mask.png 0.805869 0.599602 0.702735 0.749689 0.638176 0.908425 0.849594
10762_mask.png 0.990372 0.141689 0.566031 0.24821 0.141689 1.0 0.990387
10144_mask.png 0.981522 0.654562 0.818042 0.791221 0.757172 0.828475 0.982147
10570_mask.png 0.958163 0.702799 0.830481 0.825463 0.716889 0.972795 0.961929
10093_mask.png 0.931855 0.629787 0.780821 0.772846 0.702652 0.85862 0.938934
10586_mask.png 0.978432 0.774542 0.876487 0.872948 0.861964 0.884217 0.979919
10631_mask.png 0.896132 0.442316 0.669224 0.613342 0.869141 0.473874 0.904037
10600_mask.png 0.913282 0.520048 0.716665 0.684252 0.65844 0.712171 0.920731
10059_mask.png 0.885645 0.792 0.838823 0.883929 0.938223 0.835575 0.920334
10484_mask.png 0.984603 0.786162 0.885383 0.880281 0.896807 0.864353 0.985428
10393_mask.png 1.0 nan 1.0 nan nan nan 1.0
10346_mask.png 0.939287 0.889578 0.914432 0.941562 0.912854 0.972136 0.959229
10287_mask.png 0.906544 0.835531 0.871038 0.910397 0.842236 0.990563 0.93663
10591_mask.png 0.926648 0.588963 0.757806 0.741318 0.943965 0.610301 0.933624
10221_mask.png 0.863495 0.855419 0.859457 0.922076 0.953996 0.892224 0.924484
10229_mask.png 0.972496 0.973705 0.973101 0.986677 0.977765 0.995754 0.986374
10277_mask.png 0.945852 0.430695 0.688273 0.602078 0.593829 0.610559 0.947983
10108_mask.png 0.962858 0.903889 0.933373 0.949519 0.925284 0.975057 0.972473
10111_mask.png 0.910882 0.615963 0.763423 0.762348 0.639663 0.943262 0.922028
10001_mask.png 0.918656 0.709886 0.814271 0.830331 0.834343 0.826358 0.932159
10441_mask.png 0.918767 0.630327 0.774547 0.773252 0.927524 0.66298 0.92865
10185_mask.png 0.911614 0.702563 0.807089 0.825301 0.89119 0.768484 0.92688
10353_mask.png 0.986636 0.915544 0.95109 0.95591 0.925248 0.988674 0.988327
10176_mask.png 0.960072 0.634667 0.797369 0.776509 0.771226 0.781865 0.962662
10609_mask.png 0.956935 0.913888 0.935412 0.955007 0.923952 0.988222 0.970444
10135_mask.png 0.900892 0.734056 0.817474 0.846635 0.895768 0.802611 0.92218
10740_mask.png 0.979857 0.691726 0.835791 0.817775 0.845718 0.79162 0.980728
10073_mask.png 0.988903 0.94842 0.968662 0.973527 0.97404 0.973016 0.990784
10306_mask.png 0.906861 0.619581 0.763221 0.765113 0.904822 0.662776 0.919128
10220_mask.png 1.0 nan 1.0 nan nan nan 1.0
10503_mask.png 0.958036 0.809045 0.88354 0.894444 0.928136 0.863113 0.964371
10727_mask.png 0.998652 0.727554 0.863103 0.842294 0.79932 0.890152 0.998657
10435_mask.png 0.850763 0.481003 0.665883 0.649564 0.535508 0.825352 0.868896
10206_mask.png 0.919909 0.885928 0.902918 0.939514 0.955807 0.923767 0.950623
10140_mask.png 0.976725 0.481957 0.729341 0.650433 0.905476 0.50749 0.977219
10607_mask.png 0.977915 0.73209 0.855003 0.845326 0.995729 0.734397 0.979172
10076_mask.png 0.988533 0.737752 0.863143 0.849088 0.967864 0.756278 0.988892
10636_mask.png 0.969521 0.627232 0.798377 0.770919 0.829313 0.720207 0.971008
10045_mask.png 0.855033 0.683677 0.769355 0.812123 0.730198 0.914755 0.889618
10378_mask.png 0.983672 0.729266 0.856469 0.84344 0.797977 0.894396 0.98436
10662_mask.png 0.971236 0.327667 0.649452 0.493598 0.842791 0.348998 0.971634
10398_mask.png 0.97831 0.835961 0.907135 0.910652 0.857951 0.970251 0.980469
10442_mask.png 0.964559 0.589829 0.777194 0.742003 0.790547 0.699076 0.966278
10264_mask.png 0.94225 0.53264 0.737445 0.695062 0.951564 0.547484 0.945816
10676_mask.png 0.997589 0.0 0.498795 nan 0.0 nan 0.997589
10213_mask.png 0.932343 0.757616 0.844979 0.862095 0.844592 0.880339 0.944153
10700_mask.png 0.887944 0.635835 0.76189 0.777383 0.668704 0.928244 0.906281
10458_mask.png 0.95708 0.556571 0.756826 0.715124 0.833956 0.625934 0.959274
10338_mask.png 0.949312 0.534756 0.742034 0.696861 0.728153 0.668148 0.952103
10236_mask.png 0.955444 0.701693 0.828569 0.8247 0.937001 0.736437 0.959671
10557_mask.png 0.942269 0.402167 0.672218 0.573636 0.421107 0.899413 0.944427
10714_mask.png 0.804688 0.486837 0.645763 0.654863 0.506827 0.925056 0.83522
10109_mask.png 0.94921 0.525952 0.737581 0.689342 0.914944 0.55299 0.95192
10164_mask.png 0.953465 0.923975 0.93872 0.960485 0.930658 0.992288 0.970276
10128_mask.png 0.973872 0.799223 0.886548 0.888409 0.888601 0.888218 0.976334
10556_mask.png 0.937358 0.469087 0.703223 0.63861 0.959788 0.478491 0.940643
10579_mask.png 0.818246 0.494225 0.656235 0.661513 0.50682 0.952124 0.845657
10493_mask.png 0.971959 0.759784 0.865871 0.863497 0.841848 0.886288 0.974243
10183_mask.png 0.945877 0.635638 0.790757 0.777236 0.881647 0.694936 0.950546
10720_mask.png 0.960318 0.23678 0.598549 0.382897 0.921387 0.241662 0.9608
10350_mask.png 0.957662 0.627445 0.792554 0.77108 0.675965 0.897346 0.96048
10485_mask.png 0.9725 0.684005 0.828252 0.812355 0.973559 0.696952 0.974045
10245_mask.png 0.959955 0.52296 0.741458 0.686768 0.814421 0.59371 0.961639
10535_mask.png 1.0 nan 1.0 nan nan nan 1.0
10096_mask.png 0.971647 0.532468 0.752057 0.694915 0.972486 0.540612 0.972534
10158_mask.png 0.914726 0.534005 0.724366 0.696223 0.571793 0.889872 0.922318
10122_mask.png 0.865181 0.659506 0.762344 0.794822 0.833948 0.759203 0.893097
10115_mask.png 0.900539 0.711165 0.805852 0.831206 0.747016 0.936782 0.920105
10228_mask.png 0.945516 0.718873 0.832195 0.836447 0.851557 0.821864 0.952179
10473_mask.png 0.855616 0.615489 0.735552 0.761984 0.978448 0.623948 0.882721
10388_mask.png 0.971347 0.511914 0.741631 0.677174 0.712635 0.645074 0.972183
10721_mask.png 0.972875 0.935289 0.954082 0.966563 0.995416 0.939335 0.980515
10523_mask.png 0.989318 0.963816 0.976567 0.981575 0.996499 0.967091 0.991684
10548_mask.png 0.964071 0.428037 0.696054 0.599476 0.443984 0.922581 0.965012
10541_mask.png 0.799215 0.725409 0.762312 0.840854 0.960626 0.747638 0.868805
10051_mask.png 1.0 nan 1.0 nan nan nan 1.0
10190_mask.png 0.879002 0.862203 0.870602 0.926003 0.952635 0.90082 0.931137
10585_mask.png 0.988994 0.871971 0.930482 0.931607 0.949709 0.914183 0.989761
10237_mask.png 0.90947 0.891381 0.900426 0.942572 0.938455 0.946725 0.948059
10078_mask.png 1.0 nan 1.0 nan nan nan 1.0
10313_mask.png 0.999756 0.0 0.499878 nan nan 0.0 0.999756
10086_mask.png 0.933429 0.618374 0.775902 0.764192 0.823036 0.7132 0.939911
10547_mask.png 0.955267 0.820123 0.887695 0.901173 0.858756 0.947998 0.962845
10047_mask.png 0.938316 0.447712 0.693014 0.61851 0.955896 0.457155 0.941254
10113_mask.png 0.989506 0.787616 0.888561 0.881192 0.917071 0.848014 0.989899
10116_mask.png 0.970274 0.902695 0.936485 0.94886 0.960537 0.937463 0.9767
10708_mask.png 0.955585 0.566703 0.761144 0.723434 0.81274 0.651812 0.958023
10347_mask.png 0.992629 0.722157 0.857393 0.838666 0.922156 0.769039 0.992767
10365_mask.png 0.845004 0.659681 0.752343 0.794949 0.981143 0.668152 0.880814
10536_mask.png 0.968811 0.645852 0.807332 0.784824 0.675541 0.936289 0.97049
10456_mask.png 0.898841 0.2565 0.57767 0.408276 0.991031 0.257096 0.902252
10505_mask.png 0.763683 0.835852 0.799768 0.910587 0.847489 0.983837 0.892746
10634_mask.png 0.92361 0.872567 0.898088 0.931948 0.985507 0.88391 0.949844
10524_mask.png 0.922841 0.527938 0.72539 0.691047 0.665899 0.718168 0.92897
10081_mask.png 0.938411 0.542113 0.740262 0.703078 0.951303 0.557586 0.942596
10406_mask.png 0.767521 0.678761 0.723141 0.808645 0.930196 0.71519 0.844101
10680_mask.png 0.916136 0.574053 0.745095 0.729395 0.752743 0.707452 0.924652
10596_mask.png 0.899946 0.810171 0.855058 0.895132 0.979619 0.824061 0.929886
10053_mask.png 0.972699 0.538339 0.755519 0.699896 0.97025 0.547374 0.973541
10653_mask.png 0.96109 0.280023 0.620556 0.437528 0.812812 0.299326 0.96167
10463_mask.png 0.960839 0.392918 0.676879 0.564165 0.428232 0.826531 0.961807
10478_mask.png 0.96126 0.336177 0.648719 0.503192 0.405988 0.661595 0.962006
10039_mask.png 0.949221 0.538077 0.743649 0.699675 0.60237 0.834473 0.952057
10071_mask.png 0.964549 0.560063 0.762306 0.718001 0.914674 0.590938 0.96608
10542_mask.png 0.834083 0.663958 0.749021 0.798047 0.989118 0.668844 0.875046
10009_mask.png 0.942198 0.617338 0.779768 0.7634 0.642307 0.940761 0.947128
10301_mask.png 0.945612 0.506361 0.725987 0.672297 0.511748 0.979632 0.948486
10187_mask.png 0.992463 0.860355 0.926409 0.924936 0.886315 0.967077 0.992798
10705_mask.png 0.912132 0.495527 0.70383 0.662679 0.524371 0.900086 0.919113
10088_mask.png 1.0 nan 1.0 nan nan nan 1.0
10633_mask.png 0.799662 0.520779 0.66022 0.684884 0.541576 0.931325 0.83548
10709_mask.png 0.719097 0.871658 0.795377 0.931429 0.940999 0.922051 0.903397
10252_mask.png 1.0 nan 1.0 nan nan nan 1.0
10747_mask.png 0.984833 0.656472 0.820653 0.792615 0.665705 0.97931 0.98526
10337_mask.png 0.997844 0.808482 0.903163 0.8941 0.90229 0.886057 0.997864
10387_mask.png 0.916653 0.782703 0.849678 0.878108 0.977204 0.79726 0.935898
10698_mask.png 0.944367 0.647448 0.795907 0.786001 0.678695 0.93361 0.949524
10263_mask.png 0.945464 0.678632 0.812048 0.808554 0.998672 0.679245 0.951096
10324_mask.png 0.843954 0.715338 0.779646 0.834049 0.898865 0.777951 0.887909
10155_mask.png 0.895212 0.809774 0.852493 0.894889 0.940629 0.853392 0.927536
10432_mask.png 0.90509 0.964256 0.934673 0.981803 0.976949 0.986705 0.973343
10416_mask.png 0.83944 0.700372 0.769906 0.823787 0.96254 0.719997 0.883255
10101_mask.png 0.988002 0.818226 0.903114 0.900027 0.97418 0.836364 0.988617
10391_mask.png 0.855571 0.725539 0.790555 0.840942 0.757213 0.945489 0.895477
10392_mask.png 0.950512 0.670948 0.81073 0.803075 0.998172 0.671774 0.955048
10465_mask.png 0.972578 0.870707 0.921642 0.930885 0.983442 0.883661 0.976852
10292_mask.png 0.977158 0.703487 0.840323 0.825938 0.785315 0.870993 0.978333
10454_mask.png 0.872845 0.653733 0.763289 0.790615 0.882697 0.71593 0.897461
10571_mask.png 0.965433 0.796781 0.881107 0.886898 0.809899 0.980078 0.969559
10129_mask.png 0.962965 0.586442 0.774704 0.739317 0.854232 0.651654 0.964813
10137_mask.png 0.969016 0.5185 0.743758 0.682911 0.607697 0.779374 0.970016
10250_mask.png 0.99433 0.553269 0.773799 0.712393 0.80035 0.641854 0.99437
10336_mask.png 0.964777 0.544801 0.754789 0.705335 0.649277 0.771986 0.966202
10065_mask.png 0.986745 0.778549 0.882647 0.875488 0.905087 0.847763 0.987335
10764_mask.png 0.859903 0.810944 0.835424 0.895604 0.999106 0.811533 0.912491
10487_mask.png 0.997081 0.369637 0.683359 0.539759 0.369637 1.0 0.997086
10428_mask.png 0.974791 0.739042 0.856917 0.849942 0.832285 0.868363 0.976471
10515_mask.png 0.993268 0.820995 0.907131 0.9017 0.896347 0.907116 0.993469
10534_mask.png 0.918899 0.588332 0.753615 0.740817 0.768024 0.715472 0.927322
10405_mask.png 0.945228 0.72781 0.836519 0.842465 0.913376 0.781772 0.952225
10340_mask.png 0.954979 0.891629 0.923304 0.94271 0.989001 0.900559 0.967148
10188_mask.png 0.880609 0.719213 0.799911 0.836677 0.886758 0.79195 0.908569
10645_mask.png 0.880883 0.576562 0.728722 0.731417 0.933361 0.601315 0.897507
10215_mask.png 0.978235 0.590586 0.78441 0.742602 0.985672 0.5957 0.978897
10247_mask.png 0.996993 0.839537 0.918265 0.91277 0.843023 0.995098 0.99704
10511_mask.png 0.90116 0.648109 0.774634 0.786488 0.799509 0.773884 0.916382
10234_mask.png 0.869658 0.693448 0.781553 0.818978 0.903439 0.748959 0.899338
10373_mask.png 0.991089 0.866828 0.928958 0.928664 0.970294 0.890458 0.991577
10612_mask.png 0.920704 0.654141 0.787422 0.790913 0.720718 0.876256 0.931046
10644_mask.png 0.92549 0.705003 0.815247 0.826982 0.869939 0.788067 0.936752
10460_mask.png 0.907721 0.574323 0.741022 0.729613 0.730568 0.72866 0.917938
10148_mask.png 0.863692 0.599168 0.73143 0.74935 0.813508 0.694571 0.886765
10043_mask.png 0.988665 0.833333 0.910999 0.909091 0.972069 0.853777 0.989273
10372_mask.png 0.951401 0.660364 0.805883 0.795445 0.912139 0.705222 0.955597
10160_mask.png 0.917019 0.848691 0.882855 0.918154 0.972891 0.869247 0.943375
10238_mask.png 0.972391 0.86264 0.917516 0.926255 0.883254 0.973658 0.976471
10616_mask.png 0.970506 0.584136 0.777321 0.737482 0.931737 0.610253 0.97168
10715_mask.png 0.91979 0.888095 0.903943 0.940731 0.954898 0.926979 0.950989
10750_mask.png 0.93442 0.724382 0.829401 0.840164 0.832326 0.848151 0.944061
10329_mask.png 0.891138 0.776319 0.833729 0.874076 0.901978 0.847849 0.92099
10321_mask.png 0.975456 0.969616 0.972536 0.984574 0.981351 0.987817 0.986237
10311_mask.png 0.982243 0.719718 0.85098 0.837019 0.973765 0.73395 0.983017
10563_mask.png 0.862866 0.619654 0.74126 0.765168 0.83273 0.707747 0.887909
10106_mask.png 0.87531 0.668966 0.772138 0.801653 0.752768 0.857329 0.900406
10358_mask.png 0.82016 0.722134 0.771147 0.83865 0.787401 0.897035 0.877441
10005_mask.png 0.940922 0.861858 0.90139 0.925805 0.983561 0.874455 0.956833
10307_mask.png 0.918643 0.753478 0.836061 0.85941 0.906005 0.817373 0.934845
10316_mask.png 0.987744 0.807119 0.897432 0.893266 0.966153 0.830605 0.988342
10417_mask.png 0.970905 0.566336 0.76862 0.723135 0.768172 0.683087 0.97197
10044_mask.png 0.9231 0.788273 0.855687 0.881603 0.965387 0.8112 0.940216
10565_mask.png 0.913096 0.662621 0.787858 0.79708 0.850165 0.750236 0.925766
10620_mask.png 0.917801 0.338028 0.627914 0.505263 0.343035 0.958606 0.921112
10242_mask.png 0.937434 0.543541 0.740488 0.704278 0.887153 0.583912 0.941772
10753_mask.png 0.857961 0.635342 0.746652 0.777014 0.937144 0.663621 0.886139
10062_mask.png 0.975429 0.823155 0.899292 0.903001 0.85258 0.95976 0.977951
10629_mask.png 0.983976 0.894092 0.939034 0.944085 0.991116 0.901316 0.985886
10410_mask.png 0.919997 0.644869 0.782433 0.784097 0.747572 0.824375 0.930145
10172_mask.png 0.859623 0.940387 0.900005 0.969278 0.949525 0.989871 0.956329
10362_mask.png 0.908682 0.571027 0.739854 0.726947 0.938805 0.593103 0.918579
10554_mask.png 0.868492 0.632652 0.750572 0.774999 0.66316 0.932214 0.892776
10623_mask.png 0.894479 0.627687 0.761083 0.771263 0.926345 0.660659 0.910416
10149_mask.png 0.867887 0.805046 0.836466 0.891995 0.889525 0.894478 0.91452
10173_mask.png 0.890537 0.704688 0.797613 0.826765 0.990296 0.709588 0.913208
10438_mask.png 0.971682 0.4488 0.710241 0.619547 0.932449 0.463882 0.972321
10489_mask.png 0.995155 0.901745 0.94845 0.948334 0.901745 1.0 0.995361
10141_mask.png 1.0 nan 1.0 nan nan nan 1.0
10549_mask.png 0.952369 0.787169 0.869769 0.880912 0.819913 0.951716 0.959503
10276_mask.png 0.876851 0.693488 0.78517 0.819006 0.813871 0.824205 0.903687
10260_mask.png 0.691008 0.711848 0.701428 0.831672 0.963557 0.731544 0.824768
10345_mask.png 0.859593 0.555738 0.707666 0.714437 0.946356 0.573815 0.880569
10737_mask.png 0.922575 0.721893 0.822234 0.838488 0.86888 0.81015 0.935532
10707_mask.png 0.976022 0.708251 0.842137 0.829212 0.748391 0.929603 0.977341
10658_mask.png 0.865645 0.8076 0.836623 0.893561 0.888588 0.898589 0.914093
10642_mask.png 0.926665 0.612944 0.769805 0.760031 0.850249 0.687122 0.934296
10217_mask.png 0.944424 0.54021 0.742317 0.701476 0.955064 0.554298 0.94783
10133_mask.png 0.869048 0.568108 0.718578 0.724578 0.916532 0.599104 0.88829
--------------------
总mIou：0.9390249050834605
总mIou：0.7367535165098247
总mIou：0.8378892107966426
总fscore：0.8484261117149228
总recall：0.8674684034861826
总precision0.8302018786040752
总accuracy0.9479134943067413
Finish!
