文件名，Iou_1，Iou_2，mIoU，fscore，recall，precision, accuracy
20393_mask.png 0.768695 0.865937 0.817316 0.928153 0.98428 0.878081 0.907257
20572_mask.png 0.971014 0.633435 0.802224 0.775586 0.996811 0.634721 0.972397
20337_mask.png 0.85158 0.90531 0.878445 0.950302 0.978966 0.923269 0.938644
20726_mask.png 0.898517 0.606864 0.752691 0.75534 0.978395 0.615107 0.912262
20411_mask.png 0.944463 0.461979 0.703221 0.631992 0.91084 0.483861 0.946991
20233_mask.png 0.793687 0.456492 0.62509 0.626838 0.46489 0.961936 0.824158
20784_mask.png 0.747727 0.625829 0.686778 0.769858 0.970797 0.637837 0.822586
20764_mask.png 0.975167 0.206575 0.590871 0.342416 0.206575 1.0 0.975327
20125_mask.png 0.980012 0.512167 0.74609 0.677395 0.765776 0.607304 0.980423
20779_mask.png 0.999878 0.0 0.499939 nan nan 0.0 0.999878
20727_mask.png 0.942401 0.740907 0.841654 0.851173 0.865036 0.837747 0.950546
20385_mask.png 0.907777 0.816187 0.861982 0.898792 0.828438 0.982203 0.93457
20723_mask.png 0.02044 0.990492 0.505466 0.995223 0.990537 0.999954 0.990494
20795_mask.png 0.813591 0.464855 0.639223 0.634677 0.512313 0.833835 0.839569
20363_mask.png 0.654746 0.966471 0.810608 0.98295 0.975319 0.990701 0.968475
20459_mask.png 0.964249 0.97693 0.970589 0.98833 0.980668 0.996113 0.985779
20583_mask.png 0.882641 0.782064 0.832353 0.877706 0.815118 0.950705 0.917419
20654_mask.png 0.757915 0.837797 0.797856 0.91174 0.861747 0.967891 0.892426
20175_mask.png 0.903308 0.576035 0.739671 0.730993 0.867632 0.631535 0.914536
20772_mask.png 0.769195 0.853002 0.811099 0.92067 0.998271 0.854264 0.901337
20169_mask.png 0.83819 0.871158 0.854674 0.931143 0.980218 0.886748 0.922729
20131_mask.png 0.991382 0.728614 0.859998 0.843003 0.912562 0.783298 0.991577
20497_mask.png 0.997341 0.385159 0.69125 0.556122 0.385159 1.0 0.997345
20730_mask.png 1.0 nan 1.0 nan nan nan 1.0
20790_mask.png 0.993689 0.498168 0.745929 0.665037 0.51711 0.931507 0.993729
20739_mask.png 0.847712 0.447615 0.647664 0.618418 0.490863 0.835539 0.864441
20488_mask.png 0.936303 0.805753 0.871028 0.892429 0.869209 0.916923 0.949615
20051_mask.png 0.627495 0.52568 0.576588 0.689109 0.531428 0.97984 0.736343
20197_mask.png 0.992346 0.796999 0.894672 0.887033 0.951717 0.830582 0.992569
20073_mask.png 0.986473 0.800095 0.893284 0.888948 0.853448 0.927528 0.987167
20454_mask.png 0.70531 0.855014 0.780162 0.921841 0.867405 0.983567 0.892365
20219_mask.png 1.0 nan 1.0 nan nan nan 1.0
20336_mask.png 0.93473 0.6199 0.777315 0.765356 0.981781 0.627114 0.94101
20236_mask.png 0.168526 0.192752 0.180639 0.323206 1.0 0.192752 0.306259
20754_mask.png 0.849469 0.57641 0.712939 0.731294 0.825762 0.656222 0.875061
20181_mask.png 0.979132 0.821178 0.900155 0.90181 0.971356 0.841557 0.980957
20788_mask.png 0.92381 0.203189 0.563499 0.33775 0.210695 0.850817 0.925262
20308_mask.png 0.946065 0.411948 0.679006 0.583517 0.581242 0.585809 0.948029
20824_mask.png 0.756795 0.869423 0.813109 0.930151 0.870301 0.998841 0.90715
20327_mask.png 0.89702 0.898418 0.897719 0.946491 0.91963 0.974969 0.946106
20063_mask.png 0.937506 0.717336 0.827421 0.835405 0.779748 0.899619 0.94606
20234_mask.png 0.403906 0.904298 0.654102 0.949744 0.908475 0.994941 0.910126
20017_mask.png 0.486787 0.982833 0.73481 0.991342 0.984773 0.998 0.983109
20064_mask.png 0.903944 0.824785 0.864364 0.90398 1.0 0.824785 0.933853
20041_mask.png 0.987487 0.819409 0.903448 0.900742 0.844567 0.964922 0.988159
20413_mask.png 0.978915 0.493832 0.736373 0.661161 0.494201 0.998488 0.97934
20248_mask.png 0.123539 0.636875 0.380207 0.77816 0.640667 0.990792 0.654556
20646_mask.png 0.945427 0.449341 0.697384 0.620062 0.590074 0.653262 0.947754
20402_mask.png 0.977896 0.566102 0.771999 0.722944 0.887869 0.609691 0.978516
20038_mask.png 0.761666 0.829348 0.795507 0.906714 0.855305 0.964699 0.889572
20558_mask.png 0.775502 0.747744 0.761623 0.855668 0.748813 0.998094 0.865204
20213_mask.png 0.981566 0.851009 0.916287 0.919508 0.873147 0.971069 0.983322
20724_mask.png 0.817802 0.674589 0.746195 0.805677 0.747597 0.873541 0.867752
20414_mask.png 0.928092 0.984047 0.956069 0.991959 0.986443 0.997538 0.986771
20364_mask.png 0.782591 0.868409 0.8255 0.92957 0.892182 0.970229 0.910706
20602_mask.png 0.978473 0.643476 0.810975 0.783067 0.996341 0.645 0.979279
20279_mask.png 0.69694 0.974903 0.835922 0.987292 0.995189 0.979519 0.976273
20641_mask.png 0.893328 0.676459 0.784894 0.807009 0.715372 0.925573 0.912781
20191_mask.png 0.738017 0.833856 0.785937 0.909402 0.834379 0.999248 0.886826
20076_mask.png 0.930736 0.590535 0.760636 0.742561 0.839966 0.6654 0.937027
20130_mask.png 0.791222 0.859016 0.825119 0.924162 0.89134 0.959494 0.908112
20123_mask.png 0.986969 0.310877 0.648923 0.474303 0.310877 1.0 0.987045
20719_mask.png 0.868613 0.994595 0.931604 0.99729 0.998429 0.996154 0.994781
20343_mask.png 0.945242 0.410169 0.677705 0.58173 0.459041 0.793923 0.94725
20668_mask.png 0.908627 0.637883 0.773255 0.778911 0.70835 0.865086 0.921295
20686_mask.png 0.928293 0.741698 0.834995 0.851695 0.786477 0.928708 0.940536
20246_mask.png 0.968787 0.411003 0.689895 0.582569 0.558353 0.60898 0.969452
20663_mask.png 0.983961 0.717483 0.850722 0.835505 0.990347 0.722535 0.984589
20264_mask.png 0.971714 0.705663 0.838689 0.827435 0.769174 0.895246 0.973511
20012_mask.png 0.932727 0.998853 0.96579 0.999426 0.99907 0.999783 0.998871
20407_mask.png 0.768191 0.968486 0.868339 0.983991 0.970957 0.997379 0.971466
20287_mask.png 1.0 nan 1.0 nan nan nan 1.0
20610_mask.png 0.988683 0.759893 0.874288 0.863567 0.955312 0.7879 0.989075
20625_mask.png 0.863137 0.426448 0.644793 0.597916 0.470904 0.818747 0.875778
20680_mask.png 0.098318 0.122829 0.110573 0.218784 0.999864 0.122831 0.199402
20138_mask.png 0.890077 0.699172 0.794624 0.822956 0.994482 0.701895 0.912445
20320_mask.png 0.97599 0.632896 0.804443 0.775182 0.645921 0.969122 0.976944
20168_mask.png 0.974278 0.711871 0.843074 0.831687 0.904388 0.769805 0.975815
20208_mask.png 0.432131 0.944928 0.68853 0.971685 0.946961 0.997734 0.947144
20314_mask.png 0.997331 0.660156 0.828744 0.795294 0.731602 0.871134 0.997345
20648_mask.png 0.651111 0.373345 0.512228 0.543701 0.375058 0.987912 0.711151
20239_mask.png 0.984252 0.849165 0.916708 0.918431 0.850382 0.998316 0.985535
20295_mask.png 0.996127 0.743354 0.86974 0.852786 0.880145 0.827076 0.99617
20505_mask.png 0.880055 0.439076 0.659566 0.610219 0.44484 0.971335 0.89035
20776_mask.png 1.0 nan 1.0 nan nan nan 1.0
20570_mask.png 0.905625 0.857391 0.881508 0.923221 0.898262 0.949606 0.939789
20545_mask.png 0.859271 0.600409 0.72984 0.75032 0.694409 0.816022 0.883835
20753_mask.png 0.848248 0.550043 0.699145 0.709713 0.72839 0.69197 0.871994
20503_mask.png 0.904422 0.893148 0.898785 0.943558 0.995451 0.896808 0.946869
20655_mask.png 0.852372 0.413756 0.633064 0.585329 0.46416 0.79211 0.866302
20210_mask.png 0.740836 0.663824 0.70233 0.79795 0.704621 0.919776 0.828568
20357_mask.png 0.838612 0.643087 0.74085 0.782779 0.653564 0.975681 0.874969
20600_mask.png 0.460449 0.957841 0.709145 0.978466 1.0 0.957841 0.959305
20077_mask.png 0.952619 0.469845 0.711232 0.639313 0.521319 0.826345 0.954529
20591_mask.png 0.913354 0.492491 0.702923 0.659958 0.849574 0.539539 0.920074
20298_mask.png 0.995313 0.784286 0.8898 0.879103 0.807947 0.964004 0.995392
20761_mask.png 0.943527 0.364249 0.653888 0.533992 0.979495 0.367048 0.945297
20116_mask.png 0.954781 0.606981 0.780881 0.75543 0.711104 0.80565 0.957733
20221_mask.png 0.0 0.954605 0.477303 0.976775 0.954605 1.0 0.954605
20483_mask.png 0.906938 0.546019 0.726478 0.706355 0.86089 0.598856 0.916306
20361_mask.png 0.955441 0.639872 0.797656 0.780393 0.918083 0.678617 0.95871
20542_mask.png 0.977186 0.626653 0.801919 0.770481 0.936822 0.654304 0.978027
20607_mask.png 0.915192 0.732847 0.82402 0.84583 0.756236 0.959507 0.931198
20555_mask.png 0.86388 0.524049 0.693965 0.687706 0.977793 0.530361 0.881622
20135_mask.png 0.603133 0.884039 0.743586 0.938451 0.884039 1.0 0.901413
20344_mask.png 0.99268 0.757998 0.875339 0.862342 0.757998 1.0 0.992844
20217_mask.png 0.577836 0.722037 0.649937 0.838585 0.897259 0.787113 0.798645
20429_mask.png 0.95043 0.530955 0.740692 0.693625 0.991176 0.533476 0.953064
20606_mask.png 0.893655 0.747151 0.820403 0.855279 0.972024 0.763571 0.919083
20212_mask.png 0.943951 0.91625 0.9301 0.956295 0.919972 0.995604 0.965256
20714_mask.png 0.947967 0.416297 0.682132 0.587867 0.492854 0.728261 0.949829
20157_mask.png 0.764576 0.967734 0.866155 0.983603 0.973726 0.993682 0.970795
20100_mask.png 0.915921 0.410866 0.663393 0.582431 0.426156 0.919686 0.920578
20611_mask.png 0.846007 0.96129 0.903648 0.980263 0.987549 0.973084 0.968079
20101_mask.png 0.862433 0.594203 0.728318 0.745455 0.677728 0.82822 0.885498
20484_mask.png 0.960276 0.632095 0.796186 0.774581 0.767975 0.781302 0.962814
20001_mask.png 0.865453 0.9625 0.913976 0.980892 0.972762 0.989159 0.969788
20086_mask.png 1.0 nan 1.0 nan nan nan 1.0
20231_mask.png 0.86953 0.547432 0.708481 0.707536 0.605997 0.849952 0.887314
20033_mask.png 0.855643 0.647464 0.751553 0.786013 0.961765 0.66457 0.885895
20688_mask.png 0.668949 0.906066 0.787507 0.950718 0.980761 0.922461 0.921051
20608_mask.png 0.893416 0.537574 0.715495 0.69925 0.750727 0.654379 0.905167
20804_mask.png 1.0 nan 1.0 nan nan nan 1.0
20352_mask.png 0.816382 0.656852 0.736617 0.792892 0.697724 0.918121 0.864136
20485_mask.png 0.983456 0.840938 0.912197 0.913597 0.88321 0.94615 0.984787
20463_mask.png 0.822808 0.845032 0.83392 0.916008 0.846676 0.997707 0.909882
20645_mask.png 0.854548 0.699641 0.777095 0.823281 0.951193 0.725694 0.891357
20530_mask.png 1.0 nan 1.0 nan nan nan 1.0
20358_mask.png 0.984376 0.650632 0.817504 0.788343 0.847279 0.737072 0.984818
20170_mask.png 0.893015 0.518904 0.70596 0.683261 0.913747 0.54563 0.904083
20088_mask.png 0.901269 0.881206 0.891237 0.936852 0.898874 0.978181 0.943008
20025_mask.png 0.235776 0.827749 0.531763 0.905758 0.827749 1.0 0.836441
20692_mask.png 0.167148 0.559694 0.363421 0.717698 0.564901 0.983799 0.595444
20044_mask.png 0.915065 0.789911 0.852488 0.882626 0.843687 0.925334 0.935623
20787_mask.png 0.937835 0.408988 0.673411 0.580541 0.463398 0.776947 0.940399
20148_mask.png 0.0 0.988327 0.494164 0.994129 1.0 0.988327 0.988327
20550_mask.png 0.877375 0.850234 0.863804 0.919056 0.868238 0.976192 0.927704
20568_mask.png 0.831126 0.849187 0.840156 0.918443 0.897477 0.940413 0.913437
20691_mask.png 0.310043 0.723925 0.516984 0.839857 0.728385 0.991613 0.754395
20560_mask.png 0.971654 0.720806 0.84623 0.837754 0.924111 0.766158 0.973587
20813_mask.png 0.806994 0.659055 0.733024 0.794494 0.718111 0.889061 0.859436
20306_mask.png 0.750185 0.881101 0.815643 0.936793 0.897189 0.980054 0.912384
20652_mask.png 0.822182 0.907471 0.864826 0.951491 0.908084 0.999256 0.935196
20527_mask.png 0.954008 0.41212 0.683064 0.58369 0.745448 0.479616 0.955444
20247_mask.png 0.317972 0.767181 0.542577 0.868254 0.771121 0.993385 0.789978
20190_mask.png 0.506814 0.665279 0.586046 0.799 0.807754 0.790434 0.750946
20492_mask.png 0.31218 0.705024 0.508602 0.826996 0.711959 0.986372 0.739853
20465_mask.png 0.461207 0.875601 0.668404 0.933675 0.986964 0.885847 0.887573
20171_mask.png 0.800863 0.803025 0.801944 0.890753 0.807929 0.992497 0.890091
20180_mask.png 0.51137 0.852803 0.682087 0.920555 0.864048 0.98497 0.872452
20354_mask.png 0.999985 0.0 0.499992 nan 0.0 nan 0.999985
20127_mask.png 0.994009 0.610611 0.80231 0.758235 0.918675 0.645503 0.994064
20226_mask.png 0.943134 0.928842 0.935988 0.963109 0.973875 0.952578 0.967361
20750_mask.png 0.699499 0.876233 0.787866 0.934035 0.880317 0.994734 0.903915
20586_mask.png 0.867481 0.74992 0.8087 0.85709 0.816696 0.901689 0.905167
20365_mask.png 0.627391 0.356437 0.491914 0.525548 0.373277 0.887648 0.691132
20045_mask.png 0.705899 0.880852 0.793376 0.936652 0.880852 1.0 0.907349
20359_mask.png 0.848078 0.557286 0.702682 0.715714 0.622692 0.841411 0.872467
20048_mask.png 0.498253 0.631962 0.565107 0.774481 0.649514 0.958992 0.730469
20252_mask.png 0.961489 0.743012 0.852251 0.852561 0.953529 0.770929 0.965347
20785_mask.png 0.762077 0.520998 0.641537 0.685074 0.533986 0.955396 0.810989
20734_mask.png 0.351584 0.967264 0.659424 0.983359 0.999936 0.967324 0.967834
20725_mask.png 0.89095 0.808263 0.849607 0.893966 0.987512 0.81661 0.925293
20713_mask.png 0.666172 0.562371 0.614272 0.719895 0.957885 0.576629 0.766388
20422_mask.png 0.895868 0.743206 0.819537 0.852688 0.873496 0.832849 0.919983
20196_mask.png 0.915151 0.763114 0.839132 0.865643 0.809436 0.930239 0.933365
20443_mask.png 0.249836 0.814716 0.532276 0.897899 0.923566 0.873621 0.825485
20449_mask.png 0.581519 0.853546 0.717532 0.920987 0.853546 1.0 0.878311
20283_mask.png 0.946661 0.519552 0.733107 0.683823 0.648051 0.723775 0.94957
20349_mask.png 0.537155 0.630497 0.583826 0.77338 0.996005 0.632095 0.741394
20445_mask.png 0.814226 0.964546 0.889386 0.981953 0.977034 0.986922 0.969315
20537_mask.png 0.805119 0.615892 0.710505 0.762293 0.689148 0.852809 0.851517
20512_mask.png 0.916261 0.83554 0.875901 0.910403 0.892743 0.928775 0.941254
20372_mask.png 0.847728 0.683823 0.765775 0.812226 0.852507 0.77558 0.885452
20662_mask.png 0.628121 0.405523 0.516822 0.577042 0.986535 0.40778 0.703369
20722_mask.png 0.705426 0.362543 0.533985 0.532156 0.399287 0.797557 0.747696
20491_mask.png 0.984267 0.684593 0.83443 0.81277 0.946632 0.712076 0.984787
20165_mask.png 0.080611 0.960358 0.520484 0.979778 0.985606 0.974019 0.960495
20029_mask.png 0.882371 0.951119 0.916745 0.974947 0.970673 0.979259 0.964233
20134_mask.png 0.805793 0.537355 0.671574 0.699064 0.91824 0.564357 0.841537
20541_mask.png 0.689265 0.364489 0.526877 0.53425 0.390629 0.844882 0.736267
20319_mask.png 1.0 nan 1.0 nan nan nan 1.0
20773_mask.png 0.972997 0.477932 0.725464 0.646758 0.518871 0.858306 0.973648
20467_mask.png 0.75625 0.999404 0.877827 0.999702 0.999786 0.999618 0.999405
20330_mask.png 0.639525 0.966128 0.802826 0.982772 0.999297 0.966785 0.968048
20120_mask.png 0.988831 0.704027 0.846429 0.826309 0.878756 0.77977 0.98912
20107_mask.png 0.715508 0.651355 0.683431 0.788873 0.671093 0.956796 0.81424
20377_mask.png 0.735205 0.839088 0.787147 0.912504 0.853042 0.980877 0.888779
20230_mask.png 0.901609 0.45647 0.67904 0.626817 0.917293 0.476064 0.909119
20708_mask.png 0.967481 0.79147 0.879476 0.883598 0.833333 0.940316 0.971054
20539_mask.png 0.582313 0.629815 0.606064 0.772867 0.713986 0.842332 0.755829
20345_mask.png 0.665409 0.829786 0.747598 0.906976 0.833703 0.994371 0.872833
20103_mask.png 0.862756 0.74789 0.805323 0.855763 0.797963 0.92259 0.902466
20566_mask.png 0.0 0.997116 0.498558 0.998556 0.997116 1.0 0.997116
20220_mask.png 0.612903 0.998164 0.805533 0.999081 0.999939 0.998225 0.998169
20462_mask.png 0.914825 0.751846 0.833336 0.858347 0.975049 0.766594 0.932297
20501_mask.png 0.947546 0.77206 0.859803 0.87137 0.77206 1.0 0.95546
20797_mask.png 0.732361 0.366076 0.549218 0.535952 0.375171 0.937888 0.768188
20477_mask.png 0.209911 0.087045 0.148478 0.160149 0.991149 0.087112 0.265259
20431_mask.png 0.978932 0.571201 0.775066 0.727088 0.869291 0.624869 0.979507
20332_mask.png 0.994181 0.518424 0.756303 0.682845 0.518424 1.0 0.994217
20224_mask.png 0.942506 0.642558 0.792532 0.782387 0.760907 0.805115 0.947891
20442_mask.png 0.800901 0.698453 0.749677 0.822458 0.717621 0.963166 0.863739
20812_mask.png 0.802594 0.774043 0.788318 0.872632 0.829303 0.920738 0.882233
20433_mask.png 0.942871 0.511071 0.726971 0.676436 0.650864 0.704099 0.946091
20256_mask.png 0.955463 0.887657 0.92156 0.940486 0.915232 0.967173 0.967056
20438_mask.png 0.890064 0.546808 0.718436 0.707015 0.596626 0.867526 0.902939
20836_mask.png 0.929632 0.431281 0.680457 0.60265 0.482278 0.803096 0.933197
20543_mask.png 0.636246 0.848032 0.742139 0.917768 0.92617 0.909517 0.879944
20605_mask.png 0.015987 0.909704 0.462845 0.952717 1.0 0.909704 0.909836
20026_mask.png 0.915017 0.470769 0.692893 0.640167 0.709926 0.58289 0.92099
20767_mask.png 0.678486 0.987358 0.832922 0.993639 1.0 0.987358 0.987686
20557_mask.png 0.873156 0.738188 0.805672 0.849376 0.787735 0.921484 0.90657
20338_mask.png 0.971909 0.476981 0.724445 0.645887 0.539552 0.804423 0.97261
20827_mask.png 0.927405 0.637481 0.782443 0.778612 0.717366 0.851291 0.935623
20673_mask.png 0.99365 0.308333 0.650992 0.471338 0.978836 0.310403 0.993668
20039_mask.png 0.941703 0.67909 0.810397 0.808879 0.941769 0.708855 0.948105
20833_mask.png 0.871425 0.653799 0.762612 0.790663 0.657053 0.992481 0.896545
20020_mask.png 0.873643 0.515951 0.694797 0.680697 0.775573 0.606502 0.888641
20222_mask.png 0.570057 0.875835 0.722946 0.933808 0.880718 0.993709 0.893387
20387_mask.png 0.870832 0.53262 0.701726 0.695045 0.679515 0.711301 0.887405
20328_mask.png 0.740994 0.84313 0.792062 0.91489 0.980967 0.857152 0.891724
20291_mask.png 0.906535 0.448877 0.677706 0.61962 0.585797 0.657589 0.913147
20781_mask.png 0.884526 0.803161 0.843844 0.890837 0.935589 0.85017 0.921509
20237_mask.png 0.985666 0.553459 0.769563 0.712551 0.614723 0.847407 0.985916
20035_mask.png 0.851027 0.946745 0.898886 0.972644 0.959365 0.986296 0.959167
20106_mask.png 0.8383 0.916125 0.877212 0.956227 0.9243 0.990437 0.941544
20603_mask.png 0.939296 0.687277 0.813287 0.814658 0.917023 0.732852 0.946442
20014_mask.png 0.975613 0.881399 0.928506 0.936961 0.968317 0.907573 0.979355
20596_mask.png 0.13571 0.089176 0.112443 0.16375 0.967089 0.089448 0.20314
20589_mask.png 1.0 nan 1.0 nan nan nan 1.0
20612_mask.png 0.997106 0.542373 0.76974 0.703297 0.542373 1.0 0.997116
20388_mask.png 0.841344 0.463569 0.652456 0.633478 0.762815 0.541641 0.860474
20272_mask.png 0.394194 0.599357 0.496776 0.749498 0.605884 0.982344 0.682205
20706_mask.png 0.986092 0.673785 0.829939 0.805103 0.73435 0.890944 0.986481
20582_mask.png 0.908898 0.750173 0.829536 0.857256 0.993647 0.753788 0.928467
20296_mask.png 0.001678 0.963682 0.48268 0.981505 0.963682 1.0 0.963684
20019_mask.png 0.814319 0.825989 0.820154 0.904703 0.831267 0.992372 0.901306
20523_mask.png 0.878575 0.344664 0.61162 0.51264 0.361348 0.881865 0.885864
20095_mask.png 0.762708 0.589725 0.676217 0.741921 0.972462 0.599741 0.823059
20517_mask.png 0.817688 0.359014 0.588351 0.528345 0.401455 0.772519 0.834579
20136_mask.png 0.964129 0.534145 0.749137 0.696342 0.646281 0.75481 0.965546
20709_mask.png 0.8203 0.711528 0.765914 0.831454 0.716876 0.989625 0.875488
20162_mask.png 0.931691 0.652387 0.792039 0.78963 0.958553 0.671324 0.939453
20556_mask.png 0.998978 0.0 0.499489 nan nan 0.0 0.998978
20458_mask.png 0.972889 0.889302 0.931095 0.941408 0.963343 0.920449 0.977737
20154_mask.png 0.944427 0.846442 0.895434 0.916836 0.855298 0.987915 0.957458
20474_mask.png 0.858181 0.634988 0.746585 0.77675 0.765268 0.788581 0.886246
20744_mask.png 0.484536 0.9782 0.731368 0.98898 0.981011 0.99708 0.978638
20016_mask.png 0.894319 0.919326 0.906823 0.957968 1.0 0.919326 0.952057
20396_mask.png 0.846515 0.43623 0.641373 0.607466 0.439538 0.983044 0.862808
20799_mask.png nan 1.0 1.0 1.0 1.0 1.0 1.0
20707_mask.png 0.742644 0.940772 0.841708 0.969482 0.947101 0.992947 0.949417
20187_mask.png 0.870763 0.842354 0.856558 0.914432 0.909987 0.918921 0.923553
20524_mask.png 0.970942 0.843789 0.907365 0.915277 0.872351 0.962646 0.974884
20770_mask.png 0.339864 0.903397 0.621631 0.949247 0.906039 0.996783 0.907974
20091_mask.png 0.988181 0.734982 0.861582 0.847251 0.786984 0.917512 0.988556
20303_mask.png 0.918103 0.863454 0.890778 0.926724 0.876828 0.982641 0.946045
20746_mask.png 0.967033 0.466463 0.716748 0.636175 0.703448 0.580645 0.967957
20394_mask.png 0.954087 0.450028 0.702058 0.620717 0.954162 0.459973 0.95575
20494_mask.png 0.056292 0.820049 0.438171 0.901129 0.837302 0.97549 0.82196
20265_mask.png 0.923254 0.775847 0.849551 0.873777 0.789428 0.978307 0.939362
20397_mask.png 0.0 0.938904 0.469452 0.968489 0.938904 1.0 0.938904
20261_mask.png 0.985387 0.910284 0.947836 0.953035 0.924607 0.983267 0.987274
20310_mask.png 0.885504 0.710116 0.79781 0.830489 0.907224 0.765723 0.910583
20186_mask.png 0.969985 0.650469 0.810227 0.788223 0.920361 0.689264 0.971573
20624_mask.png 0.669855 0.696016 0.682935 0.820766 0.712126 0.96852 0.811981
20546_mask.png 0.0 0.929703 0.464851 0.963571 0.929703 1.0 0.929703
20434_mask.png 0.989319 0.210407 0.599863 0.347664 1.0 0.210407 0.989349
20552_mask.png 0.981867 0.419019 0.700443 0.590576 0.574728 0.607322 0.982101
20214_mask.png 0.667847 0.968006 0.817927 0.983743 0.968557 0.999413 0.96994
20050_mask.png 0.210291 0.866119 0.538205 0.928257 0.873504 0.990333 0.870728
20826_mask.png 0.945431 0.692419 0.818925 0.81826 0.891126 0.756409 0.951401
20240_mask.png 0.708402 0.722327 0.715364 0.838781 0.768513 0.92319 0.834183
20259_mask.png 0.683733 0.941256 0.812495 0.969739 0.992673 0.947841 0.947876
20355_mask.png nan 1.0 1.0 1.0 1.0 1.0 1.0
20816_mask.png 0.894591 0.667852 0.781221 0.800852 0.853579 0.754261 0.913025
20390_mask.png 0.969707 0.88157 0.925638 0.937058 0.961259 0.914045 0.975281
20699_mask.png 0.833773 0.949348 0.891561 0.974016 0.954279 0.994587 0.95961
20740_mask.png 0.751521 0.95785 0.854686 0.978471 0.97305 0.983953 0.962616
20507_mask.png 0.962005 0.654264 0.808135 0.791003 0.697114 0.914119 0.964554
20415_mask.png 0.991047 0.795307 0.893177 0.885984 0.850251 0.924853 0.991348
20763_mask.png 0.95848 0.900141 0.929311 0.947447 0.997151 0.902462 0.969788
20525_mask.png 0.80893 0.855837 0.832383 0.922319 0.863454 0.989798 0.910477
20622_mask.png 1.0 nan 1.0 nan nan nan 1.0
20650_mask.png 0.757736 0.443236 0.600486 0.614225 0.862235 0.477018 0.796906
20054_mask.png 0.991488 0.734793 0.863141 0.847125 0.734793 1.0 0.991684
20227_mask.png 0.846001 0.974397 0.910199 0.987033 0.990306 0.983781 0.977554
20112_mask.png 0.941178 0.793861 0.867519 0.885086 1.0 0.793861 0.952042
20656_mask.png 0.903984 0.936945 0.920465 0.967446 0.938497 0.998238 0.960434
20270_mask.png 0.940575 0.508375 0.724475 0.674069 0.646007 0.704681 0.944016
20004_mask.png 0.993681 0.54384 0.768761 0.704529 0.742424 0.670315 0.993729
20831_mask.png 0.909306 0.5585 0.733903 0.716714 0.740558 0.694359 0.91864
20046_mask.png 0.867618 0.636528 0.752073 0.7779 0.742341 0.817038 0.892532
20167_mask.png 0.834343 0.909501 0.871922 0.952606 0.969892 0.935926 0.937836
20780_mask.png 0.769108 0.392424 0.580766 0.563656 0.404923 0.927077 0.799072
20302_mask.png 0.95176 0.543093 0.747427 0.703902 0.708391 0.699469 0.954376
20554_mask.png 0.846087 0.767385 0.806736 0.868385 0.78499 0.971605 0.897919
20040_mask.png 0.957658 0.745306 0.851482 0.854069 0.848702 0.859505 0.962326
20752_mask.png 0.974324 0.443094 0.708709 0.614088 0.808878 0.494908 0.974838
20052_mask.png 0.992269 0.858189 0.925229 0.923683 0.888383 0.961905 0.992615
20207_mask.png 0.585313 0.770005 0.677659 0.87006 0.842739 0.899212 0.82637
20098_mask.png 0.623114 0.286137 0.454626 0.444956 0.31433 0.761353 0.672577
20070_mask.png 0.978364 0.85455 0.916457 0.921571 0.855044 0.999324 0.980804
20113_mask.png 0.811935 0.64028 0.726108 0.780696 0.687526 0.903077 0.8591
20637_mask.png 0.985996 0.433915 0.709956 0.605217 0.545455 0.679688 0.986145
20032_mask.png 0.933959 0.5773 0.755629 0.73201 0.600177 0.938062 0.939423
20657_mask.png 1.0 nan 1.0 nan nan nan 1.0
20374_mask.png 0.839249 0.494391 0.66682 0.661662 0.986043 0.497875 0.861084
20569_mask.png 0.982465 0.684705 0.833585 0.812849 0.909917 0.734494 0.983109
20629_mask.png 0.923453 0.828542 0.875998 0.906232 0.839708 0.984205 0.944122
20209_mask.png 1.0 nan 1.0 nan nan nan 1.0
20575_mask.png 0.95261 0.278277 0.615444 0.435394 0.364538 0.540441 0.953461
20243_mask.png 0.866213 0.957009 0.911611 0.978032 0.959967 0.99679 0.96637
20551_mask.png 0.808839 0.747134 0.777987 0.855268 0.829738 0.882419 0.877838
20383_mask.png 0.927257 0.633895 0.780576 0.775931 0.711471 0.853236 0.935394
20273_mask.png 0.898578 0.943003 0.92079 0.970665 0.971745 0.969588 0.962128
20042_mask.png 0.915514 0.518592 0.717053 0.682991 0.592308 0.806461 0.922562
20198_mask.png 0.987884 0.953155 0.970519 0.976016 0.981745 0.970353 0.99028
20549_mask.png 0.853788 0.544612 0.6992 0.705176 0.828365 0.613884 0.875549
20177_mask.png 0.959265 0.457431 0.708348 0.627722 0.48691 0.883117 0.960617
20617_mask.png 0.858025 0.643414 0.750719 0.783021 0.854376 0.722667 0.886978
20616_mask.png 0.992359 0.556747 0.774553 0.71527 0.99362 0.558744 0.992432
20418_mask.png 0.906161 0.697944 0.802052 0.822105 0.959888 0.718912 0.922882
20737_mask.png 0.953649 0.637174 0.795412 0.778383 0.708968 0.862865 0.957138
20614_mask.png 0.980203 0.571816 0.776009 0.727586 0.677912 0.785116 0.980713
20544_mask.png 0.9606 0.557474 0.759037 0.71587 0.565305 0.975756 0.962463
20769_mask.png 0.995437 0.694215 0.844826 0.819512 0.975327 0.706625 0.995483
20172_mask.png 0.97984 0.553206 0.766523 0.712341 0.970213 0.562764 0.980331
20370_mask.png 1.0 nan 1.0 nan nan nan 1.0
20604_mask.png 0.64338 0.389062 0.516221 0.560179 0.389062 1.0 0.709381
20697_mask.png 0.480663 0.714862 0.597762 0.833725 0.77998 0.895425 0.774399
20828_mask.png 1.0 nan 1.0 nan nan nan 1.0
20111_mask.png 0.872484 0.568941 0.720712 0.725254 0.959939 0.582778 0.890854
20257_mask.png 0.978374 0.456674 0.717524 0.62701 0.55293 0.72401 0.97876
20335_mask.png 0.990014 0.456449 0.723231 0.626797 0.893443 0.482728 0.990097
20588_mask.png 0.819764 0.577523 0.698643 0.73219 0.663746 0.816372 0.855392
20286_mask.png 1.0 nan 1.0 nan nan nan 1.0
20071_mask.png 0.808121 0.74102 0.77457 0.851248 0.818723 0.886463 0.876129
20798_mask.png 0.894316 0.542793 0.718555 0.70365 0.542793 1.0 0.906097
20147_mask.png 0.910629 0.546289 0.728459 0.706581 0.666562 0.751712 0.919312
20267_mask.png 0.909513 0.454761 0.682137 0.625204 0.461099 0.970663 0.915863
20509_mask.png 1.0 nan 1.0 nan nan nan 1.0
20189_mask.png 0.966866 0.422815 0.694841 0.594336 0.480359 0.779227 0.967651
20618_mask.png 0.829643 0.986086 0.907864 0.992994 0.987808 0.998235 0.986969
20487_mask.png 0.88155 0.425766 0.653658 0.597246 0.451335 0.882569 0.891113
20450_mask.png 0.93301 0.400742 0.666876 0.572185 0.412871 0.931698 0.935883
20519_mask.png 0.949898 0.49968 0.724789 0.666382 0.933353 0.518168 0.952286
20672_mask.png 0.846873 0.518256 0.682564 0.682699 0.60665 0.780547 0.86853
20360_mask.png 0.986289 0.43947 0.71288 0.6106 0.453776 0.933066 0.986435
20511_mask.png 0.872001 0.676701 0.774351 0.807181 0.793855 0.820963 0.899048
20671_mask.png 0.889757 0.904808 0.897283 0.950025 0.976415 0.925025 0.946167
20832_mask.png 0.926559 0.43342 0.67999 0.604736 0.725042 0.518673 0.930466
20005_mask.png 0.721313 0.90434 0.812827 0.949768 0.90434 1.0 0.923325
20693_mask.png 0.910744 0.522491 0.716618 0.686363 0.559866 0.886709 0.918686
20437_mask.png 0.995253 0.046012 0.520633 0.087977 1.0 0.046012 0.995255
20635_mask.png 0.596161 0.720074 0.658118 0.837259 0.720074 1.0 0.801926
20193_mask.png 0.975236 0.705554 0.840395 0.827361 0.767349 0.897555 0.976624
20277_mask.png 0.966058 0.627742 0.7969 0.771304 0.832864 0.718219 0.967896
20202_mask.png 0.957545 0.5 0.728773 0.666667 0.656581 0.677067 0.959274
20282_mask.png 0.897836 0.553427 0.725631 0.712524 0.984889 0.558166 0.909317
20384_mask.png 0.998194 0.614379 0.806287 0.761134 0.989474 0.618421 0.998199
20118_mask.png 0.862329 0.691471 0.7769 0.817597 1.0 0.691471 0.894791
20819_mask.png 0.842786 0.574518 0.708652 0.72977 0.621803 0.883109 0.870316
20720_mask.png 0.715382 0.946767 0.831075 0.972655 0.960357 0.985273 0.953049
20643_mask.png 0.951724 0.305537 0.628631 0.468063 0.414412 0.537673 0.952728
20232_mask.png 0.593449 0.557297 0.575373 0.715724 0.56662 0.971323 0.731079
20621_mask.png 0.95553 0.299535 0.627532 0.460988 0.334427 0.741662 0.95636
20331_mask.png 0.994093 0.647005 0.820549 0.785674 0.770582 0.80137 0.994156
20155_mask.png 0.675034 0.681167 0.678101 0.81035 0.689367 0.982836 0.808197
20002_mask.png 0.985503 0.372418 0.67896 0.542718 0.413156 0.790665 0.985626
20677_mask.png 0.861316 0.730135 0.795725 0.844021 0.829899 0.858631 0.899155
20085_mask.png 0.731671 0.897727 0.814699 0.946107 0.971943 0.92161 0.920029
20403_mask.png 0.941033 0.884779 0.912906 0.938867 0.965723 0.913465 0.959412
20137_mask.png 0.884624 0.798587 0.841605 0.888016 0.845389 0.93517 0.920837
20097_mask.png 0.971933 0.853435 0.912684 0.920922 0.975522 0.872111 0.975876
20597_mask.png 0.927738 0.571783 0.749761 0.727559 0.596134 0.933323 0.934097
20440_mask.png 0.979386 0.515218 0.747302 0.680058 0.953189 0.528593 0.979828
20562_mask.png 0.835901 0.535248 0.685574 0.697279 1.0 0.535248 0.861984
20573_mask.png 0.68238 0.530259 0.60632 0.693032 0.566006 0.893573 0.766205
20489_mask.png 0.799691 0.900409 0.85005 0.947595 0.901178 0.999054 0.928741
20811_mask.png 0.801655 0.828463 0.815059 0.906185 0.872632 0.942421 0.898697
20716_mask.png 0.355988 0.634706 0.495347 0.776539 0.638124 0.991633 0.696075
20704_mask.png 0.916325 0.471356 0.693841 0.64071 0.609022 0.675876 0.922134
20818_mask.png 0.842836 0.513978 0.678407 0.678976 0.52834 0.949766 0.865234
20096_mask.png 0.97154 0.599238 0.785389 0.749405 0.915469 0.634337 0.972702
20782_mask.png 0.972785 0.612596 0.79269 0.759764 0.720107 0.804044 0.973907
20129_mask.png 0.690754 0.519534 0.605144 0.683807 0.547397 0.91077 0.76825
20164_mask.png 0.867565 0.610949 0.739257 0.758496 0.846564 0.687024 0.890366
20703_mask.png 0.615564 0.965477 0.79052 0.982435 0.999233 0.966192 0.967285
20132_mask.png 0.809724 0.852412 0.831068 0.920327 0.929967 0.910884 0.909348
20211_mask.png 0.912932 0.530502 0.721717 0.693239 0.615627 0.793243 0.920731
20561_mask.png 0.903028 0.707863 0.805445 0.828946 0.919339 0.754736 0.921478
20721_mask.png 0.958808 0.53802 0.748414 0.699627 0.663423 0.74001 0.960693
20379_mask.png 0.915874 0.740501 0.828187 0.850905 0.787719 0.925113 0.932159
20766_mask.png 0.332063 0.367008 0.349536 0.536951 1.0 0.367008 0.518524
20090_mask.png 0.704574 0.893161 0.798868 0.943566 0.965857 0.92228 0.914856
20311_mask.png 0.912136 0.640453 0.776295 0.780825 0.74286 0.82288 0.924026
20011_mask.png 0.0 0.862411 0.431206 0.926123 0.862411 1.0 0.862411
20514_mask.png 0.928123 0.482233 0.705178 0.650684 0.623692 0.680119 0.932632
20185_mask.png 0.920643 0.865868 0.893256 0.928113 0.880813 0.980782 0.947525
20667_mask.png 0.964122 0.532395 0.748259 0.694853 0.724303 0.667705 0.96553
20630_mask.png 0.970917 0.531845 0.751381 0.694385 0.881784 0.572678 0.971848
20506_mask.png 0.978933 0.75607 0.867502 0.861093 0.948748 0.788265 0.980225
20253_mask.png 0.309925 0.670549 0.490237 0.802789 0.811348 0.794409 0.713013
20447_mask.png 0.961365 0.663135 0.81225 0.797452 0.730254 0.878271 0.964096
20037_mask.png 0.982124 0.69823 0.840177 0.822303 0.69823 1.0 0.982834
20235_mask.png 0.085345 0.983786 0.534565 0.991827 0.989426 0.994239 0.98381
20696_mask.png 0.844332 0.479134 0.661733 0.647857 0.530092 0.832894 0.863831
20495_mask.png 0.708343 0.231543 0.469943 0.376021 0.233979 0.956978 0.731903
20480_mask.png 0.835414 0.993131 0.914273 0.996554 0.998745 0.994371 0.993362
20069_mask.png 0.892156 0.935044 0.9136 0.966432 0.945827 0.987954 0.957748
20526_mask.png 0.93504 0.492267 0.713653 0.659757 0.579898 0.765123 0.938889
20464_mask.png 0.816789 0.537671 0.67723 0.699332 0.889636 0.576097 0.848969
20642_mask.png 0.960841 0.970251 0.965546 0.984901 0.992065 0.977839 0.982803
20271_mask.png 0.536443 0.722064 0.629254 0.838603 0.726297 0.991993 0.789703
20292_mask.png 0.898584 0.826143 0.862364 0.904795 0.949902 0.863778 0.931564
20229_mask.png 0.978937 0.612079 0.795508 0.759366 0.952553 0.631327 0.979614
20839_mask.png 0.985673 0.427603 0.706638 0.59905 0.479945 0.796785 0.985825
20783_mask.png 0.90387 0.839896 0.871883 0.912982 0.95298 0.876206 0.936096
20094_mask.png 0.984479 0.703894 0.844186 0.826218 0.840058 0.812827 0.985031
20747_mask.png 0.92836 0.820127 0.874244 0.901176 0.834419 0.979542 0.945999
20508_mask.png 0.915007 0.861001 0.888004 0.92531 1.0 0.861001 0.944321
20003_mask.png 0.936505 0.739031 0.837768 0.849934 0.918352 0.791003 0.946182
20417_mask.png 0.543597 0.640769 0.592183 0.781059 0.641398 0.998472 0.748413
20260_mask.png 0.925381 0.512156 0.718768 0.677385 0.674745 0.680046 0.930801
20297_mask.png 0.473646 0.977298 0.725472 0.988519 0.984179 0.992897 0.977753
20326_mask.png 0.621453 0.851017 0.736235 0.919513 0.853659 0.996376 0.880295
20516_mask.png 0.916316 0.841298 0.878807 0.91381 0.998909 0.842072 0.942032
20315_mask.png 0.835017 0.917289 0.876153 0.95686 0.917766 0.999434 0.941696
20055_mask.png 0.949391 0.509572 0.729482 0.675121 0.509969 0.998475 0.95192
20269_mask.png 0.665148 0.592005 0.628576 0.743723 0.929476 0.619848 0.774643
20348_mask.png 0.765168 0.962635 0.863901 0.980962 0.986372 0.97561 0.96669
20802_mask.png 0.991268 0.397246 0.694257 0.568613 0.700935 0.478316 0.991318
20745_mask.png 0.880574 0.634853 0.757713 0.776648 0.736904 0.820924 0.901108
20082_mask.png 0.932987 0.376422 0.654705 0.546957 0.816143 0.411299 0.935593
20280_mask.png 0.613165 0.658664 0.635914 0.79421 0.66593 0.983705 0.778503
20757_mask.png 0.114914 0.680662 0.397788 0.809993 0.680662 1.0 0.693375
20099_mask.png 0.814483 0.859297 0.83689 0.924325 0.96094 0.890398 0.913025
20792_mask.png 0.948866 0.95166 0.950263 0.975231 0.955199 0.996122 0.974518
20249_mask.png 0.968578 0.649433 0.809005 0.787462 0.916137 0.690481 0.970306
20639_mask.png 0.651017 0.509164 0.580091 0.674763 0.979751 0.514579 0.743774
20626_mask.png 1.0 nan 1.0 nan nan nan 1.0
20733_mask.png 0.860237 0.838371 0.849304 0.91208 0.94103 0.884859 0.918976
20334_mask.png 0.84743 0.785119 0.816274 0.879627 0.806942 0.966701 0.902039
20263_mask.png 0.84606 0.89233 0.869195 0.943102 0.937482 0.948789 0.932358
20749_mask.png 0.977046 0.511473 0.74426 0.676788 0.93895 0.529068 0.977585
20203_mask.png 0.949569 0.88859 0.919079 0.941009 0.941126 0.940891 0.964035
20676_mask.png 0.602911 0.482797 0.542854 0.651198 0.494407 0.953619 0.710297
20075_mask.png 0.936263 0.626263 0.781263 0.770186 0.947984 0.648549 0.942413
20659_mask.png 0.694861 0.815291 0.755076 0.898248 0.990884 0.821452 0.86998
20092_mask.png 0.684205 0.566449 0.625327 0.723227 0.879566 0.614077 0.776443
20455_mask.png 0.0 0.754501 0.377251 0.860075 0.754501 1.0 0.754501
20619_mask.png 0.803917 0.719437 0.761677 0.836829 0.895272 0.785548 0.869522
20821_mask.png 0.801685 0.84717 0.824427 0.917262 0.862868 0.978976 0.905533
20599_mask.png 0.614623 0.763827 0.689225 0.866102 0.774533 0.982226 0.828445
20059_mask.png 0.380802 0.842361 0.611581 0.914436 0.994978 0.845957 0.856293
20670_mask.png 0.953497 0.549586 0.751541 0.709333 0.577264 0.91976 0.955994
20460_mask.png 0.84982 0.92714 0.88848 0.962193 0.998886 0.9281 0.94841
20179_mask.png 0.962616 0.614923 0.788769 0.761551 0.867481 0.678676 0.964722
20748_mask.png 0.995199 0.838591 0.916895 0.91221 0.96784 0.862628 0.995316
20156_mask.png nan 1.0 1.0 1.0 1.0 1.0 1.0
20255_mask.png 0.830816 0.959168 0.894992 0.979159 0.961917 0.99703 0.965988
20371_mask.png 1.0 nan 1.0 nan nan nan 1.0
20592_mask.png 0.0 0.998184 0.499092 0.999091 0.998184 1.0 0.998184
20166_mask.png 0.956598 0.848547 0.902573 0.918069 0.953937 0.884801 0.965088
20084_mask.png 0.906465 0.683187 0.794826 0.811778 0.875169 0.75695 0.922165
20580_mask.png 0.960352 0.600846 0.780599 0.750661 0.781329 0.722309 0.962585
20496_mask.png 0.922942 0.440672 0.681807 0.611759 0.453842 0.938219 0.927353
20067_mask.png 0.969099 0.669212 0.819155 0.80183 0.720748 0.903468 0.970917
20321_mask.png 0.845473 0.66681 0.756142 0.800103 0.66681 1.0 0.881973
20423_mask.png 0.442229 0.787487 0.614858 0.881111 0.981053 0.799649 0.81813
20301_mask.png 0.784177 0.847533 0.815855 0.917475 0.899308 0.936392 0.901886
20317_mask.png 0.973399 0.552017 0.762708 0.711354 0.910284 0.583778 0.974243
20072_mask.png 0.893963 0.62383 0.758896 0.768344 0.985619 0.629561 0.909821
20515_mask.png 0.830877 0.799473 0.815175 0.888563 0.886236 0.890903 0.898987
20765_mask.png 0.887221 0.590833 0.739027 0.742797 0.590833 1.0 0.903015
20461_mask.png 0.0 0.999481 0.499741 0.999741 0.999481 1.0 0.999481
20453_mask.png 0.836045 0.821945 0.828995 0.902272 0.847736 0.964308 0.906677
20242_mask.png 0.91674 0.806019 0.86138 0.892592 0.862608 0.924736 0.938141
20060_mask.png 0.456336 0.709146 0.582741 0.829825 0.782861 0.882784 0.76622
20399_mask.png 0.817781 0.768556 0.793169 0.869134 0.774726 0.989744 0.886475
20285_mask.png 0.965201 0.246072 0.605636 0.394956 0.991914 0.246566 0.965591
20194_mask.png 0.875079 0.545338 0.710209 0.705785 0.572655 0.919565 0.891357
20711_mask.png 0.897464 0.276815 0.58714 0.433602 0.302272 0.766729 0.901337
20470_mask.png 0.933656 0.515741 0.724698 0.680513 0.769026 0.610272 0.938034
20578_mask.png 0.838085 0.637046 0.737566 0.778288 0.899188 0.686045 0.873917
20700_mask.png 0.941665 0.813151 0.877408 0.896948 0.898679 0.895223 0.953476
20715_mask.png 0.54352 0.429348 0.486434 0.60076 0.429348 1.0 0.660217
20278_mask.png 0.750164 0.478385 0.614275 0.647173 0.529976 0.830919 0.796738
20325_mask.png 0.988396 0.641482 0.814939 0.781589 0.968046 0.655359 0.988632
20145_mask.png 1.0 nan 1.0 nan nan nan 1.0
20089_mask.png 0.933451 0.670101 0.801776 0.802468 0.693504 0.952056 0.941376
20647_mask.png 0.926054 0.905746 0.9159 0.950542 0.960824 0.940477 0.956772
20675_mask.png 0.802558 0.599471 0.701014 0.749586 0.685262 0.827237 0.847595
20023_mask.png 0.0 0.722153 0.361076 0.838663 0.722153 1.0 0.722153
20439_mask.png 0.961059 0.851573 0.906316 0.919837 0.998915 0.852361 0.96817
20126_mask.png 0.814744 0.908316 0.86153 0.951956 0.958083 0.945906 0.934662
20791_mask.png 0.93997 0.635078 0.787524 0.776817 0.959746 0.652458 0.945648
20119_mask.png 0.825256 0.747323 0.786289 0.855392 0.770345 0.961547 0.884796
20815_mask.png 1.0 nan 1.0 nan nan nan 1.0
20803_mask.png 0.84134 0.520933 0.681137 0.685018 0.598795 0.800249 0.864685
20223_mask.png 0.967535 0.596982 0.782259 0.747638 0.77261 0.724229 0.969025
20731_mask.png 1.0 nan 1.0 nan nan nan 1.0
20595_mask.png 0.754679 0.932345 0.843512 0.964988 0.995493 0.936298 0.944
20007_mask.png 0.975096 0.738287 0.856691 0.849442 0.979731 0.749739 0.97673
20143_mask.png 0.9418 0.737154 0.839477 0.848692 0.860082 0.837599 0.949966
20653_mask.png 1.0 nan 1.0 nan nan nan 1.0
20307_mask.png 0.687184 0.78603 0.736607 0.880198 0.899089 0.862084 0.854446
20718_mask.png 0.782714 0.528731 0.655723 0.691726 0.529756 0.996354 0.825302
20628_mask.png 0.751537 0.945381 0.848459 0.971924 0.948602 0.996421 0.953125
20316_mask.png 0.55792 0.562005 0.559963 0.719595 0.580618 0.946038 0.717926
20184_mask.png 0.778284 0.787615 0.78295 0.881191 0.791557 0.993716 0.878326
20808_mask.png 0.954851 0.824203 0.889527 0.903631 0.879812 0.928774 0.962738
20139_mask.png 0.872465 0.730257 0.801361 0.844102 0.782762 0.915873 0.905197
20613_mask.png 0.921371 0.635398 0.778385 0.777056 0.941022 0.661751 0.930847
20251_mask.png 0.836073 0.510248 0.67316 0.675714 0.894461 0.542935 0.859985
20838_mask.png 0.960866 0.378412 0.669639 0.549055 0.840684 0.407645 0.961777
20576_mask.png 0.795027 0.751483 0.773255 0.858111 0.903383 0.81716 0.873459
20593_mask.png 0.081497 0.171245 0.126371 0.292415 0.994199 0.171416 0.228012
20694_mask.png 0.000774 0.960601 0.480687 0.979904 0.960601 1.0 0.960602
20585_mask.png 1.0 nan 1.0 nan nan nan 1.0
20584_mask.png 0.914806 0.550906 0.732856 0.710431 0.769164 0.660032 0.922867
20777_mask.png 0.691744 0.954753 0.823248 0.976853 0.957537 0.996964 0.958923
20176_mask.png 0.932328 0.535509 0.733918 0.6975 0.609249 0.815649 0.937225
20712_mask.png 0.9543 0.69125 0.822775 0.817443 0.912541 0.740295 0.958542
20520_mask.png 0.933899 0.584094 0.758997 0.737449 0.853573 0.649137 0.939514
20288_mask.png 0.98791 0.64948 0.818695 0.787497 0.833914 0.745974 0.988174
20083_mask.png 0.963893 0.655784 0.809838 0.792113 0.929075 0.690344 0.966217
20830_mask.png 0.92447 0.661222 0.792846 0.796067 0.700674 0.921528 0.934174
20499_mask.png 0.814038 0.436813 0.625425 0.60803 0.444259 0.963045 0.837479
20201_mask.png 0.639541 0.737464 0.688502 0.848897 0.991609 0.742094 0.820892
20104_mask.png 0.793898 0.332988 0.563443 0.499612 0.369672 0.770413 0.813126
20502_mask.png 0.801068 0.582481 0.691775 0.736162 0.774002 0.701849 0.844284
20241_mask.png 0.969678 0.470878 0.720278 0.640268 0.494118 0.909187 0.970474
20837_mask.png 0.817201 0.803207 0.810204 0.890865 0.979468 0.816962 0.895309
20323_mask.png 0.865328 0.938437 0.901883 0.968241 0.971903 0.964606 0.955887
20531_mask.png 0.818341 0.852399 0.83537 0.920319 0.855486 0.995786 0.911346
20500_mask.png 0.997162 0.789714 0.893438 0.882503 0.825568 0.947874 0.997192
20684_mask.png 0.771013 0.614173 0.692593 0.760975 0.69288 0.843914 0.832184
20436_mask.png 0.962129 0.808398 0.885263 0.894049 0.929196 0.861464 0.967346
20043_mask.png 0.870924 0.410317 0.64062 0.581879 0.433815 0.883382 0.881561
20658_mask.png 0.594781 0.978742 0.786762 0.989257 0.985987 0.992548 0.979385
20644_mask.png 0.693962 0.283414 0.488688 0.441657 0.285392 0.976135 0.727005
20424_mask.png 0.986578 0.616993 0.801786 0.763136 0.72466 0.805927 0.986862
20547_mask.png 0.863405 0.65274 0.758073 0.789888 0.691616 0.920712 0.891312
20598_mask.png 0.951594 0.677094 0.814344 0.807461 0.776421 0.841086 0.956055
20742_mask.png 0.89119 0.133877 0.512534 0.23614 0.133926 0.99724 0.89299
20441_mask.png nan 1.0 1.0 1.0 1.0 1.0 1.0
20262_mask.png 0.981506 0.648786 0.815146 0.786987 0.726998 0.857765 0.982117
20755_mask.png 0.854133 0.613542 0.733838 0.760491 0.759273 0.761713 0.881561
20380_mask.png 0.485979 0.961443 0.723711 0.980343 0.964892 0.996296 0.962799
20322_mask.png 0.32432 0.501475 0.412898 0.667976 1.0 0.501475 0.597733
20121_mask.png 0.687497 0.617792 0.652644 0.763747 0.644192 0.93779 0.792374
20080_mask.png 0.968107 0.849166 0.908636 0.918431 0.907074 0.930076 0.972961
20738_mask.png 0.897027 0.642386 0.769707 0.78226 0.749121 0.818465 0.913101
20695_mask.png 0.921115 0.472183 0.696649 0.641473 0.815094 0.528828 0.926315
20163_mask.png 0.894127 0.812026 0.853077 0.896263 0.866818 0.927779 0.927353
20504_mask.png 0.460877 0.679651 0.570264 0.809276 0.755124 0.871796 0.74852
20346_mask.png 0.99302 0.518558 0.755789 0.682961 0.527508 0.968317 0.993073
20183_mask.png 0.724195 0.835805 0.78 0.910559 0.856452 0.971964 0.885269
20685_mask.png 0.975967 0.940926 0.958447 0.969564 0.967522 0.971615 0.98262
20478_mask.png 0.859879 0.476839 0.668359 0.645756 0.98032 0.481448 0.875748
20015_mask.png 0.961938 0.973969 0.967954 0.986813 0.979196 0.994549 0.984299
20681_mask.png 0.987574 0.622159 0.804867 0.767075 0.72317 0.816656 0.987823
20108_mask.png 0.991954 0.664512 0.828233 0.798447 0.855241 0.748725 0.992081
20640_mask.png 0.907224 0.743795 0.82551 0.853076 0.800345 0.913246 0.92691
20416_mask.png 0.340018 0.714908 0.527463 0.833757 0.729005 0.973664 0.751419
20036_mask.png 0.654645 0.995134 0.824889 0.997561 0.998764 0.996361 0.995178
20333_mask.png 0.615791 0.976979 0.796385 0.988356 0.978295 0.998625 0.977798
20406_mask.png 1.0 nan 1.0 nan nan nan 1.0
20341_mask.png 0.648229 0.586591 0.61741 0.739435 0.603179 0.955216 0.76535
20634_mask.png 0.389978 0.903152 0.646565 0.949112 0.999982 0.903166 0.908798
20144_mask.png 0.716923 0.906183 0.811553 0.950783 0.939741 0.962087 0.924194
20188_mask.png 0.877657 0.450128 0.663892 0.620812 0.490988 0.843967 0.888794
20674_mask.png 0.923296 0.435538 0.679417 0.606794 0.953398 0.445012 0.927582
20386_mask.png 0.994907 0.739303 0.867105 0.850114 0.938632 0.776853 0.99498
20353_mask.png 0.784392 0.368002 0.576197 0.538014 0.379918 0.921467 0.808441
20294_mask.png 0.929884 0.536633 0.733259 0.698453 0.635671 0.774996 0.93515
20047_mask.png 0.985011 0.664439 0.824725 0.798394 0.897814 0.718798 0.985443
20140_mask.png 0.913989 0.546729 0.730359 0.706949 0.9856 0.551132 0.922073
20356_mask.png 0.833719 0.472642 0.653181 0.641897 0.664374 0.620891 0.855286
20577_mask.png 0.058693 0.967632 0.513162 0.98355 0.970928 0.996504 0.967697
20579_mask.png 0.689801 0.928459 0.80913 0.962903 0.928525 0.999924 0.938278
20717_mask.png 0.922522 0.922585 0.922553 0.959734 0.983464 0.937122 0.959717
20574_mask.png 0.73636 0.855978 0.796169 0.922401 0.882664 0.965884 0.897293
20456_mask.png 0.136541 0.989852 0.563196 0.9949 0.990155 0.999691 0.989868
20151_mask.png 0.808754 0.887266 0.84801 0.940266 0.999543 0.887627 0.92366
20275_mask.png 0.808596 0.970675 0.889636 0.985119 0.980291 0.989995 0.973907
20398_mask.png 0.97135 0.630699 0.801025 0.773532 0.780046 0.767127 0.972687
20633_mask.png 0.769866 0.758768 0.764317 0.86284 0.776605 0.970619 0.866501
20631_mask.png 0.931066 0.908193 0.91963 0.951888 0.956893 0.946935 0.959015
20540_mask.png 0.989821 0.575758 0.782789 0.730769 0.769165 0.696025 0.98996
20419_mask.png 0.655712 0.921751 0.788732 0.959283 0.989554 0.930809 0.9319
20013_mask.png 0.896417 0.847363 0.87189 0.917376 0.890904 0.94547 0.934235
20620_mask.png 0.910519 0.563926 0.737223 0.721167 0.662217 0.791638 0.9198
20225_mask.png 0.957649 0.555481 0.756565 0.714224 0.857143 0.612154 0.959778
20206_mask.png 0.982204 0.801749 0.891976 0.889968 0.884244 0.895765 0.983398
20817_mask.png 0.978415 0.537534 0.757974 0.699215 0.544837 0.975669 0.978943
20021_mask.png 0.721001 0.858168 0.789584 0.923671 0.94466 0.903594 0.89621
20375_mask.png 0.775085 0.290692 0.532889 0.450444 0.290692 1.0 0.794067
20133_mask.png 0.504329 0.759732 0.63203 0.863463 0.767721 0.986488 0.806931
20615_mask.png 0.649815 0.620756 0.635286 0.766008 0.621936 0.996952 0.777405
20786_mask.png 0.927593 0.402009 0.664801 0.573475 0.427728 0.869888 0.930954
20528_mask.png 0.90449 0.691875 0.798183 0.81788 0.864495 0.776034 0.921356
20159_mask.png 0.898573 0.678756 0.788665 0.808642 0.918155 0.722469 0.916473
20008_mask.png 0.917393 0.409866 0.66363 0.581426 0.525647 0.650448 0.921875
20216_mask.png 0.99149 0.859937 0.925713 0.924695 0.901135 0.949519 0.991913
20276_mask.png 0.898727 0.988349 0.943538 0.99414 0.993787 0.994494 0.989441
20389_mask.png 0.967224 0.706385 0.836805 0.827932 0.714819 0.983573 0.96962
20679_mask.png 0.500351 0.90469 0.70252 0.949961 0.91233 0.990828 0.912994
20078_mask.png 0.927079 0.590047 0.758563 0.742176 0.987782 0.594386 0.934006
20266_mask.png 0.67734 0.681218 0.679279 0.810387 0.688993 0.983707 0.809021
20829_mask.png 0.909551 0.828405 0.868978 0.90615 0.839755 0.983946 0.937042
20324_mask.png 0.787984 0.709987 0.748986 0.830401 0.730914 0.961238 0.860428
20204_mask.png 0.766893 0.474217 0.620555 0.643348 0.484159 0.958495 0.807388
20548_mask.png 0.95993 0.600226 0.780078 0.750177 0.926276 0.630339 0.962204
20425_mask.png 0.948191 0.915468 0.93183 0.955869 0.955617 0.956121 0.966812
20369_mask.png 0.824361 0.497772 0.661066 0.664683 0.552448 0.834149 0.850403
20534_mask.png 0.798638 0.806111 0.802374 0.892648 0.870265 0.916214 0.890396
20535_mask.png 0.970655 0.696121 0.833388 0.820839 0.743918 0.915502 0.972504
20238_mask.png 0.993018 0.801517 0.897267 0.889824 0.801517 1.0 0.99321
20601_mask.png 0.002777 0.928743 0.46576 0.963055 0.938424 0.989013 0.928757
20793_mask.png 0.421077 0.802631 0.611854 0.890511 0.999348 0.803052 0.827408
20768_mask.png 0.766401 0.862495 0.814448 0.926172 0.865523 0.99596 0.905243
20638_mask.png 0.885514 0.596732 0.741123 0.747441 0.621335 0.937772 0.9021
20636_mask.png 0.956459 0.501004 0.728731 0.667558 0.835108 0.556006 0.958282
20735_mask.png 0.946073 0.394895 0.670484 0.566201 0.541039 0.593817 0.947906
20421_mask.png 0.433002 0.716248 0.574625 0.834667 0.729314 0.975597 0.766785
20428_mask.png 0.895541 0.754524 0.825032 0.86009 0.96715 0.774369 0.920929
20373_mask.png 0.98273 0.49455 0.73864 0.661805 0.550556 0.829398 0.983017
20660_mask.png 0.840961 0.434219 0.63759 0.605512 0.468674 0.855206 0.858261
20760_mask.png 0.568295 0.638178 0.603237 0.779131 0.669471 0.931755 0.754913
20152_mask.png 0.964416 0.688473 0.826444 0.815498 0.800067 0.831535 0.96701
20122_mask.png 0.0 0.99968 0.49984 0.99984 0.99968 1.0 0.99968
20451_mask.png 0.987541 0.637806 0.812673 0.778854 0.908915 0.681356 0.987808
20215_mask.png 0.437002 0.860089 0.648545 0.924782 0.991653 0.866361 0.873795
20412_mask.png 0.933437 0.670922 0.80218 0.803056 0.907206 0.720357 0.941391
20473_mask.png 0.900678 0.84248 0.871579 0.914506 0.968891 0.865902 0.935135
20452_mask.png 0.980039 0.594319 0.787179 0.745546 0.734807 0.756603 0.980606
20581_mask.png 0.909807 0.709001 0.809404 0.829726 0.746145 0.934394 0.926056
20110_mask.png 0.8682 0.620177 0.744188 0.765567 0.639027 0.954598 0.891541
20312_mask.png 0.824916 0.600211 0.712563 0.750165 0.642867 0.900455 0.861359
20666_mask.png 0.875208 0.849398 0.862303 0.918567 0.90983 0.927473 0.926758
20762_mask.png 0.878947 0.934868 0.906907 0.966338 0.986669 0.946827 0.95578
20701_mask.png 0.961764 0.507155 0.734459 0.672996 0.59971 0.766687 0.963211
20794_mask.png 0.753609 0.675814 0.714711 0.80655 0.877313 0.74635 0.837219
20587_mask.png 0.847273 0.773435 0.810354 0.872245 0.897391 0.84847 0.899612
20796_mask.png 0.814501 0.638781 0.726641 0.779581 0.685526 0.90355 0.860321
20800_mask.png 0.824567 0.486961 0.655764 0.654974 0.685951 0.626675 0.849609
20340_mask.png 0.433488 0.711478 0.572483 0.83142 0.997258 0.712873 0.763657
20010_mask.png 0.572458 0.832714 0.702586 0.908722 0.852815 0.972474 0.863327
20182_mask.png 1.0 nan 1.0 nan nan nan 1.0
20835_mask.png 1.0 nan 1.0 nan nan nan 1.0
20522_mask.png 0.762795 0.382766 0.57278 0.553623 0.406049 0.869709 0.793213
20469_mask.png 0.851177 0.787744 0.81946 0.881271 0.795592 0.987632 0.904129
20028_mask.png 0.999374 0.267857 0.633616 0.422535 0.283019 0.833333 0.999374
20117_mask.png 0.943128 0.766064 0.854596 0.867538 0.899231 0.838003 0.952057
20609_mask.png 0.364315 0.976306 0.670311 0.988011 0.98162 0.994486 0.976624
20665_mask.png 0.329931 0.800905 0.565418 0.889447 0.800905 1.0 0.81868
20305_mask.png 0.955843 0.323628 0.639735 0.489001 0.963753 0.327615 0.956757
20533_mask.png 0.999496 0.0 0.499748 nan 0.0 nan 0.999496
20049_mask.png 0.828492 0.857992 0.843242 0.923569 0.899798 0.94863 0.915771
20378_mask.png 0.976378 0.502632 0.739505 0.669002 0.684588 0.65411 0.976929
20513_mask.png 0.815835 0.976832 0.896334 0.98828 0.981041 0.995627 0.978989
20124_mask.png 0.73561 0.774497 0.755054 0.87292 0.854095 0.892593 0.861435
20061_mask.png 0.892677 0.363706 0.628191 0.533408 0.371919 0.942758 0.89888
20651_mask.png 0.634204 0.826322 0.730263 0.904903 0.880644 0.930536 0.866516
20290_mask.png 0.357296 0.967502 0.662399 0.983483 0.99992 0.967577 0.968079
20408_mask.png 0.787447 0.435418 0.611433 0.606678 0.580503 0.635325 0.817383
20368_mask.png 0.888889 0.868744 0.878816 0.929762 0.963168 0.898596 0.935974
20056_mask.png 0.99226 0.522317 0.757289 0.686213 0.530888 0.970018 0.992325
20678_mask.png 0.0 0.94809 0.474045 0.973353 0.94809 1.0 0.94809
20057_mask.png 0.866062 0.780049 0.823055 0.876435 0.788176 0.986953 0.909195
20102_mask.png 0.0 0.993774 0.496887 0.996877 0.993774 1.0 0.993774
20199_mask.png 0.983918 0.710037 0.846978 0.830435 0.717215 0.9861 0.984528
20476_mask.png 0.98252 0.773613 0.878066 0.872358 0.895732 0.850173 0.983505
20710_mask.png 0.740409 0.772008 0.756209 0.871337 0.797492 0.960253 0.861847
20009_mask.png 0.806598 0.866204 0.836401 0.928306 0.882548 0.979068 0.914124
20444_mask.png 0.95944 0.469616 0.714528 0.6391 0.582266 0.708229 0.960846
20404_mask.png 0.742803 0.871097 0.80695 0.931109 0.90636 0.957247 0.906067
20395_mask.png 0.981624 0.66455 0.823087 0.798474 0.797644 0.799306 0.982269
20446_mask.png 1.0 nan 1.0 nan nan nan 1.0
20427_mask.png 0.853284 0.49459 0.673937 0.66184 0.519215 0.912499 0.871704
20153_mask.png 0.898964 0.63654 0.767752 0.777909 0.63939 0.993046 0.914154
20195_mask.png 0.664156 0.708049 0.686102 0.829073 0.997897 0.709107 0.814911
20702_mask.png 0.847666 0.363302 0.605484 0.532974 0.421981 0.723196 0.859848
20218_mask.png 0.403036 0.37201 0.387523 0.542284 0.373324 0.990627 0.55899
20034_mask.png 0.921948 0.262448 0.592198 0.415776 0.971476 0.264486 0.924057
20493_mask.png 0.823203 0.795857 0.80953 0.886326 0.851403 0.924236 0.89534
20814_mask.png 1.0 nan 1.0 nan nan nan 1.0
20105_mask.png 0.910681 0.553078 0.731879 0.712235 0.731934 0.693567 0.919571
20632_mask.png 0.888028 0.462625 0.675327 0.632596 0.504024 0.849226 0.897873
20362_mask.png 0.962655 0.528786 0.745721 0.691773 0.584868 0.8465 0.964157
20258_mask.png 0.808087 0.351753 0.57992 0.52044 0.406217 0.724025 0.826187
20289_mask.png 0.841922 0.909969 0.875945 0.952863 0.948357 0.957412 0.939148
20347_mask.png 0.937859 0.642704 0.790282 0.782495 0.961477 0.659692 0.944107
20150_mask.png 0.726696 0.720224 0.72346 0.83736 0.997604 0.721471 0.839569
20426_mask.png 0.354909 0.592251 0.47358 0.743916 0.595835 0.989945 0.666962
20682_mask.png 0.998957 0.831266 0.915111 0.907859 0.831266 1.0 0.998962
20479_mask.png 0.436595 0.955176 0.695885 0.977074 0.955311 0.999851 0.95668
20498_mask.png 0.986285 0.683237 0.834761 0.811813 0.683237 1.0 0.986679
20245_mask.png 0.781474 0.915052 0.848263 0.955642 0.96948 0.942193 0.934845
20391_mask.png 1.0 nan 1.0 nan nan nan 1.0
20481_mask.png 0.658615 0.208989 0.433802 0.345725 0.209045 0.998711 0.686859
20058_mask.png 0.779048 0.555508 0.667278 0.714246 0.774453 0.662725 0.826859
20468_mask.png 0.807179 0.709645 0.758412 0.830166 0.74519 0.937017 0.868942
20553_mask.png 0.882879 0.453395 0.668137 0.623911 0.566755 0.69389 0.89325
20567_mask.png 0.988917 0.292564 0.64074 0.452687 0.336712 0.690531 0.988968
20027_mask.png 0.0 0.977325 0.488663 0.988533 0.977325 1.0 0.977325
20466_mask.png 0.67173 0.855624 0.763677 0.922195 0.891741 0.954803 0.88855
20559_mask.png 0.986096 0.549749 0.767922 0.709468 0.936644 0.570981 0.986328
20409_mask.png 0.73572 0.549479 0.642599 0.709243 0.945882 0.567314 0.80014
20244_mask.png 0.703008 0.778292 0.74065 0.875325 0.897797 0.853952 0.854599
20664_mask.png 0.892751 0.997746 0.945249 0.998872 0.998118 0.999626 0.997787
20366_mask.png 0.824035 0.486889 0.655462 0.65491 0.503139 0.937794 0.849213
20022_mask.png 0.58482 0.686054 0.635437 0.813799 0.705141 0.962043 0.782318
20448_mask.png 0.928602 0.648738 0.78867 0.786951 0.679331 0.935089 0.93692
20759_mask.png 0.932663 0.883523 0.908093 0.93816 0.912712 0.965068 0.955429
20432_mask.png 0.475896 0.922589 0.699243 0.959736 0.924462 0.99781 0.927673
20141_mask.png 1.0 nan 1.0 nan nan nan 1.0
20590_mask.png 0.777629 0.728749 0.753189 0.843094 0.815803 0.872273 0.860794
20062_mask.png 0.999863 0.608696 0.804279 0.756757 0.875 0.666667 0.999863
20741_mask.png 0.590463 0.850799 0.720631 0.919386 0.994 0.855191 0.877213
20532_mask.png 0.925015 0.851697 0.888356 0.91991 0.874269 0.970578 0.947586
20192_mask.png 0.911728 0.629684 0.770706 0.772768 0.639907 0.975257 0.923248
20529_mask.png 0.816174 0.942643 0.879408 0.970475 0.995894 0.94632 0.954285
20563_mask.png 0.858753 0.728248 0.793501 0.842758 0.749542 0.962454 0.897537
20392_mask.png 0.959023 0.76526 0.862141 0.867022 0.930594 0.81158 0.963852
20771_mask.png 0.826304 0.913019 0.869662 0.954532 0.926085 0.984783 0.938477
20732_mask.png 0.958281 0.35388 0.65608 0.522764 0.448255 0.626981 0.959213
20536_mask.png 0.588113 0.624417 0.606265 0.768789 0.933616 0.653428 0.755524
20149_mask.png 0.056372 0.217713 0.137043 0.357577 0.99671 0.217869 0.25264
20268_mask.png 0.980103 0.761664 0.870884 0.86471 0.876314 0.853409 0.981293
20300_mask.png 0.108001 0.424659 0.26633 0.596155 1.0 0.424659 0.462128
20299_mask.png 0.974935 0.503256 0.739095 0.669554 0.586132 0.780664 0.975555
20410_mask.png 0.913087 0.545959 0.729523 0.706304 0.716216 0.696663 0.92131
20318_mask.png 0.891541 0.883563 0.887552 0.938183 0.963966 0.913743 0.940506
20006_mask.png 0.944519 0.451837 0.698178 0.622435 0.470144 0.920655 0.946945
20775_mask.png 0.981772 0.535714 0.758743 0.697674 0.794585 0.621833 0.982147
20690_mask.png 0.961151 0.555718 0.758435 0.71442 0.650182 0.792743 0.962952
20065_mask.png 1.0 nan 1.0 nan nan nan 1.0
20114_mask.png 0.757654 0.689239 0.723447 0.816035 0.705344 0.967934 0.842377
20115_mask.png 0.974748 0.768356 0.871552 0.869006 0.949213 0.801297 0.9767
20068_mask.png 0.912092 0.768272 0.840182 0.868952 0.824277 0.918748 0.931931
20079_mask.png 0.990275 0.887302 0.938789 0.940286 0.905049 0.97838 0.990967
20435_mask.png 0.709896 0.475201 0.592548 0.644253 0.475832 0.997221 0.770248
20521_mask.png 0.903497 0.486304 0.694901 0.654381 0.582749 0.74609 0.911575
20031_mask.png 0.682225 0.936624 0.809424 0.967275 0.946949 0.988492 0.944214
20661_mask.png 0.764137 0.785581 0.774859 0.879917 0.904463 0.856668 0.873474
20018_mask.png 0.929814 0.676086 0.80295 0.806744 0.905689 0.727289 0.938782
20834_mask.png 0.701598 0.778013 0.739805 0.875149 0.813669 0.946678 0.854141
20205_mask.png 0.712551 0.777544 0.745047 0.874852 0.956576 0.805992 0.856613
20128_mask.png 0.973243 0.651575 0.812409 0.789035 0.995855 0.653347 0.974518
20823_mask.png 0.954584 0.58255 0.768567 0.736217 0.73504 0.737399 0.957291
20053_mask.png 0.99327 0.579403 0.786337 0.733699 0.793149 0.68254 0.993332
20751_mask.png 0.662807 0.777841 0.720324 0.87504 0.919914 0.834341 0.845367
20822_mask.png 0.952594 0.528603 0.740599 0.691616 0.712317 0.672085 0.954987
20510_mask.png 0.956429 0.740286 0.848358 0.850764 0.753853 0.976268 0.961243
20024_mask.png 0.82247 0.715781 0.769125 0.83435 0.753246 0.935027 0.877319
20486_mask.png 0.921869 0.529206 0.725537 0.692132 0.602277 0.813499 0.928177
20482_mask.png 0.588592 0.92438 0.756486 0.960704 0.934605 0.988303 0.931763
20087_mask.png 0.815516 0.609419 0.712468 0.757316 0.615721 0.983483 0.85675
20339_mask.png 0.931178 0.594477 0.762827 0.74567 0.878199 0.647896 0.937485
20825_mask.png 0.966277 0.545863 0.75607 0.706224 0.955107 0.560237 0.96759
20623_mask.png 0.94125 0.428128 0.684689 0.599566 0.55902 0.646453 0.943726
20030_mask.png 0.863278 0.58226 0.722769 0.735985 0.70346 0.771664 0.885162
20729_mask.png 0.878201 0.365924 0.622063 0.53579 0.366173 0.998145 0.8862
20705_mask.png 0.781782 0.335122 0.558452 0.50201 0.357068 0.845023 0.803406
20158_mask.png 0.97723 0.667676 0.822453 0.800726 0.975834 0.678901 0.978226
20683_mask.png 0.9157 0.405756 0.660728 0.577278 0.56129 0.594203 0.920288
20200_mask.png 0.764357 0.271388 0.517873 0.426916 0.27493 0.954685 0.783371
20313_mask.png 0.629157 0.655847 0.642502 0.792159 0.656307 0.998932 0.782715
20789_mask.png 0.889401 0.885426 0.887414 0.939232 0.893256 0.990197 0.940369
20564_mask.png 0.955217 0.27451 0.614863 0.430769 0.329611 0.621514 0.955963
20173_mask.png 0.875912 0.683907 0.77991 0.812286 0.975183 0.696021 0.902176
20518_mask.png 0.52695 0.598954 0.562952 0.749182 0.982367 0.605463 0.722794
20420_mask.png 0.988613 0.858533 0.923573 0.923882 0.949563 0.899554 0.989349
20178_mask.png 0.994466 0.459581 0.727023 0.629744 0.938838 0.473765 0.994492
20490_mask.png 0.848653 0.697031 0.772842 0.821471 0.792787 0.852309 0.887741
20066_mask.png 0.94165 0.886113 0.913881 0.939618 0.90737 0.974243 0.959869
20471_mask.png 0.0 0.998947 0.499474 0.999473 0.998947 1.0 0.998947
20405_mask.png 0.0 0.925919 0.462959 0.961535 0.925919 1.0 0.925919
20284_mask.png 0.795404 0.38676 0.591082 0.55779 0.417642 0.839498 0.818787
20571_mask.png 0.98227 0.553417 0.767843 0.712516 0.910795 0.585133 0.982651
20472_mask.png 0.995468 0.0 0.497734 nan 0.0 nan 0.995468
20250_mask.png 0.0 0.999878 0.499939 0.999939 0.999878 1.0 0.999878
20806_mask.png 0.957561 0.578846 0.768204 0.733252 0.731767 0.734744 0.9599
20342_mask.png 0.992323 0.615623 0.803973 0.762087 0.741155 0.784236 0.992416
20293_mask.png 0.956752 0.646005 0.801378 0.784937 0.706559 0.882873 0.959915
20367_mask.png 0.49191 0.768998 0.630454 0.869417 0.784824 0.974448 0.811218
20698_mask.png 0.701267 0.961137 0.831202 0.980183 0.96488 0.99598 0.964386
20109_mask.png 0.953791 0.687436 0.820613 0.81477 0.920244 0.730988 0.958054
20146_mask.png 0.628763 0.819412 0.724088 0.900744 0.941073 0.863729 0.86171
20565_mask.png 0.648779 0.708082 0.678431 0.829096 0.725025 0.968051 0.810349
20309_mask.png 0.876945 0.573638 0.725292 0.72906 0.786765 0.679241 0.894424
20161_mask.png 0.019153 0.906844 0.462999 0.951146 1.0 0.906844 0.907013
20401_mask.png 0.994193 0.71868 0.856436 0.836316 0.739768 0.961847 0.994278
20074_mask.png 0.475032 0.602336 0.538684 0.751823 0.997732 0.603162 0.707565
20649_mask.png 0.619514 0.697246 0.65838 0.82162 0.960581 0.717783 0.797211
20228_mask.png 0.897988 0.479561 0.688775 0.648247 0.611202 0.690074 0.906754
20351_mask.png 0.761824 0.377106 0.569465 0.547679 0.408114 0.832309 0.79184
20304_mask.png 0.997564 0.937475 0.967519 0.967728 0.98339 0.952558 0.99765
20093_mask.png 0.839041 0.735246 0.787143 0.847426 0.838997 0.856025 0.888763
20382_mask.png 0.971977 0.726997 0.849487 0.84192 0.78425 0.908746 0.973923
20728_mask.png 0.838726 0.358905 0.598816 0.528227 0.368432 0.932795 0.852081
20381_mask.png 0.972332 0.770666 0.871499 0.870482 0.770666 1.0 0.974686
20627_mask.png 0.728503 0.812845 0.770674 0.896762 0.834479 0.969092 0.875412
20329_mask.png 0.98687 0.715408 0.851139 0.834097 0.715408 1.0 0.987289
20538_mask.png 0.982496 0.700706 0.841601 0.824018 0.830383 0.81775 0.983185
20669_mask.png 0.954073 0.544903 0.749488 0.705421 0.922994 0.570856 0.956467
20350_mask.png 0.816279 0.645311 0.730795 0.784424 0.876983 0.709538 0.862305
20809_mask.png 0.654599 0.840569 0.747584 0.91338 0.907521 0.919314 0.877563
20807_mask.png 0.4736 0.958169 0.715885 0.978638 0.962696 0.995116 0.959686
20756_mask.png 0.948307 0.541236 0.744772 0.70234 0.5807 0.888443 0.951279
20142_mask.png 0.844783 0.731513 0.788148 0.844941 0.820057 0.871382 0.890915
20254_mask.png 0.602454 0.967314 0.784884 0.983386 0.967609 0.999686 0.968857
20689_mask.png 0.890922 0.882524 0.886723 0.937596 0.905593 0.971944 0.940048
20687_mask.png 0.956338 0.897826 0.927082 0.946163 0.906696 0.989222 0.968445
20810_mask.png 0.963819 0.566699 0.765259 0.72343 0.673108 0.781885 0.965454
20778_mask.png 0.991386 0.640362 0.815874 0.780757 0.716353 0.857886 0.991516
20736_mask.png 0.279418 0.241281 0.26035 0.388762 0.982707 0.24231 0.413757
20174_mask.png 0.890507 0.970388 0.930447 0.984971 0.972395 0.997878 0.976135
20475_mask.png 0.804433 0.946245 0.875339 0.97238 0.972408 0.972352 0.955978
20801_mask.png 0.875137 0.819063 0.8471 0.900533 0.852123 0.954775 0.920227
20400_mask.png 0.977571 0.642188 0.80988 0.782113 0.800252 0.764777 0.978439
20376_mask.png 0.972975 0.789611 0.881293 0.882439 0.949795 0.824003 0.975464
20281_mask.png 0.816276 0.756253 0.786265 0.861212 0.991623 0.761116 0.88298
20594_mask.png 0.69909 0.714927 0.707008 0.83377 0.997064 0.716435 0.828506
20274_mask.png 0.842316 0.303364 0.57284 0.46551 0.306321 0.96916 0.852448
20457_mask.png 0.876554 0.783499 0.830026 0.878609 0.823949 0.941037 0.914673
20820_mask.png 1.0 nan 1.0 nan nan nan 1.0
20774_mask.png 0.796863 0.987129 0.891996 0.993523 0.987366 0.999756 0.987747
20805_mask.png 0.802019 0.376379 0.589199 0.546912 0.383771 0.951312 0.823151
20160_mask.png 0.864208 0.580815 0.722512 0.73483 0.998845 0.581205 0.885712
20758_mask.png 0.971021 0.407761 0.689391 0.579304 0.427191 0.899649 0.971588
20743_mask.png 0.966926 0.424061 0.695494 0.595566 0.484001 0.773969 0.967712
20430_mask.png 0.757717 0.701472 0.729594 0.824547 0.870401 0.783283 0.845612
20081_mask.png 0.714691 0.679035 0.696863 0.80884 0.72173 0.919864 0.822083
--------------------
总mIou：0.8752708082895826
总mIou：0.7711172176138013
总mIou：0.8231940129516919
总fscore：0.8707693800569265
总recall：0.8521775359259538
总precision0.8901905490469811
总accuracy0.9121758480322091
Finish!
