文件名，Iou_1，Iou_2，mIoU，fscore，recall，precision, accuracy
10034_mask.png 0.966057 0.712363 0.83921 0.832024 0.801072 0.865463 0.968689
10291_mask.png 1.0 nan 1.0 nan nan nan 1.0
10376_mask.png 0.828105 0.588551 0.708328 0.740991 0.621947 0.916395 0.86203
10192_mask.png 0.985006 0.920671 0.952838 0.958697 0.975889 0.942101 0.987228
10411_mask.png 0.85002 0.706807 0.778413 0.828221 0.843823 0.813186 0.889847
10665_mask.png 0.847046 0.56047 0.703758 0.718334 0.593694 0.909215 0.872009
10110_mask.png 0.830281 0.464775 0.647528 0.634602 0.471914 0.968477 0.852081
10349_mask.png 0.951433 0.518005 0.734719 0.682481 0.518005 1.0 0.953842
10284_mask.png 0.98154 0.762825 0.872182 0.865457 0.994046 0.766326 0.982574
10401_mask.png 0.933208 0.635891 0.78455 0.777424 0.684463 0.899606 0.940186
10193_mask.png 0.988079 0.843697 0.915888 0.915223 0.854616 0.985082 0.9888
10761_mask.png 0.981244 0.648936 0.81509 0.787097 0.977738 0.658668 0.981873
10555_mask.png 0.808226 0.578898 0.693562 0.733294 0.614821 0.908324 0.848236
10120_mask.png 0.994592 0.925926 0.960259 0.961538 0.985046 0.939126 0.994934
10066_mask.png 0.906445 0.55525 0.730847 0.714033 0.567056 0.963859 0.916229
10595_mask.png 0.92531 0.540872 0.733091 0.702033 0.773046 0.64297 0.931351
10335_mask.png 0.863696 0.756442 0.810069 0.861335 0.980335 0.768097 0.904236
10522_mask.png 0.920177 0.891518 0.905847 0.942648 0.912096 0.975317 0.951797
10468_mask.png 0.967934 0.697153 0.832543 0.821556 0.851446 0.793693 0.970139
10448_mask.png 0.963818 0.471833 0.717825 0.64115 0.679695 0.606742 0.964951
10161_mask.png 0.984573 0.882566 0.93357 0.93762 0.914082 0.962403 0.986176
10560_mask.png 0.977845 0.809531 0.893688 0.894741 1.0 0.809531 0.979752
10614_mask.png 0.94775 0.621187 0.784468 0.766336 0.691999 0.858566 0.951874
10204_mask.png 0.929334 0.765263 0.847299 0.867025 0.932234 0.810341 0.942566
10615_mask.png 0.860889 0.678185 0.769537 0.808236 0.765864 0.855572 0.892426
10521_mask.png 0.894446 0.645102 0.769774 0.78427 0.829859 0.743429 0.911438
10082_mask.png 0.958262 0.55107 0.754666 0.710567 0.849468 0.610707 0.960297
10230_mask.png 0.980379 0.631953 0.806166 0.774474 0.838634 0.719434 0.981018
10686_mask.png 0.929698 0.77551 0.852604 0.873563 0.872462 0.874667 0.943436
10368_mask.png 0.964034 0.609107 0.78657 0.757074 0.702201 0.821251 0.965942
10308_mask.png 0.881055 0.921958 0.901507 0.959395 0.947465 0.971629 0.950546
10139_mask.png 0.870111 0.666995 0.768553 0.800237 0.974433 0.678876 0.896927
10227_mask.png 0.958867 0.893701 0.926284 0.943867 0.953891 0.934051 0.969437
10643_mask.png 0.982364 0.573801 0.778083 0.729192 0.592131 0.948814 0.982773
10576_mask.png 0.910797 0.638945 0.774871 0.779702 0.946204 0.663031 0.922958
10352_mask.png 0.949209 0.804237 0.876723 0.891498 0.994288 0.80797 0.957977
10773_mask.png 0.923516 0.588637 0.756076 0.741059 0.968394 0.600167 0.931061
10684_mask.png 0.992901 0.805172 0.899037 0.892073 0.967876 0.827281 0.993103
10095_mask.png 0.901917 0.710058 0.805988 0.830449 0.883483 0.783422 0.920914
10010_mask.png 0.999465 0.75 0.874733 0.857143 1.0 0.75 0.999466
10037_mask.png 0.898821 0.659335 0.779078 0.794698 0.868847 0.73221 0.91539
10638_mask.png 0.963442 0.540692 0.752067 0.701882 0.843682 0.600889 0.964951
10746_mask.png 0.980729 0.848424 0.914577 0.917997 0.917997 0.917997 0.982605
10382_mask.png 0.97455 0.778437 0.876493 0.875417 0.964151 0.801639 0.976639
10114_mask.png 0.915928 0.71007 0.812999 0.830458 0.864426 0.799057 0.930283
10545_mask.png 0.966834 0.859881 0.913357 0.924662 0.971682 0.881983 0.972443
10384_mask.png 0.944992 0.770143 0.857567 0.870148 0.942171 0.808354 0.953552
10625_mask.png 0.983468 0.880297 0.931883 0.936338 0.966268 0.908208 0.98526
10214_mask.png 0.97558 0.607833 0.791707 0.75609 0.987195 0.612663 0.976471
10434_mask.png 0.983328 0.481196 0.732262 0.64974 0.524987 0.852263 0.983582
10326_mask.png 0.900686 0.479532 0.690109 0.648221 0.576919 0.739634 0.909012
10526_mask.png 0.955822 0.639307 0.797564 0.779972 0.94331 0.664851 0.95903
10201_mask.png 0.989122 0.878291 0.933707 0.935202 0.932369 0.938053 0.989914
10011_mask.png 0.8464 0.782832 0.814616 0.878189 0.916961 0.842563 0.901138
10156_mask.png 0.868369 0.609945 0.739157 0.757721 0.64164 0.925081 0.890839
10179_mask.png 0.977458 0.830918 0.904188 0.907652 0.988506 0.839024 0.979706
10293_mask.png 0.831612 0.639768 0.73569 0.780315 0.761316 0.800286 0.870377
10021_mask.png 0.951783 0.671012 0.811398 0.803121 0.782922 0.824389 0.9561
10711_mask.png 0.92456 0.876114 0.900337 0.933967 0.886539 0.986757 0.950806
10752_mask.png 0.906634 0.57683 0.741732 0.731633 0.980779 0.583425 0.917175
10529_mask.png 0.842527 0.612401 0.727464 0.759614 0.62895 0.958805 0.873901
10147_mask.png 0.846626 0.767341 0.806983 0.868356 0.77327 0.990106 0.898148
10289_mask.png 1.0 nan 1.0 nan nan nan 1.0
10050_mask.png 0.963497 0.68936 0.826428 0.81612 0.708454 0.962375 0.966232
10309_mask.png 0.848398 0.687324 0.767861 0.814691 0.696471 0.981251 0.886292
10184_mask.png 0.937971 0.490571 0.714271 0.658232 0.520869 0.893998 0.941467
10246_mask.png 0.982164 0.790951 0.886557 0.883275 0.792615 0.997352 0.983292
10772_mask.png 0.988002 0.769793 0.878897 0.869924 0.935257 0.813123 0.988464
10025_mask.png 0.948754 0.623266 0.78601 0.767916 0.693662 0.859973 0.952759
10278_mask.png 0.869186 0.678394 0.77379 0.808384 0.885979 0.743287 0.897476
10568_mask.png 0.87111 0.753125 0.812117 0.85918 0.957995 0.778845 0.907486
10770_mask.png 0.999449 0.844156 0.921802 0.915493 0.928571 0.902778 0.999451
10758_mask.png 0.977377 0.668226 0.822802 0.801122 0.956784 0.689023 0.978363
10469_mask.png 0.926341 0.544269 0.735305 0.704889 0.801543 0.629036 0.932297
10551_mask.png 0.748999 0.43418 0.591589 0.605475 0.440303 0.968965 0.789536
10594_mask.png 0.981038 0.971946 0.976492 0.985773 0.974278 0.997543 0.988556
10056_mask.png 0.894557 0.56997 0.732263 0.72609 0.803279 0.662435 0.907486
10691_mask.png 0.923431 0.652188 0.787809 0.789484 0.962564 0.669161 0.933044
10121_mask.png 0.997383 0.773936 0.885659 0.872564 0.912226 0.836207 0.997406
10768_mask.png 0.913347 0.575439 0.744393 0.730512 0.756092 0.706606 0.922455
10123_mask.png 0.828038 0.747421 0.78773 0.855456 0.879577 0.832624 0.886032
10058_mask.png 0.939682 0.674963 0.807322 0.805944 0.882424 0.741663 0.946396
10014_mask.png 1.0 nan 1.0 nan nan nan 1.0
10606_mask.png 0.98093 0.561309 0.771119 0.719023 0.960615 0.574531 0.981384
10068_mask.png 0.916627 0.647238 0.781933 0.785847 0.962475 0.663994 0.927689
10499_mask.png 0.970007 0.892723 0.931365 0.943321 0.999771 0.892906 0.975998
10409_mask.png 0.992936 0.982405 0.987671 0.991124 0.994848 0.987429 0.994934
10760_mask.png 0.926647 0.423971 0.675309 0.595477 0.437565 0.931724 0.930405
10719_mask.png 0.959774 0.584651 0.772212 0.737893 0.658788 0.838586 0.961929
10191_mask.png 0.929153 0.499885 0.714519 0.666564 0.519851 0.928648 0.933838
10496_mask.png 0.961918 0.281624 0.621771 0.43948 0.281707 0.998964 0.962479
10166_mask.png 0.98079 0.707726 0.844258 0.828852 0.816195 0.841908 0.981644
10669_mask.png 0.952571 0.92003 0.9363 0.95835 0.999784 0.920213 0.969315
10430_mask.png 1.0 nan 1.0 nan nan nan 1.0
10742_mask.png 0.961008 0.649765 0.805386 0.787706 0.960878 0.667421 0.963638
10728_mask.png 0.460311 0.684387 0.572349 0.812624 0.760322 0.872654 0.751328
10455_mask.png 0.834151 0.458435 0.646293 0.628667 0.632735 0.624652 0.854568
10528_mask.png 0.924945 0.580493 0.752719 0.734572 0.803283 0.67669 0.932007
10355_mask.png 0.880437 0.571773 0.726105 0.727551 0.748776 0.707497 0.896896
10608_mask.png 0.934483 0.456246 0.695364 0.626606 0.943631 0.469029 0.937897
10672_mask.png 0.990842 0.807398 0.89912 0.893437 0.873153 0.914685 0.99118
10072_mask.png 0.963048 0.637321 0.800184 0.778492 0.680866 0.908801 0.965302
10270_mask.png 0.874789 0.511712 0.69325 0.676997 0.524167 0.955625 0.889313
10325_mask.png 0.900527 0.744014 0.822271 0.85322 0.962919 0.76596 0.922836
10094_mask.png 0.909285 0.685405 0.797345 0.813341 0.963303 0.703781 0.924255
10396_mask.png 1.0 nan 1.0 nan nan nan 1.0
10641_mask.png 0.966087 0.464534 0.71531 0.634378 0.537755 0.773328 0.967056
10075_mask.png 0.926303 0.719796 0.823049 0.837071 0.951999 0.746903 0.938034
10168_mask.png 0.985787 0.928669 0.957228 0.963015 0.947763 0.978766 0.988007
10261_mask.png 0.998363 0.608059 0.803211 0.756264 0.83 0.694561 0.998367
10165_mask.png 0.997925 0.877402 0.937663 0.934698 0.913333 0.957086 0.997955
10074_mask.png 0.713181 0.552727 0.632954 0.711943 0.693434 0.731468 0.788239
10436_mask.png 0.93172 0.547762 0.739741 0.707812 0.684722 0.732514 0.936935
10426_mask.png 0.993131 0.802079 0.897605 0.890171 0.850911 0.933228 0.993317
10519_mask.png 0.99503 0.951127 0.973078 0.974952 0.998445 0.952538 0.995468
10683_mask.png 0.912886 0.667283 0.790084 0.800443 0.77437 0.828333 0.925842
10717_mask.png 0.980048 0.950388 0.965218 0.974563 0.976506 0.972628 0.985565
10695_mask.png 0.906403 0.850927 0.878665 0.91946 0.876046 0.967401 0.938995
10328_mask.png 0.897499 0.814664 0.856081 0.897867 0.879803 0.916689 0.929337
10466_mask.png 0.862782 0.545749 0.704266 0.706129 0.579253 0.904172 0.882202
10257_mask.png 1.0 nan 1.0 nan nan nan 1.0
10679_mask.png 0.939864 0.657622 0.798743 0.793452 0.84878 0.744896 0.946091
10364_mask.png 0.967864 0.968054 0.967959 0.983768 0.991779 0.975884 0.983719
10710_mask.png 0.849442 0.531811 0.690626 0.694356 0.562438 0.907118 0.871429
10145_mask.png 0.909906 0.751153 0.830529 0.857895 0.968415 0.770017 0.929169
10572_mask.png 0.842502 0.703386 0.772944 0.825868 0.992813 0.706986 0.88533
10015_mask.png 0.932127 0.612595 0.772361 0.759763 0.866812 0.676248 0.938705
10126_mask.png 0.918668 0.846811 0.88274 0.917052 0.947422 0.888568 0.943893
10379_mask.png 0.925808 0.616064 0.770936 0.762426 0.641812 0.938863 0.933701
10495_mask.png 0.891869 0.778253 0.835061 0.8753 0.875534 0.875067 0.921616
10153_mask.png 0.938896 0.685956 0.812426 0.813729 0.847836 0.782261 0.946091
10380_mask.png 0.956405 0.826412 0.891409 0.904957 0.979223 0.841162 0.963898
10605_mask.png 0.962866 0.539858 0.751362 0.701179 0.845488 0.598949 0.964417
10673_mask.png 0.95441 0.975615 0.965013 0.987657 0.977214 0.998325 0.983856
10274_mask.png 0.875191 0.973447 0.924319 0.986545 0.997237 0.97608 0.977615
10739_mask.png 0.985504 0.668582 0.827043 0.801377 0.822438 0.781368 0.985916
10224_mask.png 0.991122 0.821349 0.906235 0.901913 0.824246 0.995738 0.99147
10659_mask.png 0.946822 0.798333 0.872577 0.887859 0.892273 0.883488 0.95607
10232_mask.png 0.957591 0.765694 0.861643 0.867301 0.900644 0.836339 0.962753
10341_mask.png 0.96035 0.452567 0.706459 0.623128 0.517027 0.784018 0.961609
10723_mask.png 0.966512 0.757328 0.86192 0.861908 0.966038 0.778043 0.969681
10255_mask.png 0.841983 0.810774 0.826379 0.8955 0.983423 0.822009 0.905777
10756_mask.png 0.99852 0.0 0.49926 nan 0.0 nan 0.99852
10730_mask.png 0.898463 0.932051 0.915257 0.964831 1.0 0.932051 0.957565
10344_mask.png 0.94168 0.843496 0.892588 0.915105 0.972995 0.863717 0.955627
10366_mask.png 0.901777 0.639205 0.770491 0.779896 0.843449 0.72525 0.916336
10018_mask.png 0.996781 0.586614 0.791698 0.739454 0.766067 0.714628 0.996796
10241_mask.png 0.904792 0.636802 0.770797 0.778105 0.710173 0.860407 0.918411
10371_mask.png 0.87253 0.647665 0.760098 0.786161 0.872196 0.715576 0.896729
10240_mask.png 0.981826 0.542027 0.761926 0.703006 0.943267 0.560292 0.982208
10564_mask.png 0.987868 0.852404 0.920136 0.920322 0.962971 0.88129 0.988663
10743_mask.png 0.933362 0.731551 0.832457 0.844966 0.877887 0.814425 0.943604
10492_mask.png 0.996921 0.956381 0.976651 0.977704 0.988314 0.96732 0.997116
10033_mask.png 0.835501 0.668632 0.752066 0.801413 0.996279 0.670306 0.876495
10080_mask.png 0.92945 0.728378 0.828914 0.842846 0.946785 0.75947 0.940674
10322_mask.png 0.974132 0.67988 0.827006 0.809439 0.778513 0.842924 0.975479
10092_mask.png 0.816499 0.619447 0.717973 0.76501 0.886699 0.672692 0.858704
10064_mask.png 0.970914 0.881548 0.926231 0.937046 0.998887 0.882415 0.976089
10087_mask.png 0.94774 0.712021 0.82988 0.83179 0.905021 0.769523 0.95372
10375_mask.png 0.961509 0.568088 0.764798 0.724561 0.601753 0.910349 0.963364
10446_mask.png 0.976754 0.845096 0.910925 0.916046 0.856877 0.983991 0.97937
10771_mask.png 1.0 nan 1.0 nan nan nan 1.0
10637_mask.png 0.985361 0.83324 0.9093 0.909035 0.865865 0.956736 0.986359
10530_mask.png 0.932086 0.67754 0.804813 0.807778 0.778909 0.838868 0.940567
10682_mask.png 0.981648 0.873922 0.927785 0.93272 0.995156 0.877655 0.983719
10100_mask.png 0.928625 0.926866 0.927745 0.962045 0.94207 0.982885 0.962524
10359_mask.png 1.0 nan 1.0 nan nan nan 1.0
10035_mask.png 0.976463 0.540416 0.75844 0.70165 0.582508 0.882059 0.977097
10766_mask.png 1.0 nan 1.0 nan nan nan 1.0
10239_mask.png 0.629626 0.700398 0.665012 0.823805 0.835908 0.812048 0.801498
10200_mask.png 0.850188 0.941859 0.896024 0.970059 1.0 0.941859 0.956284
10667_mask.png 0.9067 0.655408 0.781054 0.791839 0.734513 0.85887 0.920761
10004_mask.png 0.945446 0.72887 0.837158 0.843175 0.925983 0.773961 0.952423
10253_mask.png 0.979516 0.554913 0.767215 0.713755 0.566863 0.9634 0.980026
10639_mask.png 0.987451 0.906719 0.947085 0.951078 0.946467 0.955734 0.988815
10486_mask.png 0.897073 0.650235 0.773654 0.788051 0.964803 0.666034 0.913605
10281_mask.png 0.993618 0.75939 0.876504 0.863242 0.762073 0.995385 0.993744
10619_mask.png 0.795657 0.456064 0.62586 0.626434 0.470017 0.938883 0.825546
10504_mask.png 0.951582 0.511564 0.731573 0.676867 0.950706 0.525503 0.953918
10561_mask.png 0.83783 0.40713 0.62248 0.578667 0.417589 0.942046 0.85408
10180_mask.png 0.942472 0.775877 0.859175 0.873796 0.99207 0.780719 0.952026
10125_mask.png 0.938535 0.860015 0.899275 0.92474 0.982176 0.87365 0.955383
10712_mask.png 0.968995 0.549056 0.759026 0.708891 0.55198 0.990445 0.970123
10394_mask.png 0.961514 0.8642 0.912857 0.927154 0.99969 0.864432 0.969086
10674_mask.png 0.972395 0.574842 0.773618 0.730031 0.591422 0.953498 0.973389
10443_mask.png 0.874795 0.667039 0.770917 0.800268 0.902486 0.718849 0.899902
10060_mask.png 0.985406 0.816809 0.901108 0.899169 0.817143 0.999501 0.986298
10729_mask.png 1.0 nan 1.0 nan nan nan 1.0
10415_mask.png 0.989782 0.951904 0.970843 0.975359 0.992617 0.958692 0.991501
10251_mask.png 0.943194 0.686488 0.814841 0.814104 0.737388 0.908635 0.949478
10386_mask.png 0.901495 0.766684 0.834089 0.867936 0.957405 0.793759 0.925583
10508_mask.png 0.900591 0.403732 0.652161 0.575226 0.436569 0.842953 0.90686
10748_mask.png 0.819269 0.890729 0.854999 0.942207 0.998414 0.891991 0.926926
10471_mask.png 0.949315 0.545771 0.747543 0.706147 0.672867 0.742891 0.952225
10452_mask.png 0.995966 0.566007 0.780986 0.722866 0.955432 0.581356 0.995987
10023_mask.png 0.929245 0.658179 0.793712 0.793858 0.83268 0.758494 0.937729
10451_mask.png 0.869997 0.550177 0.710087 0.709825 0.807744 0.63308 0.887833
10296_mask.png 0.958937 0.584721 0.771829 0.737948 0.719855 0.756974 0.961182
10342_mask.png 0.955204 0.548931 0.752067 0.708787 0.580038 0.910998 0.95752
10357_mask.png 0.930396 0.6584 0.794398 0.794018 0.840781 0.752183 0.938629
10652_mask.png 0.987091 0.0 0.493546 nan 0.0 nan 0.987091
10170_mask.png 0.952026 0.640962 0.796494 0.781203 0.808571 0.755627 0.955811
10354_mask.png 1.0 nan 1.0 nan nan nan 1.0
10295_mask.png 0.802434 0.515599 0.659016 0.68039 0.973331 0.522987 0.836761
10052_mask.png 0.962197 0.685361 0.823779 0.81331 0.687061 0.996403 0.965073
10408_mask.png 1.0 nan 1.0 nan nan nan 1.0
10279_mask.png 1.0 nan 1.0 nan nan nan 1.0
10370_mask.png 0.927743 0.567054 0.747399 0.72372 0.667767 0.789907 0.93399
10660_mask.png 0.998108 0.0 0.499054 nan 0.0 nan 0.998108
10294_mask.png 0.986707 0.651925 0.819316 0.789291 0.651925 1.0 0.98703
10749_mask.png 0.95909 0.54471 0.7519 0.705258 0.982017 0.550198 0.960999
10584_mask.png 0.938877 0.642673 0.790775 0.782472 0.670835 0.938684 0.944931
10285_mask.png 0.996114 0.947485 0.971799 0.973034 0.992144 0.954647 0.996368
10381_mask.png 0.984998 0.723553 0.854276 0.839607 0.952308 0.750758 0.985565
10235_mask.png 0.917184 0.752653 0.834919 0.858873 0.961303 0.776169 0.933853
10566_mask.png 0.94673 0.935602 0.941166 0.96673 0.95792 0.975703 0.969971
10178_mask.png 0.945476 0.586254 0.765865 0.739168 0.624668 0.905065 0.949387
10103_mask.png 0.993125 0.913651 0.953388 0.954878 0.950385 0.959413 0.993591
10599_mask.png 0.887344 0.462337 0.67484 0.632326 0.956536 0.472258 0.897293
10423_mask.png 1.0 nan 1.0 nan nan nan 1.0
10195_mask.png 0.926335 0.94971 0.938023 0.974206 0.969266 0.979198 0.969193
10205_mask.png 0.86156 0.467378 0.664469 0.637024 0.497896 0.88406 0.876556
10675_mask.png 0.959756 0.394582 0.677169 0.565878 0.418541 0.873306 0.960785
10755_mask.png 0.948206 0.575084 0.761645 0.730226 0.945595 0.594763 0.951599
10429_mask.png 1.0 nan 1.0 nan nan nan 1.0
10513_mask.png 0.947936 0.732653 0.840295 0.845701 0.937342 0.770382 0.954437
10098_mask.png 0.990078 0.979089 0.984583 0.989434 0.999952 0.979135 0.993225
10007_mask.png 0.975752 0.928398 0.952075 0.96287 0.933651 0.993976 0.981552
10525_mask.png 0.818852 0.795798 0.807325 0.886289 0.962726 0.821097 0.893814
10604_mask.png 0.899507 0.647145 0.773326 0.785778 0.887951 0.704691 0.915146
10275_mask.png 0.8652 0.639069 0.752134 0.779795 0.782355 0.777251 0.891174
10589_mask.png 0.925606 0.78665 0.856128 0.880587 0.951312 0.81965 0.94162
10327_mask.png 0.959372 0.787048 0.87321 0.880836 0.89742 0.864854 0.964676
10630_mask.png 0.996619 0.82982 0.91322 0.906997 0.99906 0.830469 0.996674
10552_mask.png 0.891692 0.490448 0.69107 0.658121 0.970205 0.497948 0.901917
10280_mask.png 0.925434 0.555622 0.740528 0.71434 0.702136 0.726977 0.931793
10476_mask.png 0.929946 0.813038 0.871492 0.896879 0.983167 0.824515 0.946304
10273_mask.png 0.993063 0.343478 0.66827 0.511327 0.343478 1.0 0.993088
10745_mask.png 0.962724 0.619779 0.791251 0.765263 0.928289 0.650945 0.964859
10688_mask.png 0.913664 0.505045 0.709355 0.671136 0.663001 0.679472 0.920654
10597_mask.png 0.997464 0.926851 0.962158 0.962037 0.986938 0.938362 0.997543
10567_mask.png 0.971932 0.82231 0.897121 0.902492 0.976666 0.838789 0.975159
10248_mask.png 0.963469 0.344404 0.653937 0.512352 0.932729 0.353177 0.964157
10212_mask.png 0.94142 0.849698 0.895559 0.918742 0.997431 0.851562 0.955994
10297_mask.png 0.934394 0.512662 0.723528 0.677828 0.55474 0.871114 0.938629
10225_mask.png 0.866849 0.645062 0.755955 0.78424 0.733513 0.842505 0.892792
10450_mask.png 0.951455 0.679947 0.815701 0.809486 0.782403 0.838511 0.955994
10654_mask.png 0.846119 0.658514 0.752316 0.794101 0.98684 0.664348 0.881332
10097_mask.png 0.963881 0.576894 0.770388 0.731684 0.991618 0.579721 0.965576
10198_mask.png 0.951165 0.533764 0.742464 0.696018 0.533764 1.0 0.953751
10057_mask.png 0.967339 0.821975 0.894657 0.90229 0.863463 0.944774 0.971619
10031_mask.png 0.944847 0.437246 0.691046 0.60845 0.465675 0.877485 0.947113
10390_mask.png 0.96067 0.494604 0.727637 0.661853 0.951803 0.50731 0.962128
10500_mask.png 0.891573 0.309174 0.600374 0.47232 0.317925 0.918256 0.896591
10041_mask.png 0.989218 0.585714 0.787466 0.738739 0.922212 0.616155 0.98938
10425_mask.png 0.956413 0.94495 0.950681 0.971696 0.989662 0.954371 0.975067
10196_mask.png 0.84781 0.510436 0.679123 0.675879 0.532167 0.925926 0.868652
10154_mask.png 0.968977 0.468439 0.718708 0.63801 0.955616 0.478858 0.969803
10223_mask.png 0.989678 0.679264 0.834471 0.809002 0.712398 0.935915 0.989899
10640_mask.png 0.921885 0.149545 0.535715 0.260182 0.1512 0.931794 0.922943
10016_mask.png 0.803505 0.826074 0.814789 0.904754 0.96767 0.849521 0.898361
10048_mask.png 0.938992 0.550725 0.744859 0.71028 0.590215 0.89167 0.943237
10090_mask.png 0.988503 0.940849 0.964676 0.969523 0.996852 0.943653 0.99028
10512_mask.png 0.892941 0.895242 0.894092 0.944726 0.90291 0.990604 0.944092
10124_mask.png 0.98311 0.879937 0.931523 0.936134 0.981776 0.894548 0.98497
10477_mask.png 0.908125 0.526024 0.717074 0.689404 0.917953 0.551975 0.916626
10339_mask.png 0.953264 0.450242 0.701753 0.62092 0.951181 0.460893 0.954987
10363_mask.png 0.994009 0.957426 0.975718 0.97825 0.970079 0.98656 0.99472
10601_mask.png 0.721442 0.626385 0.673914 0.770279 0.946726 0.64927 0.81012
10112_mask.png 0.867378 0.794463 0.83092 0.88546 0.853541 0.919859 0.912323
10142_mask.png 0.993362 0.712172 0.852767 0.831893 0.945536 0.742637 0.993469
10618_mask.png 0.946775 0.643833 0.795304 0.783331 0.873766 0.709861 0.951447
10414_mask.png 0.903731 0.70371 0.80372 0.826091 0.742075 0.931561 0.921646
10474_mask.png 0.967607 0.440994 0.7043 0.612069 0.537171 0.711237 0.968414
10374_mask.png 0.714335 0.684794 0.699564 0.812911 0.766555 0.865235 0.82373
10582_mask.png 0.996764 0.924304 0.960534 0.960663 0.946429 0.975333 0.996887
10437_mask.png 0.970783 0.739694 0.855238 0.850372 0.952959 0.767726 0.973022
10689_mask.png 0.98628 0.884062 0.935171 0.938464 0.965769 0.91266 0.987579
10431_mask.png 0.93975 0.753657 0.846704 0.859526 0.783711 0.951581 0.949127
10395_mask.png 0.983676 0.964815 0.974245 0.982092 0.988006 0.976249 0.988724
10459_mask.png 0.93235 0.768616 0.850483 0.869172 0.918079 0.825213 0.944763
10008_mask.png 0.938811 0.805579 0.872195 0.892322 0.832235 0.961762 0.951187
10177_mask.png 0.927469 0.773444 0.850456 0.872251 0.869743 0.874773 0.941864
10444_mask.png 0.939093 0.454245 0.696669 0.624716 0.961386 0.462687 0.942032
10627_mask.png 0.98408 0.89967 0.941875 0.947186 0.978019 0.918237 0.986069
10649_mask.png 0.966644 0.501767 0.734205 0.668235 0.956444 0.5135 0.967728
10262_mask.png 0.999557 0.0 0.499779 nan 0.0 nan 0.999557
10030_mask.png 0.955753 0.810239 0.882996 0.895173 0.929158 0.863587 0.962784
10222_mask.png 0.938339 0.695574 0.816956 0.820458 0.817062 0.823883 0.945953
10677_mask.png 0.977799 0.960713 0.969256 0.979963 0.990635 0.969519 0.985611
10283_mask.png 0.135148 0.610066 0.372607 0.757815 0.993698 0.612436 0.632462
10569_mask.png 0.95084 0.325835 0.638338 0.491517 0.985104 0.327449 0.951981
10613_mask.png 0.965643 0.679101 0.822372 0.808886 0.93812 0.710948 0.967972
10312_mask.png 0.965251 0.825928 0.895589 0.904667 0.874105 0.937443 0.970169
10583_mask.png 0.539255 0.775412 0.657334 0.873501 0.886305 0.861062 0.822159
10776_mask.png 0.980026 0.844401 0.912213 0.915637 0.977876 0.860846 0.981979
10231_mask.png 0.946871 0.641165 0.794018 0.781353 0.936388 0.670363 0.951477
10725_mask.png 0.0 0.287216 0.143608 0.446259 1.0 0.287216 0.287216
10736_mask.png 0.943991 0.897134 0.920563 0.945778 0.955272 0.936471 0.962372
10361_mask.png 0.940547 0.657593 0.79907 0.793431 0.704131 0.908673 0.94664
10300_mask.png 0.956805 0.901158 0.928981 0.94801 0.93852 0.957693 0.969009
10718_mask.png 1.0 nan 1.0 nan nan nan 1.0
10433_mask.png 0.808929 0.484757 0.646843 0.652978 0.668855 0.637839 0.838043
10553_mask.png 0.890154 0.775218 0.832686 0.873378 0.948283 0.80944 0.920334
10774_mask.png 0.992171 0.862948 0.92756 0.926433 0.985595 0.873971 0.992538
10085_mask.png 0.970255 0.981778 0.976017 0.990805 0.984268 0.997429 0.988571
10019_mask.png 0.941962 0.606737 0.774349 0.755241 0.847388 0.681169 0.946732
10646_mask.png 0.970949 0.616326 0.793637 0.762626 0.704436 0.831294 0.972244
10670_mask.png 0.985226 0.902282 0.943754 0.948631 0.929466 0.968604 0.987
10219_mask.png 0.824888 0.940618 0.882753 0.969401 0.994303 0.945715 0.953598
10243_mask.png 0.897333 0.550087 0.72371 0.709749 0.984245 0.554973 0.908783
10550_mask.png 0.992861 0.59669 0.794775 0.747409 0.836386 0.675542 0.992935
10610_mask.png 0.999526 0.71028 0.854903 0.830601 0.71028 1.0 0.999527
10022_mask.png 0.97583 0.708779 0.842305 0.829574 0.97223 0.723425 0.977173
10734_mask.png 0.892892 0.71233 0.802611 0.832001 0.836663 0.827391 0.915344
10302_mask.png 0.95643 0.585261 0.770845 0.738378 0.98291 0.591277 0.958954
10102_mask.png 0.931995 0.815068 0.873532 0.898113 0.947821 0.85336 0.947678
10763_mask.png 0.977124 0.878171 0.927647 0.935134 0.997956 0.879753 0.980362
10077_mask.png 0.973196 0.682348 0.827772 0.811186 0.754813 0.876658 0.974655
10518_mask.png 0.957738 0.7185 0.838119 0.836194 0.728258 0.981692 0.961853
10407_mask.png 0.928413 0.744152 0.836283 0.853311 0.864315 0.842584 0.94075
10517_mask.png 0.93595 0.766303 0.851127 0.867691 0.777565 0.98145 0.947067
10132_mask.png 0.963006 0.404432 0.683719 0.575937 0.502032 0.675357 0.963913
10726_mask.png 0.968427 0.598945 0.783686 0.749175 0.850677 0.669313 0.969849
10520_mask.png 0.88235 0.784945 0.833648 0.879518 0.965619 0.807514 0.917694
10562_mask.png 0.940846 0.40779 0.674318 0.579334 0.420079 0.933067 0.943161
10042_mask.png 0.982427 0.917196 0.949812 0.95681 0.992195 0.923862 0.985291
10356_mask.png 0.930072 0.679541 0.804806 0.809198 0.729443 0.908535 0.939102
10475_mask.png 0.960285 0.449563 0.704924 0.620274 0.501095 0.813834 0.961533
10226_mask.png 0.913467 0.592608 0.753037 0.744198 0.706081 0.786665 0.923141
10218_mask.png 0.987416 0.734156 0.860786 0.846701 0.899101 0.800073 0.987839
10480_mask.png 0.899291 0.749951 0.824621 0.857111 0.928484 0.795927 0.922653
10470_mask.png 1.0 nan 1.0 nan nan nan 1.0
10182_mask.png 0.908083 0.618708 0.763396 0.764447 0.955086 0.637249 0.920013
10171_mask.png 0.955464 0.526477 0.740971 0.689794 0.584168 0.842048 0.957565
10666_mask.png 0.969692 0.528589 0.74914 0.691604 0.709954 0.674178 0.970688
10510_mask.png 0.880163 0.686681 0.783422 0.81424 0.751364 0.888599 0.90509
10256_mask.png 0.803975 0.263694 0.533834 0.417338 0.265109 0.980164 0.816833
10310_mask.png 0.936834 0.467698 0.702266 0.637322 0.767312 0.544994 0.940155
10635_mask.png 0.880891 0.851377 0.866134 0.919723 0.926358 0.913182 0.929199
10704_mask.png 0.984458 0.964204 0.974331 0.981776 0.999587 0.964589 0.989044
10461_mask.png 0.911819 0.666554 0.789186 0.799919 0.954422 0.688468 0.925034
10424_mask.png 0.868443 0.550823 0.709633 0.710362 0.623305 0.825685 0.886719
10402_mask.png 0.902041 0.685568 0.793804 0.813457 0.701326 0.968267 0.919281
10420_mask.png 0.861577 0.684165 0.772871 0.812468 0.695816 0.976111 0.893509
10531_mask.png 0.968605 0.679728 0.824166 0.809331 0.973371 0.692607 0.970566
10027_mask.png 0.981333 0.701325 0.841329 0.824446 0.743181 0.925664 0.982117
10131_mask.png 0.988079 0.609272 0.798675 0.757202 0.62585 0.958333 0.988297
10483_mask.png 1.0 nan 1.0 nan nan nan 1.0
10602_mask.png 0.847375 0.546411 0.696893 0.706683 0.574412 0.918095 0.871078
10732_mask.png 1.0 nan 1.0 nan nan nan 1.0
10502_mask.png 0.984343 0.936736 0.960539 0.967335 0.94644 0.989173 0.987289
10315_mask.png 0.941404 0.668084 0.804744 0.80102 0.885049 0.731563 0.947586
10687_mask.png 0.983162 0.83976 0.911461 0.912902 1.0 0.83976 0.984528
10539_mask.png 0.9698 0.84018 0.90499 0.91315 0.919132 0.907245 0.973938
10288_mask.png 0.891781 0.828266 0.860024 0.906067 0.954393 0.8624 0.928894
10320_mask.png 0.953483 0.622936 0.788209 0.767665 0.745457 0.791237 0.956802
10702_mask.png 0.960238 0.593296 0.776767 0.74474 0.673351 0.833063 0.962418
10006_mask.png 0.986248 0.767905 0.877077 0.868718 0.799551 0.950984 0.986847
10089_mask.png 0.911412 0.670197 0.790805 0.802537 0.92403 0.709279 0.924927
10467_mask.png 0.864302 0.620371 0.742336 0.765715 0.66043 0.910936 0.888931
10150_mask.png 0.969629 0.807881 0.888755 0.893732 0.93382 0.856945 0.973068
10506_mask.png 0.966399 0.920056 0.943228 0.958364 0.967138 0.949748 0.975769
10713_mask.png 0.921748 0.768039 0.844894 0.868803 0.954221 0.797422 0.937851
10024_mask.png 0.936114 0.455989 0.696052 0.626363 0.649698 0.604647 0.939362
10258_mask.png 0.964479 0.126697 0.545588 0.2249 0.130994 0.794326 0.964661
10091_mask.png 0.976673 0.605031 0.790852 0.753918 0.733377 0.775643 0.977478
10578_mask.png 0.903888 0.977791 0.940839 0.988771 0.982467 0.995156 0.981628
10207_mask.png 1.0 nan 1.0 nan nan nan 1.0
10403_mask.png 0.956986 0.751816 0.854401 0.858328 0.756635 0.9916 0.961945
10303_mask.png 0.922294 0.898064 0.910179 0.946295 0.991143 0.90533 0.953873
10587_mask.png 1.0 nan 1.0 nan nan nan 1.0
10516_mask.png 0.920441 0.737862 0.829152 0.849161 0.7847 0.92516 0.934998
10265_mask.png 0.990495 0.868816 0.929656 0.929804 0.988035 0.878054 0.991058
10509_mask.png 0.975008 0.657162 0.816085 0.793117 0.795117 0.791128 0.976151
10254_mask.png 0.94659 0.740186 0.843388 0.850698 0.815202 0.889426 0.953644
10445_mask.png 0.906027 0.826412 0.866219 0.904957 0.920354 0.890065 0.935074
10318_mask.png 0.741242 0.86035 0.800796 0.924934 0.997746 0.862026 0.900253
10703_mask.png 0.84743 0.998585 0.923007 0.999292 0.998923 0.999661 0.998596
10628_mask.png 0.962501 0.583259 0.77288 0.736783 0.982857 0.589254 0.964371
10692_mask.png 0.949317 0.656689 0.803003 0.792773 0.890118 0.714621 0.953796
10741_mask.png 0.963628 0.737181 0.850405 0.84871 0.900416 0.802619 0.966995
10216_mask.png 0.0 0.310822 0.155411 0.474239 1.0 0.310822 0.310822
10203_mask.png 0.993293 0.785928 0.88961 0.880134 0.98192 0.797468 0.993454
10532_mask.png 0.916728 0.682423 0.799576 0.811238 0.886226 0.747951 0.929367
10389_mask.png 0.917201 0.775401 0.846301 0.873494 0.990482 0.781222 0.935608
10377_mask.png 0.859184 0.542953 0.701068 0.703784 0.561655 0.942215 0.879364
10664_mask.png 0.876615 0.795478 0.836046 0.886091 0.953004 0.827957 0.916626
10611_mask.png 0.937148 0.812796 0.874972 0.896732 0.934859 0.861593 0.950623
10697_mask.png 0.885676 0.799829 0.842752 0.888783 0.901672 0.876258 0.921524
10514_mask.png 0.922323 0.757879 0.840101 0.862265 0.852828 0.871913 0.937515
10418_mask.png 0.964452 0.616028 0.79024 0.762398 0.673524 0.878291 0.96637
10588_mask.png 0.871305 0.562674 0.716989 0.720142 0.583589 0.940119 0.889587
10696_mask.png 0.980193 0.851181 0.915687 0.919608 0.928184 0.91119 0.982208
10298_mask.png 0.953418 0.667263 0.81034 0.800429 0.966678 0.682971 0.957397
10472_mask.png 0.938859 0.95241 0.945635 0.975625 0.970009 0.981306 0.972504
10538_mask.png 0.943823 0.6861 0.814961 0.813831 0.904924 0.7394 0.949966
10174_mask.png 0.913539 0.67036 0.79195 0.802654 0.811325 0.794165 0.926468
10767_mask.png 0.9591 0.144602 0.551851 0.252667 0.166113 0.52755 0.959381
10233_mask.png 0.985696 0.828107 0.906901 0.905972 0.99811 0.829407 0.986618
10399_mask.png 0.981428 0.541394 0.761411 0.702473 0.956463 0.555073 0.981827
10299_mask.png 0.822438 0.547764 0.685101 0.707813 0.615221 0.833214 0.853867
10099_mask.png 0.984902 0.878623 0.931762 0.93539 0.962869 0.909437 0.986389
10592_mask.png 0.988525 0.0 0.494263 nan 0.0 0.0 0.988525
10694_mask.png 0.91287 0.683462 0.798166 0.811972 0.859521 0.769408 0.926666
10029_mask.png 0.956653 0.707675 0.832164 0.828817 0.901898 0.766691 0.96077
10323_mask.png 0.977149 0.515734 0.746441 0.680507 0.55429 0.881154 0.977692
10733_mask.png 1.0 nan 1.0 nan nan nan 1.0
10580_mask.png 0.96626 0.584449 0.775354 0.737731 0.909899 0.620351 0.967789
10577_mask.png 0.935392 0.686205 0.810798 0.813904 0.946343 0.713984 0.94339
10759_mask.png 0.952337 0.647694 0.800015 0.786182 0.728477 0.853816 0.956177
10617_mask.png 0.98937 0.929503 0.959436 0.963463 0.962715 0.964213 0.990677
10573_mask.png 0.837181 0.089711 0.463446 0.164652 0.998071 0.089727 0.839752
10157_mask.png 0.982693 0.512046 0.747369 0.677289 0.726087 0.634636 0.983002
10152_mask.png 0.991368 0.922461 0.956915 0.959667 0.957634 0.961708 0.992172
10681_mask.png 0.966328 0.922866 0.944597 0.959886 0.948589 0.971455 0.975998
10271_mask.png 0.991662 0.719455 0.855558 0.836841 0.755091 0.93844 0.991837
10449_mask.png 0.998775 0.929778 0.964276 0.963611 0.988658 0.939802 0.998795
10026_mask.png 1.0 nan 1.0 nan nan nan 1.0
10079_mask.png 0.853635 0.575309 0.714472 0.730408 0.594029 0.948068 0.877853
10002_mask.png 0.923022 0.725774 0.824398 0.8411 0.912847 0.779809 0.93605
10598_mask.png 0.916817 0.685738 0.801277 0.813576 0.917776 0.730624 0.929596
10118_mask.png 1.0 nan 1.0 nan nan nan 1.0
10574_mask.png 0.927612 0.195513 0.561563 0.327079 0.998238 0.195581 0.928864
10661_mask.png 0.931265 0.569627 0.750446 0.725812 0.584429 0.957428 0.936996
10334_mask.png 0.971873 0.60558 0.788727 0.754345 0.756553 0.752149 0.973038
10194_mask.png 0.0 0.999298 0.499649 0.999649 0.999298 1.0 0.999298
10304_mask.png 0.964921 0.655696 0.810308 0.792049 0.943015 0.682748 0.967117
10621_mask.png 0.915354 0.875956 0.895655 0.933877 0.934838 0.932917 0.947021
10181_mask.png 0.994519 0.761808 0.878164 0.864803 0.978336 0.77488 0.994614
10693_mask.png 0.955537 0.473308 0.714422 0.642511 0.507661 0.874913 0.957245
10482_mask.png 0.820866 0.322075 0.57147 0.487227 0.983356 0.323841 0.834915
10054_mask.png 0.888475 0.671305 0.77989 0.80333 0.810047 0.796723 0.909164
10305_mask.png 0.963739 0.591238 0.777488 0.743117 0.616808 0.934478 0.965546
10657_mask.png 0.856254 0.724319 0.790286 0.840122 0.855687 0.825113 0.89566
10757_mask.png 0.95615 0.477595 0.716872 0.646449 0.899252 0.504594 0.95784
10632_mask.png 0.861419 0.721706 0.791562 0.838362 0.841068 0.835673 0.898056
10494_mask.png 0.975977 0.574022 0.775 0.72937 0.58331 0.973011 0.97673
10716_mask.png 0.934836 0.699984 0.81741 0.823518 0.957807 0.722255 0.943436
10032_mask.png 0.819132 0.7191 0.769116 0.836601 0.937955 0.755014 0.876373
10490_mask.png 0.888853 0.396211 0.642532 0.567552 0.43896 0.802703 0.896408
10488_mask.png 0.764797 0.835993 0.800395 0.910671 0.850054 0.980598 0.893036
10107_mask.png 0.975045 0.610107 0.792576 0.757846 0.912222 0.648158 0.975983
10593_mask.png 0.902406 0.732705 0.817555 0.845735 0.835114 0.85663 0.923004
10028_mask.png 0.982165 0.602931 0.792548 0.752286 0.733758 0.771773 0.982635
10440_mask.png 0.871364 0.704316 0.78784 0.826509 0.754109 0.914287 0.901535
10558_mask.png 0.995278 0.505618 0.750448 0.671642 0.549738 0.863014 0.9953
10351_mask.png 0.985443 0.862837 0.92414 0.926369 1.0 0.862837 0.986664
10462_mask.png 0.998256 0.921071 0.959664 0.958914 0.962445 0.955409 0.998291
10268_mask.png 0.977279 0.572864 0.775072 0.728435 0.658512 0.814971 0.977951
10412_mask.png 0.921479 0.446845 0.684162 0.617682 0.786203 0.508653 0.926163
10163_mask.png 0.979412 0.586174 0.782793 0.739104 0.839132 0.660384 0.979996
10130_mask.png 0.986002 0.863038 0.92452 0.926485 0.907879 0.945869 0.987137
10138_mask.png 0.935738 0.774781 0.85526 0.873101 0.792956 0.971267 0.947372
10497_mask.png 0.917109 0.282069 0.599589 0.440021 0.282069 1.0 0.919724
10038_mask.png 0.93482 0.872135 0.903478 0.931701 0.903832 0.961344 0.95488
10162_mask.png 0.877135 0.567544 0.72234 0.724119 0.602131 0.908093 0.894196
10104_mask.png 0.984373 0.244626 0.614499 0.393091 0.244626 1.0 0.984451
10421_mask.png 0.97928 0.911118 0.945199 0.953492 0.996788 0.913801 0.98291
10367_mask.png 0.960256 0.926298 0.943277 0.961739 0.931873 0.993583 0.973495
10167_mask.png 1.0 nan 1.0 nan nan nan 1.0
10701_mask.png 0.979801 0.900578 0.940189 0.947688 0.984078 0.913894 0.982925
10209_mask.png 1.0 nan 1.0 nan nan nan 1.0
10017_mask.png 0.941392 0.714334 0.827863 0.833366 0.930881 0.754345 0.948883
10202_mask.png 0.936835 0.910181 0.923508 0.952979 0.929532 0.977639 0.961487
10175_mask.png 1.0 nan 1.0 nan nan nan 1.0
10491_mask.png 0.990273 0.773495 0.881884 0.872283 0.877917 0.866722 0.990585
10003_mask.png 0.902279 0.845926 0.874103 0.916533 0.857528 0.984258 0.936401
10533_mask.png 0.976722 0.230183 0.603452 0.374226 0.311126 0.46943 0.976883
10656_mask.png 0.882924 0.777946 0.830435 0.875106 0.779887 0.99681 0.916977
10663_mask.png 0.982945 0.5 0.741472 0.666667 0.90082 0.529129 0.983231
10724_mask.png 0.963774 0.713119 0.838446 0.832539 0.954682 0.738105 0.966766
10464_mask.png 0.938327 0.812139 0.875233 0.896332 0.856939 0.939522 0.951309
10067_mask.png 0.894206 0.80041 0.847308 0.889142 0.932238 0.849854 0.92572
10286_mask.png 0.986003 0.77116 0.878581 0.870796 0.77116 1.0 0.986633
10249_mask.png 0.99507 0.895588 0.945329 0.944918 0.934951 0.955101 0.99527
10622_mask.png 0.987271 0.369863 0.678567 0.54 0.925714 0.381176 0.987366
10210_mask.png 0.983263 0.467488 0.725375 0.637127 0.510215 0.848079 0.983505
10769_mask.png 0.841163 0.715139 0.778151 0.833914 0.923895 0.759904 0.886444
10119_mask.png 0.960278 0.669955 0.815116 0.802363 0.977609 0.680395 0.963242
10738_mask.png 0.992121 0.90822 0.950171 0.951903 0.918071 0.988324 0.992691
10317_mask.png 0.947941 0.839866 0.893904 0.912964 0.865944 0.965385 0.959106
10671_mask.png 0.901526 0.510291 0.705909 0.675752 0.536553 0.912478 0.91069
10211_mask.png 0.853889 0.201038 0.527463 0.334774 0.996142 0.201195 0.85907
10333_mask.png 0.992159 0.871274 0.931716 0.931209 0.8808 0.987739 0.992554
10208_mask.png 0.988158 0.933133 0.960645 0.96541 1.0 0.933133 0.989838
10134_mask.png 0.979067 0.523793 0.75143 0.687485 0.532683 0.96912 0.979538
10084_mask.png 0.920557 0.697297 0.808927 0.821656 0.765884 0.886189 0.932846
10735_mask.png 0.899842 0.585304 0.742573 0.738413 0.711456 0.767492 0.912247
10690_mask.png 0.947336 0.926031 0.936684 0.961595 0.993855 0.931364 0.968262
10259_mask.png 0.893696 0.646927 0.770311 0.785617 0.852538 0.728438 0.911026
10159_mask.png 0.968373 0.98719 0.977782 0.993554 0.990409 0.996718 0.990799
10061_mask.png 0.945646 0.64812 0.796883 0.786496 0.654665 0.984808 0.950592
10146_mask.png 0.991186 0.822172 0.906679 0.902409 0.829884 0.988825 0.991531
10546_mask.png 0.898965 0.673831 0.786398 0.805137 0.872889 0.747145 0.916412
10647_mask.png 0.946665 0.764711 0.855688 0.86667 0.769634 0.991703 0.954544
10012_mask.png 0.972147 0.866448 0.919297 0.928446 0.866822 0.999502 0.97641
10348_mask.png 0.942505 0.547405 0.744955 0.707513 0.634644 0.799287 0.946243
10439_mask.png 1.0 nan 1.0 nan nan nan 1.0
10244_mask.png 0.866552 0.576529 0.721541 0.73139 0.951733 0.593894 0.88707
10427_mask.png 0.960905 0.678309 0.819607 0.808325 0.84493 0.774759 0.963882
10343_mask.png 0.987661 0.838401 0.913031 0.912098 0.856615 0.975266 0.988403
10447_mask.png 0.960511 0.640286 0.800398 0.7807 0.812996 0.750872 0.963104
10678_mask.png 0.773128 0.585398 0.679263 0.738487 0.603553 0.951128 0.828171
10070_mask.png 0.820043 0.523938 0.671991 0.687611 0.534511 0.963622 0.849792
10650_mask.png 1.0 nan 1.0 nan nan nan 1.0
10314_mask.png 1.0 nan 1.0 nan nan nan 1.0
10655_mask.png 0.956807 0.362041 0.659424 0.531616 0.513593 0.550949 0.95784
10581_mask.png 0.978237 0.732618 0.855428 0.845678 0.857076 0.834578 0.979462
10269_mask.png 0.977985 0.677578 0.827781 0.807805 0.701016 0.952976 0.978958
10479_mask.png 0.897908 0.726914 0.812411 0.841865 0.981153 0.737208 0.919724
10063_mask.png 0.882561 0.69823 0.790395 0.822303 0.98717 0.704624 0.907654
10272_mask.png 1.0 nan 1.0 nan nan nan 1.0
10457_mask.png 0.94589 0.950614 0.948252 0.974682 0.970509 0.978891 0.973495
10117_mask.png 0.954509 0.390105 0.672307 0.56126 0.411778 0.881122 0.955795
10706_mask.png 0.989788 0.83228 0.911034 0.908464 0.958169 0.863661 0.99028
10040_mask.png 0.98305 0.853478 0.918264 0.920948 0.896347 0.946937 0.984573
10332_mask.png 0.899698 0.709093 0.804395 0.829789 0.813226 0.847039 0.919403
10105_mask.png 0.947136 0.60097 0.774053 0.750757 0.67181 0.850731 0.951035
10668_mask.png 0.966254 0.987053 0.976654 0.993485 0.991241 0.995738 0.990555
10319_mask.png 0.990092 0.59468 0.792386 0.74583 0.59468 1.0 0.990234
10453_mask.png 0.99033 0.984042 0.987186 0.991957 0.989251 0.994677 0.993942
10169_mask.png 0.796991 0.620766 0.708878 0.766015 0.656466 0.919451 0.847626
10775_mask.png 1.0 nan 1.0 nan nan nan 1.0
10186_mask.png 0.880629 0.709524 0.795077 0.830084 0.716291 0.98686 0.907578
10590_mask.png 0.982612 0.913892 0.948252 0.955009 0.990685 0.921813 0.985321
10722_mask.png 0.945554 0.749653 0.847603 0.856916 0.882856 0.832457 0.953186
10540_mask.png 0.896322 0.404279 0.650301 0.575782 0.42887 0.875788 0.903137
10422_mask.png 0.875674 0.898764 0.887219 0.946683 0.989041 0.907804 0.940903
10083_mask.png 0.970934 0.256309 0.613621 0.408035 0.256309 1.0 0.971222
10507_mask.png 0.941619 0.770516 0.856068 0.870386 0.888126 0.853341 0.951187
10413_mask.png 0.985931 0.946599 0.966265 0.972567 0.999389 0.947147 0.988739
10143_mask.png 0.967804 0.738684 0.853244 0.849705 0.772612 0.943888 0.97049
10626_mask.png 0.933427 0.290748 0.612088 0.450511 0.314885 0.791364 0.935196
10765_mask.png 0.79312 0.36377 0.578445 0.533477 0.367589 0.97223 0.815002
10559_mask.png 0.936333 0.735096 0.835715 0.847326 0.786005 0.919025 0.945892
10282_mask.png 0.900169 0.720961 0.810565 0.837859 0.913777 0.773588 0.920639
10199_mask.png 0.951773 0.55834 0.755056 0.716583 0.696762 0.737564 0.954544
10603_mask.png 0.903757 0.7485 0.826128 0.856162 0.967383 0.767879 0.925186
10267_mask.png 0.979538 0.820943 0.900241 0.901668 0.929245 0.875682 0.981293
10197_mask.png 0.999756 0.698113 0.848934 0.822222 0.72549 0.948718 0.999756
10575_mask.png 0.955371 0.792442 0.873906 0.884204 0.998117 0.793628 0.961868
10498_mask.png 0.901164 0.793175 0.847169 0.88466 0.910345 0.860384 0.928329
10699_mask.png 0.925447 0.875737 0.900592 0.933753 0.972806 0.897713 0.951126
10290_mask.png 0.934675 0.82333 0.879002 0.903106 0.888057 0.918674 0.949921
10397_mask.png 0.979284 0.89045 0.934867 0.942051 0.898497 0.990042 0.982269
10036_mask.png 0.974786 0.914905 0.944845 0.955562 0.990995 0.922574 0.980164
10069_mask.png 0.91472 0.929258 0.921989 0.963332 0.936192 0.992092 0.959778
10501_mask.png 0.814032 0.552339 0.683186 0.711622 0.587662 0.901858 0.84874
10136_mask.png 0.93229 0.697168 0.814729 0.821566 0.909634 0.749047 0.941422
10151_mask.png 0.977088 0.903641 0.940364 0.949382 0.932052 0.967368 0.98114
10013_mask.png 0.921469 0.87035 0.895909 0.930681 0.93813 0.92335 0.948578
10731_mask.png 0.932506 0.707304 0.819905 0.828562 0.816381 0.841113 0.941971
10527_mask.png 0.993755 0.470052 0.731904 0.639504 0.928021 0.487838 0.99379
10330_mask.png 0.971722 0.730968 0.851345 0.844577 0.983593 0.739991 0.97374
10360_mask.png 0.772591 0.67402 0.723305 0.805271 0.681936 0.983068 0.845322
10754_mask.png 0.97585 0.557221 0.766536 0.715661 0.766759 0.670948 0.976563
10404_mask.png 0.877484 0.86008 0.868782 0.924777 0.958726 0.893151 0.930115
10481_mask.png 0.966562 0.341687 0.654125 0.509339 0.988506 0.34305 0.967133
10537_mask.png 0.975071 0.541462 0.758267 0.70253 0.687959 0.717733 0.975784
10189_mask.png 0.827266 0.591684 0.709475 0.743469 0.614117 0.941852 0.861847
10624_mask.png 0.931549 0.748431 0.83999 0.856117 0.773869 0.957927 0.94313
10266_mask.png 1.0 nan 1.0 nan nan nan 1.0
10651_mask.png 0.986708 0.699074 0.842891 0.822888 0.946937 0.727576 0.987106
10385_mask.png 0.988912 0.949181 0.969046 0.973928 0.998047 0.950947 0.990814
10369_mask.png 0.990513 0.908887 0.9497 0.952269 0.992294 0.915347 0.991333
10744_mask.png 0.909845 0.731995 0.82092 0.845263 0.975957 0.745438 0.927658
10383_mask.png 0.976734 0.655985 0.816359 0.79226 0.749798 0.839819 0.977722
10685_mask.png 0.963054 0.61194 0.787497 0.759259 0.718153 0.805357 0.965088
10055_mask.png 0.964915 0.570311 0.767613 0.726367 0.963967 0.582734 0.966476
10400_mask.png 0.908081 0.736631 0.822356 0.848345 0.942546 0.771263 0.92688
10331_mask.png 0.971108 0.629211 0.800159 0.772412 0.808393 0.739498 0.972458
10020_mask.png 0.877439 0.597441 0.73744 0.747998 0.611606 0.96268 0.896301
10543_mask.png 0.957507 0.712902 0.835205 0.832391 0.844016 0.821082 0.961563
10127_mask.png 0.965853 0.671224 0.818539 0.803273 0.953348 0.69402 0.968079
10419_mask.png 0.977432 0.478589 0.728011 0.647359 0.886667 0.509774 0.97789
10544_mask.png 0.975988 0.703032 0.83951 0.825624 0.778833 0.878395 0.97728
10049_mask.png 0.997621 0.707547 0.852584 0.828729 0.784519 0.87822 0.997635
10648_mask.png 0.863522 0.67978 0.771651 0.809368 0.962537 0.698255 0.89418
10751_mask.png 0.940871 0.542688 0.741779 0.703561 0.663527 0.748737 0.944748
10046_mask.png 0.797349 0.566189 0.681769 0.723015 0.59265 0.926905 0.839737
10762_mask.png 0.989208 0.036785 0.512996 0.070959 0.036785 1.0 0.989212
10144_mask.png 0.975149 0.507291 0.74122 0.673117 0.558402 0.84715 0.975769
10570_mask.png 0.957581 0.695908 0.826744 0.820691 0.704617 0.982548 0.961334
10093_mask.png 0.931724 0.60743 0.769577 0.755778 0.6463 0.90991 0.938248
10586_mask.png 0.981975 0.811942 0.896959 0.896212 0.902193 0.89031 0.983276
10631_mask.png 0.928917 0.495072 0.711994 0.662272 0.744032 0.596702 0.933548
10600_mask.png 0.902599 0.484982 0.69379 0.653182 0.644052 0.662575 0.910782
10059_mask.png 0.873254 0.780584 0.826919 0.876773 0.961206 0.805975 0.912643
10484_mask.png 0.984233 0.764494 0.874364 0.866531 0.81507 0.924928 0.985001
10393_mask.png 1.0 nan 1.0 nan nan nan 1.0
10346_mask.png 0.939515 0.885813 0.912664 0.93945 0.887579 0.997759 0.958832
10287_mask.png 0.895052 0.812478 0.853765 0.896538 0.817764 0.992106 0.927856
10591_mask.png 0.943325 0.640941 0.792133 0.781187 0.911858 0.683273 0.948532
10221_mask.png 0.840893 0.836983 0.838938 0.911259 0.960023 0.867208 0.91243
10229_mask.png 0.976891 0.978002 0.977447 0.988879 0.981993 0.995862 0.988602
10277_mask.png 0.948735 0.4125 0.680617 0.584071 0.524292 0.659236 0.950516
10108_mask.png 0.961111 0.89811 0.929611 0.94632 0.912413 0.982846 0.971039
10111_mask.png 0.891333 0.510371 0.700852 0.675822 0.520409 0.963584 0.90239
10001_mask.png 0.918357 0.69449 0.806423 0.819704 0.786793 0.855487 0.931137
10441_mask.png 0.912262 0.61697 0.764616 0.763118 0.944044 0.640388 0.923126
10185_mask.png 0.915706 0.698139 0.806923 0.82224 0.841823 0.803547 0.929459
10353_mask.png 0.989234 0.932661 0.960947 0.965157 0.948789 0.9821 0.990631
10176_mask.png 0.961135 0.628363 0.794749 0.771772 0.733128 0.814718 0.963531
10609_mask.png 0.949735 0.898988 0.924362 0.946808 0.910423 0.986221 0.965271
10135_mask.png 0.886407 0.715227 0.800817 0.833974 0.925676 0.758802 0.911621
10740_mask.png 0.986955 0.770652 0.878804 0.870473 0.821247 0.925976 0.987503
10073_mask.png 0.98823 0.945284 0.966757 0.971872 0.971233 0.972513 0.990219
10306_mask.png 0.909169 0.627749 0.768459 0.77131 0.912474 0.667971 0.921234
10220_mask.png 1.0 nan 1.0 nan nan nan 1.0
10503_mask.png 0.962172 0.82451 0.893341 0.903815 0.927854 0.880991 0.96788
10727_mask.png 0.996061 0.122449 0.559255 0.218182 0.122449 1.0 0.996063
10435_mask.png 0.859044 0.490224 0.674634 0.65792 0.526093 0.877904 0.87587
10206_mask.png 0.899366 0.860821 0.880094 0.925206 0.956188 0.896168 0.937973
10140_mask.png 0.981376 0.534476 0.757926 0.696624 0.894394 0.570478 0.981766
10607_mask.png 0.978156 0.734461 0.856309 0.846904 0.996797 0.736199 0.979401
10076_mask.png 0.989431 0.753036 0.871234 0.859122 0.966919 0.772951 0.989761
10636_mask.png 0.969311 0.630939 0.800125 0.773712 0.847471 0.711765 0.97084
10045_mask.png 0.851424 0.663479 0.757452 0.797701 0.693443 0.938856 0.885086
10378_mask.png 0.986385 0.756818 0.871602 0.861578 0.769942 0.977974 0.986938
10662_mask.png 0.973079 0.341408 0.657244 0.509029 0.83907 0.36533 0.97345
10398_mask.png 0.98677 0.898681 0.942725 0.946637 0.905301 0.99193 0.988159
10442_mask.png 0.963697 0.567429 0.765563 0.724025 0.741045 0.707769 0.965347
10264_mask.png 0.938383 0.521497 0.72994 0.685505 0.969668 0.530145 0.942261
10676_mask.png 0.997589 0.0 0.498795 nan 0.0 nan 0.997589
10213_mask.png 0.929483 0.755382 0.842433 0.860647 0.86519 0.856151 0.942093
10700_mask.png 0.888818 0.640895 0.764857 0.781153 0.676623 0.923883 0.907227
10458_mask.png 0.958742 0.571261 0.765002 0.727137 0.850137 0.635231 0.960892
10338_mask.png 0.951158 0.535917 0.743537 0.697846 0.706155 0.68973 0.953766
10236_mask.png 0.96219 0.731981 0.847085 0.845253 0.924491 0.778525 0.965729
10557_mask.png 0.942312 0.401119 0.671715 0.572569 0.419044 0.903632 0.944458
10714_mask.png 0.795406 0.442667 0.619037 0.613679 0.453201 0.950114 0.824005
10109_mask.png 0.946305 0.51656 0.731433 0.681226 0.930646 0.537241 0.949219
10164_mask.png 0.953669 0.924628 0.939148 0.960838 0.933606 0.989707 0.970459
10128_mask.png 0.973804 0.80105 0.887427 0.889537 0.899971 0.879342 0.976303
10556_mask.png 0.94929 0.518858 0.734074 0.683221 0.948897 0.533773 0.95192
10579_mask.png 0.824322 0.513057 0.668689 0.678173 0.524869 0.957978 0.851761
10493_mask.png 0.966298 0.705051 0.835674 0.827014 0.770419 0.892583 0.968811
10183_mask.png 0.946718 0.626848 0.786783 0.770629 0.839545 0.712169 0.951096
10720_mask.png 0.963429 0.242405 0.602917 0.390219 0.876301 0.250993 0.963852
10350_mask.png 0.95902 0.627852 0.793436 0.771387 0.656749 0.934509 0.96167
10485_mask.png 0.967775 0.651322 0.809548 0.788849 0.983871 0.658351 0.969604
10245_mask.png 0.965546 0.552109 0.758827 0.711431 0.789007 0.647744 0.966949
10535_mask.png 1.0 nan 1.0 nan nan nan 1.0
10096_mask.png 0.977938 0.592021 0.78498 0.743735 0.964421 0.60524 0.978622
10158_mask.png 0.913224 0.521282 0.717253 0.68532 0.554543 0.896814 0.920715
10122_mask.png 0.875268 0.660177 0.767722 0.795309 0.785583 0.805279 0.899597
10115_mask.png 0.892745 0.678229 0.785487 0.808267 0.700197 0.955786 0.912521
10228_mask.png 0.946253 0.719286 0.832769 0.836726 0.84295 0.830594 0.952759
10473_mask.png 0.854289 0.615048 0.734669 0.761647 0.984253 0.62116 0.881805
10388_mask.png 0.973641 0.532999 0.75332 0.695368 0.713381 0.678242 0.974411
10721_mask.png 0.974466 0.939207 0.956837 0.96865 0.999838 0.939349 0.981689
10523_mask.png 0.99091 0.968969 0.97994 0.98424 0.994577 0.974116 0.99292
10548_mask.png 0.961859 0.382085 0.671972 0.552911 0.390686 0.945523 0.962738
10541_mask.png 0.823485 0.742808 0.783146 0.852427 0.935885 0.782635 0.883087
10051_mask.png 1.0 nan 1.0 nan nan nan 1.0
10190_mask.png 0.886639 0.873272 0.879956 0.932349 0.969638 0.897823 0.936356
10585_mask.png 0.989629 0.881436 0.935532 0.936982 0.974855 0.901942 0.990372
10237_mask.png 0.85948 0.849481 0.854481 0.918616 0.973763 0.86938 0.921631
10078_mask.png 1.0 nan 1.0 nan nan nan 1.0
10313_mask.png 1.0 nan 1.0 nan nan nan 1.0
10086_mask.png 0.933429 0.617141 0.775285 0.76325 0.819167 0.714479 0.93988
10547_mask.png 0.954673 0.815772 0.885222 0.89854 0.847386 0.956267 0.96225
10047_mask.png 0.956008 0.531479 0.743744 0.694073 0.954058 0.545439 0.958099
10113_mask.png 0.996296 0.91856 0.957428 0.957551 0.981696 0.934566 0.996445
10116_mask.png 0.97125 0.907662 0.939456 0.951596 0.979116 0.925582 0.977585
10708_mask.png 0.959836 0.583417 0.771627 0.736909 0.788344 0.691774 0.961975
10347_mask.png 0.993415 0.753783 0.873599 0.859608 0.969311 0.772212 0.993546
10365_mask.png 0.856893 0.677607 0.76725 0.807826 0.981985 0.686136 0.889984
10536_mask.png 0.967934 0.638166 0.80305 0.779123 0.671902 0.927061 0.96965
10456_mask.png 0.902563 0.263987 0.583275 0.417705 0.992377 0.264523 0.905853
10505_mask.png 0.717841 0.785992 0.751917 0.880174 0.789714 0.994039 0.861435
10634_mask.png 0.922971 0.872371 0.897671 0.931836 0.989754 0.880321 0.949539
10524_mask.png 0.923982 0.522028 0.723005 0.685964 0.64262 0.735578 0.92981
10081_mask.png 0.952555 0.603392 0.777974 0.752644 0.942332 0.626527 0.95575
10406_mask.png 0.71497 0.631653 0.673312 0.774249 0.927094 0.664669 0.808548
10680_mask.png 0.916476 0.583687 0.750082 0.737124 0.777061 0.701092 0.925232
10596_mask.png 0.910633 0.824966 0.867799 0.904089 0.970228 0.846392 0.937119
10053_mask.png 0.982514 0.476323 0.729419 0.645283 0.492322 0.936131 0.982788
10653_mask.png 0.978147 0.142428 0.560287 0.249342 0.197171 0.339056 0.978226
10463_mask.png 0.959098 0.349132 0.654115 0.517565 0.371927 0.850665 0.959976
10478_mask.png 0.963123 0.306706 0.634914 0.469433 0.338699 0.764535 0.963715
10039_mask.png 0.950414 0.530874 0.740644 0.693556 0.573074 0.878184 0.953049
10071_mask.png 0.959829 0.531273 0.745551 0.693897 0.922431 0.556118 0.961578
10542_mask.png 0.822561 0.649415 0.735988 0.787449 0.991075 0.653236 0.866455
10009_mask.png 0.928366 0.501537 0.714951 0.668031 0.506262 0.981729 0.933182
10301_mask.png 0.94335 0.482991 0.713171 0.651374 0.486774 0.984165 0.946198
10187_mask.png 0.993124 0.874599 0.933862 0.933105 0.914051 0.952971 0.993439
10705_mask.png 0.892488 0.34769 0.620089 0.515979 0.357704 0.925482 0.898315
10088_mask.png 1.0 nan 1.0 nan nan nan 1.0
10633_mask.png 0.798891 0.511796 0.655344 0.67707 0.527432 0.945245 0.833908
10709_mask.png 0.667439 0.852413 0.759926 0.920327 0.943187 0.898549 0.886139
10252_mask.png 1.0 nan 1.0 nan nan nan 1.0
10747_mask.png 0.982717 0.608588 0.795652 0.756673 0.618464 0.974432 0.98317
10337_mask.png 0.997969 0.80814 0.903054 0.893891 0.848855 0.943973 0.997986
10387_mask.png 0.918183 0.787577 0.85288 0.881167 0.985018 0.797126 0.937225
10698_mask.png 0.936892 0.593451 0.765172 0.744863 0.617585 0.938221 0.942215
10263_mask.png 0.969084 0.788253 0.878669 0.88159 0.998082 0.789449 0.972275
10324_mask.png 0.848361 0.720086 0.784224 0.837268 0.895506 0.786142 0.890915
10155_mask.png 0.893466 0.808788 0.851127 0.894287 0.947236 0.846944 0.926559
10432_mask.png 0.854126 0.949097 0.901612 0.973884 0.993304 0.955208 0.960785
10416_mask.png 0.842786 0.702376 0.772581 0.825172 0.954521 0.726695 0.88533
10101_mask.png 0.988709 0.827179 0.907944 0.905416 0.974761 0.845283 0.989288
10391_mask.png 0.859665 0.730673 0.795169 0.84438 0.755666 0.956694 0.898361
10392_mask.png 0.946772 0.655127 0.80095 0.791634 1.0 0.655127 0.95166
10465_mask.png 0.970315 0.862066 0.91619 0.925924 0.987293 0.871738 0.97496
10292_mask.png 0.975618 0.704848 0.840233 0.826875 0.840559 0.813628 0.976959
10454_mask.png 0.881481 0.664051 0.772766 0.798114 0.865442 0.740505 0.903976
10571_mask.png 0.945979 0.673735 0.809857 0.805068 0.68099 0.984433 0.951401
10129_mask.png 0.964848 0.587284 0.776066 0.739986 0.815569 0.677223 0.966522
10137_mask.png 0.973638 0.579995 0.776816 0.734173 0.661114 0.825385 0.974564
10250_mask.png 0.992582 0.468647 0.730614 0.638202 0.74606 0.557592 0.99263
10336_mask.png 0.964919 0.493737 0.729328 0.661076 0.530982 0.875606 0.96608
10065_mask.png 0.991424 0.844708 0.918066 0.915818 0.906017 0.925832 0.991806
10764_mask.png 0.861429 0.809044 0.835237 0.894444 0.984607 0.819408 0.912689
10487_mask.png 0.995863 0.105611 0.550737 0.191045 0.105611 1.0 0.995865
10428_mask.png 0.973271 0.701935 0.837603 0.824867 0.739661 0.93226 0.974854
10515_mask.png 0.992004 0.787207 0.889605 0.880936 0.859817 0.903118 0.992233
10534_mask.png 0.913898 0.560235 0.737067 0.718142 0.730904 0.705818 0.922409
10405_mask.png 0.941114 0.717078 0.829096 0.835231 0.92854 0.758962 0.948761
10340_mask.png 0.952205 0.885165 0.918685 0.939085 0.985093 0.897183 0.965073
10188_mask.png 0.885317 0.727518 0.806417 0.84227 0.887624 0.801325 0.912201
10645_mask.png 0.905769 0.628946 0.767357 0.772212 0.921114 0.664752 0.918747
10215_mask.png 0.979689 0.610742 0.795216 0.758336 1.0 0.610742 0.980316
10247_mask.png 0.996237 0.798173 0.897205 0.88776 0.798173 1.0 0.996292
10511_mask.png 0.896108 0.642599 0.769354 0.782417 0.817094 0.750564 0.91246
10234_mask.png 0.884419 0.718371 0.801395 0.836107 0.903378 0.77816 0.910736
10373_mask.png 0.995851 0.933195 0.964523 0.965443 0.969484 0.961435 0.996078
10612_mask.png 0.915629 0.644789 0.780209 0.784038 0.733957 0.841454 0.926834
10644_mask.png 0.921442 0.701511 0.811476 0.824574 0.896988 0.762979 0.933685
10460_mask.png 0.91675 0.606687 0.761718 0.755202 0.750906 0.759548 0.926224
10148_mask.png 0.876485 0.611095 0.74379 0.758608 0.781167 0.737316 0.896561
10043_mask.png 0.995835 0.933004 0.96442 0.965341 0.993639 0.93861 0.996063
10372_mask.png 0.953337 0.67403 0.813683 0.805278 0.929711 0.710222 0.957443
10160_mask.png 0.907459 0.836085 0.871772 0.910726 0.982239 0.848919 0.937134
10238_mask.png 0.970257 0.853167 0.911712 0.920767 0.880792 0.964543 0.97464
10616_mask.png 0.969717 0.579841 0.774779 0.73405 0.9396 0.602291 0.970932
10715_mask.png 0.9114 0.878438 0.894919 0.935286 0.958269 0.913379 0.945984
10750_mask.png 0.937025 0.735916 0.83647 0.84787 0.845197 0.850561 0.946426
10329_mask.png 0.895414 0.785256 0.840335 0.879713 0.909958 0.851414 0.924347
10321_mask.png 0.975878 0.97016 0.973019 0.984854 0.982067 0.987657 0.986481
10311_mask.png 0.990653 0.823193 0.906923 0.903023 0.931175 0.876523 0.991043
10563_mask.png 0.86492 0.623732 0.744326 0.76827 0.834261 0.711953 0.889633
10106_mask.png 0.864831 0.667906 0.766369 0.800892 0.799452 0.802337 0.893723
10358_mask.png 0.819252 0.729244 0.774248 0.843425 0.80943 0.8804 0.878433
10005_mask.png 0.972539 0.931383 0.951961 0.964473 0.991641 0.938753 0.979996
10307_mask.png 0.891242 0.707337 0.79929 0.828585 0.946963 0.736515 0.913879
10316_mask.png 0.992986 0.880926 0.936956 0.936694 0.977032 0.899555 0.993332
10417_mask.png 0.967766 0.501947 0.734857 0.668395 0.660263 0.676731 0.968781
10044_mask.png 0.923189 0.787981 0.855585 0.88142 0.963203 0.812437 0.940247
10565_mask.png 0.910154 0.658709 0.784431 0.794243 0.861731 0.736558 0.923431
10620_mask.png 0.909231 0.255421 0.582326 0.406909 0.257147 0.974397 0.911972
10242_mask.png 0.945957 0.559777 0.752867 0.717765 0.822725 0.636556 0.949432
10753_mask.png 0.865641 0.649669 0.757655 0.787636 0.942262 0.676605 0.892441
10062_mask.png 0.965094 0.739875 0.852484 0.850492 0.750285 0.981592 0.968246
10629_mask.png 0.981987 0.88234 0.932163 0.937492 0.989846 0.890398 0.984131
10410_mask.png 0.923792 0.705295 0.814544 0.827183 0.909083 0.75882 0.935547
10172_mask.png 0.86523 0.94359 0.90441 0.970976 0.954783 0.987729 0.958588
10362_mask.png 0.922257 0.604911 0.763584 0.753825 0.921359 0.637844 0.930527
10554_mask.png 0.865072 0.61439 0.739731 0.761142 0.635432 0.948859 0.888947
10623_mask.png 0.901838 0.629968 0.765903 0.772982 0.878241 0.690254 0.915894
10149_mask.png 0.87369 0.817003 0.845347 0.899286 0.908675 0.89009 0.919235
10173_mask.png 0.883401 0.69203 0.787715 0.817988 0.992704 0.695568 0.907608
10438_mask.png 0.983325 0.561475 0.7724 0.71916 0.864899 0.615454 0.983673
10489_mask.png 0.995695 0.912734 0.954214 0.954376 0.912734 1.0 0.99588
10141_mask.png 1.0 nan 1.0 nan nan nan 1.0
10549_mask.png 0.954097 0.794449 0.874273 0.885452 0.824841 0.955676 0.961014
10276_mask.png 0.876442 0.663011 0.769726 0.797362 0.730381 0.877868 0.900604
10260_mask.png 0.711344 0.725188 0.718266 0.840706 0.962402 0.746332 0.836151
10345_mask.png 0.865962 0.567375 0.716669 0.723981 0.947033 0.58597 0.886002
10737_mask.png 0.921285 0.717831 0.819558 0.835741 0.866265 0.807295 0.934418
10707_mask.png 0.962128 0.506813 0.73447 0.672695 0.509653 0.989122 0.963547
10658_mask.png 0.87137 0.817673 0.844522 0.899692 0.901485 0.897906 0.918427
10642_mask.png 0.941577 0.650015 0.795796 0.78789 0.799875 0.776258 0.947296
10217_mask.png 0.957994 0.597983 0.777989 0.748422 0.91631 0.632529 0.960464
10133_mask.png 0.901539 0.620485 0.761012 0.765801 0.864852 0.687108 0.915192
--------------------
总mIou：0.9388284627700691
总mIou：0.7327843600386413
总mIou：0.8358064114043553
总fscore：0.8457882895737817
总recall：0.8548361165599291
总precision0.8369299861313533
总accuracy0.9476158692664707
Finish!
