文件名，Iou_1，Iou_2，mIoU，fscore，recall，precision, accuracy
10034_mask.png 0.96532 0.703474 0.834397 0.825928 0.785309 0.870979 0.967957
10291_mask.png 1.0 nan 1.0 nan nan nan 1.0
10376_mask.png 0.812346 0.533803 0.673074 0.696052 0.557367 0.926613 0.845535
10192_mask.png 0.984307 0.91728 0.950794 0.956856 0.975889 0.938551 0.986633
10411_mask.png 0.851028 0.697146 0.774087 0.821551 0.811433 0.831925 0.889069
10665_mask.png 0.8386 0.514985 0.676793 0.679855 0.532194 0.940922 0.862213
10110_mask.png 0.822382 0.431406 0.626894 0.602773 0.436316 0.974581 0.843475
10349_mask.png 0.979969 0.809118 0.894544 0.894489 0.81724 0.987866 0.981537
10284_mask.png 1.0 1.0 1.0 1.0 1.0 1.0 1.0
10401_mask.png 0.926859 0.584019 0.755439 0.737389 0.610178 0.931613 0.93367
10193_mask.png 0.985465 0.806965 0.896215 0.893172 0.80975 0.995756 0.986298
10761_mask.png 0.983016 0.669635 0.826325 0.802133 0.97106 0.683271 0.983582
10555_mask.png 0.78893 0.514158 0.651544 0.679134 0.538064 0.920462 0.827469
10120_mask.png 0.99433 0.922752 0.958541 0.959825 0.986708 0.934367 0.99469
10066_mask.png 0.914089 0.603978 0.759034 0.7531 0.628113 0.940186 0.924042
10595_mask.png 0.924612 0.53861 0.731611 0.700125 0.773191 0.639677 0.93071
10335_mask.png 0.883836 0.78358 0.833708 0.87866 0.975859 0.799069 0.918228
10522_mask.png 0.923768 0.896813 0.910291 0.9456 0.917577 0.975388 0.954147
10468_mask.png 0.967684 0.700532 0.834108 0.823898 0.870535 0.782003 0.969955
10448_mask.png 0.960139 0.449521 0.70483 0.620234 0.684333 0.567115 0.961395
10161_mask.png 0.983011 0.867443 0.925227 0.929017 0.880252 0.983501 0.984711
10560_mask.png 0.981234 0.833826 0.90753 0.909384 1.0 0.833826 0.982849
10614_mask.png 0.94772 0.633757 0.790738 0.775828 0.727455 0.831091 0.952057
10204_mask.png 0.918628 0.743506 0.831067 0.852886 0.950239 0.773627 0.934158
10615_mask.png 0.832293 0.548117 0.690205 0.708108 0.57106 0.931707 0.860641
10521_mask.png 0.891368 0.638312 0.76484 0.779231 0.829309 0.734857 0.908844
10082_mask.png 0.951017 0.515714 0.733366 0.68049 0.864096 0.561237 0.953445
10230_mask.png 0.983135 0.661392 0.822264 0.79619 0.820573 0.773215 0.983673
10686_mask.png 0.928689 0.768963 0.848826 0.869394 0.856452 0.882733 0.942368
10368_mask.png 0.96478 0.611338 0.788059 0.758796 0.694529 0.836169 0.966629
10308_mask.png 0.884967 0.92469 0.904828 0.960871 0.949494 0.972525 0.952316
10139_mask.png 0.88041 0.684138 0.782274 0.812449 0.971048 0.698384 0.905014
10227_mask.png 0.962048 0.901129 0.931588 0.947993 0.954061 0.942002 0.971802
10643_mask.png 0.98421 0.636199 0.810205 0.777655 0.686015 0.897554 0.984634
10576_mask.png 0.902915 0.619862 0.761388 0.765327 0.948533 0.641435 0.916183
10352_mask.png 0.950551 0.8085 0.879525 0.894111 0.994727 0.81198 0.959091
10773_mask.png 0.906415 0.541393 0.723904 0.702473 0.976633 0.548498 0.915726
10684_mask.png 0.993042 0.808059 0.900551 0.893841 0.966321 0.831476 0.99324
10095_mask.png 0.894249 0.6994 0.796824 0.823114 0.900745 0.757803 0.915131
10010_mask.png 0.999297 0.695364 0.847331 0.820313 1.0 0.695364 0.999298
10037_mask.png 0.904424 0.66654 0.785482 0.799909 0.851036 0.754576 0.919754
10638_mask.png 0.970287 0.581655 0.775971 0.735502 0.811232 0.672704 0.971466
10746_mask.png 0.981703 0.856555 0.919129 0.922736 0.928643 0.916903 0.983505
10382_mask.png 0.972229 0.765128 0.868679 0.866938 0.974547 0.780729 0.974533
10114_mask.png 0.909196 0.712901 0.811048 0.83239 0.931479 0.752355 0.925903
10545_mask.png 0.965916 0.857713 0.911815 0.923408 0.979309 0.873543 0.971725
10384_mask.png 0.94898 0.782146 0.865563 0.877758 0.937275 0.825348 0.956879
10625_mask.png 0.985768 0.894777 0.940273 0.944467 0.962323 0.927261 0.987305
10214_mask.png 0.98374 0.69803 0.840885 0.822165 0.980587 0.707812 0.984329
10434_mask.png 0.96768 0.466183 0.716931 0.635914 0.946344 0.478839 0.968567
10326_mask.png 0.899737 0.494467 0.697102 0.66173 0.614617 0.716665 0.908691
10526_mask.png 0.937358 0.562781 0.750069 0.72023 0.969277 0.573002 0.942032
10201_mask.png 0.979644 0.763058 0.871351 0.865608 0.788116 0.96 0.980896
10011_mask.png 0.835245 0.779451 0.807348 0.876058 0.946879 0.815094 0.895874
10156_mask.png 0.851947 0.539015 0.695481 0.700467 0.554689 0.950187 0.873795
10179_mask.png 1.0 1.0 1.0 1.0 1.0 1.0 1.0
10293_mask.png 0.832177 0.640364 0.73627 0.780758 0.760862 0.801723 0.870789
10021_mask.png 0.953899 0.671583 0.812741 0.803529 0.753302 0.860933 0.95787
10711_mask.png 0.916746 0.86127 0.889008 0.925465 0.868302 0.990684 0.945114
10752_mask.png 0.92051 0.613405 0.766957 0.760385 0.972959 0.624044 0.929413
10529_mask.png 0.835865 0.593545 0.714705 0.744937 0.610356 0.955653 0.867599
10147_mask.png 0.808944 0.693255 0.7511 0.818843 0.694204 0.998031 0.866562
10289_mask.png 1.0 nan 1.0 nan nan nan 1.0
10050_mask.png 0.964439 0.69867 0.831555 0.822609 0.720138 0.959078 0.967148
10309_mask.png 0.848694 0.688373 0.768533 0.815427 0.698002 0.980354 0.886597
10184_mask.png 0.939668 0.510333 0.725001 0.675789 0.546672 0.884756 0.943237
10246_mask.png 0.989483 0.879767 0.934625 0.936038 0.895925 0.979912 0.990234
10772_mask.png 0.991646 0.815385 0.903515 0.898305 0.862745 0.936922 0.991943
10025_mask.png 0.948439 0.619878 0.784159 0.765339 0.68838 0.861671 0.952438
10278_mask.png 0.843214 0.644618 0.743916 0.783912 0.907108 0.690178 0.87793
10568_mask.png 0.886306 0.770814 0.82856 0.870576 0.938934 0.811496 0.917755
10770_mask.png 0.999235 0.8 0.899617 0.888889 0.952381 0.833333 0.999237
10758_mask.png 0.968054 0.594403 0.781228 0.745612 0.98191 0.600984 0.969482
10469_mask.png 0.930799 0.535552 0.733176 0.697537 0.732567 0.665704 0.935913
10551_mask.png 0.738879 0.401389 0.570134 0.572845 0.406232 0.971159 0.777786
10594_mask.png 0.975914 0.964055 0.969985 0.981699 0.964417 0.999611 0.985367
10056_mask.png 0.901501 0.564649 0.733075 0.721758 0.742103 0.702498 0.912659
10691_mask.png 0.92122 0.645989 0.783604 0.784925 0.963617 0.662138 0.931122
10121_mask.png 0.996442 0.725653 0.861048 0.841019 0.95768 0.749693 0.996475
10768_mask.png 0.906694 0.542387 0.72454 0.703309 0.716356 0.690728 0.915985
10123_mask.png 0.794102 0.739812 0.766957 0.850451 0.963069 0.761413 0.870132
10058_mask.png 0.94304 0.682941 0.81299 0.811604 0.866336 0.763377 0.949265
10014_mask.png 1.0 nan 1.0 nan nan nan 1.0
10606_mask.png 0.98242 0.578336 0.780378 0.732843 0.949538 0.596674 0.982834
10068_mask.png 0.922759 0.662727 0.792743 0.797157 0.955944 0.683606 0.932938
10499_mask.png 0.968233 0.887112 0.927672 0.94018 0.999924 0.887172 0.974579
10409_mask.png 0.99272 0.981908 0.987314 0.990871 0.996136 0.985662 0.994781
10760_mask.png 0.923699 0.394124 0.658912 0.565408 0.403936 0.941945 0.927307
10719_mask.png 0.960219 0.598794 0.779506 0.749057 0.688989 0.820599 0.962448
10191_mask.png 0.921848 0.435945 0.678897 0.607189 0.447763 0.942915 0.9263
10496_mask.png 0.957632 0.203075 0.580353 0.337593 0.204559 0.965517 0.958084
10166_mask.png 0.984904 0.772815 0.87886 0.871851 0.89689 0.848172 0.985641
10669_mask.png 0.95111 0.917764 0.934437 0.957119 0.999741 0.917983 0.968369
10430_mask.png 1.0 nan 1.0 nan nan nan 1.0
10742_mask.png 0.952734 0.60804 0.780387 0.75625 0.973049 0.618456 0.955963
10728_mask.png 0.377235 0.443694 0.410465 0.614665 0.467932 0.895463 0.583908
10455_mask.png 0.835949 0.442413 0.639181 0.613434 0.591954 0.636532 0.854843
10528_mask.png 0.92313 0.576233 0.749682 0.731152 0.807973 0.667671 0.930405
10355_mask.png 0.889144 0.545145 0.717145 0.705623 0.637895 0.789441 0.902145
10608_mask.png 0.936153 0.459338 0.697745 0.629516 0.931749 0.475331 0.939438
10672_mask.png 0.989868 0.807203 0.898536 0.893318 0.961081 0.834481 0.99028
10072_mask.png 0.9618 0.626033 0.793917 0.770013 0.671154 0.903026 0.964096
10270_mask.png 0.865375 0.459406 0.662391 0.629579 0.463904 0.97933 0.879196
10325_mask.png 0.899425 0.743248 0.821336 0.852716 0.96816 0.76187 0.922104
10094_mask.png 0.891387 0.649145 0.770266 0.78725 0.976752 0.659331 0.909561
10396_mask.png 0.997299 0.0 0.49865 nan nan 0.0 0.997299
10641_mask.png 0.968312 0.550887 0.7596 0.710416 0.703991 0.716959 0.969498
10075_mask.png 0.934317 0.737841 0.836079 0.849147 0.933108 0.779048 0.944565
10168_mask.png 0.98673 0.932457 0.959594 0.965048 0.939798 0.991693 0.988785
10261_mask.png 0.994629 0.337736 0.666183 0.504937 0.895 0.35167 0.994644
10165_mask.png 1.0 1.0 1.0 1.0 1.0 1.0 1.0
10074_mask.png 0.678015 0.414534 0.546275 0.586107 0.491954 0.72483 0.737793
10436_mask.png 0.90283 0.490196 0.696513 0.657895 0.765969 0.576547 0.911133
10426_mask.png 0.990901 0.730181 0.860541 0.844051 0.755034 0.956865 0.991119
10519_mask.png 0.995398 0.954553 0.974976 0.976748 0.997754 0.956608 0.995804
10683_mask.png 0.905753 0.655596 0.780675 0.791976 0.792008 0.791945 0.92009
10717_mask.png 0.979549 0.948785 0.964167 0.97372 0.970309 0.977154 0.985168
10695_mask.png 0.917195 0.871689 0.894442 0.931446 0.90572 0.958677 0.947006
10328_mask.png 0.886705 0.782596 0.834651 0.878041 0.820547 0.944199 0.919525
10466_mask.png 0.85212 0.490663 0.671392 0.658316 0.510367 0.927056 0.87056
10257_mask.png 1.0 nan 1.0 nan nan nan 1.0
10679_mask.png 0.940948 0.657503 0.799225 0.793366 0.834647 0.755976 0.94696
10364_mask.png 0.96674 0.966993 0.966866 0.983219 0.992086 0.97451 0.983154
10710_mask.png 0.833534 0.466353 0.649944 0.636072 0.489099 0.909319 0.854675
10145_mask.png 0.940929 0.815212 0.87807 0.8982 0.936347 0.86304 0.95314
10572_mask.png 0.881347 0.754033 0.81769 0.859771 0.973816 0.769637 0.912994
10015_mask.png 0.935561 0.618249 0.776905 0.764096 0.845115 0.697253 0.94165
10126_mask.png 0.913587 0.829021 0.871304 0.906519 0.901976 0.911107 0.939102
10379_mask.png 0.915564 0.546792 0.731178 0.707001 0.557765 0.96527 0.92337
10495_mask.png 0.88562 0.782461 0.834041 0.877956 0.92769 0.833282 0.918961
10153_mask.png 0.949076 0.717576 0.833326 0.835568 0.824874 0.846544 0.95491
10380_mask.png 0.960976 0.8391 0.900038 0.912512 0.963401 0.866729 0.967575
10605_mask.png 0.963649 0.542101 0.752875 0.703068 0.8356 0.606822 0.965149
10673_mask.png 0.954101 0.975425 0.964763 0.98756 0.976798 0.99856 0.983734
10274_mask.png 0.843047 0.967065 0.905056 0.983257 0.998517 0.968456 0.972015
10739_mask.png 0.986507 0.676813 0.83166 0.807261 0.795495 0.819381 0.986877
10224_mask.png 0.996741 0.935218 0.965979 0.966524 0.944516 0.989583 0.996887
10659_mask.png 0.940343 0.793654 0.866999 0.884958 0.957567 0.822584 0.951477
10232_mask.png 0.96026 0.770384 0.865322 0.870301 0.870498 0.870105 0.964935
10341_mask.png 0.967943 0.56159 0.764767 0.719254 0.642555 0.816746 0.969208
10723_mask.png 0.967342 0.761682 0.864512 0.864721 0.964948 0.783357 0.970428
10255_mask.png 0.847751 0.816014 0.831882 0.898687 0.981861 0.828503 0.909119
10756_mask.png 0.99852 0.0 0.49926 nan 0.0 nan 0.99852
10730_mask.png 0.942011 0.959749 0.95088 0.979461 0.996959 0.962566 0.975662
10344_mask.png 0.941564 0.844699 0.893132 0.915812 0.981252 0.858555 0.955658
10366_mask.png 0.904852 0.637437 0.771145 0.778579 0.81549 0.744865 0.918488
10018_mask.png 0.99271 0.441176 0.716943 0.612245 0.96401 0.448565 0.992752
10241_mask.png 0.903834 0.632309 0.768071 0.774742 0.704492 0.860553 0.91748
10371_mask.png 0.880328 0.648578 0.764453 0.786833 0.831183 0.746976 0.901978
10240_mask.png 0.981611 0.53671 0.75916 0.698518 0.934381 0.557732 0.981995
10564_mask.png 0.97772 0.765789 0.871754 0.867362 0.998654 0.766581 0.979233
10743_mask.png 0.931788 0.733409 0.832598 0.846204 0.902554 0.796477 0.942566
10492_mask.png 0.997199 0.959972 0.978586 0.979577 0.983782 0.975408 0.997375
10033_mask.png 0.860662 0.703718 0.78219 0.826097 0.994083 0.706678 0.895309
10080_mask.png 0.931631 0.733832 0.832732 0.846486 0.943879 0.767311 0.942474
10322_mask.png 0.964821 0.602072 0.783446 0.751617 0.755474 0.747799 0.966599
10092_mask.png 0.810658 0.596387 0.703523 0.747171 0.842814 0.671022 0.852051
10064_mask.png 1.0 1.0 1.0 1.0 1.0 1.0 1.0
10087_mask.png 0.950353 0.710694 0.830524 0.830884 0.859763 0.803882 0.95575
10375_mask.png 0.962112 0.572772 0.767442 0.72836 0.603659 0.917995 0.963943
10446_mask.png 0.975509 0.835902 0.905705 0.910617 0.844447 0.988039 0.978226
10771_mask.png 1.0 nan 1.0 nan nan nan 1.0
10637_mask.png 0.9848 0.82629 0.905545 0.904884 0.856561 0.958984 0.985825
10530_mask.png 0.934115 0.673115 0.803615 0.804625 0.745122 0.874455 0.941986
10682_mask.png 0.975822 0.840901 0.908362 0.913576 0.999193 0.841473 0.978561
10100_mask.png 0.931945 0.931119 0.931532 0.964331 0.950424 0.978652 0.964554
10359_mask.png 1.0 nan 1.0 nan nan nan 1.0
10035_mask.png 0.976303 0.579065 0.777684 0.733428 0.682838 0.792113 0.977051
10766_mask.png 1.0 nan 1.0 nan nan nan 1.0
10239_mask.png 0.647406 0.697886 0.672646 0.822065 0.808587 0.836 0.805679
10200_mask.png 0.926695 0.969254 0.947974 0.984387 0.985564 0.983213 0.977859
10667_mask.png 0.906158 0.649495 0.777827 0.787508 0.721945 0.866167 0.920059
10004_mask.png 0.93864 0.706862 0.822751 0.828259 0.933164 0.744557 0.946548
10253_mask.png 0.979087 0.545393 0.76224 0.705831 0.557138 0.962785 0.979599
10639_mask.png 0.988581 0.917526 0.953053 0.956989 0.98127 0.933881 0.989868
10486_mask.png 0.913363 0.685206 0.799284 0.813201 0.953071 0.709132 0.927109
10281_mask.png 0.992861 0.729682 0.861272 0.843718 0.729682 1.0 0.992996
10619_mask.png 0.79126 0.436785 0.614023 0.608004 0.447708 0.947101 0.820343
10504_mask.png 0.916577 0.386704 0.651641 0.557732 0.98437 0.389094 0.920746
10561_mask.png 0.867053 0.571404 0.719229 0.727253 0.627432 0.864844 0.88707
10180_mask.png 0.97462 0.878205 0.926413 0.935154 0.924073 0.946504 0.978546
10125_mask.png 0.937011 0.856521 0.896766 0.922716 0.979169 0.872418 0.954224
10712_mask.png 0.969859 0.56469 0.767274 0.721791 0.570966 0.980907 0.970993
10394_mask.png 1.0 1.0 1.0 1.0 1.0 1.0 1.0
10674_mask.png 0.97093 0.54913 0.76003 0.708953 0.562077 0.959743 0.971924
10443_mask.png 0.871479 0.66996 0.77072 0.802367 0.931191 0.704855 0.898071
10060_mask.png 1.0 1.0 1.0 1.0 1.0 1.0 1.0
10729_mask.png 1.0 nan 1.0 nan nan nan 1.0
10415_mask.png 0.990851 0.956578 0.973715 0.977807 0.989825 0.966078 0.992386
10251_mask.png 0.929863 0.588797 0.75933 0.741186 0.60832 0.948311 0.936264
10386_mask.png 0.905208 0.775486 0.840347 0.873548 0.965709 0.797445 0.928589
10508_mask.png 0.934105 0.659344 0.796724 0.794704 0.783036 0.806725 0.941559
10748_mask.png 0.86896 0.915466 0.892213 0.955868 0.983248 0.929971 0.945831
10471_mask.png 0.948673 0.566914 0.757793 0.723606 0.737972 0.709788 0.951904
10452_mask.png 0.990672 0.371251 0.680961 0.541478 1.0 0.371251 0.990723
10023_mask.png 0.931475 0.665538 0.798506 0.799187 0.833316 0.767744 0.939697
10451_mask.png 0.888492 0.577285 0.732888 0.731998 0.778097 0.691056 0.903229
10296_mask.png 0.95408 0.56346 0.75877 0.720786 0.736937 0.705328 0.95665
10342_mask.png 0.953009 0.525992 0.7395 0.689377 0.556069 0.906756 0.955338
10357_mask.png 0.931466 0.639287 0.785376 0.779957 0.769848 0.790335 0.938889
10652_mask.png 0.987091 0.0 0.493546 nan 0.0 nan 0.987091
10170_mask.png 0.953485 0.645917 0.799701 0.784872 0.801689 0.768746 0.957123
10354_mask.png 1.0 nan 1.0 nan nan nan 1.0
10295_mask.png 0.94397 0.77672 0.860345 0.87433 0.913753 0.838168 0.95311
10052_mask.png 0.982174 0.867645 0.92491 0.929133 0.944881 0.913901 0.984039
10408_mask.png 1.0 nan 1.0 nan nan nan 1.0
10279_mask.png 1.0 nan 1.0 nan nan nan 1.0
10370_mask.png 0.92356 0.519622 0.721591 0.683883 0.589864 0.813557 0.929398
10660_mask.png 0.998108 0.0 0.499054 nan 0.0 nan 0.998108
10294_mask.png 0.989074 0.714578 0.851826 0.833532 0.714578 1.0 0.989365
10749_mask.png 0.962677 0.567106 0.764891 0.723762 0.981053 0.573386 0.964417
10584_mask.png 0.940399 0.654966 0.797682 0.791516 0.688404 0.930957 0.946457
10285_mask.png 1.0 1.0 1.0 1.0 1.0 1.0 1.0
10381_mask.png 0.983712 0.707491 0.845601 0.828691 0.955385 0.731664 0.984329
10235_mask.png 0.917187 0.752625 0.834906 0.858855 0.961157 0.776234 0.933853
10566_mask.png 0.946408 0.934455 0.940431 0.966117 0.950985 0.981738 0.96962
10178_mask.png 0.94212 0.552748 0.747434 0.711961 0.581473 0.917961 0.945984
10103_mask.png 1.0 1.0 1.0 1.0 1.0 1.0 1.0
10599_mask.png 0.894783 0.477792 0.686287 0.646629 0.951082 0.489829 0.904022
10423_mask.png 1.0 nan 1.0 nan nan nan 1.0
10195_mask.png 0.938653 0.958397 0.948525 0.978757 0.975646 0.981887 0.974579
10205_mask.png 0.851787 0.405941 0.628864 0.577465 0.42271 0.910973 0.865417
10675_mask.png 0.959815 0.399438 0.679627 0.570855 0.426287 0.863797 0.960861
10755_mask.png 0.952564 0.591433 0.771998 0.743271 0.927533 0.620085 0.955612
10429_mask.png 1.0 nan 1.0 nan nan nan 1.0
10513_mask.png 0.942197 0.715196 0.828697 0.833952 0.951546 0.742227 0.949524
10098_mask.png 0.991217 0.981447 0.986332 0.990636 0.999952 0.981493 0.994003
10007_mask.png 0.979902 0.941093 0.960498 0.969653 0.94866 0.991596 0.984787
10525_mask.png 0.804441 0.785501 0.794971 0.879866 0.97082 0.804495 0.886047
10604_mask.png 0.901196 0.648727 0.774961 0.786943 0.880463 0.711382 0.916443
10275_mask.png 0.843124 0.558609 0.700866 0.716804 0.672573 0.767263 0.86911
10589_mask.png 0.926529 0.790681 0.858605 0.883106 0.960078 0.817561 0.94249
10327_mask.png 0.956553 0.7791 0.867827 0.875836 0.913363 0.841271 0.962326
10630_mask.png 0.991112 0.649969 0.820541 0.787856 1.0 0.649969 0.991257
10552_mask.png 0.883513 0.473564 0.678539 0.642746 0.974753 0.479445 0.894562
10280_mask.png 0.918108 0.550332 0.73422 0.709954 0.75 0.673967 0.925568
10476_mask.png 0.928469 0.809516 0.868993 0.894732 0.981561 0.822017 0.945145
10273_mask.png 0.996019 0.651882 0.82395 0.78926 0.702899 0.899814 0.996048
10745_mask.png 0.968685 0.651008 0.809846 0.788619 0.894411 0.705206 0.970413
10688_mask.png 0.916014 0.515253 0.715634 0.680089 0.671123 0.689297 0.922897
10597_mask.png 0.997748 0.934374 0.966061 0.966074 0.985002 0.947858 0.997818
10567_mask.png 0.978813 0.859655 0.919234 0.924532 0.975888 0.878311 0.981247
10248_mask.png 0.955026 0.302533 0.62878 0.46453 0.947846 0.307655 0.955887
10212_mask.png 0.946158 0.859927 0.903042 0.924689 0.996023 0.86289 0.959534
10297_mask.png 0.932807 0.514353 0.72358 0.679304 0.570867 0.838598 0.937271
10225_mask.png 0.870766 0.673951 0.772358 0.805222 0.793658 0.817128 0.89801
10450_mask.png 0.950814 0.673107 0.811961 0.804619 0.769634 0.842937 0.955338
10654_mask.png 0.9288 0.797959 0.863379 0.887627 0.946503 0.835647 0.944427
10097_mask.png 0.967913 0.598198 0.783055 0.748591 0.96325 0.61217 0.969376
10198_mask.png 0.946772 0.489463 0.718117 0.657234 0.489463 1.0 0.949356
10057_mask.png 0.961139 0.786426 0.873783 0.880446 0.824854 0.944074 0.966003
10031_mask.png 0.953385 0.616464 0.784925 0.762732 0.789901 0.737369 0.956635
10390_mask.png 0.963734 0.513806 0.73877 0.678827 0.947884 0.528743 0.965073
10500_mask.png 0.906282 0.432151 0.669217 0.6035 0.457338 0.886969 0.912521
10041_mask.png 0.979076 0.429658 0.704367 0.601064 0.95314 0.43893 0.979401
10425_mask.png 0.958707 0.947696 0.953201 0.973146 0.989662 0.957172 0.976379
10196_mask.png 0.835818 0.441218 0.638518 0.612285 0.445953 0.9765 0.85466
10154_mask.png 0.967822 0.457882 0.712852 0.628147 0.950137 0.469156 0.968674
10223_mask.png 0.987834 0.65923 0.823532 0.794622 0.765752 0.825753 0.988113
10640_mask.png 0.929581 0.244727 0.587154 0.393222 0.248936 0.935381 0.931152
10016_mask.png 0.779483 0.811488 0.795485 0.895935 0.976173 0.827886 0.886871
10048_mask.png 0.930125 0.46813 0.699127 0.637723 0.491457 0.907939 0.934174
10090_mask.png 1.0 1.0 1.0 1.0 1.0 1.0 1.0
10512_mask.png 0.901754 0.90558 0.903667 0.950451 0.916808 0.986656 0.949417
10124_mask.png 1.0 1.0 1.0 1.0 1.0 1.0 1.0
10477_mask.png 0.900836 0.512629 0.706733 0.677799 0.937027 0.53092 0.910202
10339_mask.png 0.956432 0.467776 0.712104 0.637395 0.951575 0.479183 0.958038
10363_mask.png 0.99439 0.960025 0.977207 0.979605 0.970079 0.98932 0.995056
10601_mask.png 0.732378 0.591331 0.661854 0.74319 0.830149 0.672722 0.807083
10112_mask.png 0.866698 0.795413 0.831055 0.88605 0.859729 0.914035 0.912201
10142_mask.png 0.99316 0.705804 0.849482 0.827532 0.944643 0.736256 0.993271
10618_mask.png 0.934682 0.603887 0.769285 0.753029 0.901565 0.646514 0.940598
10414_mask.png 0.895024 0.663022 0.779023 0.79737 0.682629 0.958479 0.912994
10474_mask.png 0.96512 0.439688 0.702404 0.61081 0.574342 0.652223 0.966049
10374_mask.png 0.699096 0.668351 0.683723 0.801211 0.75562 0.852657 0.812683
10582_mask.png 0.996765 0.924051 0.960408 0.960526 0.943009 0.978707 0.996887
10437_mask.png 0.967773 0.72051 0.844142 0.837554 0.953528 0.746732 0.970245
10689_mask.png 0.989149 0.905724 0.947436 0.95053 0.962658 0.938704 0.990173
10431_mask.png 0.937664 0.743514 0.840589 0.852891 0.770649 0.954783 0.947205
10395_mask.png 0.983496 0.963866 0.973681 0.981601 0.976743 0.986507 0.988541
10459_mask.png 0.928557 0.761872 0.845214 0.864844 0.930905 0.807537 0.941849
10008_mask.png 0.93845 0.80891 0.87368 0.894362 0.850505 0.942986 0.951172
10177_mask.png 0.927293 0.76813 0.847712 0.868861 0.850619 0.887904 0.941406
10444_mask.png 0.932249 0.429054 0.680652 0.600473 0.965339 0.435767 0.935532
10627_mask.png 0.985626 0.907996 0.946811 0.95178 0.972644 0.931792 0.987411
10649_mask.png 0.976233 0.503266 0.739749 0.669563 0.691962 0.648569 0.976791
10262_mask.png 1.0 1.0 1.0 1.0 1.0 1.0 1.0
10030_mask.png 0.956876 0.798363 0.877619 0.887877 0.852784 0.925983 0.963165
10222_mask.png 0.939075 0.695509 0.817292 0.820413 0.808279 0.832917 0.946518
10677_mask.png 0.980292 0.964638 0.972465 0.982001 0.984363 0.979649 0.987183
10283_mask.png 0.422745 0.691865 0.557305 0.817872 0.975477 0.704111 0.748596
10569_mask.png 0.930551 0.256316 0.593434 0.408044 0.992228 0.256832 0.932175
10613_mask.png 0.958518 0.641146 0.799832 0.781339 0.955016 0.661111 0.96138
10312_mask.png 0.969978 0.852802 0.91139 0.920554 0.915002 0.926173 0.974426
10583_mask.png 0.607326 0.770343 0.688834 0.870275 0.820515 0.926461 0.830536
10776_mask.png 0.981952 0.856239 0.919095 0.922553 0.970552 0.879077 0.983704
10231_mask.png 0.952304 0.661777 0.80704 0.796469 0.921885 0.70109 0.956375
10725_mask.png 0.134182 0.122686 0.128434 0.218558 0.376029 0.154047 0.227692
10736_mask.png 0.94366 0.896998 0.920329 0.945702 0.958115 0.933607 0.962204
10361_mask.png 0.94606 0.701086 0.823573 0.82428 0.77165 0.884615 0.952118
10300_mask.png 0.95451 0.894411 0.924461 0.944263 0.923923 0.965519 0.967163
10718_mask.png 1.0 nan 1.0 nan nan nan 1.0
10433_mask.png 0.808239 0.411199 0.609719 0.582766 0.518419 0.665349 0.830887
10553_mask.png 0.889977 0.777155 0.833566 0.874606 0.957078 0.80522 0.920486
10774_mask.png 0.99233 0.865563 0.928946 0.927937 0.987196 0.87539 0.992691
10085_mask.png 0.948728 0.967736 0.958232 0.983604 0.96861 0.999069 0.979797
10019_mask.png 0.936301 0.58701 0.761656 0.739769 0.856042 0.651305 0.941589
10646_mask.png 0.975124 0.678364 0.826744 0.808363 0.787608 0.830241 0.976364
10670_mask.png 0.982052 0.878615 0.930333 0.935386 0.890241 0.985354 0.984116
10219_mask.png 0.651827 0.815311 0.733569 0.89826 0.819552 0.993693 0.862762
10243_mask.png 0.912917 0.588087 0.750502 0.740623 0.975896 0.596756 0.922546
10550_mask.png 0.981498 0.395865 0.688682 0.567197 0.958486 0.402771 0.98172
10610_mask.png 0.999175 0.649351 0.824263 0.787402 0.934579 0.680272 0.999176
10022_mask.png 0.97483 0.700096 0.837463 0.823596 0.971162 0.71496 0.976227
10734_mask.png 0.891627 0.724518 0.808073 0.840255 0.885262 0.799604 0.915665
10302_mask.png 0.946603 0.537414 0.742009 0.699114 0.991196 0.539992 0.949722
10102_mask.png 0.930066 0.808392 0.869229 0.894045 0.936406 0.855351 0.945999
10763_mask.png 0.975822 0.871676 0.923749 0.931439 0.994514 0.875888 0.979233
10077_mask.png 0.973668 0.695074 0.834371 0.82011 0.785065 0.858432 0.975159
10518_mask.png 0.959227 0.730662 0.844944 0.844373 0.744921 0.97447 0.963287
10407_mask.png 0.92791 0.737437 0.832673 0.848879 0.844494 0.85331 0.940048
10517_mask.png 0.935841 0.770079 0.85296 0.870107 0.792399 0.964714 0.947189
10132_mask.png 0.958399 0.454564 0.706482 0.625018 0.686465 0.573668 0.959793
10726_mask.png 0.964108 0.573303 0.768705 0.728789 0.869127 0.627471 0.965759
10520_mask.png 0.815174 0.703192 0.759183 0.825734 0.978861 0.714035 0.87146
10562_mask.png 0.951315 0.532478 0.741896 0.694924 0.563872 0.905338 0.953873
10042_mask.png 1.0 1.0 1.0 1.0 1.0 1.0 1.0
10356_mask.png 0.930898 0.691205 0.811052 0.817412 0.75668 0.888743 0.940155
10475_mask.png 0.965735 0.545225 0.75548 0.70569 0.62935 0.803106 0.967087
10226_mask.png 0.91599 0.594022 0.755006 0.745312 0.691337 0.808429 0.925186
10218_mask.png 0.980825 0.64699 0.813908 0.785664 0.908905 0.691853 0.981476
10480_mask.png 0.895801 0.746409 0.821105 0.854793 0.939416 0.784156 0.920258
10470_mask.png 1.0 nan 1.0 nan nan nan 1.0
10182_mask.png 0.919744 0.648242 0.783993 0.786586 0.948125 0.672079 0.930084
10171_mask.png 0.954283 0.523149 0.738716 0.686931 0.591347 0.819372 0.956467
10666_mask.png 0.963056 0.474428 0.718742 0.643542 0.6971 0.597626 0.964249
10510_mask.png 0.877829 0.683856 0.780842 0.81225 0.755057 0.878817 0.903366
10256_mask.png 0.800979 0.249402 0.525191 0.399234 0.250678 0.97999 0.813324
10310_mask.png 0.929442 0.433716 0.681579 0.605024 0.748163 0.50786 0.93306
10635_mask.png 0.870046 0.826304 0.848175 0.904892 0.872582 0.939686 0.919693
10704_mask.png 0.973889 0.941325 0.957607 0.969776 1.0 0.941325 0.981598
10461_mask.png 0.924352 0.695593 0.809972 0.820471 0.938678 0.728706 0.935501
10424_mask.png 0.869652 0.511663 0.690657 0.676953 0.539162 0.909353 0.885315
10402_mask.png 0.892872 0.650403 0.771638 0.788175 0.662228 0.97328 0.910675
10420_mask.png 0.849899 0.650625 0.750262 0.788338 0.65895 0.980952 0.88269
10531_mask.png 0.970137 0.688338 0.829238 0.815403 0.964099 0.706446 0.971985
10027_mask.png 0.981869 0.712951 0.84741 0.832424 0.762625 0.916288 0.982651
10131_mask.png 1.0 1.0 1.0 1.0 1.0 1.0 1.0
10483_mask.png 1.0 nan 1.0 nan nan nan 1.0
10602_mask.png 0.845149 0.535699 0.690424 0.697661 0.560641 0.92332 0.868622
10732_mask.png 1.0 nan 1.0 nan nan nan 1.0
10502_mask.png 0.979364 0.915604 0.947484 0.955943 0.91989 0.994937 0.983139
10315_mask.png 0.947867 0.66966 0.808764 0.802151 0.801843 0.80246 0.95285
10687_mask.png 0.990161 0.898736 0.944449 0.946668 0.990403 0.906632 0.990952
10539_mask.png 0.971523 0.846483 0.909003 0.91686 0.910431 0.92338 0.975388
10288_mask.png 0.907542 0.848321 0.877932 0.917937 0.948575 0.889216 0.939056
10320_mask.png 0.950721 0.585928 0.768325 0.738909 0.680905 0.807714 0.953934
10702_mask.png 0.959149 0.563658 0.761404 0.720948 0.61563 0.869738 0.961197
10006_mask.png 0.986372 0.775467 0.880919 0.873536 0.825904 0.926998 0.986984
10089_mask.png 0.919713 0.682583 0.801148 0.811352 0.891774 0.744234 0.931534
10467_mask.png 0.866346 0.627222 0.746784 0.770911 0.668036 0.911239 0.890884
10150_mask.png 0.951876 0.735275 0.843575 0.847445 0.972194 0.751069 0.95755
10506_mask.png 0.963304 0.912051 0.937678 0.954003 0.955972 0.952042 0.973419
10713_mask.png 0.916243 0.75766 0.836952 0.862124 0.962287 0.780846 0.933624
10024_mask.png 0.940041 0.467475 0.703758 0.637115 0.639165 0.635078 0.943039
10258_mask.png 0.964783 0.344708 0.654745 0.512688 0.464717 0.571703 0.965424
10091_mask.png 0.976325 0.601702 0.789013 0.751328 0.734025 0.769466 0.977142
10578_mask.png 0.911559 0.980259 0.945909 0.990031 0.989362 0.990702 0.983597
10207_mask.png 1.0 nan 1.0 nan nan nan 1.0
10403_mask.png 0.953177 0.727926 0.840551 0.842543 0.730696 0.994819 0.958389
10303_mask.png 0.927656 0.904229 0.915943 0.949706 0.989803 0.912732 0.957016
10587_mask.png 1.0 nan 1.0 nan nan nan 1.0
10516_mask.png 0.921826 0.744427 0.833126 0.853492 0.795432 0.920694 0.936325
10265_mask.png 0.990902 0.873592 0.932247 0.932532 0.987016 0.883747 0.99144
10509_mask.png 0.97432 0.668806 0.821563 0.801538 0.857484 0.752445 0.975586
10254_mask.png 0.944895 0.727611 0.836253 0.842332 0.792032 0.899454 0.951965
10445_mask.png 0.901026 0.824664 0.862845 0.903908 0.945797 0.865572 0.932465
10318_mask.png 0.916427 0.946722 0.931574 0.972632 0.970271 0.975005 0.96637
10703_mask.png 0.497201 0.991708 0.744455 0.995837 0.991708 1.0 0.991776
10628_mask.png 0.963752 0.591715 0.777733 0.743494 0.983759 0.597552 0.965561
10692_mask.png 0.951206 0.659162 0.805184 0.794573 0.868449 0.732279 0.955414
10741_mask.png 0.965639 0.740281 0.85296 0.85076 0.867617 0.834547 0.968704
10216_mask.png 0.185444 0.154661 0.170053 0.26789 0.41728 0.197266 0.291092
10203_mask.png 0.991022 0.736455 0.863739 0.848228 1.0 0.736455 0.991241
10532_mask.png 0.920988 0.68957 0.805279 0.816267 0.871793 0.767391 0.932785
10389_mask.png 0.909069 0.759101 0.834085 0.863056 0.992318 0.763589 0.929321
10377_mask.png 0.845707 0.483186 0.664446 0.651552 0.49408 0.956361 0.865158
10664_mask.png 0.876455 0.794631 0.835543 0.885565 0.950493 0.82894 0.916412
10611_mask.png 0.935265 0.807163 0.871214 0.893293 0.929669 0.859657 0.949066
10697_mask.png 0.895171 0.811162 0.853167 0.895737 0.892809 0.898684 0.927719
10514_mask.png 0.919318 0.756466 0.837892 0.86135 0.873786 0.849263 0.935486
10418_mask.png 0.963405 0.610844 0.787125 0.758415 0.678095 0.860319 0.965393
10588_mask.png 0.863303 0.525902 0.694603 0.6893 0.540901 0.949912 0.881302
10696_mask.png 0.979249 0.841465 0.910357 0.913908 0.904941 0.923055 0.981308
10298_mask.png 0.945807 0.635475 0.790641 0.777114 0.976692 0.645261 0.950485
10472_mask.png 0.938075 0.952153 0.945114 0.97549 0.973102 0.97789 0.97226
10538_mask.png 0.946225 0.693434 0.819829 0.818968 0.897348 0.753179 0.952057
10174_mask.png 0.904713 0.643283 0.773998 0.782924 0.795596 0.77065 0.918686
10767_mask.png 0.942358 0.240221 0.59129 0.387384 0.433001 0.350463 0.94339
10233_mask.png 0.983345 0.805635 0.89449 0.892356 0.999764 0.805788 0.984421
10399_mask.png 0.983576 0.574373 0.778975 0.729653 0.966667 0.585979 0.983932
10299_mask.png 0.792552 0.471794 0.632173 0.641114 0.543357 0.781763 0.824982
10099_mask.png 1.0 1.0 1.0 1.0 1.0 1.0 1.0
10592_mask.png 0.976318 0.051988 0.514153 0.098837 0.219072 0.063814 0.976349
10694_mask.png 0.901994 0.671233 0.786614 0.803279 0.905077 0.722064 0.918335
10029_mask.png 0.953269 0.697219 0.825244 0.821601 0.92262 0.740521 0.957809
10323_mask.png 0.976451 0.50574 0.741095 0.671749 0.54895 0.86532 0.977005
10733_mask.png 1.0 nan 1.0 nan nan nan 1.0
10580_mask.png 0.959795 0.546717 0.753256 0.706939 0.9289 0.570595 0.961655
10577_mask.png 0.929414 0.665622 0.797518 0.799248 0.941794 0.694179 0.93811
10759_mask.png 0.954704 0.648041 0.801373 0.786438 0.696054 0.903798 0.958191
10617_mask.png 0.988505 0.923953 0.956229 0.960474 0.959728 0.961221 0.989914
10573_mask.png 0.847878 0.095418 0.471648 0.174213 0.998071 0.095436 0.850281
10157_mask.png 0.986799 0.574575 0.780687 0.729816 0.713043 0.747396 0.98703
10152_mask.png 1.0 1.0 1.0 1.0 1.0 1.0 1.0
10681_mask.png 0.963443 0.915356 0.9394 0.955808 0.935887 0.976595 0.973801
10271_mask.png 0.990935 0.695766 0.843351 0.820592 0.732526 0.932726 0.991119
10449_mask.png 0.998884 0.934959 0.966922 0.966387 0.978261 0.954797 0.998901
10026_mask.png 1.0 nan 1.0 nan nan nan 1.0
10079_mask.png 0.838559 0.51799 0.678274 0.682468 0.530759 0.955617 0.862427
10002_mask.png 0.923276 0.726194 0.824735 0.841382 0.911941 0.780957 0.936249
10598_mask.png 0.929877 0.716062 0.82297 0.834541 0.897721 0.779669 0.940414
10118_mask.png 1.0 nan 1.0 nan nan nan 1.0
10574_mask.png 0.930345 0.201637 0.565991 0.335604 0.998238 0.201709 0.931549
10661_mask.png 0.934034 0.590942 0.762488 0.742883 0.609774 0.950333 0.939774
10334_mask.png 0.969838 0.591458 0.780648 0.743291 0.76464 0.723101 0.9711
10194_mask.png 0.0 0.99382 0.49691 0.996901 0.99382 1.0 0.99382
10304_mask.png 0.961112 0.627298 0.794205 0.770969 0.925092 0.660867 0.963501
10621_mask.png 0.914334 0.875714 0.895024 0.93374 0.940557 0.92702 0.946579
10181_mask.png 0.99542 0.7924 0.89391 0.884177 0.975737 0.808327 0.995499
10693_mask.png 0.957808 0.518303 0.738055 0.68274 0.57379 0.84276 0.959641
10482_mask.png 0.82605 0.327961 0.577005 0.493932 0.98106 0.330051 0.839661
10054_mask.png 0.886913 0.667107 0.77701 0.800317 0.806716 0.794019 0.907806
10305_mask.png 0.961553 0.566811 0.764182 0.723522 0.592823 0.928149 0.963394
10657_mask.png 0.856718 0.706387 0.781552 0.827933 0.800152 0.857712 0.893448
10757_mask.png 0.958444 0.489673 0.724058 0.657423 0.894624 0.519644 0.960037
10632_mask.png 0.840653 0.711194 0.775923 0.831226 0.896553 0.774771 0.885559
10494_mask.png 0.973004 0.514536 0.74377 0.679463 0.517457 0.989148 0.973755
10716_mask.png 0.942591 0.722095 0.832343 0.838624 0.942082 0.75564 0.950043
10032_mask.png 0.777108 0.685177 0.731143 0.813181 0.968073 0.701018 0.849915
10490_mask.png 0.885845 0.438889 0.662367 0.610039 0.529313 0.719818 0.895203
10488_mask.png 0.780145 0.853926 0.817035 0.921208 0.876841 0.970305 0.903793
10107_mask.png 0.96331 0.529927 0.746618 0.692748 0.964074 0.540602 0.964767
10593_mask.png 0.892865 0.684499 0.788682 0.812703 0.746242 0.892161 0.913071
10028_mask.png 0.975123 0.492023 0.733573 0.659538 0.654777 0.664369 0.975708
10440_mask.png 0.867812 0.69564 0.781726 0.820505 0.746014 0.911521 0.898483
10558_mask.png 0.99613 0.623318 0.809724 0.767956 0.727749 0.812865 0.996155
10351_mask.png 0.994994 0.947249 0.971121 0.97291 0.983085 0.962943 0.995407
10462_mask.png 0.997977 0.907801 0.952889 0.951673 0.942563 0.960961 0.998016
10268_mask.png 0.977016 0.562892 0.769954 0.720321 0.640163 0.823427 0.977676
10412_mask.png 0.938091 0.458719 0.698405 0.628934 0.65708 0.603101 0.941177
10163_mask.png 0.971679 0.536975 0.754327 0.698743 0.941708 0.555437 0.97258
10130_mask.png 0.980004 0.828551 0.904277 0.906238 0.987011 0.837685 0.981766
10138_mask.png 0.938112 0.783704 0.860908 0.878738 0.802246 0.971355 0.949448
10497_mask.png 0.969872 0.764004 0.866938 0.866216 0.79476 0.95179 0.972549
10038_mask.png 0.932083 0.866526 0.899304 0.92849 0.898678 0.960349 0.952866
10162_mask.png 0.870194 0.535409 0.702801 0.697416 0.564282 0.912769 0.887085
10104_mask.png 1.0 1.0 1.0 1.0 1.0 1.0 1.0
10421_mask.png 1.0 1.0 1.0 1.0 1.0 1.0 1.0
10367_mask.png 0.959851 0.925569 0.94271 0.961346 0.931575 0.993083 0.973221
10167_mask.png 1.0 nan 1.0 nan nan nan 1.0
10701_mask.png 0.979423 0.898882 0.939153 0.946749 0.983883 0.912315 0.982605
10209_mask.png 1.0 nan 1.0 nan nan nan 1.0
10017_mask.png 0.928408 0.676857 0.802633 0.807293 0.949661 0.702046 0.937744
10202_mask.png 0.946425 0.924599 0.935512 0.960822 0.944323 0.977908 0.967667
10175_mask.png 1.0 nan 1.0 nan nan nan 1.0
10491_mask.png 0.990058 0.775 0.882529 0.873239 0.904167 0.844358 0.990387
10003_mask.png 0.90479 0.849641 0.877215 0.918709 0.859065 0.987253 0.938095
10533_mask.png 0.974278 0.214085 0.594181 0.352668 0.313187 0.40354 0.974457
10656_mask.png 0.870087 0.749049 0.809568 0.856521 0.749202 0.999727 0.906387
10663_mask.png 0.982804 0.498416 0.74061 0.665257 0.902459 0.526794 0.983093
10724_mask.png 0.96478 0.718276 0.841528 0.836043 0.952213 0.745136 0.967682
10464_mask.png 0.93364 0.797924 0.865782 0.887606 0.84526 0.934418 0.947418
10067_mask.png 0.859353 0.761219 0.810286 0.864423 0.968817 0.780338 0.902893
10286_mask.png 1.0 1.0 1.0 1.0 1.0 1.0 1.0
10249_mask.png 0.983491 0.733179 0.858335 0.846051 1.0 0.733179 0.984207
10622_mask.png 0.985993 0.352063 0.669028 0.520779 0.942857 0.359738 0.986099
10210_mask.png 0.982118 0.504093 0.743105 0.670295 0.629032 0.717351 0.982437
10769_mask.png 0.844649 0.718729 0.781689 0.83635 0.920928 0.766 0.888794
10119_mask.png 0.959944 0.669615 0.814779 0.802119 0.983806 0.677078 0.962952
10738_mask.png 0.991406 0.8995 0.945453 0.947092 0.906643 0.991317 0.99202
10317_mask.png 0.938965 0.805721 0.872343 0.892409 0.81555 0.985263 0.951294
10671_mask.png 0.8972 0.485207 0.691203 0.653386 0.509281 0.911223 0.906281
10211_mask.png 0.867834 0.21733 0.542582 0.35706 0.994428 0.217595 0.872513
10333_mask.png 0.989287 0.821838 0.905562 0.902207 0.822933 0.998382 0.989792
10208_mask.png 0.991643 0.951864 0.971754 0.975338 1.0 0.951864 0.992828
10134_mask.png 0.982985 0.635476 0.80923 0.777115 0.681835 0.903349 0.983475
10084_mask.png 0.912213 0.65701 0.784612 0.793006 0.712699 0.89371 0.92485
10735_mask.png 0.902837 0.581948 0.742393 0.735736 0.684372 0.795436 0.914413
10690_mask.png 0.943303 0.921411 0.932357 0.959098 0.998779 0.922451 0.965942
10259_mask.png 0.897301 0.639838 0.768569 0.780367 0.806894 0.755529 0.913147
10159_mask.png 0.969124 0.987599 0.978362 0.993761 0.992945 0.994578 0.991074
10061_mask.png 0.941042 0.613669 0.777355 0.760588 0.616026 0.993802 0.946091
10146_mask.png 1.0 1.0 1.0 1.0 1.0 1.0 1.0
10546_mask.png 0.905759 0.685177 0.795468 0.813181 0.860316 0.770943 0.921799
10647_mask.png 0.947808 0.771089 0.859449 0.870751 0.778935 0.987106 0.955612
10012_mask.png 0.981012 0.909984 0.945498 0.952871 0.912108 0.997448 0.98407
10348_mask.png 0.941327 0.575396 0.758362 0.730478 0.718945 0.742387 0.945648
10439_mask.png 1.0 nan 1.0 nan nan nan 1.0
10244_mask.png 0.837225 0.531279 0.684252 0.693903 0.964201 0.54197 0.862579
10427_mask.png 0.962276 0.675859 0.819068 0.806582 0.80904 0.804139 0.965027
10343_mask.png 0.987754 0.84022 0.913987 0.913174 0.861395 0.971576 0.988495
10447_mask.png 0.961562 0.639945 0.800753 0.780447 0.791651 0.769556 0.96402
10678_mask.png 0.715749 0.416362 0.566055 0.587932 0.419412 0.982832 0.763672
10070_mask.png 0.802251 0.460363 0.631307 0.630478 0.466723 0.971253 0.830795
10650_mask.png 1.0 nan 1.0 nan nan nan 1.0
10314_mask.png 1.0 nan 1.0 nan nan nan 1.0
10655_mask.png 0.953962 0.400819 0.67739 0.572264 0.641336 0.516623 0.955338
10581_mask.png 0.97835 0.731032 0.854691 0.84462 0.846386 0.84286 0.979553
10269_mask.png 0.975639 0.647926 0.811783 0.786353 0.680213 0.931743 0.976685
10479_mask.png 0.906517 0.743562 0.82504 0.852923 0.979191 0.7555 0.926453
10063_mask.png 0.909546 0.745754 0.82765 0.854363 0.96877 0.764124 0.928513
10272_mask.png 1.0 nan 1.0 nan nan nan 1.0
10457_mask.png 0.937723 0.942217 0.93997 0.970249 0.958463 0.982329 0.969101
10117_mask.png 0.957947 0.544603 0.751275 0.705169 0.697333 0.713182 0.959961
10706_mask.png 0.990092 0.836594 0.913343 0.911028 0.959079 0.867562 0.99057
10040_mask.png 0.982063 0.847482 0.914772 0.917445 0.90411 0.93118 0.983688
10332_mask.png 0.905685 0.715927 0.810806 0.834449 0.794972 0.878052 0.923798
10105_mask.png 0.9478 0.621411 0.784605 0.766506 0.718932 0.820822 0.95192
10668_mask.png 0.953898 0.982698 0.968298 0.991273 0.996093 0.9865 0.987259
10319_mask.png 1.0 1.0 1.0 1.0 1.0 1.0 1.0
10453_mask.png 0.98951 0.982677 0.986093 0.991263 0.987958 0.99459 0.993423
10169_mask.png 0.749036 0.461489 0.605263 0.631533 0.465863 0.980061 0.793457
10775_mask.png 1.0 nan 1.0 nan nan nan 1.0
10186_mask.png 0.917294 0.829122 0.873208 0.906579 0.908642 0.904526 0.940979
10590_mask.png 0.967593 0.851956 0.909775 0.920061 0.999515 0.852308 0.972687
10722_mask.png 0.946933 0.745455 0.846194 0.854167 0.847107 0.861345 0.954071
10540_mask.png 0.903968 0.542133 0.72305 0.703095 0.666103 0.744437 0.913773
10422_mask.png 0.854884 0.885252 0.870068 0.939134 0.995714 0.888638 0.931534
10083_mask.png 1.0 1.0 1.0 1.0 1.0 1.0 1.0
10507_mask.png 0.940598 0.77039 0.855494 0.870305 0.900529 0.842044 0.95047
10413_mask.png 0.989288 0.958776 0.974032 0.978954 0.998549 0.960115 0.991425
10143_mask.png 0.966786 0.730427 0.848606 0.844216 0.764698 0.94219 0.969528
10626_mask.png 0.933942 0.35858 0.646261 0.527875 0.422138 0.704285 0.936295
10765_mask.png 0.787154 0.340852 0.564003 0.508411 0.344575 0.969272 0.808258
10559_mask.png 0.929912 0.706203 0.818058 0.827807 0.754773 0.916489 0.940018
10282_mask.png 0.902811 0.726009 0.81441 0.841257 0.912621 0.780245 0.922714
10199_mask.png 0.948749 0.562665 0.755707 0.720135 0.750046 0.692518 0.95192
10603_mask.png 0.889678 0.724367 0.807023 0.840154 0.976531 0.7372 0.914474
10267_mask.png 0.980431 0.82522 0.902825 0.904241 0.91635 0.892449 0.982086
10197_mask.png 0.999649 0.54902 0.774334 0.708861 0.54902 1.0 0.999649
10575_mask.png 0.953998 0.787371 0.870684 0.881038 0.997908 0.788673 0.960693
10498_mask.png 0.899317 0.798565 0.848941 0.888002 0.944863 0.837597 0.92804
10699_mask.png 0.936242 0.890362 0.913302 0.942002 0.963498 0.921444 0.957993
10290_mask.png 0.938019 0.827907 0.882963 0.905852 0.874006 0.940107 0.952255
10397_mask.png 1.0 1.0 1.0 1.0 1.0 1.0 1.0
10036_mask.png 0.971381 0.90494 0.93816 0.950098 0.994895 0.909162 0.977509
10069_mask.png 0.919944 0.934696 0.92732 0.966246 0.946169 0.987193 0.962692
10501_mask.png 0.811873 0.542011 0.676942 0.702992 0.573392 0.908288 0.84613
10136_mask.png 0.925392 0.677872 0.801632 0.808014 0.915294 0.723243 0.935516
10151_mask.png 0.978013 0.90639 0.942202 0.950897 0.924976 0.978313 0.981873
10013_mask.png 0.922789 0.873351 0.89807 0.932394 0.944226 0.920856 0.949615
10731_mask.png 0.932896 0.711995 0.822445 0.831772 0.828373 0.835199 0.942444
10527_mask.png 0.985036 0.280443 0.632739 0.43804 0.976864 0.282318 0.985123
10330_mask.png 0.975406 0.753616 0.864511 0.859499 0.964451 0.775148 0.977127
10360_mask.png 0.759706 0.64842 0.704063 0.786717 0.65477 0.985264 0.833496
10754_mask.png 0.965376 0.490132 0.727754 0.657837 0.837366 0.541699 0.966492
10404_mask.png 0.882043 0.861871 0.871957 0.925812 0.946194 0.906289 0.932053
10481_mask.png 0.974655 0.403797 0.689226 0.575293 0.977896 0.407517 0.975082
10537_mask.png 0.969514 0.461709 0.715611 0.631738 0.613069 0.65158 0.970291
10189_mask.png 0.822829 0.575271 0.69905 0.730377 0.593662 0.9489 0.857117
10624_mask.png 0.923846 0.71448 0.819163 0.833466 0.732133 0.967355 0.936035
10266_mask.png 1.0 nan 1.0 nan nan nan 1.0
10651_mask.png 0.98666 0.698971 0.842815 0.822817 0.949831 0.725765 0.987061
10385_mask.png 0.98882 0.948772 0.968796 0.973713 0.99787 0.950698 0.990738
10369_mask.png 1.0 1.0 1.0 1.0 1.0 1.0 1.0
10744_mask.png 0.917595 0.747367 0.832481 0.855421 0.968119 0.766225 0.933746
10383_mask.png 0.976816 0.670302 0.823559 0.802612 0.794506 0.810885 0.977859
10685_mask.png 0.959446 0.550506 0.754976 0.710098 0.617237 0.835849 0.961365
10055_mask.png 0.961414 0.547481 0.754447 0.707577 0.966281 0.558144 0.963135
10400_mask.png 0.913877 0.748629 0.831253 0.856247 0.940788 0.785647 0.931458
10331_mask.png 0.971174 0.650351 0.810763 0.788137 0.880179 0.713522 0.972641
10020_mask.png 0.882784 0.619909 0.751347 0.765363 0.637802 0.956704 0.901596
10543_mask.png 0.956637 0.704973 0.830805 0.826961 0.830252 0.823695 0.960709
10127_mask.png 0.96438 0.660709 0.812544 0.795695 0.948884 0.685093 0.96669
10419_mask.png 0.979484 0.495599 0.737541 0.662743 0.863333 0.537791 0.979889
10544_mask.png 0.975739 0.709503 0.842621 0.830069 0.809987 0.851173 0.977097
10049_mask.png 0.997589 0.730241 0.863915 0.844091 0.889121 0.803403 0.997604
10648_mask.png 0.867221 0.687294 0.777258 0.81467 0.967963 0.703292 0.897217
10751_mask.png 0.937804 0.4773 0.707552 0.646179 0.543854 0.795932 0.941147
10046_mask.png 0.785 0.523839 0.65442 0.687526 0.54198 0.939942 0.826126
10762_mask.png 0.988845 0.004087 0.496466 0.008141 0.004087 1.0 0.988846
10144_mask.png 0.979019 0.588217 0.783618 0.740726 0.651298 0.858622 0.97963
10570_mask.png 0.953342 0.661758 0.80755 0.796455 0.6661 0.990246 0.957245
10093_mask.png 0.93592 0.633375 0.784647 0.775542 0.674167 0.9128 0.942307
10586_mask.png 0.979882 0.789419 0.884651 0.882319 0.876263 0.888459 0.981293
10631_mask.png 0.900185 0.455685 0.677935 0.626076 0.880641 0.485681 0.907883
10600_mask.png 0.906209 0.487606 0.696908 0.655558 0.628144 0.685474 0.913895
10059_mask.png 0.888277 0.79881 0.843544 0.888154 0.950399 0.833561 0.922607
10484_mask.png 0.984026 0.768945 0.876486 0.869382 0.844955 0.895264 0.984833
10393_mask.png 1.0 nan 1.0 nan nan nan 1.0
10346_mask.png 1.0 1.0 1.0 1.0 1.0 1.0 1.0
10287_mask.png 0.894027 0.81295 0.853489 0.896826 0.82499 0.982364 0.927444
10591_mask.png 0.938385 0.622904 0.780644 0.767641 0.916856 0.660196 0.944077
10221_mask.png 0.863113 0.855288 0.8592 0.922 0.954908 0.891285 0.924332
10229_mask.png 0.977704 0.978857 0.978281 0.989316 0.98427 0.994414 0.989029
10277_mask.png 0.943397 0.468882 0.706139 0.63842 0.718167 0.574613 0.946091
10108_mask.png 0.960295 0.896914 0.928604 0.945656 0.917703 0.975365 0.97049
10111_mask.png 0.892357 0.51494 0.703649 0.679816 0.524545 0.965661 0.903397
10001_mask.png 0.916932 0.690436 0.803684 0.816873 0.785643 0.850689 0.929916
10441_mask.png 0.903945 0.598015 0.75098 0.748447 0.953234 0.61609 0.915955
10185_mask.png 0.904507 0.685023 0.794765 0.813073 0.887332 0.750283 0.920929
10353_mask.png 0.987963 0.924137 0.95605 0.960573 0.935066 0.98751 0.989502
10176_mask.png 0.956993 0.579155 0.768074 0.7335 0.664369 0.81869 0.959396
10609_mask.png 0.95563 0.911731 0.93368 0.953828 0.925705 0.983713 0.969574
10135_mask.png 0.895747 0.722099 0.808923 0.838626 0.888896 0.793738 0.917969
10740_mask.png 0.972579 0.638625 0.805602 0.779465 0.903909 0.685139 0.973846
10073_mask.png 0.988589 0.946605 0.967597 0.97257 0.967111 0.978091 0.990509
10306_mask.png 0.897239 0.603405 0.750322 0.752654 0.928826 0.632657 0.911133
10220_mask.png 1.0 nan 1.0 nan nan nan 1.0
10503_mask.png 0.958702 0.814949 0.886826 0.898041 0.946149 0.854589 0.965057
10727_mask.png 0.998316 0.648562 0.823439 0.786822 0.690476 0.914414 0.998322
10435_mask.png 0.846235 0.421476 0.633855 0.593012 0.443981 0.892645 0.861725
10206_mask.png 0.904 0.866126 0.885063 0.928261 0.954933 0.903039 0.940781
10140_mask.png 0.982955 0.46135 0.722153 0.631403 0.614733 0.649002 0.9832
10607_mask.png 0.980488 0.755574 0.868031 0.860771 0.995195 0.75834 0.981598
10076_mask.png 0.990193 0.763298 0.876746 0.865762 0.949433 0.795644 0.990494
10636_mask.png 0.969884 0.636064 0.802974 0.777554 0.850065 0.716441 0.97139
10045_mask.png 0.827645 0.590228 0.708936 0.742319 0.608724 0.95104 0.861923
10378_mask.png 1.0 1.0 1.0 1.0 1.0 1.0 1.0
10662_mask.png 0.969984 0.317622 0.643803 0.482114 0.84 0.338076 0.970398
10398_mask.png 1.0 1.0 1.0 1.0 1.0 1.0 1.0
10442_mask.png 0.96579 0.574548 0.770169 0.729794 0.7199 0.739964 0.9673
10264_mask.png 0.920891 0.462578 0.691734 0.632551 0.982365 0.466451 0.925934
10676_mask.png 0.997589 0.0 0.498795 nan 0.0 nan 0.997589
10213_mask.png 0.928309 0.749644 0.838977 0.85691 0.855076 0.858753 0.940979
10700_mask.png 0.882918 0.616417 0.749668 0.762696 0.647129 0.928514 0.901459
10458_mask.png 0.957217 0.563639 0.760428 0.720933 0.854369 0.623547 0.959457
10338_mask.png 0.957191 0.550042 0.753617 0.709713 0.657719 0.770631 0.95932
10236_mask.png 0.968588 0.757124 0.862856 0.861777 0.880934 0.843434 0.97139
10557_mask.png 0.93347 0.293187 0.613329 0.453433 0.302509 0.904884 0.935257
10714_mask.png 0.786811 0.408115 0.597463 0.579661 0.415504 0.958243 0.814133
10109_mask.png 0.946518 0.515912 0.731215 0.680663 0.924889 0.538473 0.949402
10164_mask.png 0.955202 0.92743 0.941316 0.962349 0.93793 0.988074 0.971512
10128_mask.png 0.974952 0.803536 0.889244 0.891067 0.876511 0.906115 0.97728
10556_mask.png 0.928936 0.44204 0.685488 0.613076 0.975426 0.447018 0.932724
10579_mask.png 0.810237 0.459122 0.63468 0.629313 0.466209 0.967955 0.836563
10493_mask.png 0.966276 0.706785 0.83653 0.828206 0.776884 0.886789 0.968811
10183_mask.png 0.947527 0.626227 0.786877 0.770159 0.825823 0.721526 0.951767
10720_mask.png 0.962625 0.238919 0.600772 0.385689 0.878613 0.247074 0.963058
10350_mask.png 0.946868 0.500604 0.723736 0.667204 0.51356 0.952025 0.949554
10485_mask.png 0.971014 0.674419 0.822717 0.805556 0.981491 0.683106 0.972656
10245_mask.png 0.952861 0.490868 0.721865 0.6585 0.841903 0.54071 0.95491
10535_mask.png 1.0 nan 1.0 nan nan nan 1.0
10096_mask.png 0.976962 0.581282 0.779122 0.735204 0.963472 0.594381 0.977676
10158_mask.png 0.91337 0.52238 0.717875 0.686267 0.555915 0.896475 0.920868
10122_mask.png 0.859476 0.648698 0.754087 0.786922 0.829769 0.748282 0.888428
10115_mask.png 0.875139 0.611465 0.743302 0.758893 0.623653 0.969029 0.895645
10228_mask.png 0.943228 0.709781 0.826504 0.830259 0.849006 0.812322 0.95015
10473_mask.png 0.876841 0.65109 0.763966 0.788679 0.973994 0.662609 0.899857
10388_mask.png 0.974604 0.541039 0.757822 0.702175 0.710026 0.694495 0.975342
10721_mask.png 0.977579 0.946172 0.961876 0.972342 0.999191 0.946898 0.983917
10523_mask.png 0.991009 0.969283 0.980146 0.984402 0.994234 0.974763 0.992996
10548_mask.png 0.961602 0.378255 0.669929 0.54889 0.387063 0.943253 0.962479
10541_mask.png 0.778577 0.709127 0.743852 0.829812 0.971664 0.724101 0.856201
10051_mask.png 1.0 nan 1.0 nan nan nan 1.0
10190_mask.png 0.895443 0.879777 0.88761 0.936044 0.95837 0.914735 0.940765
10585_mask.png 0.991122 0.894727 0.942924 0.944439 0.955528 0.933604 0.991745
10237_mask.png 0.893471 0.868576 0.881024 0.929666 0.909631 0.950604 0.937485
10078_mask.png 1.0 nan 1.0 nan nan nan 1.0
10313_mask.png 1.0 nan 1.0 nan nan nan 1.0
10086_mask.png 0.937258 0.60957 0.773414 0.757432 0.75416 0.760734 0.942856
10547_mask.png 0.954339 0.815821 0.88508 0.89857 0.8528 0.949531 0.962021
10047_mask.png 0.931088 0.426588 0.678838 0.598054 0.978867 0.430554 0.934448
10113_mask.png 1.0 1.0 1.0 1.0 1.0 1.0 1.0
10116_mask.png 0.973093 0.912229 0.942661 0.9541 0.971115 0.937672 0.978973
10708_mask.png 0.956586 0.578824 0.767705 0.733234 0.833522 0.654487 0.95903
10347_mask.png 1.0 1.0 1.0 1.0 1.0 1.0 1.0
10365_mask.png 0.860751 0.683232 0.771991 0.81181 0.980884 0.692452 0.892914
10536_mask.png 0.968088 0.642379 0.805234 0.782255 0.680521 0.919751 0.969818
10456_mask.png 0.912253 0.280911 0.596582 0.438611 0.973991 0.283034 0.915161
10505_mask.png 0.716147 0.784385 0.750266 0.879166 0.788341 0.993643 0.860352
10634_mask.png 0.936241 0.891297 0.913769 0.942524 0.985156 0.903429 0.95813
10524_mask.png 0.92132 0.516912 0.719116 0.681532 0.650934 0.715149 0.927429
10081_mask.png 0.935811 0.53535 0.735581 0.697365 0.963904 0.546302 0.940231
10406_mask.png 0.810713 0.701405 0.756059 0.824501 0.86914 0.784223 0.868973
10680_mask.png 0.918495 0.56773 0.743113 0.72427 0.716774 0.731924 0.926376
10596_mask.png 0.914531 0.83158 0.873056 0.908047 0.971527 0.852353 0.939896
10053_mask.png 0.987656 0.648132 0.817894 0.786505 0.699136 0.898828 0.98793
10653_mask.png 0.973206 0.0 0.486603 nan 0.0 0.0 0.973206
10463_mask.png 0.961929 0.487005 0.724467 0.655014 0.604282 0.715045 0.963257
10478_mask.png 0.962831 0.355388 0.659109 0.524407 0.423696 0.687925 0.963577
10039_mask.png 0.949491 0.519148 0.73432 0.683473 0.557768 0.882322 0.952103
10071_mask.png 0.952415 0.49225 0.722333 0.659742 0.934066 0.50997 0.954514
10542_mask.png 0.855911 0.69378 0.774846 0.819209 0.986001 0.700682 0.891373
10009_mask.png 0.934421 0.55322 0.743821 0.712353 0.565552 0.96208 0.939346
10301_mask.png 0.942124 0.471114 0.706619 0.640486 0.474804 0.983772 0.944962
10187_mask.png 0.992688 0.863406 0.928047 0.926697 0.882353 0.975733 0.993011
10705_mask.png 0.882794 0.275182 0.578988 0.431597 0.281168 0.928191 0.887787
10088_mask.png 1.0 nan 1.0 nan nan nan 1.0
10633_mask.png 0.784745 0.460407 0.622576 0.630518 0.470025 0.957443 0.818146
10709_mask.png 0.691032 0.854052 0.772542 0.921282 0.923469 0.919104 0.889969
10252_mask.png 1.0 nan 1.0 nan nan nan 1.0
10747_mask.png 0.982566 0.603774 0.79317 0.752941 0.611612 0.979215 0.983017
10337_mask.png 0.998183 0.834037 0.91611 0.909509 0.905344 0.913713 0.998199
10387_mask.png 0.924372 0.799135 0.861754 0.888355 0.978883 0.813154 0.941864
10698_mask.png 0.935738 0.579365 0.757552 0.733668 0.595352 0.955703 0.940964
10263_mask.png 0.979663 0.849047 0.914355 0.918362 0.992622 0.854439 0.98175
10324_mask.png 0.854456 0.725767 0.790111 0.841095 0.887374 0.799403 0.894928
10155_mask.png 0.895334 0.811258 0.853296 0.895795 0.946166 0.850517 0.927811
10432_mask.png 0.855904 0.941117 0.898511 0.969665 0.947223 0.993197 0.956375
10416_mask.png 0.851367 0.713849 0.782608 0.833036 0.95409 0.739241 0.891571
10101_mask.png 0.987885 0.817808 0.902847 0.899774 0.980563 0.831284 0.98851
10391_mask.png 0.857503 0.726439 0.791971 0.841546 0.752321 0.954784 0.896622
10392_mask.png 0.933029 0.601559 0.767294 0.751217 1.0 0.601559 0.939178
10465_mask.png 0.970953 0.864495 0.917724 0.927324 0.98633 0.874979 0.975494
10292_mask.png 0.975244 0.683648 0.829446 0.812103 0.775758 0.852023 0.976501
10454_mask.png 0.8875 0.67176 0.77963 0.803656 0.853336 0.759443 0.908554
10571_mask.png 0.950599 0.708157 0.829378 0.829147 0.726341 0.965854 0.955887
10129_mask.png 0.966816 0.596614 0.781715 0.747349 0.80094 0.70048 0.968369
10137_mask.png 0.980241 0.703357 0.841799 0.825848 0.842332 0.809997 0.981125
10250_mask.png 0.995422 0.593452 0.794437 0.744863 0.761821 0.728643 0.995453
10336_mask.png 0.963883 0.498243 0.731063 0.665103 0.555719 0.828102 0.965134
10065_mask.png 1.0 1.0 1.0 1.0 1.0 1.0 1.0
10764_mask.png 0.864559 0.812309 0.838434 0.896436 0.983633 0.823439 0.914612
10487_mask.png 0.995787 0.089109 0.542448 0.163636 0.089109 1.0 0.995789
10428_mask.png 0.97707 0.745848 0.861459 0.854425 0.787498 0.933785 0.978516
10515_mask.png 0.991405 0.776095 0.88375 0.873934 0.865753 0.882271 0.991653
10534_mask.png 0.917776 0.563245 0.740511 0.72061 0.708902 0.732711 0.925659
10405_mask.png 0.943563 0.717467 0.830515 0.835495 0.896247 0.782455 0.950638
10340_mask.png 0.953463 0.888633 0.921048 0.941033 0.990788 0.896036 0.966064
10188_mask.png 0.892318 0.73795 0.815134 0.849219 0.881038 0.819618 0.917374
10645_mask.png 0.903815 0.623329 0.763572 0.767964 0.918359 0.659896 0.917023
10215_mask.png 0.984113 0.660047 0.82208 0.795215 0.968874 0.674347 0.984589
10247_mask.png 0.996714 0.827221 0.911968 0.905442 0.843023 0.977842 0.996765
10511_mask.png 0.900029 0.640005 0.770017 0.780492 0.783428 0.777577 0.915115
10234_mask.png 0.884919 0.717522 0.80122 0.835532 0.897445 0.781609 0.91095
10373_mask.png 1.0 1.0 1.0 1.0 1.0 1.0 1.0
10612_mask.png 0.91078 0.614167 0.762473 0.760971 0.687242 0.852421 0.921875
10644_mask.png 0.925468 0.701322 0.813395 0.824444 0.857206 0.794094 0.936569
10460_mask.png 0.916602 0.600378 0.75849 0.750296 0.734696 0.766572 0.925888
10148_mask.png 0.8833 0.614608 0.748954 0.761309 0.754107 0.76865 0.901611
10043_mask.png 1.0 1.0 1.0 1.0 1.0 1.0 1.0
10372_mask.png 0.950891 0.662024 0.806457 0.796648 0.927132 0.698361 0.9552
10160_mask.png 0.90967 0.839117 0.874394 0.912522 0.980977 0.852997 0.938599
10238_mask.png 0.97082 0.854804 0.912812 0.921719 0.876323 0.972076 0.975098
10616_mask.png 0.951589 0.47214 0.711865 0.641434 0.972123 0.47862 0.953598
10715_mask.png 0.917958 0.885701 0.90183 0.939387 0.954149 0.925074 0.949844
10750_mask.png 0.937536 0.726933 0.832234 0.841878 0.807187 0.879684 0.946442
10329_mask.png 0.901766 0.789179 0.845472 0.882169 0.884361 0.879988 0.928177
10321_mask.png 0.966148 0.957546 0.961847 0.978313 0.967339 0.989538 0.980804
10311_mask.png 1.0 1.0 1.0 1.0 1.0 1.0 1.0
10563_mask.png 0.864823 0.618948 0.741885 0.76463 0.820971 0.715525 0.88916
10106_mask.png 0.862727 0.588106 0.725417 0.740639 0.612944 0.93554 0.885223
10358_mask.png 0.78626 0.627099 0.706679 0.770819 0.65364 0.939187 0.842773
10005_mask.png 0.949954 0.882787 0.91637 0.937745 0.999721 0.883004 0.963654
10307_mask.png 0.906821 0.736074 0.821447 0.847975 0.938424 0.773429 0.926041
10316_mask.png 1.0 1.0 1.0 1.0 1.0 1.0 1.0
10417_mask.png 0.964977 0.47412 0.719548 0.643258 0.642331 0.644188 0.966049
10044_mask.png 0.926332 0.796766 0.861549 0.886889 0.971939 0.815526 0.942841
10565_mask.png 0.920794 0.676238 0.798516 0.806852 0.827743 0.786989 0.932037
10620_mask.png 0.910551 0.270413 0.590482 0.425709 0.273259 0.962912 0.913422
10242_mask.png 0.949286 0.545349 0.747318 0.705794 0.733698 0.679935 0.952194
10753_mask.png 0.827432 0.597775 0.712603 0.748259 0.964247 0.611324 0.862656
10062_mask.png 0.972054 0.799343 0.885698 0.888483 0.832171 0.952969 0.974854
10629_mask.png 0.983754 0.89264 0.938197 0.943275 0.989846 0.900889 0.985687
10410_mask.png 0.931333 0.694721 0.813027 0.819865 0.796493 0.84465 0.940613
10172_mask.png 0.863867 0.943291 0.903579 0.970818 0.956086 0.98601 0.958298
10362_mask.png 0.934068 0.631069 0.782568 0.77381 0.877875 0.691803 0.94075
10554_mask.png 0.847685 0.551579 0.699632 0.71099 0.566661 0.953967 0.871719
10623_mask.png 0.868619 0.582156 0.725388 0.735902 0.948994 0.60096 0.888947
10149_mask.png 0.867131 0.80737 0.837251 0.89342 0.901407 0.885573 0.914658
10173_mask.png 0.890355 0.704071 0.797213 0.82634 0.989275 0.709487 0.91304
10438_mask.png 0.956331 0.357553 0.656942 0.526762 0.981692 0.359954 0.957367
10489_mask.png 0.995076 0.900129 0.947603 0.94744 0.900129 1.0 0.995285
10141_mask.png 1.0 nan 1.0 nan nan nan 1.0
10549_mask.png 0.95489 0.798506 0.876698 0.887966 0.830187 0.954388 0.961731
10276_mask.png 0.877835 0.682506 0.78017 0.811297 0.776828 0.848966 0.903244
10260_mask.png 0.765149 0.752275 0.758712 0.858627 0.926604 0.799941 0.862915
10345_mask.png 0.849165 0.540218 0.694691 0.701482 0.953605 0.5548 0.871872
10737_mask.png 0.918514 0.711402 0.814958 0.831368 0.868484 0.797294 0.932144
10707_mask.png 0.959187 0.465328 0.712257 0.635118 0.466681 0.993811 0.960587
10658_mask.png 0.863377 0.804152 0.833764 0.891446 0.88558 0.89739 0.912476
10642_mask.png 0.934171 0.644044 0.789108 0.783488 0.869701 0.712826 0.941177
10217_mask.png 0.960665 0.610773 0.785719 0.75836 0.905849 0.652174 0.962952
10133_mask.png 0.892198 0.609328 0.750763 0.757245 0.897782 0.654751 0.907715
--------------------
总mIou：0.938313328861422
总mIou：0.7279708888384652
总mIou：0.8331421088499436
总fscore：0.8425730937259067
总recall：0.8431469392932247
总precision0.8420000287455814
总accuracy0.9470536733411022
Finish!
