文件名，Iou_1，Iou_2，mIoU，fscore，recall，precision, accuracy
20393_mask.png 0.837051 0.900159 0.868605 0.947457 0.977636 0.919085 0.934006
20572_mask.png 0.971382 0.636549 0.803965 0.777916 0.997449 0.637587 0.972748
20337_mask.png 0.78172 0.871184 0.826452 0.931158 0.994907 0.875087 0.91185
20726_mask.png 0.877517 0.564304 0.720911 0.721476 0.989087 0.56784 0.894287
20411_mask.png 0.927358 0.400897 0.664128 0.572344 0.927634 0.41384 0.930725
20233_mask.png 0.808196 0.505715 0.656955 0.671728 0.516378 0.960769 0.839661
20784_mask.png 0.801476 0.680583 0.74103 0.809937 0.972494 0.693941 0.860489
20764_mask.png 0.972239 0.11171 0.541975 0.20097 0.111874 0.987013 0.972336
20125_mask.png 0.969849 0.42436 0.697104 0.59586 0.810119 0.47123 0.970505
20779_mask.png 1.0 nan 1.0 nan nan nan 1.0
20727_mask.png 0.928462 0.712253 0.820357 0.831948 0.920198 0.759144 0.939224
20385_mask.png 0.89552 0.789915 0.842717 0.882628 0.804247 0.977938 0.924988
20723_mask.png 0.00672 0.963904 0.485312 0.98162 0.963904 1.0 0.963913
20795_mask.png 0.82499 0.527787 0.676389 0.690917 0.601447 0.811658 0.853622
20363_mask.png 0.706728 0.974215 0.840471 0.986939 0.984474 0.989416 0.975723
20459_mask.png 0.969388 0.980503 0.974946 0.990156 0.987179 0.993151 0.987946
20583_mask.png 0.829535 0.66805 0.748793 0.800995 0.702594 0.931449 0.873077
20654_mask.png 0.736351 0.817092 0.776721 0.89934 0.838768 0.969341 0.878937
20175_mask.png 0.933155 0.65052 0.791838 0.788261 0.826816 0.753142 0.940552
20772_mask.png 0.624023 0.780809 0.702416 0.876915 0.998271 0.781867 0.839279
20169_mask.png 0.836807 0.870635 0.853721 0.930844 0.982022 0.884736 0.922226
20131_mask.png 1.0 1.0 1.0 1.0 1.0 1.0 1.0
20497_mask.png 1.0 1.0 1.0 1.0 1.0 1.0 1.0
20730_mask.png 1.0 nan 1.0 nan nan nan 1.0
20790_mask.png 0.993975 0.545244 0.769609 0.705706 0.595691 0.865562 0.994019
20739_mask.png 0.852383 0.476585 0.664484 0.645523 0.529456 0.826767 0.869873
20488_mask.png 0.926357 0.779575 0.852966 0.876136 0.859373 0.893566 0.941574
20051_mask.png 0.69808 0.682412 0.690246 0.811231 0.71561 0.936347 0.816879
20197_mask.png 1.0 1.0 1.0 1.0 1.0 1.0 1.0
20073_mask.png 1.0 1.0 1.0 1.0 1.0 1.0 1.0
20454_mask.png 0.550906 0.710629 0.630768 0.83084 0.71669 0.98824 0.786438
20219_mask.png 1.0 nan 1.0 nan nan nan 1.0
20336_mask.png 1.0 1.0 1.0 1.0 1.0 1.0 1.0
20236_mask.png 0.974888 0.883709 0.929299 0.938265 0.967391 0.910841 0.978912
20754_mask.png 0.858847 0.576032 0.71744 0.730991 0.78159 0.686544 0.881561
20181_mask.png 1.0 1.0 1.0 1.0 1.0 1.0 1.0
20788_mask.png 0.927197 0.271829 0.599513 0.427462 0.29251 0.793593 0.929123
20308_mask.png 0.937034 0.383481 0.660258 0.554371 0.601705 0.513941 0.939407
20824_mask.png 0.737105 0.855394 0.796249 0.922062 0.85679 0.998098 0.89711
20327_mask.png 0.894078 0.895165 0.894621 0.944683 0.916274 0.97491 0.944382
20063_mask.png 0.937043 0.721245 0.829144 0.83805 0.797914 0.882438 0.945862
20234_mask.png 0.372695 0.888782 0.630738 0.941117 0.891858 0.996135 0.895676
20017_mask.png 0.543139 0.98637 0.764755 0.993138 0.988393 0.997929 0.986588
20064_mask.png 0.917261 0.845319 0.88129 0.916177 1.0 0.845319 0.943024
20041_mask.png 1.0 1.0 1.0 1.0 1.0 1.0 1.0
20413_mask.png 1.0 1.0 1.0 1.0 1.0 1.0 1.0
20248_mask.png 0.127022 0.658535 0.392779 0.794117 0.663402 0.988983 0.674698
20646_mask.png 0.936659 0.422898 0.679778 0.594418 0.613939 0.5761 0.939468
20402_mask.png 0.968152 0.482512 0.725332 0.650939 0.913485 0.505618 0.96907
20038_mask.png 0.759484 0.832599 0.796041 0.908654 0.868072 0.953215 0.890488
20558_mask.png 0.782258 0.758043 0.770151 0.862372 0.759994 0.996625 0.87056
20213_mask.png 0.979144 0.829369 0.904257 0.906727 0.843636 0.980016 0.981064
20724_mask.png 0.797426 0.617042 0.707234 0.763173 0.671036 0.884641 0.847275
20414_mask.png 0.935798 0.985956 0.960877 0.992928 0.989339 0.996544 0.988342
20364_mask.png 0.700831 0.800935 0.750883 0.889466 0.826988 0.962156 0.864243
20602_mask.png 0.973556 0.595832 0.784694 0.746735 0.999593 0.595977 0.974548
20279_mask.png 0.671331 0.971159 0.821245 0.985368 0.990247 0.980538 0.972763
20641_mask.png 0.894119 0.678219 0.786169 0.80826 0.715731 0.928266 0.913437
20191_mask.png 0.710406 0.809087 0.759747 0.89447 0.809432 0.999474 0.86998
20076_mask.png 0.909267 0.540416 0.724842 0.701649 0.891617 0.578413 0.918015
20130_mask.png 0.786323 0.855121 0.820722 0.921903 0.887963 0.958541 0.905502
20123_mask.png 1.0 1.0 1.0 1.0 1.0 1.0 1.0
20719_mask.png 0.876993 0.994876 0.935934 0.997431 0.997938 0.996925 0.995056
20343_mask.png 0.941205 0.447582 0.694393 0.618386 0.569028 0.677119 0.943878
20668_mask.png 0.905492 0.597018 0.751255 0.747666 0.627504 0.924747 0.917099
20686_mask.png 0.92588 0.733641 0.829761 0.846359 0.780925 0.923761 0.938446
20246_mask.png 0.964541 0.431121 0.697831 0.602494 0.685452 0.537449 0.965469
20663_mask.png 0.984025 0.718049 0.851037 0.835889 0.989189 0.723729 0.98465
20264_mask.png 0.972556 0.723604 0.84808 0.839641 0.811865 0.869385 0.974396
20012_mask.png 0.134246 0.896009 0.515127 0.945153 0.896009 1.0 0.897659
20407_mask.png 0.791094 0.97345 0.882272 0.986547 0.979388 0.993811 0.975876
20287_mask.png 1.0 nan 1.0 nan nan nan 1.0
20610_mask.png 0.989633 0.767021 0.878327 0.868152 0.911889 0.828418 0.989975
20625_mask.png 0.858781 0.38678 0.622781 0.55781 0.416991 0.842238 0.870331
20680_mask.png 0.982043 0.871588 0.926815 0.931389 0.968971 0.896613 0.983994
20138_mask.png 0.92343 0.768951 0.846191 0.869386 0.992468 0.773464 0.93898
20320_mask.png 0.969048 0.522512 0.74578 0.686381 0.532358 0.965812 0.970062
20168_mask.png 1.0 1.0 1.0 1.0 1.0 1.0 1.0
20208_mask.png 0.58882 0.979195 0.784008 0.989488 0.992846 0.986153 0.979797
20314_mask.png 1.0 1.0 1.0 1.0 1.0 1.0 1.0
20648_mask.png 0.610202 0.24814 0.429171 0.397615 0.24842 0.995469 0.654633
20239_mask.png 1.0 1.0 1.0 1.0 1.0 1.0 1.0
20295_mask.png 1.0 1.0 1.0 1.0 1.0 1.0 1.0
20505_mask.png 0.910697 0.603601 0.757149 0.752807 0.620403 0.957057 0.921387
20776_mask.png 1.0 nan 1.0 nan nan nan 1.0
20570_mask.png 0.871151 0.828473 0.849812 0.906191 0.951876 0.86469 0.920578
20545_mask.png 0.852453 0.689774 0.771114 0.81641 0.98276 0.698223 0.888901
20753_mask.png 0.830203 0.519299 0.674751 0.683603 0.7215 0.649488 0.856522
20503_mask.png 0.932018 0.921028 0.926523 0.958891 0.991244 0.928583 0.962082
20655_mask.png 0.82776 0.293542 0.560651 0.453857 0.32853 0.73378 0.839264
20210_mask.png 0.733907 0.63367 0.683788 0.775762 0.65609 0.948831 0.81778
20357_mask.png 0.877864 0.756215 0.81704 0.861187 0.797123 0.93645 0.911423
20600_mask.png 0.570269 0.952799 0.761534 0.975829 0.969782 0.981952 0.955582
20077_mask.png 0.954241 0.527727 0.740984 0.690866 0.629293 0.765794 0.956467
20591_mask.png 0.932518 0.544828 0.738673 0.705357 0.818653 0.619608 0.937561
20298_mask.png 1.0 1.0 1.0 1.0 1.0 1.0 1.0
20761_mask.png 0.922607 0.297626 0.610116 0.458724 0.99237 0.298308 0.925064
20116_mask.png 0.955197 0.657157 0.806177 0.793114 0.861536 0.73476 0.95874
20221_mask.png 0.0 0.964478 0.482239 0.981918 0.964478 1.0 0.964478
20483_mask.png 0.894595 0.529994 0.712294 0.692805 0.908521 0.559871 0.905792
20361_mask.png 1.0 1.0 1.0 1.0 1.0 1.0 1.0
20542_mask.png 1.0 1.0 1.0 1.0 1.0 1.0 1.0
20607_mask.png 0.917791 0.743695 0.830743 0.853011 0.771705 0.953467 0.933624
20555_mask.png 0.853845 0.508565 0.681205 0.674236 0.985577 0.512378 0.873047
20135_mask.png 0.597263 0.881167 0.739215 0.93683 0.881167 1.0 0.898972
20344_mask.png 1.0 1.0 1.0 1.0 1.0 1.0 1.0
20217_mask.png 0.529056 0.704293 0.616674 0.826493 0.906918 0.75917 0.77803
20429_mask.png 0.943192 0.498434 0.720813 0.665274 0.996869 0.499216 0.946228
20606_mask.png 0.870476 0.710899 0.790687 0.831024 0.982011 0.720278 0.901764
20212_mask.png 0.94241 0.913932 0.928171 0.955031 0.918421 0.99468 0.964264
20714_mask.png 0.939905 0.438256 0.689081 0.609427 0.616856 0.602175 0.942596
20157_mask.png 0.791889 0.973826 0.882857 0.986739 0.98448 0.989009 0.976196
20100_mask.png 0.9164 0.431409 0.673905 0.602776 0.458911 0.878032 0.921387
20611_mask.png 0.840177 0.960044 0.900111 0.979615 0.988404 0.97098 0.96698
20101_mask.png 0.854875 0.689241 0.772058 0.816036 0.984272 0.696917 0.890213
20484_mask.png 0.958051 0.602246 0.780149 0.751753 0.717902 0.788954 0.960556
20001_mask.png 0.85413 0.960971 0.907551 0.980097 0.981242 0.978955 0.968231
20086_mask.png 1.0 nan 1.0 nan nan nan 1.0
20231_mask.png 0.869217 0.562787 0.716002 0.720235 0.640594 0.822489 0.888062
20033_mask.png 0.900398 0.658962 0.77968 0.794427 0.740686 0.856576 0.916473
20688_mask.png 0.712809 0.910371 0.81159 0.953083 0.959105 0.947137 0.926682
20608_mask.png 0.879243 0.525622 0.702432 0.689059 0.803616 0.603088 0.893494
20804_mask.png 1.0 nan 1.0 nan nan nan 1.0
20352_mask.png 0.813502 0.655892 0.734697 0.792192 0.703578 0.906344 0.862411
20485_mask.png 1.0 1.0 1.0 1.0 1.0 1.0 1.0
20463_mask.png 0.739638 0.745511 0.742574 0.854204 0.745511 1.0 0.852295
20645_mask.png 0.837142 0.679788 0.758465 0.809374 0.965646 0.696636 0.878983
20530_mask.png 1.0 nan 1.0 nan nan nan 1.0
20358_mask.png 1.0 1.0 1.0 1.0 1.0 1.0 1.0
20170_mask.png 0.869847 0.47688 0.673364 0.645794 0.936792 0.492734 0.883652
20088_mask.png 0.915224 0.902437 0.908831 0.948717 0.934497 0.963377 0.952484
20025_mask.png 0.435325 0.931704 0.683514 0.964644 0.932138 0.9995 0.93512
20692_mask.png 0.158888 0.51426 0.336574 0.679223 0.517432 0.988219 0.555084
20044_mask.png 0.90982 0.780508 0.845164 0.876725 0.846346 0.909366 0.931717
20787_mask.png 0.92974 0.422981 0.676361 0.594499 0.550317 0.646395 0.933182
20148_mask.png 0.013072 0.988478 0.500775 0.994206 1.0 0.988478 0.98848
20550_mask.png 0.880011 0.85417 0.867091 0.92135 0.873112 0.975231 0.929535
20568_mask.png 0.825611 0.846498 0.836055 0.916869 0.902675 0.931516 0.911102
20691_mask.png 0.296829 0.703826 0.500328 0.826172 0.707555 0.992568 0.73674
20560_mask.png 0.970026 0.719686 0.844856 0.836997 0.968362 0.737016 0.972168
20813_mask.png 0.794873 0.621972 0.708423 0.766933 0.666895 0.902281 0.846634
20306_mask.png 0.744257 0.876749 0.810503 0.934328 0.891686 0.981252 0.909286
20652_mask.png 0.79986 0.911794 0.855827 0.953862 0.963221 0.944684 0.934784
20527_mask.png 0.952089 0.421434 0.686762 0.59297 0.804807 0.469414 0.953705
20247_mask.png 0.28783 0.73069 0.50926 0.844392 0.734244 0.993421 0.757126
20190_mask.png 0.496372 0.66465 0.580511 0.798546 0.815149 0.782607 0.747955
20492_mask.png 0.328074 0.723428 0.525751 0.839522 0.729798 0.988078 0.756332
20465_mask.png 0.445684 0.871199 0.658442 0.931166 0.984604 0.883231 0.883286
20171_mask.png 0.672655 0.610565 0.64161 0.7582 0.611539 0.997397 0.783676
20180_mask.png 0.482126 0.833833 0.657979 0.909388 0.84435 0.985281 0.856094
20354_mask.png 1.0 1.0 1.0 1.0 1.0 1.0 1.0
20127_mask.png 1.0 1.0 1.0 1.0 1.0 1.0 1.0
20226_mask.png 0.943103 0.928963 0.936033 0.963173 0.975201 0.951439 0.967377
20750_mask.png 0.71933 0.887697 0.803513 0.940508 0.892026 0.994562 0.912796
20586_mask.png 0.875157 0.77001 0.822583 0.870063 0.846538 0.894932 0.911957
20365_mask.png 0.726295 0.618707 0.672501 0.764446 0.671073 0.888003 0.810471
20045_mask.png 0.72672 0.892497 0.809608 0.943195 0.892567 0.999912 0.916397
20359_mask.png 0.823386 0.448097 0.635741 0.618877 0.486446 0.850388 0.845535
20048_mask.png 0.506515 0.663293 0.584904 0.797566 0.691786 0.941535 0.749771
20252_mask.png 1.0 1.0 1.0 1.0 1.0 1.0 1.0
20785_mask.png 0.757154 0.510789 0.633971 0.676189 0.525385 0.948415 0.806274
20734_mask.png 0.150909 0.957615 0.554262 0.978348 1.0 0.957615 0.957932
20725_mask.png 0.890803 0.808317 0.84956 0.893999 0.98866 0.815881 0.925232
20713_mask.png 0.784718 0.611314 0.698016 0.758777 0.807099 0.715914 0.839172
20422_mask.png 0.918126 0.786037 0.852081 0.880202 0.872173 0.888381 0.937057
20196_mask.png 0.913948 0.759965 0.836957 0.863614 0.807365 0.928288 0.932373
20443_mask.png 0.262968 0.869299 0.566133 0.93008 0.999633 0.869576 0.875122
20449_mask.png 0.584565 0.855496 0.72003 0.922121 0.855621 0.999828 0.879913
20283_mask.png 0.942355 0.504994 0.723675 0.671091 0.660018 0.682543 0.945557
20349_mask.png 0.570875 0.647784 0.609329 0.786249 0.995626 0.649633 0.760162
20445_mask.png 0.779051 0.961963 0.870507 0.980613 0.992696 0.96882 0.966461
20537_mask.png 0.805223 0.619048 0.712135 0.764706 0.695906 0.848602 0.852051
20512_mask.png 0.915002 0.828616 0.871809 0.906277 0.8712 0.944296 0.939758
20372_mask.png 0.837786 0.686541 0.762164 0.814141 0.902074 0.741828 0.88031
20662_mask.png 1.0 1.0 1.0 1.0 1.0 1.0 1.0
20722_mask.png 0.690189 0.288279 0.489234 0.447541 0.31025 0.802791 0.724731
20491_mask.png 0.97513 0.588066 0.781598 0.740606 0.98294 0.59413 0.975983
20165_mask.png 0.218704 0.916776 0.56774 0.956581 0.922654 0.993099 0.918671
20029_mask.png 0.866267 0.945018 0.905643 0.971732 0.971928 0.971536 0.959457
20134_mask.png 0.809512 0.538048 0.67378 0.69965 0.905907 0.569896 0.844101
20541_mask.png 0.688686 0.339953 0.514319 0.50741 0.356859 0.877689 0.731705
20319_mask.png 1.0 nan 1.0 nan nan nan 1.0
20773_mask.png 0.973237 0.512153 0.742695 0.677383 0.587791 0.799197 0.973969
20467_mask.png 0.366834 0.996146 0.68149 0.998069 0.996146 1.0 0.996155
20330_mask.png 0.511705 0.955005 0.733355 0.976985 1.0 0.955005 0.957031
20120_mask.png 1.0 1.0 1.0 1.0 1.0 1.0 1.0
20107_mask.png 0.744079 0.723313 0.733696 0.839445 0.775132 0.915395 0.846664
20377_mask.png 0.759809 0.860345 0.810077 0.924931 0.877685 0.977553 0.903137
20230_mask.png 0.873584 0.399135 0.636359 0.570546 0.931047 0.411293 0.883377
20708_mask.png 0.966989 0.793415 0.880202 0.884809 0.853472 0.918535 0.970703
20539_mask.png 0.517702 0.44564 0.481671 0.616529 0.480187 0.860999 0.652451
20345_mask.png 0.737004 0.879488 0.808246 0.93588 0.884162 0.994025 0.909912
20103_mask.png 0.863172 0.752967 0.80807 0.859077 0.811682 0.91235 0.903442
20566_mask.png nan 1.0 1.0 1.0 1.0 1.0 1.0
20220_mask.png 0.532751 0.996722 0.764737 0.998359 0.99767 0.999048 0.996735
20462_mask.png 0.905761 0.732923 0.819342 0.845881 0.976717 0.745956 0.925125
20501_mask.png 0.94639 0.76675 0.85657 0.867978 0.76675 1.0 0.954422
20797_mask.png 0.743679 0.402594 0.573136 0.574071 0.412804 0.942124 0.781433
20477_mask.png 0.96443 0.674659 0.819544 0.805727 0.971934 0.688064 0.966873
20431_mask.png 0.976333 0.546603 0.761468 0.706843 0.883382 0.589112 0.97699
20332_mask.png 0.994379 0.534943 0.764661 0.69702 0.534943 1.0 0.994415
20224_mask.png 0.940995 0.603753 0.772374 0.752925 0.670055 0.859186 0.945862
20442_mask.png 0.776152 0.643452 0.709802 0.783049 0.654234 0.975026 0.840561
20812_mask.png 0.774466 0.765949 0.770207 0.867465 0.872934 0.862064 0.870239
20433_mask.png 0.909118 0.440733 0.674925 0.611817 0.771942 0.50671 0.915192
20256_mask.png 0.954517 0.88392 0.919218 0.938384 0.904501 0.974903 0.966217
20438_mask.png 0.89267 0.551796 0.722233 0.711171 0.594605 0.884584 0.905197
20836_mask.png 0.923049 0.397943 0.660496 0.569326 0.460779 0.744776 0.926773
20543_mask.png 0.634169 0.834606 0.734387 0.909848 0.896701 0.923386 0.87146
20605_mask.png 0.0 0.908371 0.454185 0.951986 1.0 0.908371 0.908371
20026_mask.png 0.895136 0.432394 0.663765 0.603736 0.747226 0.506477 0.902893
20767_mask.png 0.779395 0.990929 0.885162 0.995444 0.998397 0.992508 0.991211
20557_mask.png 0.87837 0.75558 0.816975 0.860775 0.81712 0.909359 0.911606
20338_mask.png 0.972028 0.552299 0.762164 0.711589 0.720501 0.702894 0.972961
20827_mask.png 0.926011 0.637339 0.781675 0.778506 0.729163 0.835013 0.934525
20673_mask.png 1.0 1.0 1.0 1.0 1.0 1.0 1.0
20039_mask.png 0.944805 0.685992 0.815399 0.813755 0.922795 0.727761 0.950745
20833_mask.png 0.879786 0.680389 0.780088 0.8098 0.685277 0.989625 0.904282
20020_mask.png 0.877061 0.510285 0.693673 0.675747 0.741974 0.620373 0.891022
20222_mask.png 0.623903 0.905456 0.76468 0.950383 0.916637 0.986708 0.918274
20387_mask.png 0.857901 0.509698 0.6838 0.675232 0.681616 0.668967 0.87619
20328_mask.png 0.640232 0.796525 0.718379 0.88674 0.985725 0.80582 0.850616
20291_mask.png 0.892222 0.451378 0.6718 0.622 0.674501 0.577081 0.901001
20781_mask.png 0.859404 0.777125 0.818264 0.874587 0.960997 0.802434 0.905655
20237_mask.png 0.986153 0.55666 0.771406 0.715198 0.601827 0.881196 0.986389
20035_mask.png 0.819638 0.936464 0.878051 0.96719 0.960353 0.974124 0.950699
20106_mask.png 0.839774 0.91755 0.878662 0.957002 0.927481 0.988465 0.942429
20603_mask.png 0.916435 0.626206 0.77132 0.770144 0.956728 0.644459 0.926697
20014_mask.png 0.974261 0.877621 0.925941 0.934822 0.983436 0.890789 0.978271
20596_mask.png 0.924105 0.340862 0.632484 0.508422 0.468129 0.556305 0.926971
20589_mask.png 1.0 nan 1.0 nan nan nan 1.0
20612_mask.png 1.0 1.0 1.0 1.0 1.0 1.0 1.0
20388_mask.png 0.824793 0.444598 0.634696 0.615531 0.778164 0.509127 0.846344
20272_mask.png 0.415883 0.643569 0.529726 0.783136 0.654169 0.97544 0.715714
20706_mask.png 0.986346 0.685031 0.835689 0.813078 0.758427 0.876217 0.98674
20582_mask.png 0.916895 0.766312 0.841603 0.867697 0.990683 0.771875 0.934692
20296_mask.png 0.0 0.999939 0.499969 0.999969 1.0 0.999939 0.999939
20019_mask.png 0.74521 0.735425 0.740318 0.847544 0.735664 0.999559 0.850845
20523_mask.png 0.88073 0.353967 0.617348 0.522859 0.369248 0.895323 0.888046
20095_mask.png 1.0 1.0 1.0 1.0 1.0 1.0 1.0
20517_mask.png 0.819546 0.376316 0.597931 0.546845 0.425455 0.765161 0.837265
20136_mask.png 0.956115 0.538384 0.747249 0.699934 0.796555 0.624218 0.958252
20709_mask.png 0.864468 0.796628 0.830548 0.886803 0.809481 0.980457 0.911469
20162_mask.png 0.91602 0.608619 0.762319 0.756697 0.974385 0.618515 0.92572
20556_mask.png 1.0 nan 1.0 nan nan nan 1.0
20458_mask.png 0.971017 0.885014 0.928015 0.939 0.982411 0.899263 0.976303
20154_mask.png 0.927072 0.792335 0.859704 0.884137 0.793967 0.997413 0.942947
20474_mask.png 0.847392 0.647706 0.747549 0.786191 0.847289 0.733313 0.880829
20744_mask.png 1.0 1.0 1.0 1.0 1.0 1.0 1.0
20016_mask.png 0.886448 0.913836 0.900142 0.954978 1.0 0.913836 0.948486
20396_mask.png 0.865309 0.526579 0.695944 0.689881 0.539487 0.956536 0.882858
20799_mask.png 0.0 0.993973 0.496986 0.996977 0.993973 1.0 0.993973
20707_mask.png 0.39338 0.727557 0.560468 0.842296 0.728865 0.997538 0.768463
20187_mask.png 0.869052 0.825794 0.847423 0.904586 0.853219 0.962534 0.919205
20524_mask.png 0.96935 0.834963 0.902156 0.910059 0.863226 0.962266 0.973465
20770_mask.png 0.3715 0.919266 0.645383 0.957935 0.923726 0.994775 0.922943
20091_mask.png 0.989094 0.758813 0.873954 0.86287 0.82255 0.907346 0.989456
20303_mask.png 0.86986 0.765889 0.817875 0.867426 0.767421 0.997401 0.908722
20746_mask.png 0.9545 0.413996 0.684248 0.585569 0.781992 0.468012 0.955917
20394_mask.png 0.938253 0.383484 0.660868 0.554374 0.974668 0.387344 0.940536
20494_mask.png 0.023706 0.828359 0.426032 0.906123 0.851316 0.968471 0.829071
20265_mask.png 0.937937 0.828734 0.883335 0.906347 0.868687 0.947421 0.952271
20397_mask.png 0.0 0.928024 0.464012 0.962669 0.928024 1.0 0.928024
20261_mask.png 0.982959 0.895105 0.939032 0.944649 0.909091 0.983103 0.985123
20310_mask.png 0.883035 0.700964 0.791999 0.824196 0.891234 0.766538 0.908203
20186_mask.png 0.967249 0.636461 0.801855 0.777851 0.943456 0.661702 0.969025
20624_mask.png 0.699081 0.740467 0.719774 0.850883 0.764148 0.95983 0.838089
20546_mask.png 0.0 0.980225 0.490112 0.990014 0.980225 1.0 0.980225
20434_mask.png 1.0 1.0 1.0 1.0 1.0 1.0 1.0
20552_mask.png 0.984859 0.453125 0.718992 0.623656 0.55163 0.717314 0.985046
20214_mask.png 0.61471 0.959312 0.787011 0.979233 0.959327 0.999983 0.961792
20050_mask.png 0.211548 0.877772 0.54466 0.934908 0.887704 0.987413 0.881653
20826_mask.png 0.946001 0.701113 0.823557 0.824299 0.915735 0.749466 0.952072
20240_mask.png 0.711908 0.730908 0.721408 0.844537 0.782134 0.917762 0.838379
20259_mask.png 0.541961 0.917553 0.729757 0.957004 0.993634 0.922978 0.924881
20355_mask.png 0.0 0.997467 0.498734 0.998732 0.997467 1.0 0.997467
20816_mask.png 0.872247 0.642148 0.757198 0.782083 0.910255 0.685551 0.896072
20390_mask.png 1.0 1.0 1.0 1.0 1.0 1.0 1.0
20699_mask.png 0.848738 0.955539 0.902139 0.977264 0.964031 0.990866 0.964417
20740_mask.png 0.458503 0.926615 0.692559 0.96191 0.999231 0.927276 0.930908
20507_mask.png 0.963103 0.670814 0.816958 0.802979 0.726768 0.897044 0.965683
20415_mask.png 1.0 1.0 1.0 1.0 1.0 1.0 1.0
20763_mask.png 0.934672 0.834413 0.884542 0.909733 0.90681 0.912674 0.950851
20525_mask.png 0.76841 0.815107 0.791758 0.898136 0.820765 0.991614 0.885406
20622_mask.png 1.0 nan 1.0 nan nan nan 1.0
20650_mask.png 0.834385 0.527171 0.680778 0.690389 0.831231 0.59036 0.860199
20054_mask.png 1.0 1.0 1.0 1.0 1.0 1.0 1.0
20227_mask.png 0.774786 0.963349 0.869068 0.981333 0.991739 0.971142 0.967453
20112_mask.png 0.95804 0.84372 0.90088 0.915236 1.0 0.84372 0.96579
20656_mask.png 0.911136 0.942372 0.926754 0.970331 0.945585 0.996407 0.963776
20270_mask.png 0.925593 0.471329 0.698461 0.640685 0.694194 0.594835 0.930222
20004_mask.png 1.0 1.0 1.0 1.0 1.0 1.0 1.0
20831_mask.png 0.895948 0.524524 0.710236 0.688115 0.740887 0.642361 0.906662
20046_mask.png 0.862656 0.631011 0.746834 0.773767 0.750226 0.798834 0.888779
20167_mask.png 0.805648 0.896423 0.851035 0.945383 0.973634 0.918725 0.927536
20780_mask.png 0.75429 0.328209 0.541249 0.494213 0.334412 0.946503 0.780624
20302_mask.png 0.93901 0.503757 0.721384 0.669998 0.761611 0.598059 0.942566
20554_mask.png 0.848409 0.774669 0.811539 0.873029 0.798613 0.962739 0.900345
20040_mask.png 0.962322 0.775437 0.868879 0.873517 0.886292 0.861105 0.96666
20752_mask.png 0.966257 0.382906 0.674582 0.55377 0.828607 0.415842 0.966949
20052_mask.png 1.0 1.0 1.0 1.0 1.0 1.0 1.0
20207_mask.png 0.588283 0.733465 0.660874 0.846242 0.77007 0.939137 0.806976
20098_mask.png 0.600928 0.151496 0.376212 0.263129 0.159303 0.75559 0.627472
20070_mask.png 1.0 1.0 1.0 1.0 1.0 1.0 1.0
20113_mask.png 0.806953 0.632632 0.719793 0.774984 0.683971 0.893937 0.855118
20637_mask.png 0.985505 0.467348 0.726427 0.636997 0.644984 0.629205 0.985687
20032_mask.png 0.92992 0.559063 0.744491 0.717178 0.591986 0.909524 0.935638
20657_mask.png 1.0 nan 1.0 nan nan nan 1.0
20374_mask.png 1.0 1.0 1.0 1.0 1.0 1.0 1.0
20569_mask.png 0.976221 0.624875 0.800548 0.769136 0.945117 0.648403 0.977127
20629_mask.png 0.924621 0.832596 0.878608 0.908652 0.847964 0.978695 0.945175
20209_mask.png 1.0 nan 1.0 nan nan nan 1.0
20575_mask.png 0.958427 0.325164 0.641796 0.490753 0.398946 0.637444 0.959244
20243_mask.png 0.876622 0.961108 0.918865 0.980168 0.965602 0.99518 0.969528
20551_mask.png 0.807955 0.749953 0.778954 0.857112 0.840156 0.874767 0.878143
20383_mask.png 0.925413 0.632508 0.77896 0.774891 0.723602 0.834004 0.933899
20273_mask.png 0.889716 0.93836 0.914038 0.9682 0.971934 0.964494 0.958832
20042_mask.png 0.91527 0.529204 0.722237 0.69213 0.617443 0.787372 0.922638
20198_mask.png 0.982351 0.932118 0.957235 0.964867 0.968338 0.96142 0.985794
20549_mask.png 0.860985 0.558493 0.709739 0.716709 0.832357 0.629278 0.881775
20177_mask.png 0.95858 0.448551 0.703566 0.61931 0.477959 0.879374 0.95993
20617_mask.png 0.873116 0.643113 0.758115 0.782798 0.779646 0.785977 0.896729
20616_mask.png 0.988784 0.462334 0.725559 0.632323 0.998405 0.462676 0.988892
20418_mask.png 0.88483 0.658539 0.771685 0.79412 0.97904 0.667956 0.905762
20737_mask.png 0.962668 0.731244 0.846956 0.844761 0.868497 0.822289 0.96611
20614_mask.png 0.978265 0.553732 0.765999 0.712777 0.691165 0.735785 0.978836
20544_mask.png 0.96845 0.65663 0.81254 0.79273 0.680226 0.949822 0.970245
20769_mask.png 0.991812 0.563322 0.777567 0.720673 0.994194 0.565182 0.991898
20172_mask.png 0.976558 0.521711 0.749135 0.68569 0.993313 0.52355 0.977142
20370_mask.png 1.0 nan 1.0 nan nan nan 1.0
20604_mask.png 0.604213 0.278011 0.441112 0.435069 0.278011 1.0 0.656555
20697_mask.png 0.471368 0.708612 0.58999 0.829459 0.775667 0.891269 0.768707
20828_mask.png 1.0 nan 1.0 nan nan nan 1.0
20111_mask.png 0.8438 0.523952 0.683876 0.687623 0.977529 0.53034 0.866714
20257_mask.png 0.979452 0.50488 0.742166 0.67099 0.635633 0.710512 0.979874
20335_mask.png 0.989982 0.459751 0.724866 0.629903 0.908197 0.482158 0.990067
20588_mask.png 0.828745 0.593828 0.711286 0.745159 0.672354 0.835647 0.863037
20286_mask.png 1.0 nan 1.0 nan nan nan 1.0
20071_mask.png 0.812397 0.748678 0.780538 0.856279 0.828134 0.886403 0.879654
20798_mask.png 0.927385 0.741079 0.834232 0.851287 0.837816 0.865199 0.93988
20147_mask.png 0.910571 0.585715 0.748143 0.73874 0.770101 0.709833 0.920609
20267_mask.png 0.907698 0.441992 0.674845 0.613029 0.447664 0.972132 0.913986
20509_mask.png 1.0 nan 1.0 nan nan nan 1.0
20189_mask.png 0.965594 0.415405 0.6905 0.586977 0.483761 0.746183 0.966415
20618_mask.png 0.839923 0.987773 0.913848 0.993849 0.992851 0.994848 0.98851
20487_mask.png 0.88349 0.445521 0.664505 0.616416 0.478546 0.865874 0.893463
20450_mask.png 0.935353 0.428268 0.681811 0.599703 0.444755 0.920341 0.938339
20519_mask.png 0.934733 0.443319 0.689026 0.614305 0.967723 0.449972 0.937958
20672_mask.png 0.830298 0.495821 0.663059 0.662942 0.613456 0.721111 0.854568
20360_mask.png 0.991375 0.658477 0.824926 0.794074 0.697917 0.920962 0.991516
20511_mask.png 0.871062 0.670148 0.770605 0.802501 0.779867 0.826488 0.897827
20671_mask.png 0.858322 0.881709 0.870015 0.937136 0.980113 0.89777 0.931091
20832_mask.png 0.913769 0.421625 0.667697 0.593159 0.806156 0.469193 0.918869
20005_mask.png 0.734233 0.910397 0.822315 0.953097 0.910432 0.999958 0.928177
20693_mask.png 0.904229 0.485109 0.694669 0.653297 0.520787 0.876252 0.912155
20437_mask.png 1.0 1.0 1.0 1.0 1.0 1.0 1.0
20635_mask.png 0.59242 0.715697 0.654058 0.834293 0.715697 1.0 0.798828
20193_mask.png 0.977949 0.746592 0.86227 0.854913 0.835702 0.875027 0.979294
20277_mask.png 0.954384 0.581945 0.768165 0.735734 0.918545 0.613611 0.957108
20202_mask.png 0.951061 0.473612 0.712337 0.642791 0.679951 0.609482 0.953125
20282_mask.png 0.870193 0.494947 0.68257 0.66216 0.989035 0.497678 0.884842
20384_mask.png 0.99674 0.470149 0.733445 0.639594 0.994737 0.471322 0.99675
20118_mask.png 0.884432 0.727508 0.80597 0.842263 1.0 0.727508 0.911682
20819_mask.png 0.845978 0.535674 0.690826 0.69764 0.535761 0.999697 0.869217
20720_mask.png 0.700036 0.941605 0.82082 0.969924 0.953039 0.987418 0.948608
20643_mask.png 0.942897 0.297308 0.620103 0.458346 0.470052 0.447209 0.944244
20232_mask.png 0.534265 0.435517 0.484891 0.606774 0.442447 0.965287 0.657379
20621_mask.png 0.955067 0.319008 0.637038 0.483709 0.369428 0.700363 0.955994
20331_mask.png 0.992799 0.59356 0.793179 0.744948 0.748628 0.741304 0.992874
20155_mask.png 0.685983 0.703332 0.694657 0.825831 0.717938 0.971887 0.819992
20002_mask.png 0.984999 0.40887 0.696935 0.580423 0.497413 0.696687 0.985153
20677_mask.png 0.863882 0.732216 0.798049 0.845409 0.825026 0.866826 0.900803
20085_mask.png 0.758159 0.912921 0.83554 0.954479 0.992965 0.918864 0.931595
20403_mask.png 0.866018 0.780256 0.823137 0.876566 0.998865 0.780949 0.90921
20137_mask.png 0.887009 0.795814 0.841411 0.886299 0.823483 0.959489 0.921555
20097_mask.png 1.0 1.0 1.0 1.0 1.0 1.0 1.0
20597_mask.png 0.924561 0.530261 0.727411 0.693033 0.531631 0.995163 0.930481
20440_mask.png 0.970512 0.432773 0.701643 0.604106 0.97829 0.43697 0.971161
20562_mask.png 0.858343 0.571578 0.71496 0.727393 1.0 0.571578 0.880859
20573_mask.png 0.681223 0.522851 0.602037 0.686674 0.555206 0.899719 0.763748
20489_mask.png 0.787172 0.892615 0.839894 0.943261 0.893644 0.998712 0.923141
20811_mask.png 0.791131 0.812819 0.801975 0.896746 0.848302 0.951059 0.890472
20716_mask.png 0.394718 0.706711 0.550715 0.828155 0.716875 0.980332 0.753799
20704_mask.png 0.915856 0.532032 0.723944 0.694544 0.765895 0.635354 0.923203
20818_mask.png 0.808083 0.379753 0.593918 0.550465 0.389807 0.936404 0.828262
20096_mask.png 0.964012 0.542476 0.753244 0.703383 0.917864 0.570153 0.965485
20782_mask.png 0.972668 0.619143 0.795906 0.764778 0.742477 0.788462 0.973831
20129_mask.png 0.690896 0.51231 0.601603 0.67752 0.535431 0.922264 0.766663
20164_mask.png 0.848552 0.590704 0.719628 0.742695 0.881978 0.641403 0.875717
20703_mask.png 0.467291 0.953037 0.710164 0.975954 0.9997 0.953309 0.954895
20132_mask.png 0.808449 0.834754 0.821601 0.909935 0.873486 0.94956 0.902649
20211_mask.png 0.896061 0.446402 0.671231 0.617258 0.531515 0.735986 0.904099
20561_mask.png 1.0 1.0 1.0 1.0 1.0 1.0 1.0
20721_mask.png 0.95388 0.537109 0.745494 0.698856 0.736179 0.665135 0.956223
20379_mask.png 0.894121 0.723759 0.80894 0.839745 0.883646 0.8 0.917114
20766_mask.png 0.923961 0.798569 0.861265 0.888005 0.829735 0.955077 0.941574
20090_mask.png 0.579134 0.743154 0.661144 0.852654 0.745077 0.996538 0.810226
20311_mask.png 0.875701 0.623188 0.749444 0.767857 0.936008 0.65092 0.896896
20011_mask.png 0.0 0.81192 0.40596 0.896199 0.81192 1.0 0.81192
20514_mask.png 0.914436 0.465266 0.689851 0.63506 0.688761 0.589128 0.920364
20185_mask.png 0.923506 0.87354 0.898523 0.932502 0.898945 0.968662 0.949951
20667_mask.png 0.949943 0.491715 0.720829 0.659262 0.852436 0.537464 0.952255
20630_mask.png 0.967262 0.516671 0.741966 0.681322 0.932268 0.536822 0.968369
20506_mask.png 0.98273 0.79438 0.888555 0.885409 0.968115 0.815721 0.98381
20253_mask.png 0.257188 0.669133 0.46316 0.801773 0.833899 0.772031 0.70314
20447_mask.png 0.963554 0.681105 0.82233 0.810306 0.746177 0.886496 0.966187
20037_mask.png 1.0 1.0 1.0 1.0 1.0 1.0 1.0
20235_mask.png 0.039379 0.823036 0.431208 0.902929 0.823036 1.0 0.82431
20696_mask.png 0.831569 0.418026 0.624797 0.589589 0.456735 0.831433 0.849747
20495_mask.png 0.811711 0.618483 0.715097 0.764275 0.677362 0.876773 0.855743
20480_mask.png 0.798365 0.991841 0.895103 0.995904 0.999921 0.991919 0.992096
20069_mask.png 0.89547 0.938739 0.917105 0.968402 0.957383 0.979677 0.959824
20526_mask.png 0.932036 0.451638 0.691837 0.622246 0.518817 0.777181 0.935638
20464_mask.png 0.813674 0.536456 0.675065 0.698303 0.898447 0.571085 0.846725
20642_mask.png 0.954301 0.965734 0.960017 0.982568 0.995735 0.969745 0.980026
20271_mask.png 0.452286 0.602978 0.527632 0.752323 0.603676 0.998088 0.701004
20292_mask.png 0.863627 0.712595 0.788111 0.832182 0.738099 0.953752 0.898087
20229_mask.png 0.985654 0.690662 0.838158 0.817032 0.919114 0.735358 0.986099
20839_mask.png 0.985719 0.452014 0.718867 0.622603 0.527663 0.759204 0.985886
20783_mask.png 0.905325 0.841608 0.873467 0.913993 0.951418 0.8794 0.937012
20094_mask.png 0.981933 0.681208 0.831571 0.810379 0.877522 0.752781 0.982605
20747_mask.png 0.914503 0.779786 0.847145 0.876269 0.787569 0.987486 0.934372
20508_mask.png 0.927142 0.878435 0.902788 0.935284 1.0 0.878435 0.952271
20003_mask.png 0.925956 0.709632 0.817794 0.830157 0.923317 0.754074 0.937302
20417_mask.png 0.493807 0.560864 0.527335 0.718658 0.561206 0.998913 0.692566
20260_mask.png 0.918622 0.541246 0.729934 0.702349 0.813634 0.617843 0.925751
20297_mask.png 0.080312 0.974783 0.527548 0.98723 0.999498 0.97526 0.974838
20326_mask.png 0.646092 0.869849 0.757971 0.930395 0.877472 0.990112 0.894836
20516_mask.png 0.923035 0.851803 0.887419 0.919972 0.996974 0.854011 0.94664
20315_mask.png 0.902922 0.955183 0.929053 0.977078 0.95688 0.998147 0.968369
20055_mask.png 1.0 1.0 1.0 1.0 1.0 1.0 1.0
20269_mask.png 0.766587 0.649309 0.707948 0.787371 0.857738 0.727674 0.837021
20348_mask.png 0.76259 0.962795 0.862692 0.981045 0.988512 0.973689 0.966766
20802_mask.png 1.0 1.0 1.0 1.0 1.0 1.0 1.0
20745_mask.png 0.892774 0.668026 0.7804 0.800978 0.760644 0.845829 0.911804
20082_mask.png 0.963836 0.491563 0.727699 0.659125 0.709161 0.615684 0.965057
20280_mask.png 0.652667 0.716137 0.684402 0.834592 0.727647 0.978391 0.81488
20757_mask.png 0.122736 0.703657 0.413196 0.826055 0.703657 1.0 0.715454
20099_mask.png 0.822514 0.859697 0.841105 0.924556 0.942472 0.907308 0.914978
20792_mask.png 0.958566 0.961527 0.960047 0.980386 0.968651 0.99241 0.979645
20249_mask.png 1.0 1.0 1.0 1.0 1.0 1.0 1.0
20639_mask.png 0.659495 0.514566 0.587031 0.679489 0.977614 0.520701 0.749802
20626_mask.png 1.0 nan 1.0 nan nan nan 1.0
20733_mask.png 0.828625 0.817267 0.822946 0.899446 0.97154 0.837313 0.902985
20334_mask.png 0.779934 0.646227 0.713081 0.785101 0.646427 0.999521 0.843033
20263_mask.png 0.620655 0.597647 0.609151 0.748159 0.602695 0.98618 0.75737
20749_mask.png 1.0 1.0 1.0 1.0 1.0 1.0 1.0
20203_mask.png 0.935186 0.855169 0.895178 0.921931 0.908085 0.936206 0.953125
20676_mask.png 0.56268 0.377929 0.470305 0.548547 0.38377 0.961289 0.65448
20075_mask.png 0.920389 0.57823 0.749309 0.732758 0.966722 0.589973 0.928223
20659_mask.png 0.703457 0.818307 0.760882 0.900076 0.987328 0.826993 0.873032
20092_mask.png 0.728699 0.526215 0.627457 0.689569 0.697284 0.682022 0.791519
20455_mask.png 0.0 0.727524 0.363762 0.842274 0.727524 1.0 0.727524
20619_mask.png 0.817869 0.733396 0.775633 0.846196 0.893149 0.803932 0.878662
20821_mask.png 0.81492 0.860482 0.837701 0.92501 0.878331 0.976928 0.913574
20599_mask.png 0.576462 0.72396 0.650211 0.83988 0.734616 0.980358 0.799347
20059_mask.png 0.36078 0.839134 0.599957 0.912532 0.996758 0.841431 0.852524
20670_mask.png 0.953994 0.550834 0.752414 0.710371 0.574147 0.931346 0.956451
20460_mask.png 0.815098 0.911889 0.863494 0.953914 0.99935 0.912431 0.936539
20179_mask.png 0.958785 0.58454 0.771663 0.737804 0.843985 0.655355 0.961044
20748_mask.png 1.0 1.0 1.0 1.0 1.0 1.0 1.0
20156_mask.png 0.0 0.925385 0.462692 0.961246 0.925385 1.0 0.925385
20255_mask.png 0.854746 0.966082 0.910414 0.982749 0.969596 0.996263 0.971725
20371_mask.png 1.0 nan 1.0 nan nan nan 1.0
20592_mask.png nan 1.0 1.0 1.0 1.0 1.0 1.0
20166_mask.png 0.955615 0.840636 0.898125 0.913419 0.925212 0.901922 0.964035
20084_mask.png 0.893906 0.659903 0.776905 0.795111 0.890127 0.718423 0.912018
20580_mask.png 0.94961 0.560419 0.755015 0.718293 0.837426 0.628835 0.952652
20496_mask.png 0.91506 0.377469 0.646264 0.548062 0.388385 0.930705 0.91922
20067_mask.png 0.964478 0.614927 0.789703 0.761554 0.65757 0.904603 0.966385
20321_mask.png 0.81736 0.59273 0.705045 0.744294 0.592806 0.999782 0.855713
20423_mask.png 0.511425 0.804229 0.657827 0.891493 0.971613 0.82358 0.837524
20301_mask.png 0.791165 0.849109 0.820137 0.918398 0.890854 0.947699 0.903992
20317_mask.png 1.0 1.0 1.0 1.0 1.0 1.0 1.0
20072_mask.png 0.883965 0.60498 0.744472 0.753878 0.994469 0.607022 0.901474
20515_mask.png 0.837908 0.80526 0.821584 0.892127 0.88308 0.901361 0.902954
20765_mask.png 0.884412 0.57931 0.731861 0.733624 0.57931 1.0 0.900284
20461_mask.png 0.0 0.998505 0.499252 0.999252 0.998505 1.0 0.998505
20453_mask.png 0.846884 0.836155 0.841519 0.910767 0.86317 0.96392 0.914047
20242_mask.png 0.912882 0.7928 0.852841 0.884426 0.839 0.935053 0.934662
20060_mask.png 0.505313 0.715847 0.61058 0.834395 0.762009 0.921977 0.77977
20399_mask.png 0.828804 0.786585 0.807695 0.880546 0.795045 0.986652 0.895035
20285_mask.png 1.0 1.0 1.0 1.0 1.0 1.0 1.0
20194_mask.png 0.863352 0.496747 0.68005 0.663769 0.522296 0.910355 0.879593
20711_mask.png 0.894163 0.272995 0.583579 0.428902 0.305936 0.717149 0.898209
20470_mask.png 0.91921 0.485944 0.702577 0.654054 0.826814 0.541012 0.924942
20578_mask.png 0.838701 0.63901 0.738856 0.779751 0.902474 0.68641 0.874527
20700_mask.png 0.947704 0.826428 0.887066 0.904966 0.884863 0.926005 0.95813
20715_mask.png 0.522382 0.378761 0.450571 0.549422 0.378761 1.0 0.630096
20278_mask.png 0.733469 0.412695 0.573082 0.584266 0.448464 0.838035 0.775513
20325_mask.png 0.983297 0.558484 0.770891 0.716702 0.984749 0.563357 0.983643
20145_mask.png 1.0 nan 1.0 nan nan nan 1.0
20089_mask.png 0.933304 0.675543 0.804424 0.806357 0.710122 0.932765 0.941437
20647_mask.png 0.89787 0.867006 0.882438 0.928766 0.924472 0.933101 0.93869
20675_mask.png 0.801692 0.610559 0.706126 0.758195 0.712491 0.810164 0.848724
20023_mask.png 0.0 0.997635 0.498817 0.998816 0.997635 1.0 0.997635
20439_mask.png 0.965648 0.866095 0.915872 0.928243 0.994408 0.870334 0.971893
20126_mask.png 0.770056 0.892365 0.831211 0.943121 0.970843 0.916939 0.920883
20791_mask.png 0.918609 0.566094 0.742351 0.722937 0.97399 0.574783 0.926422
20119_mask.png 0.802368 0.697535 0.749952 0.821821 0.707835 0.979567 0.864243
20815_mask.png 1.0 nan 1.0 nan nan nan 1.0
20803_mask.png 0.822317 0.448012 0.635164 0.618796 0.512916 0.77976 0.844711
20223_mask.png 0.958798 0.570686 0.764742 0.726671 0.874358 0.621666 0.960938
20731_mask.png 1.0 nan 1.0 nan nan nan 1.0
20595_mask.png 0.610859 0.898576 0.754717 0.946579 0.999921 0.89864 0.912506
20007_mask.png 1.0 1.0 1.0 1.0 1.0 1.0 1.0
20143_mask.png 0.941296 0.728365 0.83483 0.842837 0.833614 0.852266 0.94928
20653_mask.png 1.0 nan 1.0 nan nan nan 1.0
20307_mask.png 0.647306 0.780807 0.714056 0.876913 0.936267 0.824637 0.843689
20718_mask.png 0.81591 0.621846 0.718878 0.766837 0.628078 0.984294 0.858688
20628_mask.png 0.765258 0.949329 0.857294 0.974006 0.952581 0.996417 0.956512
20316_mask.png 0.518808 0.48427 0.501539 0.652536 0.499253 0.941644 0.668564
20184_mask.png 0.768332 0.773942 0.771137 0.872567 0.775952 0.996665 0.870804
20808_mask.png 0.953778 0.819427 0.886603 0.900753 0.873204 0.930097 0.961792
20139_mask.png 0.846905 0.672558 0.759732 0.804227 0.729617 0.895835 0.88353
20613_mask.png 0.924835 0.642851 0.783843 0.782604 0.930537 0.675255 0.933792
20251_mask.png 0.860081 0.545339 0.70271 0.705785 0.881175 0.588625 0.880188
20838_mask.png 0.948328 0.325439 0.636884 0.491066 0.878721 0.340744 0.949585
20576_mask.png 0.80168 0.739666 0.770673 0.850354 0.850859 0.849849 0.873154
20593_mask.png 0.84157 0.276188 0.558879 0.432833 0.355302 0.553646 0.850601
20694_mask.png 0.00158 0.980712 0.491146 0.990262 0.980712 1.0 0.980713
20585_mask.png 1.0 nan 1.0 nan nan nan 1.0
20584_mask.png 0.900208 0.355345 0.627776 0.524361 0.42384 0.687387 0.905411
20777_mask.png 0.666451 0.947872 0.807162 0.973239 0.948383 0.999432 0.952789
20176_mask.png 0.92336 0.520426 0.721893 0.684579 0.646371 0.727588 0.929245
20712_mask.png 1.0 1.0 1.0 1.0 1.0 1.0 1.0
20520_mask.png 0.916061 0.549558 0.732809 0.709309 0.933456 0.571965 0.923859
20288_mask.png 1.0 1.0 1.0 1.0 1.0 1.0 1.0
20083_mask.png 0.962045 0.640321 0.801183 0.780727 0.913656 0.681564 0.964447
20830_mask.png 0.923329 0.657917 0.790623 0.793667 0.70084 0.914838 0.933182
20499_mask.png 0.813839 0.442434 0.628136 0.613455 0.453617 0.947221 0.837799
20201_mask.png 0.668723 0.753263 0.710993 0.85927 0.991038 0.758429 0.835297
20104_mask.png 0.78431 0.238498 0.511404 0.38514 0.250741 0.830064 0.797958
20502_mask.png 0.802216 0.588391 0.695303 0.740864 0.78531 0.70118 0.84581
20241_mask.png 0.971505 0.493449 0.732477 0.660818 0.507891 0.945513 0.972275
20837_mask.png 0.78999 0.780465 0.785227 0.876698 0.979853 0.793193 0.879761
20323_mask.png 0.850463 0.9344 0.892432 0.966088 0.98357 0.949217 0.952225
20531_mask.png 0.849811 0.884905 0.867358 0.938939 0.895464 0.98685 0.930298
20500_mask.png 1.0 1.0 1.0 1.0 1.0 1.0 1.0
20684_mask.png 0.760742 0.592589 0.676665 0.744183 0.669609 0.83745 0.82251
20436_mask.png 1.0 1.0 1.0 1.0 1.0 1.0 1.0
20043_mask.png 0.873863 0.431585 0.652724 0.602947 0.46008 0.874504 0.884888
20658_mask.png 0.418375 0.962195 0.690285 0.980733 0.9731 0.988487 0.963196
20644_mask.png 0.807008 0.636724 0.721866 0.778047 0.668105 0.931298 0.855789
20424_mask.png 0.987654 0.673967 0.83081 0.805233 0.852142 0.763219 0.987961
20547_mask.png 0.88399 0.720292 0.802141 0.837407 0.778708 0.905677 0.910675
20598_mask.png 0.946021 0.600586 0.773303 0.750458 0.632553 0.922385 0.950073
20742_mask.png 0.892283 0.145674 0.518979 0.254303 0.146034 0.983361 0.894226
20441_mask.png 0.0 0.98175 0.490875 0.990791 0.98175 1.0 0.98175
20262_mask.png 0.982349 0.662847 0.822598 0.797243 0.738079 0.866719 0.982941
20755_mask.png 0.816625 0.599898 0.708262 0.74992 0.870795 0.658513 0.856171
20380_mask.png 0.343286 0.926462 0.634874 0.961827 0.928006 0.998207 0.929184
20322_mask.png 0.862829 0.766364 0.814596 0.867731 0.766884 0.999116 0.905396
20121_mask.png 0.672244 0.5819 0.627072 0.735697 0.601312 0.947436 0.774918
20080_mask.png 0.965546 0.834381 0.899963 0.909714 0.881342 0.939973 0.970642
20738_mask.png 0.889166 0.623297 0.756231 0.76794 0.743702 0.79381 0.906342
20695_mask.png 0.929881 0.501973 0.715927 0.668418 0.816226 0.565934 0.934509
20163_mask.png 0.895099 0.818796 0.856948 0.900372 0.888229 0.912851 0.928833
20504_mask.png 0.509901 0.673718 0.591809 0.805056 0.711867 0.926317 0.756409
20346_mask.png 0.993259 0.559356 0.776308 0.717419 0.599784 0.892456 0.993317
20183_mask.png 0.719755 0.836263 0.778009 0.910831 0.863322 0.963874 0.884735
20685_mask.png 0.967619 0.918814 0.943217 0.95769 0.937337 0.978946 0.976303
20478_mask.png 1.0 1.0 1.0 1.0 1.0 1.0 1.0
20015_mask.png 0.965388 0.976471 0.97093 0.988096 0.98268 0.993571 0.985794
20681_mask.png 0.988226 0.637236 0.812731 0.778429 0.730875 0.832602 0.988464
20108_mask.png 0.99206 0.643997 0.818029 0.783453 0.772047 0.795201 0.992172
20640_mask.png 0.903787 0.732232 0.81801 0.84542 0.785669 0.915008 0.923828
20416_mask.png 0.24502 0.505374 0.375197 0.671427 0.509279 0.985055 0.573792
20036_mask.png 0.622222 0.994767 0.808495 0.997377 0.998995 0.995763 0.994812
20333_mask.png 0.57037 0.971528 0.770949 0.985558 0.971989 0.999511 0.972565
20406_mask.png 1.0 nan 1.0 nan nan nan 1.0
20341_mask.png 0.60254 0.489074 0.545807 0.656884 0.499295 0.959826 0.712082
20634_mask.png 0.396821 0.903978 0.650399 0.949568 0.999713 0.904213 0.909683
20144_mask.png 0.683126 0.900593 0.791859 0.947697 0.951863 0.943567 0.918137
20188_mask.png 0.868162 0.395898 0.63203 0.567231 0.428936 0.837135 0.878647
20674_mask.png 0.88858 0.351018 0.619799 0.519635 0.9698 0.354897 0.894913
20386_mask.png 1.0 1.0 1.0 1.0 1.0 1.0 1.0
20353_mask.png 0.792802 0.397488 0.595145 0.568861 0.409594 0.93079 0.817719
20294_mask.png 0.924427 0.50819 0.716308 0.673907 0.61307 0.748148 0.929901
20047_mask.png 0.978842 0.599762 0.789302 0.749814 0.957224 0.616279 0.979492
20140_mask.png 1.0 1.0 1.0 1.0 1.0 1.0 1.0
20356_mask.png 0.819306 0.476739 0.648023 0.645665 0.724089 0.582568 0.844849
20577_mask.png 0.118291 0.987696 0.552994 0.99381 0.991424 0.996208 0.987717
20579_mask.png 0.605667 0.896369 0.751018 0.945353 0.896369 1.0 0.910599
20717_mask.png 0.916861 0.916437 0.916649 0.956397 0.977025 0.936622 0.956512
20574_mask.png 0.731067 0.852827 0.791947 0.920569 0.880789 0.964111 0.894882
20456_mask.png 0.01033 0.816912 0.413621 0.899231 0.816912 1.0 0.817261
20151_mask.png 0.790759 0.877913 0.834336 0.934988 0.999391 0.878383 0.916458
20275_mask.png 0.800557 0.969343 0.88495 0.984433 0.979667 0.989245 0.972702
20398_mask.png 0.965697 0.606886 0.786292 0.755357 0.841031 0.685524 0.967422
20633_mask.png 0.813149 0.817011 0.81508 0.899291 0.841174 0.966035 0.898132
20631_mask.png 0.921346 0.886423 0.903884 0.939793 0.897724 0.985998 0.951263
20540_mask.png 0.988652 0.584563 0.786608 0.737822 0.887166 0.631514 0.988831
20419_mask.png 0.709588 0.926575 0.818081 0.961888 0.969112 0.954771 0.937744
20013_mask.png 0.900039 0.856423 0.878231 0.922659 0.911494 0.934102 0.937378
20620_mask.png 0.897199 0.548579 0.722889 0.708494 0.70908 0.707908 0.908615
20225_mask.png 0.942507 0.486785 0.714646 0.654816 0.881863 0.520744 0.94548
20206_mask.png 1.0 1.0 1.0 1.0 1.0 1.0 1.0
20817_mask.png 0.982265 0.624168 0.803217 0.7686 0.636889 0.968992 0.982773
20021_mask.png 0.655248 0.835786 0.745517 0.910548 0.958179 0.867429 0.874847
20375_mask.png 0.85863 0.597635 0.728133 0.74815 0.59773 0.999736 0.883163
20133_mask.png 0.519763 0.77038 0.645071 0.870299 0.775953 0.990763 0.816086
20615_mask.png 0.644377 0.610932 0.627655 0.758483 0.611648 0.998087 0.771805
20786_mask.png 1.0 1.0 1.0 1.0 1.0 1.0 1.0
20528_mask.png 0.892467 0.670296 0.781382 0.802608 0.87824 0.738969 0.911758
20159_mask.png 0.866283 0.623419 0.744851 0.768032 0.942923 0.647867 0.890518
20008_mask.png 0.905078 0.415212 0.660145 0.586784 0.611678 0.563837 0.911072
20216_mask.png 1.0 1.0 1.0 1.0 1.0 1.0 1.0
20276_mask.png 0.847444 0.981304 0.914374 0.990564 0.986287 0.994877 0.983063
20389_mask.png 0.971607 0.751017 0.861312 0.857807 0.771527 0.965814 0.973846
20679_mask.png 0.415958 0.866965 0.641461 0.928743 0.874842 0.989721 0.878479
20078_mask.png 1.0 1.0 1.0 1.0 1.0 1.0 1.0
20266_mask.png 0.661849 0.664754 0.663302 0.798622 0.677632 0.972207 0.797577
20829_mask.png 0.894982 0.797814 0.846398 0.887538 0.809486 0.982249 0.925751
20324_mask.png 0.803786 0.742084 0.772935 0.85195 0.771877 0.950559 0.874588
20204_mask.png 0.745094 0.410751 0.577922 0.582315 0.420498 0.946582 0.783554
20548_mask.png 1.0 1.0 1.0 1.0 1.0 1.0 1.0
20425_mask.png 0.949489 0.918448 0.933968 0.957491 0.964055 0.951015 0.967804
20369_mask.png 0.811991 0.44908 0.630535 0.619814 0.495139 0.828403 0.836975
20534_mask.png 0.741411 0.700924 0.721167 0.824168 0.720655 0.962407 0.838989
20535_mask.png 0.966282 0.65094 0.808611 0.788569 0.698684 0.904995 0.968277
20238_mask.png 1.0 1.0 1.0 1.0 1.0 1.0 1.0
20601_mask.png 0.00296 0.933169 0.468064 0.965429 0.942896 0.989065 0.933182
20793_mask.png 0.556263 0.838854 0.697558 0.912366 0.993656 0.843371 0.865936
20768_mask.png 0.744858 0.847291 0.796074 0.917333 0.853391 0.991634 0.894379
20638_mask.png 0.876968 0.56425 0.720609 0.721432 0.589398 0.9297 0.893875
20636_mask.png 0.890289 0.302824 0.596556 0.464873 0.906906 0.312539 0.895279
20735_mask.png 0.939883 0.437285 0.688584 0.608488 0.710296 0.532205 0.942566
20421_mask.png 0.408266 0.689651 0.548958 0.816324 0.703718 0.971831 0.744385
20428_mask.png 0.870041 0.714856 0.792449 0.833722 0.977898 0.726596 0.901978
20373_mask.png 0.985682 0.582198 0.78394 0.735936 0.648129 0.851262 0.985962
20660_mask.png 0.841571 0.432562 0.637066 0.603899 0.464269 0.863642 0.858643
20760_mask.png 0.554205 0.604162 0.579184 0.753243 0.627077 0.942966 0.734711
20152_mask.png 1.0 1.0 1.0 1.0 1.0 1.0 1.0
20122_mask.png nan 1.0 1.0 1.0 1.0 1.0 1.0
20451_mask.png 1.0 1.0 1.0 1.0 1.0 1.0 1.0
20215_mask.png 0.40932 0.8567 0.63301 0.92282 0.996099 0.859583 0.869644
20412_mask.png 0.921466 0.631198 0.776332 0.773907 0.89956 0.679056 0.930771
20473_mask.png 0.900459 0.837461 0.86896 0.911541 0.946774 0.878837 0.934204
20452_mask.png 0.973491 0.579739 0.776615 0.733968 0.912391 0.613914 0.974426
20581_mask.png 0.913759 0.717342 0.815551 0.83541 0.74368 0.952952 0.929245
20110_mask.png 0.870167 0.631891 0.751029 0.774428 0.657637 0.941659 0.893829
20312_mask.png 0.828188 0.614011 0.7211 0.760851 0.662944 0.892689 0.865067
20666_mask.png 0.861987 0.822074 0.842031 0.90235 0.857604 0.952022 0.915726
20762_mask.png 0.810866 0.879221 0.845043 0.935729 0.900493 0.973835 0.920425
20701_mask.png 0.962832 0.542549 0.75269 0.703445 0.668842 0.741823 0.964401
20794_mask.png 0.753362 0.644592 0.698977 0.783893 0.799045 0.769304 0.82959
20587_mask.png 0.860923 0.790229 0.825576 0.882824 0.900268 0.866044 0.908737
20796_mask.png 0.804129 0.619379 0.711754 0.764959 0.670789 0.889888 0.851471
20800_mask.png 0.811164 0.497542 0.654353 0.664478 0.757002 0.592108 0.840912
20340_mask.png 0.362664 0.68714 0.524902 0.814562 0.998094 0.688043 0.734421
20010_mask.png 0.423654 0.678414 0.551034 0.808399 0.687822 0.980237 0.739899
20182_mask.png 1.0 nan 1.0 nan nan nan 1.0
20835_mask.png 1.0 nan 1.0 nan nan nan 1.0
20522_mask.png 0.744505 0.302055 0.52328 0.463967 0.315263 0.878197 0.769943
20469_mask.png 0.843171 0.773518 0.808344 0.872298 0.779931 0.989481 0.897873
20028_mask.png 1.0 1.0 1.0 1.0 1.0 1.0 1.0
20117_mask.png 1.0 1.0 1.0 1.0 1.0 1.0 1.0
20609_mask.png 0.123613 0.89605 0.509832 0.945176 0.899966 0.995168 0.897552
20665_mask.png 0.393927 0.849175 0.621551 0.918437 0.849175 1.0 0.86264
20305_mask.png 1.0 1.0 1.0 1.0 1.0 1.0 1.0
20533_mask.png 1.0 1.0 1.0 1.0 1.0 1.0 1.0
20049_mask.png 0.841594 0.872304 0.856949 0.931798 0.918926 0.945035 0.92392
20378_mask.png 0.975076 0.517001 0.746038 0.681609 0.762993 0.615913 0.975723
20513_mask.png 0.839944 0.980821 0.910382 0.990317 0.98682 0.99384 0.982574
20124_mask.png 0.73612 0.760049 0.748084 0.863668 0.817099 0.915866 0.856262
20061_mask.png 0.913474 0.507707 0.710591 0.673482 0.527148 0.93228 0.920563
20651_mask.png 0.637326 0.80962 0.723473 0.894795 0.841226 0.955652 0.857346
20290_mask.png 0.157846 0.957907 0.557877 0.978501 1.0 0.957907 0.958237
20408_mask.png 0.804157 0.443832 0.623994 0.614797 0.557107 0.685816 0.830627
20368_mask.png 0.864441 0.846956 0.855699 0.917137 0.974232 0.866364 0.922546
20056_mask.png 0.993513 0.602455 0.797984 0.751915 0.61583 0.965204 0.993576
20678_mask.png 0.0 0.903946 0.451973 0.94955 0.903946 1.0 0.903946
20057_mask.png 0.841769 0.732589 0.787179 0.845658 0.740113 0.986314 0.889618
20102_mask.png 0.0 0.99353 0.496765 0.996755 0.99353 1.0 0.99353
20199_mask.png 1.0 1.0 1.0 1.0 1.0 1.0 1.0
20476_mask.png 1.0 1.0 1.0 1.0 1.0 1.0 1.0
20710_mask.png 0.733143 0.761665 0.747404 0.864711 0.784668 0.962938 0.855972
20009_mask.png 0.817955 0.877099 0.847527 0.934526 0.896984 0.975348 0.920822
20444_mask.png 0.959566 0.467541 0.713554 0.637176 0.575859 0.713107 0.960953
20404_mask.png 0.784671 0.893064 0.838868 0.943512 0.91758 0.970952 0.92305
20395_mask.png 0.978497 0.636995 0.807746 0.77825 0.82571 0.735948 0.979279
20446_mask.png 1.0 nan 1.0 nan nan nan 1.0
20427_mask.png 0.843123 0.426739 0.634931 0.598202 0.432448 0.969993 0.859528
20153_mask.png 0.89223 0.607266 0.749748 0.755651 0.607463 0.999466 0.907623
20195_mask.png 0.677559 0.71647 0.697014 0.834818 0.9981 0.717449 0.822327
20702_mask.png 0.853583 0.369937 0.61176 0.540079 0.417713 0.76384 0.865173
20218_mask.png 0.360795 0.246101 0.303448 0.394994 0.246702 0.990198 0.471146
20034_mask.png 1.0 1.0 1.0 1.0 1.0 1.0 1.0
20493_mask.png 0.823934 0.79888 0.811407 0.888197 0.858758 0.919727 0.896393
20814_mask.png 1.0 nan 1.0 nan nan nan 1.0
20105_mask.png 0.903383 0.488485 0.695934 0.656352 0.621185 0.69574 0.911545
20632_mask.png 0.882722 0.422311 0.652517 0.593838 0.452677 0.862931 0.891983
20362_mask.png 0.962473 0.567448 0.76496 0.72404 0.682272 0.771257 0.964233
20258_mask.png 0.804953 0.311969 0.558461 0.475574 0.349961 0.74185 0.820801
20289_mask.png 0.831699 0.910462 0.87108 0.953133 0.973225 0.933853 0.937927
20347_mask.png 0.916433 0.575656 0.746044 0.730687 0.973734 0.584735 0.924942
20150_mask.png 0.663563 0.676737 0.67015 0.807207 0.998231 0.677549 0.802597
20426_mask.png 0.355061 0.59443 0.474745 0.745633 0.598542 0.988576 0.668457
20682_mask.png 1.0 1.0 1.0 1.0 1.0 1.0 1.0
20479_mask.png 0.423539 0.954588 0.689064 0.976767 0.95599 0.998466 0.956055
20498_mask.png 1.0 1.0 1.0 1.0 1.0 1.0 1.0
20245_mask.png 0.743767 0.904955 0.824361 0.950106 0.979745 0.922209 0.925507
20391_mask.png 1.0 nan 1.0 nan nan nan 1.0
20481_mask.png 0.761403 0.524675 0.643039 0.688245 0.526738 0.992589 0.811142
20058_mask.png 0.797111 0.558827 0.677969 0.716984 0.731746 0.702806 0.838593
20468_mask.png 0.79548 0.690562 0.743021 0.816961 0.729073 0.928943 0.859573
20553_mask.png 0.858401 0.326404 0.592402 0.492164 0.410978 0.613322 0.867493
20567_mask.png 0.983027 0.355932 0.66948 0.525 0.685811 0.425279 0.983185
20027_mask.png 0.0 0.964813 0.482407 0.982092 0.964813 1.0 0.964813
20466_mask.png 0.6864 0.865981 0.776191 0.928178 0.903999 0.953686 0.896378
20559_mask.png 1.0 1.0 1.0 1.0 1.0 1.0 1.0
20409_mask.png 0.816759 0.559175 0.687967 0.71727 0.731837 0.703272 0.851318
20244_mask.png 0.705525 0.77798 0.741753 0.875128 0.893261 0.857717 0.855072
20664_mask.png 0.868759 0.997139 0.932949 0.998568 0.997341 0.999797 0.997192
20366_mask.png 0.854433 0.61566 0.735047 0.762116 0.664914 0.892602 0.881958
20022_mask.png 0.591705 0.694065 0.642885 0.819407 0.712809 0.963495 0.78804
20448_mask.png 0.930463 0.66055 0.795507 0.79558 0.694991 0.930213 0.938751
20759_mask.png 0.92508 0.868148 0.896614 0.929421 0.891786 0.970372 0.949829
20432_mask.png 0.510251 0.934594 0.722423 0.966191 0.938371 0.995711 0.938766
20141_mask.png 1.0 nan 1.0 nan nan nan 1.0
20590_mask.png 0.722317 0.613001 0.667659 0.760075 0.666356 0.884471 0.807144
20062_mask.png 1.0 1.0 1.0 1.0 1.0 1.0 1.0
20741_mask.png 0.347039 0.783887 0.565463 0.878853 0.99818 0.785009 0.806152
20532_mask.png 0.930171 0.869065 0.899618 0.929946 0.919828 0.940289 0.952286
20192_mask.png 1.0 1.0 1.0 1.0 1.0 1.0 1.0
20529_mask.png 0.815593 0.942171 0.878882 0.970224 0.994519 0.947089 0.953949
20563_mask.png 0.839449 0.678609 0.759029 0.808538 0.691103 0.974052 0.880096
20392_mask.png 0.944801 0.675305 0.810053 0.806188 0.813231 0.799266 0.950485
20771_mask.png 0.821433 0.909764 0.865599 0.95275 0.921927 0.985706 0.936234
20732_mask.png 0.960911 0.379156 0.670034 0.549838 0.467851 0.666667 0.961823
20536_mask.png 0.647174 0.62114 0.634157 0.7663 0.841786 0.703238 0.776474
20149_mask.png 0.840072 0.440954 0.640513 0.612031 0.53678 0.71182 0.857986
20268_mask.png 1.0 1.0 1.0 1.0 1.0 1.0 1.0
20300_mask.png 1.0 1.0 1.0 1.0 1.0 1.0 1.0
20299_mask.png 0.972692 0.526187 0.749439 0.689544 0.696641 0.68259 0.973495
20410_mask.png 0.904094 0.542707 0.7234 0.703577 0.773504 0.645245 0.913895
20318_mask.png 0.859589 0.833979 0.846784 0.909475 0.883133 0.937437 0.917664
20006_mask.png 0.947422 0.488463 0.717943 0.656332 0.513944 0.907853 0.949936
20775_mask.png 0.979388 0.514149 0.746769 0.679126 0.823426 0.57786 0.979828
20690_mask.png 0.9541 0.569324 0.761712 0.725566 0.802612 0.662017 0.956726
20065_mask.png 1.0 nan 1.0 nan nan nan 1.0
20114_mask.png 0.735396 0.652387 0.693891 0.789629 0.669478 0.96234 0.823196
20115_mask.png 1.0 1.0 1.0 1.0 1.0 1.0 1.0
20068_mask.png 0.924972 0.80164 0.863306 0.8899 0.849802 0.93397 0.942429
20079_mask.png 1.0 1.0 1.0 1.0 1.0 1.0 1.0
20435_mask.png 0.744985 0.561549 0.653267 0.719221 0.563117 0.995066 0.80777
20521_mask.png 0.898481 0.489945 0.694213 0.657669 0.618547 0.702074 0.907501
20031_mask.png 0.328379 0.909262 0.618821 0.952475 1.0 0.909262 0.913116
20661_mask.png 0.758132 0.783436 0.770784 0.878569 0.910506 0.848797 0.871002
20018_mask.png 0.928345 0.671928 0.800136 0.803776 0.907095 0.721587 0.937515
20834_mask.png 0.707149 0.781103 0.744126 0.8771 0.813353 0.951689 0.856796
20205_mask.png 0.672793 0.757902 0.715347 0.86228 0.965808 0.778798 0.838364
20128_mask.png 0.974092 0.658933 0.816512 0.794406 0.996173 0.660605 0.975327
20823_mask.png 0.942621 0.541227 0.741924 0.702333 0.781897 0.637465 0.946259
20053_mask.png 0.987681 0.458672 0.723177 0.62889 0.891963 0.485653 0.987808
20751_mask.png 0.680084 0.783649 0.731867 0.878703 0.912032 0.847724 0.851807
20822_mask.png 0.935379 0.471698 0.703538 0.641026 0.769811 0.549155 0.938904
20510_mask.png 0.955568 0.734596 0.845082 0.846994 0.747293 0.977393 0.960434
20024_mask.png 0.813672 0.702749 0.75821 0.825429 0.745545 0.924486 0.870651
20486_mask.png 0.922927 0.539974 0.731451 0.701277 0.618896 0.808957 0.929321
20482_mask.png 0.568892 0.919687 0.74429 0.958164 0.931716 0.986157 0.927383
20087_mask.png 0.826298 0.7125 0.769399 0.832117 0.829004 0.835253 0.878571
20339_mask.png 0.926946 0.573135 0.750041 0.728653 0.855973 0.634305 0.933472
20825_mask.png 0.949324 0.451763 0.700543 0.622364 0.982791 0.455365 0.951355
20623_mask.png 0.931359 0.324282 0.627821 0.489748 0.423163 0.581201 0.933548
20030_mask.png 0.851729 0.610609 0.731169 0.758234 0.829064 0.698554 0.8797
20729_mask.png 0.844858 0.159775 0.502317 0.275528 0.159775 1.0 0.849304
20705_mask.png 0.784109 0.317011 0.55056 0.48141 0.328201 0.902889 0.803772
20158_mask.png 0.970827 0.614313 0.79257 0.761083 0.99047 0.617966 0.972122
20683_mask.png 0.902508 0.382075 0.642292 0.552901 0.58631 0.523094 0.908051
20200_mask.png 0.838735 0.571485 0.70511 0.727318 0.603099 0.915982 0.867279
20313_mask.png 0.583724 0.584408 0.584066 0.737699 0.585228 0.997609 0.737427
20789_mask.png 0.87899 0.872112 0.875551 0.931688 0.876368 0.994462 0.933701
20564_mask.png 0.954897 0.263171 0.609034 0.416683 0.313613 0.620669 0.955612
20173_mask.png 0.902161 0.724849 0.813505 0.840478 0.944179 0.757302 0.922211
20518_mask.png 0.791199 0.745073 0.768136 0.853916 0.899272 0.812915 0.870331
20420_mask.png 1.0 1.0 1.0 1.0 1.0 1.0 1.0
20178_mask.png 1.0 1.0 1.0 1.0 1.0 1.0 1.0
20490_mask.png 0.846342 0.694734 0.770538 0.819874 0.795316 0.845997 0.886154
20066_mask.png 0.943869 0.890335 0.917102 0.941987 0.90972 0.976627 0.961441
20471_mask.png 0.0 0.991928 0.495964 0.995948 0.991928 1.0 0.991928
20405_mask.png 0.0 0.997284 0.498642 0.99864 0.997284 1.0 0.997284
20284_mask.png 0.817556 0.479534 0.648545 0.648223 0.525873 0.844769 0.843811
20571_mask.png 1.0 1.0 1.0 1.0 1.0 1.0 1.0
20472_mask.png 1.0 1.0 1.0 1.0 1.0 1.0 1.0
20250_mask.png nan 1.0 1.0 1.0 1.0 1.0 1.0
20806_mask.png 0.955358 0.587123 0.771241 0.739858 0.792545 0.69374 0.958023
20342_mask.png 1.0 1.0 1.0 1.0 1.0 1.0 1.0
20293_mask.png 0.9669 0.752387 0.859644 0.8587 0.882682 0.835985 0.969925
20367_mask.png 0.52967 0.804828 0.667249 0.891861 0.823983 0.971926 0.839996
20698_mask.png 0.588856 0.934344 0.7616 0.966058 0.935578 0.998591 0.939987
20109_mask.png 1.0 1.0 1.0 1.0 1.0 1.0 1.0
20146_mask.png 0.639814 0.804494 0.722154 0.891656 0.895533 0.887813 0.854889
20565_mask.png 0.55759 0.549036 0.553313 0.708874 0.551729 0.991186 0.712463
20309_mask.png 0.85641 0.538911 0.69766 0.700379 0.795977 0.625282 0.877045
20161_mask.png 0.0 0.905197 0.452599 0.95024 1.0 0.905197 0.905197
20401_mask.png 1.0 1.0 1.0 1.0 1.0 1.0 1.0
20074_mask.png 0.75093 0.745571 0.748251 0.854243 0.950369 0.775776 0.856018
20649_mask.png 0.594992 0.685846 0.640419 0.813652 0.965195 0.703238 0.785049
20228_mask.png 0.891252 0.470037 0.680644 0.63949 0.625746 0.653851 0.900818
20351_mask.png 0.767984 0.424684 0.596334 0.59618 0.473539 0.80455 0.80191
20304_mask.png 1.0 1.0 1.0 1.0 1.0 1.0 1.0
20093_mask.png 0.839722 0.739352 0.789537 0.850146 0.84886 0.851436 0.889816
20382_mask.png 0.973736 0.750859 0.862297 0.857704 0.828365 0.889197 0.975662
20728_mask.png 0.847424 0.406256 0.62684 0.577784 0.42057 0.922699 0.861847
20381_mask.png 1.0 1.0 1.0 1.0 1.0 1.0 1.0
20627_mask.png 0.727968 0.814811 0.771389 0.897957 0.840197 0.964244 0.876175
20329_mask.png 1.0 1.0 1.0 1.0 1.0 1.0 1.0
20538_mask.png 0.979982 0.681438 0.83071 0.810542 0.866109 0.761676 0.980804
20669_mask.png 0.944001 0.501793 0.722897 0.668258 0.94542 0.516763 0.946991
20350_mask.png 0.820064 0.628753 0.724409 0.772067 0.817638 0.731308 0.862091
20809_mask.png 0.671229 0.856385 0.763807 0.922637 0.930989 0.914433 0.888947
20807_mask.png 0.558523 0.969888 0.764206 0.984714 0.974038 0.995626 0.970993
20756_mask.png 0.951233 0.575234 0.763233 0.730347 0.625867 0.8767 0.954254
20142_mask.png 0.842782 0.740197 0.79149 0.850705 0.85357 0.847859 0.891418
20254_mask.png 0.50224 0.952007 0.727123 0.975413 0.953303 0.998574 0.954224
20689_mask.png 0.884894 0.878504 0.881699 0.935323 0.913356 0.958374 0.93718
20687_mask.png 0.955033 0.895064 0.925048 0.944626 0.906496 0.986105 0.967499
20810_mask.png 0.964786 0.597762 0.781274 0.748249 0.74085 0.755798 0.966537
20778_mask.png 1.0 1.0 1.0 1.0 1.0 1.0 1.0
20736_mask.png 0.946743 0.770827 0.858785 0.870584 0.800772 0.953731 0.954834
20174_mask.png 0.914656 0.977736 0.946196 0.988743 0.98152 0.996072 0.982025
20475_mask.png 0.565217 0.899798 0.732508 0.947257 0.999004 0.900606 0.911346
20801_mask.png 0.88044 0.824123 0.852281 0.903583 0.847298 0.967877 0.92337
20400_mask.png 0.976546 0.638324 0.807435 0.77924 0.822026 0.740688 0.977478
20376_mask.png 0.973663 0.788112 0.880888 0.881502 0.920208 0.84592 0.976013
20281_mask.png 0.808785 0.748662 0.778723 0.856268 0.991123 0.753716 0.878174
20594_mask.png 0.660453 0.689882 0.675167 0.816485 0.997595 0.691032 0.806564
20274_mask.png 0.872972 0.473944 0.673458 0.643096 0.489561 0.936934 0.886017
20457_mask.png 0.877596 0.789872 0.833734 0.882602 0.840845 0.928722 0.916168
20820_mask.png 1.0 nan 1.0 nan nan nan 1.0
20774_mask.png 1.0 1.0 1.0 1.0 1.0 1.0 1.0
20805_mask.png 0.773021 0.262379 0.5177 0.41569 0.268612 0.918746 0.789978
20160_mask.png 1.0 1.0 1.0 1.0 1.0 1.0 1.0
20758_mask.png 0.969866 0.44087 0.705368 0.611949 0.506831 0.772081 0.970566
20743_mask.png 0.967386 0.475625 0.721505 0.644642 0.584964 0.71788 0.968323
20430_mask.png 0.753527 0.688992 0.721259 0.815862 0.847373 0.78661 0.840576
20081_mask.png 0.690872 0.62846 0.659666 0.771846 0.658357 0.932609 0.797012
--------------------
总mIou：0.8848201635309961
总mIou：0.7835981675144227
总mIou：0.8342091655227094
总fscore：0.8786708858938175
总recall：0.8476675551033638
总precision0.912028198875449
总accuracy0.9187195769936308
Finish!
