文件名，Iou_1，Iou_2，mIoU，fscore，recall，precision, accuracy
10034_mask.png 0.961365 0.660467 0.810916 0.79552 0.7221 0.88556 0.964066
10291_mask.png 0.993256 0.0 0.496628 nan nan 0.0 0.993256
10376_mask.png 0.789047 0.442672 0.615859 0.613683 0.45225 0.954338 0.819321
10192_mask.png 0.98495 0.91805 0.9515 0.957274 0.949869 0.964796 0.987122
10411_mask.png 0.847918 0.694977 0.771447 0.820043 0.817737 0.822362 0.887054
10665_mask.png 0.824922 0.448671 0.636797 0.619425 0.453652 0.976114 0.846756
10110_mask.png 0.81241 0.390065 0.601238 0.561218 0.393542 0.977852 0.832504
10349_mask.png 0.975666 0.771011 0.873339 0.870702 0.79079 0.968579 0.977509
10284_mask.png 0.986029 0.768702 0.877365 0.869227 0.787009 0.970628 0.986649
10401_mask.png 0.909699 0.459534 0.684616 0.6297 0.467207 0.965496 0.916138
10193_mask.png 0.974317 0.657704 0.81601 0.793512 0.664797 0.984036 0.975525
10761_mask.png 0.986808 0.721519 0.854163 0.838235 0.964381 0.741273 0.987244
10555_mask.png 0.78185 0.482288 0.632069 0.650735 0.497729 0.939564 0.818695
10120_mask.png 0.993935 0.915477 0.954706 0.955874 0.958937 0.95283 0.994308
10066_mask.png 0.90466 0.548351 0.726505 0.708303 0.562505 0.956124 0.914551
10595_mask.png 0.9349 0.525971 0.730435 0.689359 0.643961 0.741643 0.939285
10335_mask.png 0.897942 0.797607 0.847774 0.88741 0.945431 0.836098 0.927216
10522_mask.png 0.90384 0.865188 0.884514 0.927722 0.878685 0.982557 0.940536
10468_mask.png 0.971879 0.719439 0.845659 0.83683 0.833113 0.84058 0.97377
10448_mask.png 0.966765 0.414741 0.690753 0.586314 0.499503 0.709647 0.967529
10161_mask.png 0.977233 0.819805 0.898519 0.900981 0.825748 0.991297 0.97937
10560_mask.png 0.985397 0.865219 0.925308 0.92774 0.995922 0.868295 0.986649
10614_mask.png 0.952762 0.658809 0.805786 0.794316 0.732941 0.866909 0.956711
10204_mask.png 0.92859 0.756282 0.842436 0.861231 0.903138 0.823041 0.941544
10615_mask.png 0.798998 0.43023 0.614614 0.601623 0.445178 0.927605 0.825485
10521_mask.png 0.90136 0.663725 0.782542 0.797878 0.840085 0.75971 0.917435
10082_mask.png 0.963397 0.571803 0.7676 0.727576 0.812234 0.6589 0.965103
10230_mask.png 0.97615 0.504224 0.740187 0.67041 0.609344 0.745079 0.976715
10686_mask.png 0.925491 0.742619 0.834055 0.852302 0.790026 0.925237 0.938675
10368_mask.png 0.962635 0.601513 0.782074 0.751181 0.706441 0.801971 0.96463
10308_mask.png 0.843248 0.886676 0.864962 0.939934 0.893346 0.991649 0.929596
10139_mask.png 0.909276 0.729696 0.819486 0.843728 0.928556 0.773101 0.927124
10227_mask.png 0.946327 0.865238 0.905783 0.927751 0.951399 0.90525 0.960083
10643_mask.png 0.983181 0.601113 0.792147 0.750869 0.631087 0.926773 0.983597
10576_mask.png 0.915793 0.650095 0.782944 0.787949 0.938897 0.678815 0.927185
10352_mask.png 0.95785 0.831404 0.894627 0.907942 0.991124 0.837641 0.965103
10773_mask.png 0.907189 0.532466 0.719828 0.694914 0.938436 0.551739 0.916061
10684_mask.png 0.993892 0.812048 0.90297 0.896277 0.873057 0.920765 0.994049
10095_mask.png 0.896674 0.68821 0.792442 0.815314 0.84715 0.785783 0.915863
10010_mask.png 0.999801 0.877358 0.93858 0.934673 0.885714 0.989362 0.999802
10037_mask.png 0.905159 0.657549 0.781354 0.793399 0.817358 0.770805 0.919769
10638_mask.png 0.969928 0.549846 0.759887 0.709549 0.724493 0.69521 0.970993
10746_mask.png 0.971835 0.765993 0.868914 0.867493 0.795857 0.9533 0.974213
10382_mask.png 0.972612 0.766317 0.869464 0.8677 0.968095 0.786172 0.974869
10114_mask.png 0.907258 0.677198 0.792228 0.807535 0.824565 0.791194 0.922363
10545_mask.png 0.970233 0.871971 0.921102 0.931607 0.968525 0.8974 0.97525
10384_mask.png 0.951416 0.783447 0.867432 0.878576 0.905035 0.85362 0.958679
10625_mask.png 0.986204 0.892767 0.939486 0.943346 0.91839 0.969697 0.987625
10214_mask.png 0.97436 0.588056 0.781208 0.740598 0.955803 0.604493 0.975266
10434_mask.png 0.933984 0.297094 0.615539 0.458092 0.935823 0.303273 0.935776
10326_mask.png 0.89821 0.461329 0.67977 0.631383 0.551822 0.737751 0.906372
10526_mask.png 0.941441 0.576854 0.759148 0.731652 0.960357 0.590926 0.94577
10201_mask.png 0.974085 0.694185 0.834135 0.819491 0.711689 0.965782 0.975525
10011_mask.png 0.849614 0.787475 0.818544 0.881103 0.92073 0.844746 0.903427
10156_mask.png 0.836872 0.467604 0.652238 0.637235 0.471064 0.984536 0.857315
10179_mask.png 0.958151 0.614658 0.786405 0.761348 0.620236 0.98558 0.96077
10293_mask.png 0.828712 0.635044 0.731878 0.776791 0.759348 0.795055 0.868042
10021_mask.png 0.948553 0.609533 0.779043 0.757404 0.650033 0.907263 0.952377
10711_mask.png 0.862351 0.75334 0.807845 0.85932 0.754219 0.998456 0.903091
10752_mask.png 0.944097 0.683512 0.813805 0.812008 0.935843 0.717115 0.950119
10529_mask.png 0.814185 0.518529 0.666357 0.682936 0.526397 0.971983 0.845169
10147_mask.png 0.736812 0.535673 0.636242 0.697639 0.536143 0.998365 0.798111
10289_mask.png 1.0 nan 1.0 nan nan nan 1.0
10050_mask.png 0.963552 0.687976 0.825764 0.815149 0.70326 0.969378 0.966263
10309_mask.png 0.840801 0.66836 0.75458 0.801218 0.676828 0.981624 0.879471
10184_mask.png 0.927302 0.376503 0.651902 0.547042 0.388607 0.923592 0.930359
10246_mask.png 0.98114 0.781262 0.881201 0.8772 0.791276 0.984059 0.98233
10772_mask.png 0.985964 0.69017 0.838067 0.816687 0.735109 0.918632 0.986389
10025_mask.png 0.937136 0.4868 0.711968 0.65483 0.499458 0.950515 0.940674
10278_mask.png 0.851246 0.649245 0.750246 0.787324 0.884478 0.709401 0.883362
10568_mask.png 0.898189 0.776346 0.837268 0.874093 0.886362 0.862159 0.924774
10770_mask.png 0.995163 0.396947 0.696055 0.568306 0.990476 0.398467 0.995178
10758_mask.png 0.971868 0.616104 0.793986 0.762456 0.948409 0.637469 0.973083
10469_mask.png 0.933523 0.553472 0.743498 0.712562 0.754651 0.674919 0.938583
10551_mask.png 0.721878 0.336711 0.529294 0.50379 0.337299 0.994847 0.756287
10594_mask.png 0.961492 0.94169 0.951591 0.96997 0.94222 0.999403 0.976257
10056_mask.png 0.917626 0.58827 0.752948 0.740769 0.689824 0.799838 0.9263
10691_mask.png 0.93467 0.678818 0.806744 0.808686 0.930159 0.715275 0.942596
10121_mask.png 0.995302 0.668478 0.83189 0.801303 0.96395 0.685619 0.995346
10768_mask.png 0.914731 0.468881 0.691806 0.638419 0.503622 0.871746 0.9207
10123_mask.png 0.796063 0.731094 0.763578 0.844661 0.930277 0.773476 0.868805
10058_mask.png 0.947506 0.670658 0.809082 0.802867 0.765574 0.843979 0.952576
10014_mask.png 1.0 nan 1.0 nan nan nan 1.0
10606_mask.png 0.986536 0.598422 0.792479 0.748766 0.793231 0.709021 0.986801
10068_mask.png 0.939073 0.696071 0.817572 0.820804 0.888311 0.762833 0.946533
10499_mask.png 0.971568 0.897471 0.93452 0.945966 0.99748 0.899511 0.977234
10409_mask.png 0.99159 0.978801 0.985195 0.989287 0.983739 0.994898 0.993942
10760_mask.png 0.907656 0.249105 0.57838 0.398853 0.25391 0.929389 0.9104
10719_mask.png 0.953283 0.507503 0.730393 0.673303 0.564622 0.833795 0.955429
10191_mask.png 0.915435 0.386284 0.650859 0.557294 0.397265 0.933221 0.919708
10496_mask.png 0.957161 0.18761 0.572385 0.315945 0.18761 1.0 0.957581
10166_mask.png 0.981858 0.715821 0.848839 0.834377 0.802466 0.868932 0.982651
10669_mask.png 0.966074 0.937442 0.951758 0.967711 0.954496 0.981296 0.977509
10430_mask.png 0.999619 0.0 0.499809 nan nan 0.0 0.999619
10742_mask.png 0.958659 0.624556 0.791607 0.768894 0.91654 0.662217 0.961319
10728_mask.png 0.393303 0.505702 0.449503 0.671716 0.540007 0.888397 0.625656
10455_mask.png 0.849148 0.421005 0.635077 0.592545 0.508039 0.710775 0.864059
10528_mask.png 0.9218 0.541259 0.73153 0.70236 0.721209 0.684471 0.928406
10355_mask.png 0.887595 0.500075 0.693835 0.666734 0.549755 0.846951 0.898956
10608_mask.png 0.961309 0.552598 0.756953 0.711836 0.825919 0.625445 0.963074
10672_mask.png 0.987878 0.746781 0.86733 0.855037 0.815135 0.899046 0.988297
10072_mask.png 0.956445 0.559159 0.757802 0.717257 0.584597 0.927799 0.958725
10270_mask.png 0.850821 0.3898 0.62031 0.560944 0.39316 0.978548 0.8638
10325_mask.png 0.911511 0.759975 0.835743 0.86362 0.939662 0.798964 0.930878
10094_mask.png 0.901907 0.669236 0.785572 0.801847 0.966687 0.685034 0.918152
10396_mask.png 0.996597 0.0 0.498299 nan nan 0.0 0.996597
10641_mask.png 0.962178 0.454484 0.708331 0.624941 0.574792 0.684679 0.963333
10075_mask.png 0.944859 0.762975 0.853917 0.865554 0.901533 0.832336 0.953171
10168_mask.png 0.983589 0.91613 0.94986 0.95623 0.922664 0.99233 0.986084
10261_mask.png 0.993588 0.310855 0.652222 0.474279 0.945 0.316583 0.993607
10165_mask.png 0.990396 0.585447 0.787922 0.738526 0.835238 0.661887 0.990524
10074_mask.png 0.660555 0.329135 0.494845 0.495262 0.378295 0.716935 0.709015
10436_mask.png 0.930391 0.509738 0.720065 0.675267 0.604979 0.764035 0.935089
10426_mask.png 0.995678 0.874084 0.934881 0.932812 0.915149 0.951171 0.995804
10519_mask.png 0.994763 0.946716 0.97074 0.972629 0.963724 0.9817 0.995209
10683_mask.png 0.910962 0.647501 0.779231 0.78604 0.731866 0.848876 0.923477
10717_mask.png 0.974843 0.935678 0.95526 0.96677 0.946115 0.988348 0.981583
10695_mask.png 0.767616 0.544179 0.655897 0.704813 0.546372 0.992677 0.818085
10328_mask.png 0.849452 0.686983 0.768217 0.814452 0.703462 0.967025 0.886841
10466_mask.png 0.824251 0.359917 0.592084 0.529322 0.368099 0.941834 0.840057
10257_mask.png 1.0 nan 1.0 nan nan nan 1.0
10679_mask.png 0.940641 0.655733 0.798187 0.792076 0.832645 0.755276 0.946671
10364_mask.png 0.971697 0.971143 0.97142 0.98536 0.980675 0.99009 0.985504
10710_mask.png 0.80319 0.321486 0.562338 0.486552 0.328495 0.937762 0.819977
10145_mask.png 0.938646 0.803364 0.871005 0.890962 0.907803 0.874734 0.950943
10572_mask.png 0.912978 0.794706 0.853842 0.885612 0.92 0.853701 0.934906
10015_mask.png 0.939574 0.623392 0.781483 0.768011 0.813182 0.727595 0.945068
10126_mask.png 0.898223 0.777391 0.837807 0.874755 0.801016 0.963447 0.924911
10379_mask.png 0.894771 0.415665 0.655218 0.587236 0.420142 0.975005 0.9021
10495_mask.png 0.880819 0.776663 0.828741 0.874294 0.932547 0.822892 0.915741
10153_mask.png 0.937521 0.643887 0.790704 0.783372 0.730828 0.844055 0.943863
10380_mask.png 0.960647 0.823052 0.891849 0.902939 0.881509 0.925436 0.966736
10605_mask.png 0.971317 0.554383 0.76285 0.713315 0.697775 0.729564 0.972305
10673_mask.png 0.936239 0.965143 0.950691 0.982263 0.965879 0.999212 0.976944
10274_mask.png 0.904406 0.978673 0.94154 0.989222 0.989598 0.988846 0.982254
10739_mask.png 0.980957 0.572082 0.776519 0.727801 0.71864 0.7372 0.98143
10224_mask.png 0.980074 0.593008 0.786541 0.744514 0.593008 1.0 0.980637
10659_mask.png 0.947035 0.799131 0.873083 0.888352 0.892977 0.883775 0.956253
10232_mask.png 0.955084 0.724264 0.839674 0.840085 0.780851 0.909043 0.959824
10341_mask.png 0.965761 0.534598 0.750179 0.696727 0.616455 0.801034 0.967056
10723_mask.png 0.974411 0.795713 0.885062 0.886236 0.925378 0.850272 0.97673
10255_mask.png 0.884525 0.847257 0.865891 0.917313 0.951085 0.885858 0.929611
10756_mask.png 0.99852 0.0 0.49926 nan 0.0 nan 0.99852
10730_mask.png 0.933872 0.950646 0.942259 0.974699 0.962409 0.987307 0.970917
10344_mask.png 0.954041 0.869474 0.911758 0.93018 0.953626 0.907861 0.964813
10366_mask.png 0.907471 0.618827 0.763149 0.764538 0.743162 0.787179 0.919556
10018_mask.png 0.9936 0.474811 0.734206 0.643894 0.969152 0.482097 0.993637
10241_mask.png 0.892419 0.565983 0.729201 0.722847 0.610787 0.885266 0.905655
10371_mask.png 0.893238 0.663504 0.778371 0.797718 0.799004 0.796436 0.911804
10240_mask.png 0.98069 0.515625 0.748158 0.680412 0.902256 0.546132 0.981079
10564_mask.png 0.985435 0.817627 0.901531 0.899664 0.901481 0.897854 0.986328
10743_mask.png 0.926531 0.708289 0.81741 0.829238 0.864726 0.796548 0.937653
10492_mask.png 0.996765 0.952844 0.974804 0.975852 0.958979 0.99333 0.996964
10033_mask.png 0.893848 0.726769 0.810309 0.841768 0.880254 0.806506 0.917221
10080_mask.png 0.932727 0.730791 0.831759 0.844459 0.918997 0.781105 0.943115
10322_mask.png 0.967785 0.578135 0.77296 0.732681 0.632071 0.871384 0.969147
10092_mask.png 0.816636 0.564929 0.690783 0.721987 0.741397 0.703567 0.851898
10064_mask.png 0.95383 0.778656 0.866243 0.875556 0.784325 0.990803 0.960281
10087_mask.png 0.95049 0.691194 0.820842 0.817403 0.789042 0.84788 0.955429
10375_mask.png 0.951047 0.42539 0.688218 0.596875 0.436738 0.942434 0.952759
10446_mask.png 0.967518 0.779037 0.873278 0.875797 0.782296 0.994682 0.970856
10771_mask.png 0.997375 0.0 0.498688 nan nan 0.0 0.997375
10637_mask.png 0.978943 0.757036 0.86799 0.861719 0.782128 0.959344 0.98024
10530_mask.png 0.922987 0.592968 0.757977 0.744482 0.6292 0.911485 0.930756
10682_mask.png 0.978114 0.845402 0.911758 0.916225 0.942546 0.891335 0.980453
10100_mask.png 0.889247 0.878775 0.884011 0.935477 0.883323 0.994175 0.938568
10359_mask.png 1.0 nan 1.0 nan nan nan 1.0
10035_mask.png 0.97827 0.645078 0.811674 0.784252 0.821782 0.75 0.979095
10766_mask.png 1.0 nan 1.0 nan nan nan 1.0
10239_mask.png 0.68112 0.690328 0.685724 0.816798 0.748447 0.898888 0.813614
10200_mask.png 0.896848 0.95311 0.924979 0.975992 0.956067 0.996765 0.96669
10667_mask.png 0.897766 0.587314 0.74254 0.74001 0.619023 0.919779 0.910751
10004_mask.png 0.934099 0.686597 0.810348 0.81418 0.913389 0.734411 0.942413
10253_mask.png 0.976079 0.478409 0.727244 0.647194 0.488711 0.957794 0.976593
10639_mask.png 0.971497 0.779467 0.875482 0.876068 0.796759 0.972912 0.974106
10486_mask.png 0.921058 0.681815 0.801437 0.810808 0.869111 0.759837 0.93248
10281_mask.png 0.991335 0.671378 0.831356 0.803383 0.671378 1.0 0.991486
10619_mask.png 0.772722 0.360081 0.566402 0.5295 0.364354 0.968461 0.798492
10504_mask.png 0.9049 0.354582 0.629741 0.52353 0.978058 0.357425 0.909622
10561_mask.png 0.815774 0.301006 0.55839 0.462728 0.306308 0.945622 0.829315
10180_mask.png 0.932253 0.639793 0.786023 0.780334 0.641601 0.995615 0.939529
10125_mask.png 0.951091 0.88137 0.916231 0.936945 0.955003 0.919558 0.964127
10712_mask.png 0.958519 0.387514 0.673017 0.558574 0.388053 0.996433 0.959579
10394_mask.png 0.944851 0.76659 0.855721 0.867876 0.779251 0.979246 0.953308
10674_mask.png 0.972095 0.579814 0.775954 0.734028 0.609481 0.922551 0.973129
10443_mask.png 0.873192 0.583692 0.728442 0.737128 0.679371 0.805619 0.892334
10060_mask.png 0.990832 0.890842 0.940837 0.94227 0.93102 0.953795 0.99147
10729_mask.png 1.0 nan 1.0 nan nan nan 1.0
10415_mask.png 0.989171 0.948351 0.968761 0.973491 0.97875 0.968288 0.990967
10251_mask.png 0.894479 0.33593 0.615204 0.502915 0.337775 0.984 0.899826
10386_mask.png 0.919944 0.791096 0.85552 0.883365 0.910807 0.857529 0.938568
10508_mask.png 0.930345 0.668351 0.799348 0.801212 0.852118 0.756045 0.938919
10748_mask.png 0.836871 0.876728 0.8568 0.934315 0.900205 0.971113 0.924484
10471_mask.png 0.948886 0.54023 0.744558 0.701493 0.664103 0.743343 0.951782
10452_mask.png 0.996549 0.594595 0.795572 0.745763 0.91922 0.627376 0.996567
10023_mask.png 0.93291 0.65141 0.79216 0.788914 0.773657 0.804784 0.940384
10451_mask.png 0.862372 0.280165 0.571268 0.437701 0.299344 0.813874 0.86937
10296_mask.png 0.960519 0.594227 0.777373 0.745473 0.719855 0.772982 0.962677
10342_mask.png 0.947551 0.458717 0.703134 0.628932 0.477487 0.92107 0.949783
10357_mask.png 0.929533 0.588725 0.759129 0.741129 0.651302 0.859699 0.935989
10652_mask.png 0.987091 0.0 0.493546 nan 0.0 nan 0.987091
10170_mask.png 0.953204 0.643425 0.798314 0.783029 0.798092 0.768524 0.956848
10354_mask.png 1.0 nan 1.0 nan nan nan 1.0
10295_mask.png 0.829436 0.05368 0.441558 0.10189 0.05368 1.0 0.83107
10052_mask.png 0.951288 0.60118 0.776234 0.750921 0.617748 0.957292 0.95462
10408_mask.png 1.0 nan 1.0 nan nan nan 1.0
10279_mask.png 0.999771 0.0 0.499886 nan nan 0.0 0.999771
10370_mask.png 0.925285 0.50635 0.715817 0.672287 0.549794 0.86501 0.930603
10660_mask.png 0.998108 0.0 0.499054 nan 0.0 nan 0.998108
10294_mask.png 0.989068 0.718384 0.853726 0.836116 0.728092 0.981778 0.989365
10749_mask.png 0.969004 0.608406 0.788705 0.756533 0.966924 0.621337 0.970428
10584_mask.png 0.936962 0.63874 0.787851 0.77955 0.679206 0.914683 0.943283
10285_mask.png 0.984067 0.784404 0.884235 0.879177 0.829713 0.934913 0.98494
10381_mask.png 0.985019 0.697674 0.841347 0.821918 0.842308 0.802492 0.985519
10235_mask.png 0.924552 0.764908 0.84473 0.866796 0.941335 0.803196 0.939423
10566_mask.png 0.9305 0.912338 0.921419 0.95416 0.921569 0.98914 0.959671
10178_mask.png 0.943879 0.558669 0.751274 0.716854 0.577751 0.944179 0.947601
10103_mask.png 0.977306 0.707165 0.842236 0.828467 0.728186 0.960779 0.978485
10599_mask.png 0.907026 0.505642 0.706334 0.671663 0.940506 0.52235 0.9151
10423_mask.png 1.0 nan 1.0 nan nan nan 1.0
10195_mask.png 0.896192 0.924604 0.910398 0.960825 0.933066 0.990287 0.95433
10205_mask.png 0.850981 0.389873 0.620427 0.56102 0.399635 0.94104 0.863937
10675_mask.png 0.959727 0.397469 0.678598 0.568841 0.423788 0.864865 0.96077
10755_mask.png 0.961996 0.635228 0.798612 0.776929 0.896035 0.685772 0.964355
10429_mask.png 1.0 nan 1.0 nan nan nan 1.0
10513_mask.png 0.937557 0.698075 0.817816 0.822196 0.947079 0.72641 0.945435
10098_mask.png 0.993494 0.986059 0.989777 0.992981 0.993458 0.992504 0.995544
10007_mask.png 0.90227 0.68691 0.79459 0.8144 0.68916 0.995269 0.919525
10525_mask.png 0.810613 0.783575 0.797094 0.878657 0.946326 0.820019 0.88765
10604_mask.png 0.901807 0.640499 0.771153 0.780859 0.849556 0.72244 0.916428
10275_mask.png 0.85417 0.546423 0.700297 0.706693 0.606716 0.846121 0.875961
10589_mask.png 0.935491 0.8058 0.870645 0.892458 0.933171 0.855148 0.949112
10327_mask.png 0.953624 0.767384 0.860504 0.868384 0.912104 0.828664 0.959778
10630_mask.png 0.993037 0.700667 0.846852 0.823991 0.987782 0.706792 0.993149
10552_mask.png 0.909997 0.530973 0.720485 0.693642 0.95029 0.546143 0.91832
10280_mask.png 0.924554 0.531234 0.727894 0.693864 0.648492 0.746062 0.930496
10476_mask.png 0.935034 0.815042 0.875038 0.898097 0.937102 0.86221 0.949493
10273_mask.png 0.991074 0.157287 0.574181 0.27182 0.157971 0.973214 0.991089
10745_mask.png 0.968647 0.626697 0.797672 0.770515 0.810336 0.734424 0.970215
10688_mask.png 0.90952 0.344983 0.627251 0.512993 0.372485 0.823708 0.913635
10597_mask.png 0.997859 0.936862 0.96736 0.967402 0.976294 0.95867 0.997925
10567_mask.png 0.97161 0.792074 0.881842 0.883975 0.829142 0.946574 0.97438
10248_mask.png 0.960426 0.325113 0.642769 0.490694 0.926682 0.333696 0.961166
10212_mask.png 0.959504 0.888593 0.924048 0.94101 0.978833 0.906002 0.969391
10297_mask.png 0.936768 0.548833 0.742801 0.708706 0.613741 0.838438 0.941284
10225_mask.png 0.882045 0.693301 0.787673 0.818875 0.792509 0.847056 0.906876
10450_mask.png 0.938962 0.586869 0.762915 0.739656 0.667731 0.828947 0.943832
10654_mask.png 0.928372 0.790592 0.859482 0.883051 0.917944 0.850714 0.943619
10097_mask.png 0.979548 0.660611 0.82008 0.795624 0.808833 0.782839 0.980331
10198_mask.png 0.953643 0.559699 0.756671 0.717701 0.560991 0.995904 0.956223
10057_mask.png 0.961633 0.77892 0.870277 0.875722 0.784637 0.990733 0.966202
10031_mask.png 0.954825 0.582584 0.768704 0.736244 0.672142 0.813861 0.957504
10390_mask.png 0.96764 0.516053 0.741846 0.680785 0.856583 0.564858 0.968719
10500_mask.png 0.890339 0.29255 0.591444 0.452671 0.298008 0.941079 0.895096
10041_mask.png 0.956303 0.26178 0.609042 0.414938 0.937207 0.266454 0.95697
10425_mask.png 0.959714 0.946066 0.95289 0.972285 0.957482 0.987554 0.976395
10196_mask.png 0.813105 0.346508 0.579806 0.514676 0.350371 0.969165 0.829956
10154_mask.png 0.979176 0.570227 0.774702 0.726298 0.965479 0.582094 0.979736
10223_mask.png 0.971795 0.0625 0.517147 0.117647 0.0625 1.0 0.971848
10640_mask.png 0.926602 0.212126 0.569364 0.350007 0.216244 0.91763 0.928024
10016_mask.png 0.809683 0.826535 0.818109 0.905031 0.953294 0.861419 0.900192
10048_mask.png 0.915038 0.32103 0.618034 0.48603 0.327595 0.941242 0.91832
10090_mask.png 0.981279 0.896318 0.938799 0.945325 0.89817 0.997705 0.983887
10512_mask.png 0.861996 0.858424 0.86021 0.92382 0.860924 0.996629 0.924866
10124_mask.png 0.978103 0.825901 0.902002 0.90465 0.838705 0.98185 0.980164
10477_mask.png 0.904435 0.508239 0.706337 0.67395 0.891765 0.541651 0.913025
10339_mask.png 0.96826 0.512236 0.740248 0.677456 0.832283 0.571197 0.969284
10363_mask.png 0.989971 0.928006 0.958989 0.962659 0.935295 0.991672 0.991119
10601_mask.png 0.736582 0.597737 0.667159 0.748229 0.836593 0.676749 0.810684
10112_mask.png 0.870787 0.800729 0.835758 0.889339 0.860766 0.919874 0.914948
10142_mask.png 0.992109 0.669481 0.830795 0.802023 0.920536 0.710544 0.992233
10618_mask.png 0.934509 0.588099 0.761304 0.740633 0.851284 0.655439 0.940109
10414_mask.png 0.876785 0.587854 0.73232 0.740438 0.596045 0.977157 0.895203
10474_mask.png 0.966284 0.446902 0.706593 0.617736 0.571711 0.671821 0.967178
10374_mask.png 0.673651 0.585405 0.629528 0.738493 0.631429 0.889276 0.776596
10582_mask.png 0.995693 0.897629 0.946661 0.946053 0.906155 0.989627 0.99585
10437_mask.png 0.969656 0.726922 0.848289 0.84187 0.929059 0.769642 0.971924
10689_mask.png 0.958504 0.601836 0.78017 0.751433 0.601836 1.0 0.960953
10431_mask.png 0.935837 0.734167 0.835002 0.846708 0.757972 0.958977 0.945496
10395_mask.png 0.95251 0.890996 0.921753 0.942356 0.893515 0.996845 0.96579
10459_mask.png 0.926449 0.739398 0.832923 0.850177 0.863872 0.836908 0.939148
10008_mask.png 0.921264 0.746933 0.834099 0.855136 0.775915 0.952374 0.936111
10177_mask.png 0.923259 0.741486 0.832373 0.851556 0.790572 0.922735 0.937103
10444_mask.png 0.95012 0.490776 0.720448 0.658416 0.913956 0.51455 0.952408
10627_mask.png 0.984065 0.896201 0.940133 0.945259 0.94684 0.943684 0.985992
10649_mask.png 0.980978 0.607328 0.794153 0.755699 0.841042 0.686081 0.981522
10262_mask.png 0.995833 0.096026 0.545929 0.175227 1.0 0.096026 0.995834
10030_mask.png 0.932277 0.653307 0.792792 0.790304 0.661759 0.980825 0.939941
10222_mask.png 0.929549 0.609887 0.769718 0.757676 0.656436 0.895839 0.936539
10677_mask.png 0.971531 0.947321 0.959426 0.972948 0.953304 0.993419 0.981171
10283_mask.png 0.529347 0.718793 0.62407 0.836393 0.943677 0.751013 0.786362
10569_mask.png 0.94174 0.288575 0.615157 0.447898 0.979922 0.290292 0.943085
10613_mask.png 0.956119 0.620831 0.788475 0.766065 0.927772 0.652361 0.959061
10312_mask.png 0.951244 0.743846 0.847545 0.853109 0.765925 0.962691 0.957291
10583_mask.png 0.481048 0.571913 0.52648 0.727665 0.591009 0.946524 0.693527
10776_mask.png 0.984008 0.867124 0.925566 0.928834 0.944919 0.913287 0.985519
10231_mask.png 0.956673 0.673021 0.814847 0.804558 0.884311 0.738 0.96022
10725_mask.png 0.409323 0.020798 0.21506 0.040748 0.043139 0.038608 0.416641
10736_mask.png 0.941115 0.891699 0.916407 0.94275 0.950475 0.935148 0.960342
10361_mask.png 0.939482 0.681191 0.810336 0.810367 0.786748 0.835449 0.946411
10300_mask.png 0.95076 0.884079 0.91742 0.938474 0.906842 0.972391 0.964203
10718_mask.png 1.0 nan 1.0 nan nan nan 1.0
10433_mask.png 0.808664 0.341378 0.575021 0.508995 0.396048 0.712066 0.825928
10553_mask.png 0.90106 0.782901 0.841981 0.878233 0.907626 0.850684 0.927078
10774_mask.png 0.992445 0.861005 0.926725 0.925312 0.9379 0.913057 0.992783
10085_mask.png 0.932696 0.956915 0.944806 0.977983 0.957732 0.999109 0.973022
10019_mask.png 0.939739 0.582464 0.761102 0.736148 0.799559 0.682056 0.944412
10646_mask.png 0.965156 0.511963 0.738559 0.677216 0.557136 0.86328 0.966385
10670_mask.png 0.97493 0.827127 0.901029 0.905385 0.829277 0.996875 0.977615
10219_mask.png 0.53253 0.832182 0.682356 0.908406 0.945073 0.874477 0.859116
10243_mask.png 0.939387 0.662483 0.800935 0.79698 0.938325 0.692644 0.945831
10550_mask.png 0.948237 0.18478 0.566508 0.311923 0.927961 0.187469 0.948837
10610_mask.png 0.998823 0.567416 0.783119 0.724014 0.943925 0.587209 0.998825
10022_mask.png 0.98373 0.777164 0.880447 0.874612 0.939653 0.817992 0.984604
10734_mask.png 0.897777 0.728545 0.813161 0.842957 0.859257 0.827265 0.919785
10302_mask.png 0.955627 0.573913 0.76477 0.729282 0.957017 0.589098 0.95813
10102_mask.png 0.938179 0.818546 0.878363 0.90022 0.896268 0.904208 0.95166
10763_mask.png 0.97111 0.821589 0.89635 0.902057 0.827775 0.990985 0.974503
10077_mask.png 0.965225 0.578978 0.772101 0.733358 0.632748 0.872012 0.966812
10518_mask.png 0.949923 0.660921 0.805422 0.795849 0.665145 0.990483 0.954376
10407_mask.png 0.927807 0.726785 0.827296 0.841778 0.80799 0.878516 0.939438
10517_mask.png 0.919564 0.710604 0.815084 0.830822 0.738875 0.948907 0.932831
10132_mask.png 0.965953 0.418269 0.692111 0.589831 0.489528 0.741829 0.966766
10726_mask.png 0.971025 0.602491 0.786758 0.751943 0.794754 0.713509 0.972244
10520_mask.png 0.853814 0.741976 0.797895 0.851879 0.951297 0.771274 0.897079
10562_mask.png 0.913583 0.115883 0.514733 0.207697 0.12021 0.762994 0.914551
10042_mask.png 0.95558 0.765189 0.860385 0.866977 0.770024 0.991861 0.961197
10356_mask.png 0.935266 0.710832 0.823049 0.830978 0.77547 0.895046 0.944153
10475_mask.png 0.952803 0.302738 0.62777 0.464771 0.320273 0.846847 0.953751
10226_mask.png 0.910116 0.512012 0.711064 0.677259 0.544281 0.896223 0.917862
10218_mask.png 0.987169 0.704133 0.845651 0.826383 0.793301 0.862345 0.987549
10480_mask.png 0.900305 0.74464 0.822473 0.853632 0.90149 0.810599 0.92276
10470_mask.png 1.0 nan 1.0 nan nan nan 1.0
10182_mask.png 0.913672 0.629468 0.77157 0.772606 0.941163 0.655253 0.924713
10171_mask.png 0.948314 0.407535 0.677924 0.579076 0.42509 0.90799 0.950089
10666_mask.png 0.959013 0.415846 0.687429 0.587417 0.612393 0.564399 0.960175
10510_mask.png 0.853798 0.600539 0.727168 0.750421 0.650885 0.885896 0.880142
10256_mask.png 0.791548 0.2016 0.496574 0.335552 0.202084 0.988239 0.801971
10310_mask.png 0.92632 0.44531 0.685815 0.616213 0.814963 0.495398 0.930435
10635_mask.png 0.842331 0.769021 0.805676 0.869431 0.786254 0.972288 0.896606
10704_mask.png 0.989816 0.975823 0.982819 0.987764 0.986717 0.988812 0.992783
10461_mask.png 0.934947 0.714664 0.824805 0.833591 0.892323 0.782112 0.944061
10424_mask.png 0.832904 0.310634 0.571769 0.474021 0.314186 0.964886 0.844604
10402_mask.png 0.880091 0.600804 0.740447 0.750627 0.609206 0.977559 0.898422
10420_mask.png 0.844654 0.638203 0.741429 0.77915 0.648778 0.975097 0.878067
10531_mask.png 0.976798 0.731858 0.854328 0.845171 0.92796 0.775944 0.97818
10027_mask.png 0.977849 0.634319 0.806084 0.776248 0.654874 0.952849 0.978668
10131_mask.png 0.982082 0.495409 0.738745 0.662573 0.592883 0.750828 0.982391
10483_mask.png 1.0 nan 1.0 nan nan nan 1.0
10602_mask.png 0.825205 0.45296 0.639083 0.6235 0.467634 0.935214 0.847305
10732_mask.png 1.0 nan 1.0 nan nan nan 1.0
10502_mask.png 0.975729 0.900176 0.937952 0.947466 0.903008 0.996528 0.980087
10315_mask.png 0.951992 0.700962 0.826477 0.824195 0.848566 0.801184 0.956848
10687_mask.png 0.989844 0.885698 0.937771 0.939385 0.899699 0.982734 0.990585
10539_mask.png 0.951202 0.709139 0.830171 0.82982 0.713277 0.991886 0.95639
10288_mask.png 0.906394 0.840516 0.873455 0.913348 0.91936 0.907414 0.937317
10320_mask.png 0.941399 0.468259 0.704829 0.637842 0.512592 0.844094 0.944275
10702_mask.png 0.954011 0.496859 0.725435 0.663868 0.533546 0.878433 0.956009
10006_mask.png 0.983192 0.709978 0.846585 0.830394 0.7261 0.969674 0.983856
10089_mask.png 0.937891 0.726875 0.832383 0.841838 0.85915 0.825211 0.946701
10467_mask.png 0.850503 0.562477 0.70649 0.719981 0.586586 0.931904 0.874603
10150_mask.png 0.961077 0.7607 0.860888 0.864088 0.907901 0.824309 0.965363
10506_mask.png 0.953328 0.883343 0.918335 0.938058 0.905593 0.972938 0.965515
10713_mask.png 0.928563 0.771477 0.85002 0.870999 0.901012 0.842921 0.942444
10024_mask.png 0.948258 0.512506 0.730382 0.677691 0.65945 0.69697 0.950928
10258_mask.png 0.97087 0.509529 0.740199 0.675083 0.750487 0.613448 0.971725
10091_mask.png 0.974116 0.546582 0.760349 0.706826 0.643205 0.784415 0.974899
10578_mask.png 0.859536 0.965251 0.912393 0.982318 0.966843 0.998297 0.971344
10207_mask.png 1.0 nan 1.0 nan nan nan 1.0
10403_mask.png 0.937539 0.629963 0.783751 0.772978 0.630846 0.997782 0.943542
10303_mask.png 0.936132 0.912764 0.924448 0.954393 0.976964 0.932841 0.961716
10587_mask.png 1.0 nan 1.0 nan nan nan 1.0
10516_mask.png 0.899666 0.647294 0.77348 0.785888 0.666907 0.956542 0.915268
10265_mask.png 0.990742 0.864154 0.927448 0.927127 0.927953 0.926302 0.991257
10509_mask.png 0.975763 0.656716 0.81624 0.792793 0.770701 0.816189 0.976837
10254_mask.png 0.933489 0.639974 0.786732 0.780469 0.652633 0.970584 0.940521
10445_mask.png 0.905631 0.829028 0.86733 0.906523 0.934757 0.879945 0.935257
10318_mask.png 0.88976 0.928697 0.909229 0.96303 0.957066 0.96907 0.954742
10703_mask.png 0.364819 0.985724 0.675271 0.992811 0.985724 1.0 0.98584
10628_mask.png 0.978356 0.697628 0.837992 0.821885 0.937444 0.73169 0.979385
10692_mask.png 0.943239 0.582435 0.762837 0.736125 0.738897 0.733374 0.947403
10741_mask.png 0.963073 0.698906 0.830989 0.822772 0.767884 0.886111 0.965988
10216_mask.png 0.328933 0.0921 0.210516 0.168665 0.205056 0.143244 0.371704
10203_mask.png 0.993011 0.742398 0.867704 0.852157 0.806733 0.903001 0.993149
10532_mask.png 0.932418 0.71536 0.823889 0.834064 0.847737 0.820825 0.94223
10389_mask.png 0.932435 0.806289 0.869362 0.892757 0.977973 0.821202 0.947266
10377_mask.png 0.83771 0.443446 0.640578 0.614427 0.44875 0.974039 0.856293
10664_mask.png 0.892126 0.80925 0.850688 0.89457 0.922691 0.868112 0.925995
10611_mask.png 0.948544 0.836859 0.892702 0.911185 0.910639 0.911731 0.95929
10697_mask.png 0.895264 0.802266 0.848765 0.890286 0.857531 0.925642 0.926498
10514_mask.png 0.922517 0.765244 0.84388 0.867012 0.879242 0.855118 0.938141
10418_mask.png 0.957632 0.583572 0.770602 0.737032 0.699619 0.778673 0.960007
10588_mask.png 0.819926 0.329727 0.574826 0.495932 0.334294 0.960209 0.834579
10696_mask.png 0.976526 0.809349 0.892937 0.89463 0.826583 0.974885 0.978653
10298_mask.png 0.954488 0.659545 0.807017 0.794851 0.916782 0.701546 0.958176
10472_mask.png 0.925663 0.940401 0.933032 0.969285 0.95153 0.987715 0.96579
10538_mask.png 0.940155 0.625223 0.782689 0.7694 0.751136 0.788574 0.945587
10174_mask.png 0.913881 0.648202 0.781041 0.786556 0.743025 0.835505 0.925674
10767_mask.png 0.943368 0.340527 0.641947 0.508049 0.687339 0.402943 0.944977
10233_mask.png 0.988164 0.843997 0.916081 0.9154 0.931727 0.899635 0.988876
10399_mask.png 0.984977 0.586798 0.785887 0.7396 0.931293 0.613351 0.985291
10299_mask.png 0.770505 0.333333 0.551919 0.5 0.357783 0.829868 0.794128
10099_mask.png 0.964109 0.674933 0.819521 0.805923 0.677751 0.993877 0.966599
10592_mask.png 0.974143 0.055804 0.514973 0.105708 0.257732 0.066489 0.974182
10694_mask.png 0.905358 0.658838 0.782098 0.794337 0.838814 0.754339 0.919983
10029_mask.png 0.952277 0.653795 0.803036 0.79066 0.785104 0.796296 0.956223
10323_mask.png 0.971669 0.408766 0.690218 0.580318 0.448202 0.822876 0.972214
10733_mask.png 1.0 nan 1.0 nan nan nan 1.0
10580_mask.png 0.947059 0.468239 0.707649 0.637824 0.894576 0.495586 0.949417
10577_mask.png 0.9438 0.698947 0.821374 0.8228 0.882305 0.770814 0.950287
10759_mask.png 0.944849 0.557012 0.75093 0.715488 0.586369 0.91753 0.948425
10617_mask.png 0.982417 0.879755 0.931086 0.936032 0.892686 0.983801 0.984421
10573_mask.png 0.886116 0.12318 0.504648 0.219341 0.995178 0.123253 0.887909
10157_mask.png 0.985078 0.492364 0.738721 0.659845 0.580745 0.763889 0.985291
10152_mask.png 0.977299 0.786403 0.881851 0.880432 0.79319 0.989237 0.97905
10681_mask.png 0.954478 0.8917 0.923089 0.94275 0.900554 0.989094 0.966888
10271_mask.png 0.990269 0.65867 0.824469 0.794214 0.664832 0.986122 0.990448
10449_mask.png 0.998667 0.921245 0.959956 0.959009 0.950851 0.967308 0.998688
10026_mask.png 1.0 nan 1.0 nan nan nan 1.0
10079_mask.png 0.79693 0.352232 0.574581 0.520964 0.356998 0.963483 0.817123
10002_mask.png 0.935187 0.753889 0.844538 0.859677 0.893424 0.828386 0.945923
10598_mask.png 0.938436 0.727151 0.832793 0.842024 0.842024 0.842024 0.947113
10118_mask.png 1.0 nan 1.0 nan nan nan 1.0
10574_mask.png 0.935439 0.213989 0.574714 0.352538 0.997357 0.21411 0.936554
10661_mask.png 0.919104 0.483763 0.701434 0.652076 0.493851 0.959485 0.924805
10334_mask.png 0.968772 0.506594 0.737683 0.672502 0.567764 0.824625 0.969742
10194_mask.png 0.0 0.941666 0.470833 0.969957 0.941666 1.0 0.941666
10304_mask.png 0.967095 0.658125 0.81261 0.793819 0.897059 0.711889 0.969055
10621_mask.png 0.918824 0.881415 0.900119 0.93697 0.940329 0.933636 0.949371
10181_mask.png 0.996011 0.81089 0.903451 0.895571 0.954939 0.843152 0.996078
10693_mask.png 0.9499 0.386232 0.668066 0.55724 0.403831 0.898609 0.951431
10482_mask.png 0.854581 0.363636 0.609109 0.533333 0.961928 0.368946 0.865738
10054_mask.png 0.8785 0.630352 0.754426 0.773271 0.749417 0.798693 0.899353
10305_mask.png 0.957614 0.513182 0.735398 0.678282 0.529367 0.943771 0.959427
10657_mask.png 0.844737 0.657105 0.750921 0.793076 0.715755 0.889126 0.880341
10757_mask.png 0.965502 0.518126 0.741814 0.682586 0.834461 0.577482 0.966736
10632_mask.png 0.851503 0.719342 0.785423 0.836764 0.877039 0.800027 0.892441
10494_mask.png 0.971842 0.493942 0.732892 0.66126 0.497587 0.985385 0.972595
10716_mask.png 0.95461 0.762136 0.858373 0.865014 0.921484 0.815065 0.960373
10032_mask.png 0.804641 0.704784 0.754713 0.826831 0.942613 0.736381 0.866776
10490_mask.png 0.876167 0.456843 0.666505 0.627169 0.609124 0.646315 0.887848
10488_mask.png 0.745639 0.812961 0.7793 0.896832 0.818627 0.991557 0.879196
10107_mask.png 0.951423 0.453864 0.702644 0.624356 0.941852 0.466948 0.953308
10593_mask.png 0.854673 0.519697 0.687185 0.683948 0.537644 0.939643 0.87442
10028_mask.png 0.978941 0.546343 0.762642 0.706626 0.688323 0.725929 0.979462
10440_mask.png 0.851768 0.62164 0.736704 0.766681 0.629691 0.979846 0.880798
10558_mask.png 0.995825 0.590361 0.793093 0.742424 0.684119 0.811594 0.99585
10351_mask.png 0.985023 0.839958 0.91249 0.913019 0.86868 0.962127 0.986115
10462_mask.png 0.99731 0.875629 0.93647 0.933691 0.896907 0.973621 0.99736
10268_mask.png 0.969041 0.47346 0.72125 0.64265 0.603126 0.687718 0.969879
10412_mask.png 0.938829 0.404456 0.671643 0.575961 0.525744 0.636784 0.941269
10163_mask.png 0.971525 0.525819 0.748672 0.689229 0.906462 0.555987 0.972397
10130_mask.png 0.970659 0.723187 0.846923 0.83936 0.797471 0.885893 0.972748
10138_mask.png 0.911987 0.678068 0.795027 0.808153 0.684956 0.985386 0.925751
10497_mask.png 0.96625 0.773733 0.869992 0.872435 0.925355 0.82524 0.969742
10038_mask.png 0.921371 0.839795 0.880583 0.912922 0.857181 0.976417 0.944321
10162_mask.png 0.850367 0.434551 0.642459 0.605835 0.447231 0.93875 0.865799
10104_mask.png 0.983066 0.541509 0.762288 0.70257 0.952557 0.556518 0.983398
10421_mask.png 0.962503 0.825575 0.894039 0.904455 0.857614 0.956707 0.968155
10367_mask.png 0.955576 0.916869 0.936222 0.956632 0.919921 0.996394 0.970184
10167_mask.png 1.0 nan 1.0 nan nan nan 1.0
10701_mask.png 0.983327 0.91297 0.948149 0.954505 0.947184 0.96194 0.985809
10209_mask.png 1.0 nan 1.0 nan nan nan 1.0
10017_mask.png 0.932548 0.690206 0.811377 0.816712 0.951439 0.715408 0.94136
10202_mask.png 0.835249 0.731518 0.783383 0.844944 0.737898 0.988318 0.886292
10175_mask.png 1.0 nan 1.0 nan nan nan 1.0
10491_mask.png 0.991016 0.785795 0.888405 0.880051 0.87125 0.889031 0.991302
10003_mask.png 0.885697 0.813291 0.849494 0.897033 0.816308 0.995476 0.923691
10533_mask.png 0.981298 0.37558 0.678439 0.546067 0.500687 0.600494 0.981506
10656_mask.png 0.806002 0.595328 0.700665 0.746339 0.595328 1.0 0.849075
10663_mask.png 0.989448 0.636898 0.813173 0.778177 0.97623 0.646931 0.989639
10724_mask.png 0.97609 0.786667 0.881378 0.880597 0.936343 0.831116 0.978027
10464_mask.png 0.926048 0.762404 0.844226 0.865187 0.78078 0.970055 0.940231
10067_mask.png 0.870587 0.77044 0.820514 0.870337 0.947662 0.804679 0.909775
10286_mask.png 0.983299 0.739466 0.861383 0.850222 0.774817 0.941886 0.984055
10249_mask.png 0.989363 0.797946 0.893655 0.88762 0.928973 0.849791 0.989792
10622_mask.png 0.983357 0.299935 0.641646 0.461462 0.88381 0.312248 0.983475
10210_mask.png 0.980987 0.374937 0.677962 0.545387 0.397312 0.869412 0.981201
10769_mask.png 0.847175 0.709011 0.778093 0.829733 0.879339 0.785424 0.888641
10119_mask.png 0.977262 0.77313 0.875196 0.872051 0.942223 0.811607 0.978897
10738_mask.png 0.990056 0.883506 0.936781 0.938151 0.89018 0.991586 0.990753
10317_mask.png 0.897994 0.655109 0.776552 0.79162 0.65531 0.99953 0.914551
10671_mask.png 0.875461 0.340358 0.607909 0.507861 0.348113 0.938567 0.88298
10211_mask.png 0.892498 0.253569 0.573034 0.404555 0.989713 0.254239 0.896286
10333_mask.png 0.98492 0.747733 0.866327 0.855661 0.747733 1.0 0.985565
10208_mask.png 0.996237 0.977478 0.986857 0.988611 0.989994 0.987232 0.996765
10134_mask.png 0.98038 0.571917 0.776148 0.727668 0.60455 0.913755 0.980881
10084_mask.png 0.89329 0.547725 0.720508 0.707781 0.566594 0.942685 0.905502
10735_mask.png 0.896956 0.490336 0.693646 0.658021 0.5181 0.901479 0.90625
10690_mask.png 0.953395 0.933362 0.943378 0.965533 0.987901 0.944155 0.971802
10259_mask.png 0.886836 0.499775 0.693305 0.666466 0.5312 0.894157 0.898331
10159_mask.png 0.955964 0.981799 0.968881 0.990816 0.98295 0.998809 0.986954
10061_mask.png 0.941659 0.620089 0.780874 0.7655 0.625467 0.986325 0.946732
10146_mask.png 0.984254 0.702007 0.84313 0.824916 0.758085 0.90467 0.984818
10546_mask.png 0.906634 0.676318 0.791476 0.806909 0.825145 0.789462 0.921875
10647_mask.png 0.923608 0.65224 0.787924 0.789522 0.652862 0.998541 0.933182
10012_mask.png 0.97261 0.871877 0.922244 0.931554 0.889811 0.977406 0.976913
10348_mask.png 0.940824 0.580162 0.760493 0.734307 0.737861 0.730786 0.945297
10439_mask.png 1.0 nan 1.0 nan nan nan 1.0
10244_mask.png 0.847663 0.542701 0.695182 0.703573 0.947766 0.559434 0.870987
10427_mask.png 0.96313 0.662876 0.813003 0.797264 0.749958 0.850941 0.965622
10343_mask.png 0.983162 0.77507 0.879116 0.873284 0.780795 0.990628 0.984085
10447_mask.png 0.964462 0.630241 0.797351 0.773187 0.707027 0.853008 0.966492
10678_mask.png 0.677691 0.29946 0.488576 0.4609 0.301245 0.980601 0.716721
10070_mask.png 0.79467 0.431675 0.613172 0.603035 0.436233 0.976369 0.822372
10650_mask.png 1.0 nan 1.0 nan nan nan 1.0
10314_mask.png 1.0 nan 1.0 nan nan nan 1.0
10655_mask.png 0.962189 0.416021 0.689105 0.587592 0.563053 0.614367 0.963181
10581_mask.png 0.9729 0.638284 0.805592 0.779211 0.695096 0.886485 0.974136
10269_mask.png 0.974442 0.619768 0.797105 0.765255 0.634011 0.965022 0.975464
10479_mask.png 0.929584 0.789206 0.859395 0.882186 0.957963 0.817519 0.944275
10063_mask.png 0.930337 0.777899 0.854118 0.875077 0.906168 0.846048 0.944
10272_mask.png 1.0 nan 1.0 nan nan nan 1.0
10457_mask.png 0.929181 0.932009 0.930595 0.964808 0.937041 0.994271 0.964066
10117_mask.png 0.962717 0.609571 0.786144 0.757433 0.801111 0.718271 0.964767
10706_mask.png 0.990759 0.83805 0.914404 0.91189 0.906638 0.917203 0.99118
10040_mask.png 0.980783 0.836049 0.908416 0.910705 0.890259 0.932112 0.982498
10332_mask.png 0.86195 0.517362 0.689656 0.681923 0.533603 0.944438 0.879745
10105_mask.png 0.953122 0.650161 0.801641 0.787997 0.730053 0.855932 0.956879
10668_mask.png 0.951255 0.980752 0.966003 0.990282 0.98139 0.999337 0.986008
10319_mask.png 0.982782 0.562252 0.772517 0.719797 0.898037 0.600593 0.983154
10453_mask.png 0.983824 0.972969 0.978396 0.986299 0.974502 0.998385 0.989777
10169_mask.png 0.710919 0.345386 0.528153 0.513438 0.348313 0.976249 0.749176
10775_mask.png 1.0 nan 1.0 nan nan nan 1.0
10186_mask.png 0.820527 0.526837 0.673682 0.690102 0.528443 0.994261 0.850418
10590_mask.png 0.966891 0.845487 0.906189 0.916275 0.975354 0.863945 0.97197
10722_mask.png 0.944566 0.715713 0.830139 0.834304 0.771286 0.908535 0.951355
10540_mask.png 0.905359 0.501101 0.70323 0.667645 0.566351 0.813063 0.913574
10422_mask.png 0.892593 0.908233 0.900413 0.95191 0.97135 0.933232 0.947937
10083_mask.png 0.982948 0.613911 0.798429 0.760774 0.682177 0.859841 0.983398
10507_mask.png 0.947296 0.776279 0.861788 0.874051 0.837771 0.913616 0.955444
10413_mask.png 0.991603 0.966864 0.979234 0.983153 0.985256 0.981059 0.993256
10143_mask.png 0.964609 0.703149 0.833879 0.825705 0.716365 0.974433 0.967346
10626_mask.png 0.950941 0.5504 0.75067 0.710011 0.67155 0.753144 0.95372
10765_mask.png 0.776655 0.293932 0.535293 0.454323 0.295631 0.980823 0.795654
10559_mask.png 0.922039 0.658334 0.790186 0.79397 0.683681 0.946687 0.93222
10282_mask.png 0.911392 0.727299 0.819346 0.842123 0.851829 0.832635 0.928329
10199_mask.png 0.955151 0.578218 0.766684 0.732748 0.702313 0.76594 0.957748
10603_mask.png 0.893249 0.725916 0.809583 0.841195 0.957637 0.75 0.916779
10267_mask.png 0.981612 0.829715 0.905663 0.906934 0.890891 0.923565 0.983124
10197_mask.png 0.999679 0.625 0.81234 0.769231 0.686275 0.875 0.99968
10575_mask.png 0.970013 0.842819 0.906416 0.914706 0.949681 0.882216 0.974167
10498_mask.png 0.899593 0.79204 0.845816 0.883953 0.916208 0.853893 0.927368
10699_mask.png 0.935592 0.885993 0.910793 0.939551 0.942122 0.936994 0.957077
10290_mask.png 0.911012 0.735723 0.823368 0.847743 0.755501 0.96564 0.92868
10397_mask.png 0.966057 0.834697 0.900377 0.909902 0.912196 0.907619 0.971024
10036_mask.png 0.975947 0.917971 0.946959 0.957231 0.985465 0.93057 0.981049
10069_mask.png 0.89442 0.909174 0.901797 0.952427 0.910453 0.998458 0.948669
10501_mask.png 0.802704 0.498074 0.650389 0.664952 0.515543 0.9363 0.835007
10136_mask.png 0.942325 0.713046 0.827685 0.832489 0.845513 0.81986 0.949554
10151_mask.png 0.969081 0.865108 0.917095 0.927676 0.872065 0.990863 0.974197
10013_mask.png 0.923629 0.870322 0.896975 0.930665 0.920921 0.940618 0.949509
10731_mask.png 0.921852 0.629578 0.775715 0.772688 0.682597 0.890176 0.931015
10527_mask.png 0.982089 0.246611 0.61435 0.39565 0.982005 0.24773 0.982193
10330_mask.png 0.978411 0.772915 0.875663 0.871914 0.943626 0.810332 0.979889
10360_mask.png 0.754098 0.635335 0.694716 0.777009 0.639511 0.989828 0.82785
10754_mask.png 0.963461 0.481531 0.722496 0.650045 0.853233 0.525018 0.964661
10404_mask.png 0.879815 0.851167 0.865491 0.9196 0.909109 0.930336 0.928772
10481_mask.png 0.980051 0.429836 0.704944 0.601238 0.858532 0.462601 0.980347
10537_mask.png 0.969688 0.495818 0.732753 0.662939 0.696402 0.632544 0.970566
10189_mask.png 0.811317 0.531266 0.671291 0.693891 0.540442 0.969031 0.844559
10624_mask.png 0.912142 0.664019 0.78808 0.79809 0.676717 0.972518 0.92514
10266_mask.png 1.0 nan 1.0 nan nan nan 1.0
10651_mask.png 0.989909 0.748826 0.869368 0.856376 0.9233 0.798498 0.990204
10385_mask.png 0.990317 0.954706 0.972512 0.976828 0.985976 0.967849 0.991959
10369_mask.png 0.960326 0.578101 0.769214 0.732654 0.591769 0.961582 0.962372
10744_mask.png 0.928161 0.766415 0.847288 0.867763 0.942192 0.804233 0.941864
10383_mask.png 0.973554 0.592529 0.783041 0.744136 0.653649 0.863701 0.974533
10685_mask.png 0.948824 0.391378 0.670101 0.562576 0.415605 0.870363 0.950455
10055_mask.png 0.96984 0.600042 0.784941 0.750033 0.937851 0.62489 0.971146
10400_mask.png 0.92003 0.749274 0.834652 0.856668 0.888959 0.826641 0.935455
10331_mask.png 0.971196 0.616985 0.794091 0.76313 0.766957 0.759342 0.972473
10020_mask.png 0.87671 0.592663 0.734686 0.744242 0.604451 0.968143 0.895462
10543_mask.png 0.951016 0.646763 0.798889 0.785496 0.727837 0.853076 0.955048
10127_mask.png 0.974258 0.718528 0.846393 0.836213 0.902009 0.779364 0.975845
10419_mask.png 0.982414 0.507183 0.744799 0.673021 0.776667 0.593782 0.982727
10544_mask.png 0.978183 0.735479 0.856831 0.84758 0.828104 0.867994 0.979431
10049_mask.png 0.997191 0.677249 0.83722 0.807571 0.803347 0.811839 0.997208
10648_mask.png 0.900436 0.735009 0.817723 0.847268 0.927231 0.780002 0.921982
10751_mask.png 0.936235 0.453381 0.694808 0.623898 0.508338 0.807456 0.939438
10046_mask.png 0.756464 0.428384 0.592424 0.599816 0.437311 0.954515 0.794052
10762_mask.png 0.989057 0.023161 0.506109 0.045273 0.023161 1.0 0.989059
10144_mask.png 0.96431 0.2733 0.618805 0.429278 0.296448 0.777778 0.964783
10570_mask.png 0.957261 0.694434 0.825847 0.819665 0.704982 0.97891 0.961044
10093_mask.png 0.916493 0.493444 0.704969 0.660814 0.508824 0.942278 0.922775
10586_mask.png 0.972714 0.6961 0.834407 0.820824 0.734986 0.929364 0.974319
10631_mask.png 0.932447 0.450341 0.691394 0.621014 0.598885 0.644841 0.935989
10600_mask.png 0.916904 0.46858 0.692742 0.63814 0.523336 0.817468 0.922577
10059_mask.png 0.897574 0.808078 0.852826 0.893853 0.931946 0.858752 0.928436
10484_mask.png 0.981876 0.734632 0.858254 0.847017 0.799745 0.90023 0.982742
10393_mask.png 1.0 nan 1.0 nan nan nan 1.0
10346_mask.png 0.941623 0.89373 0.917677 0.943883 0.915144 0.974486 0.960846
10287_mask.png 0.872877 0.767445 0.820161 0.868423 0.773174 0.990437 0.910446
10591_mask.png 0.958839 0.683814 0.821327 0.81222 0.811298 0.813145 0.962204
10221_mask.png 0.884047 0.867236 0.875641 0.928898 0.920242 0.937718 0.934021
10229_mask.png 0.96361 0.964684 0.964147 0.982025 0.965996 0.998594 0.98175
10277_mask.png 0.949701 0.507465 0.728583 0.673269 0.743495 0.615165 0.952179
10108_mask.png 0.954344 0.878219 0.916281 0.935161 0.885308 0.990965 0.965652
10111_mask.png 0.878142 0.433457 0.6558 0.604772 0.436198 0.985714 0.888535
10001_mask.png 0.90149 0.605835 0.753662 0.754542 0.66094 0.879029 0.914444
10441_mask.png 0.919245 0.633125 0.776185 0.775354 0.932527 0.663521 0.929123
10185_mask.png 0.911182 0.679322 0.795252 0.809043 0.817101 0.801143 0.925247
10353_mask.png 0.979994 0.871877 0.925936 0.931554 0.876158 0.994428 0.982391
10176_mask.png 0.941662 0.363386 0.652524 0.533064 0.383164 0.875622 0.943542
10609_mask.png 0.928295 0.850725 0.88951 0.919342 0.85451 0.99482 0.949097
10135_mask.png 0.912581 0.758869 0.835725 0.862905 0.899777 0.828937 0.931442
10740_mask.png 0.974167 0.651489 0.812828 0.788972 0.900925 0.701767 0.975357
10073_mask.png 0.987277 0.939625 0.963451 0.968873 0.950009 0.988502 0.98938
10306_mask.png 0.917049 0.63449 0.775769 0.776376 0.864675 0.704441 0.92749
10220_mask.png 1.0 nan 1.0 nan nan nan 1.0
10503_mask.png 0.949484 0.774554 0.862019 0.872957 0.909279 0.839425 0.956955
10727_mask.png 0.997736 0.525641 0.761689 0.689076 0.557823 0.901099 0.997742
10435_mask.png 0.834306 0.351789 0.593048 0.520479 0.363618 0.915355 0.847977
10206_mask.png 0.917265 0.879137 0.898201 0.935682 0.936411 0.934953 0.948349
10140_mask.png 0.968911 0.428694 0.698803 0.600121 0.973924 0.433672 0.96962
10607_mask.png 0.986858 0.81881 0.902834 0.90038 0.980779 0.832163 0.987595
10076_mask.png 0.989437 0.74044 0.864939 0.850866 0.905955 0.802092 0.989746
10636_mask.png 0.973326 0.651746 0.812536 0.78916 0.808301 0.770905 0.974594
10045_mask.png 0.810745 0.530773 0.670759 0.693471 0.539697 0.969789 0.844116
10378_mask.png 0.982327 0.691925 0.837126 0.817914 0.723121 0.941309 0.983002
10662_mask.png 0.958479 0.244726 0.601602 0.39322 0.809302 0.259701 0.95903
10398_mask.png 0.976097 0.818578 0.897338 0.90024 0.839142 0.970933 0.978424
10442_mask.png 0.96479 0.525326 0.745058 0.688805 0.611443 0.788579 0.96611
10264_mask.png 0.895527 0.39004 0.642783 0.561192 0.964966 0.395643 0.902069
10676_mask.png 0.997589 0.0 0.498795 nan 0.0 nan 0.997589
10213_mask.png 0.923467 0.713723 0.818595 0.83295 0.775268 0.899906 0.93573
10700_mask.png 0.868845 0.561599 0.715222 0.719261 0.587828 0.926395 0.887711
10458_mask.png 0.957623 0.561949 0.759786 0.719549 0.841175 0.628651 0.959808
10338_mask.png 0.957244 0.509327 0.733285 0.674906 0.562059 0.844451 0.959061
10236_mask.png 0.965992 0.716966 0.841479 0.835154 0.783421 0.894203 0.968689
10557_mask.png 0.930066 0.240258 0.585162 0.387432 0.243726 0.944075 0.93158
10714_mask.png 0.777542 0.368645 0.573094 0.538701 0.372712 0.971252 0.803116
10109_mask.png 0.947833 0.506614 0.727223 0.67252 0.872023 0.547306 0.950485
10164_mask.png 0.935187 0.891056 0.913122 0.94239 0.892527 0.998154 0.957642
10128_mask.png 0.968363 0.750724 0.859544 0.857616 0.820524 0.89822 0.971115
10556_mask.png 0.943814 0.495008 0.719411 0.662214 0.95532 0.50674 0.946747
10579_mask.png 0.795085 0.401561 0.598323 0.57302 0.406215 0.972263 0.819855
10493_mask.png 0.964216 0.68886 0.826538 0.815769 0.758594 0.882267 0.966843
10183_mask.png 0.94305 0.574306 0.758678 0.729599 0.729144 0.730055 0.947113
10720_mask.png 0.969631 0.280541 0.625086 0.438161 0.886705 0.290971 0.969986
10350_mask.png 0.942127 0.444359 0.693243 0.615303 0.449248 0.976094 0.944687
10485_mask.png 0.980033 0.746149 0.863091 0.854622 0.960603 0.769703 0.98114
10245_mask.png 0.954358 0.49524 0.724799 0.662422 0.830083 0.551108 0.956314
10535_mask.png 1.0 nan 1.0 nan nan nan 1.0
10096_mask.png 0.980224 0.59144 0.785832 0.743276 0.865275 0.651429 0.980774
10158_mask.png 0.905318 0.458828 0.682073 0.629036 0.477311 0.922174 0.912354
10122_mask.png 0.872727 0.64883 0.760778 0.787019 0.766777 0.808358 0.896957
10115_mask.png 0.843994 0.487684 0.665839 0.655629 0.491019 0.986266 0.864166
10228_mask.png 0.949138 0.729613 0.839375 0.843672 0.8404 0.846969 0.955276
10473_mask.png 0.91834 0.728706 0.823523 0.843065 0.93757 0.765868 0.933029
10388_mask.png 0.974962 0.529065 0.752013 0.692011 0.668282 0.717487 0.975647
10721_mask.png 0.985323 0.962817 0.97407 0.981056 0.973358 0.988877 0.989365
10523_mask.png 0.991824 0.971516 0.98167 0.985552 0.980986 0.990161 0.993607
10548_mask.png 0.957447 0.315908 0.636678 0.480137 0.326779 0.904728 0.958267
10541_mask.png 0.806446 0.726955 0.766701 0.841893 0.942567 0.760648 0.872269
10051_mask.png 1.0 nan 1.0 nan nan nan 1.0
10190_mask.png 0.901484 0.880693 0.891089 0.936562 0.930875 0.94232 0.942963
10585_mask.png 0.987602 0.853015 0.920308 0.920678 0.914173 0.927277 0.988434
10237_mask.png 0.863264 0.81553 0.839397 0.898394 0.829476 0.979802 0.91478
10078_mask.png 1.0 nan 1.0 nan nan nan 1.0
10313_mask.png 1.0 nan 1.0 nan nan nan 1.0
10086_mask.png 0.933025 0.541953 0.737489 0.702944 0.620663 0.810374 0.937943
10547_mask.png 0.948924 0.786973 0.867948 0.880789 0.804688 0.972788 0.957031
10047_mask.png 0.939153 0.452171 0.695662 0.622752 0.959877 0.460882 0.942062
10113_mask.png 0.987277 0.730525 0.858901 0.844281 0.816212 0.87435 0.987701
10116_mask.png 0.966468 0.884945 0.925706 0.938961 0.911107 0.968572 0.973343
10708_mask.png 0.962519 0.595342 0.77893 0.74635 0.773662 0.720901 0.964478
10347_mask.png 0.990668 0.654001 0.822334 0.790811 0.850299 0.739102 0.990829
10365_mask.png 0.907569 0.757746 0.832658 0.862179 0.952436 0.787548 0.928299
10536_mask.png 0.960756 0.541418 0.751087 0.702493 0.555832 0.954291 0.962494
10456_mask.png 0.931469 0.321479 0.626474 0.486544 0.924215 0.330183 0.933624
10505_mask.png 0.714264 0.782455 0.748359 0.877952 0.786494 0.99348 0.859085
10634_mask.png 0.938502 0.888145 0.913324 0.94076 0.941501 0.940019 0.958679
10524_mask.png 0.925574 0.555843 0.740708 0.714523 0.714249 0.714798 0.931915
10081_mask.png 0.938235 0.536271 0.737253 0.698146 0.933148 0.557697 0.942352
10406_mask.png 0.819341 0.671931 0.745636 0.803778 0.762668 0.849573 0.868134
10680_mask.png 0.913562 0.441836 0.677699 0.61288 0.47472 0.86447 0.919098
10596_mask.png 0.919694 0.828348 0.874021 0.906116 0.914331 0.898047 0.942123
10053_mask.png 0.982127 0.484102 0.733115 0.652384 0.518714 0.878862 0.982422
10653_mask.png 0.972297 0.048793 0.510545 0.093047 0.077371 0.116688 0.972336
10463_mask.png 0.965771 0.535714 0.750743 0.697674 0.658208 0.742176 0.967072
10478_mask.png 0.965325 0.432308 0.698816 0.603652 0.54282 0.679839 0.966217
10039_mask.png 0.94495 0.457008 0.700979 0.627324 0.477617 0.913728 0.947388
10071_mask.png 0.940559 0.429031 0.684795 0.60045 0.905624 0.44911 0.9431
10542_mask.png 0.889565 0.703115 0.79634 0.825681 0.830603 0.820818 0.91246
10009_mask.png 0.921629 0.447988 0.684808 0.618773 0.450304 0.988648 0.926315
10301_mask.png 0.935019 0.398231 0.666625 0.569622 0.399291 0.993382 0.937698
10187_mask.png 0.991712 0.84309 0.917401 0.914866 0.85157 0.988327 0.992065
10705_mask.png 0.881122 0.252495 0.566809 0.403187 0.254783 0.965649 0.885712
10088_mask.png 1.0 nan 1.0 nan nan nan 1.0
10633_mask.png 0.776335 0.428227 0.602281 0.599662 0.43462 0.96679 0.808426
10709_mask.png 0.672238 0.826844 0.749541 0.905216 0.875104 0.937474 0.872223
10252_mask.png 1.0 nan 1.0 nan nan nan 1.0
10747_mask.png 0.981384 0.575606 0.778495 0.730647 0.582041 0.981155 0.981842
10337_mask.png 0.996971 0.719373 0.858172 0.836785 0.770992 0.914855 0.996994
10387_mask.png 0.935602 0.817193 0.876398 0.899401 0.946012 0.857168 0.949997
10698_mask.png 0.928434 0.522927 0.72568 0.686739 0.532566 0.966545 0.93364
10263_mask.png 0.973734 0.775757 0.874745 0.87372 0.805519 0.954538 0.975922
10324_mask.png 0.874305 0.738317 0.806311 0.849462 0.835419 0.863984 0.907211
10155_mask.png 0.90222 0.816316 0.859268 0.89887 0.923693 0.875347 0.931839
10432_mask.png 0.867788 0.946331 0.90706 0.972426 0.950706 0.995161 0.960312
10416_mask.png 0.865007 0.724391 0.794699 0.84017 0.923735 0.77047 0.90036
10101_mask.png 0.990007 0.841124 0.915565 0.913707 0.955323 0.875565 0.990509
10391_mask.png 0.842354 0.685758 0.764056 0.81359 0.701472 0.968366 0.882706
10392_mask.png 0.937061 0.616346 0.776703 0.762641 1.0 0.616346 0.942841
10465_mask.png 0.976703 0.884838 0.93077 0.938901 0.957836 0.9207 0.98024
10292_mask.png 0.972809 0.630425 0.801617 0.773326 0.677156 0.901334 0.974014
10454_mask.png 0.89168 0.652732 0.772206 0.789882 0.771307 0.809374 0.910004
10571_mask.png 0.941814 0.645486 0.79365 0.784554 0.650031 0.989285 0.947388
10129_mask.png 0.963724 0.532651 0.748187 0.695071 0.679728 0.711123 0.965164
10137_mask.png 0.968335 0.47228 0.720308 0.641563 0.518667 0.840782 0.969208
10250_mask.png 0.989272 0.351577 0.670425 0.520247 0.663748 0.427765 0.989334
10336_mask.png 0.963075 0.467273 0.715174 0.636927 0.503551 0.866414 0.964233
10065_mask.png 0.984177 0.73222 0.858198 0.845412 0.843052 0.847785 0.984833
10764_mask.png 0.897033 0.8433 0.870167 0.914989 0.949029 0.883307 0.933746
10487_mask.png 0.995604 0.049505 0.522555 0.09434 0.049505 1.0 0.995605
10428_mask.png 0.964648 0.608765 0.786707 0.756811 0.651229 0.903251 0.966492
10515_mask.png 0.990826 0.751487 0.871156 0.858113 0.807763 0.915158 0.991074
10534_mask.png 0.917829 0.456116 0.686972 0.626483 0.476701 0.913514 0.923126
10405_mask.png 0.950408 0.737269 0.843839 0.848768 0.873445 0.825446 0.956467
10340_mask.png 0.960092 0.901968 0.93103 0.948457 0.982692 0.916528 0.97081
10188_mask.png 0.892154 0.729393 0.810773 0.843525 0.852785 0.834464 0.916443
10645_mask.png 0.920194 0.646909 0.783551 0.785604 0.853148 0.727969 0.930374
10215_mask.png 0.985985 0.687368 0.836677 0.814722 0.967885 0.703411 0.986404
10247_mask.png 0.992931 0.619601 0.806266 0.765128 0.619601 1.0 0.993011
10511_mask.png 0.905415 0.656146 0.78078 0.792377 0.793726 0.791032 0.919876
10234_mask.png 0.888766 0.706699 0.797732 0.828147 0.8386 0.817951 0.912277
10373_mask.png 0.983465 0.722044 0.852755 0.838589 0.728868 0.987198 0.984146
10612_mask.png 0.911365 0.577544 0.744454 0.732207 0.597268 0.945913 0.920944
10644_mask.png 0.934345 0.726424 0.830385 0.841536 0.854395 0.829058 0.944092
10460_mask.png 0.924494 0.623212 0.773853 0.767875 0.732582 0.806741 0.932877
10148_mask.png 0.878945 0.565405 0.722175 0.722375 0.653931 0.806822 0.895416
10043_mask.png 0.989751 0.82361 0.906681 0.903274 0.82771 0.994022 0.990219
10372_mask.png 0.958753 0.682521 0.820637 0.811308 0.860551 0.767395 0.962112
10160_mask.png 0.931045 0.865515 0.89828 0.92791 0.941528 0.91468 0.95224
10238_mask.png 0.96216 0.805445 0.883802 0.89224 0.809559 0.99373 0.967285
10616_mask.png 0.957486 0.496706 0.727096 0.663732 0.943174 0.512029 0.959198
10715_mask.png 0.928938 0.896477 0.912708 0.945413 0.935231 0.955819 0.956009
10750_mask.png 0.924873 0.657052 0.790963 0.793037 0.712336 0.89436 0.934326
10329_mask.png 0.90462 0.78546 0.84504 0.87984 0.851335 0.91032 0.929306
10321_mask.png 0.941399 0.923597 0.932498 0.960281 0.926463 0.996663 0.965698
10311_mask.png 0.983157 0.671894 0.827526 0.803752 0.744463 0.873301 0.983719
10563_mask.png 0.865457 0.590236 0.727846 0.742325 0.740259 0.744402 0.887299
10106_mask.png 0.842664 0.513237 0.677951 0.67833 0.532188 0.935118 0.865051
10358_mask.png 0.752318 0.532442 0.64238 0.694894 0.54387 0.962034 0.806808
10005_mask.png 0.958234 0.896155 0.927194 0.945234 0.967568 0.923908 0.969299
10307_mask.png 0.900722 0.719639 0.81018 0.836965 0.923915 0.764973 0.920883
10316_mask.png 0.991449 0.847491 0.91947 0.917451 0.898459 0.937264 0.991837
10417_mask.png 0.970172 0.505346 0.737759 0.671401 0.620557 0.731321 0.971054
10044_mask.png 0.929929 0.794355 0.862142 0.885394 0.923891 0.849976 0.944855
10565_mask.png 0.928066 0.685227 0.806646 0.813216 0.789483 0.83842 0.937805
10620_mask.png 0.915584 0.317739 0.616662 0.482249 0.322115 0.958994 0.918777
10242_mask.png 0.946286 0.460317 0.703302 0.630435 0.560523 0.720271 0.948639
10753_mask.png 0.861243 0.641313 0.751278 0.781464 0.939018 0.669184 0.888824
10062_mask.png 0.964967 0.736683 0.850825 0.848379 0.741539 0.991189 0.968094
10629_mask.png 0.984495 0.894589 0.939542 0.944362 0.967255 0.922528 0.986298
10410_mask.png 0.869175 0.273148 0.571161 0.42909 0.276169 0.96149 0.875305
10172_mask.png 0.831008 0.924136 0.877572 0.960572 0.927673 0.995891 0.944748
10362_mask.png 0.944626 0.634305 0.789465 0.776238 0.759054 0.794219 0.949478
10554_mask.png 0.834746 0.498895 0.666821 0.665684 0.50737 0.967604 0.858093
10623_mask.png 0.897004 0.599589 0.748297 0.749679 0.81956 0.690779 0.910767
10149_mask.png 0.867813 0.79383 0.830822 0.885067 0.849996 0.923157 0.912399
10173_mask.png 0.911721 0.744447 0.828084 0.853505 0.978112 0.757059 0.929779
10438_mask.png 0.965924 0.412604 0.689264 0.584175 0.967172 0.418465 0.966721
10489_mask.png 0.993461 0.867162 0.930312 0.928856 0.867162 1.0 0.993729
10141_mask.png 1.0 nan 1.0 nan nan nan 1.0
10549_mask.png 0.951112 0.775961 0.863536 0.873849 0.792683 0.973533 0.958191
10276_mask.png 0.849032 0.562612 0.705822 0.720092 0.60734 0.884252 0.873581
10260_mask.png 0.745193 0.705839 0.725516 0.827556 0.844547 0.811236 0.841873
10345_mask.png 0.892433 0.601157 0.746795 0.750903 0.883723 0.652792 0.90744
10737_mask.png 0.924445 0.717607 0.821026 0.835589 0.836318 0.834862 0.936615
10707_mask.png 0.959437 0.467317 0.713377 0.636968 0.467511 0.999113 0.960831
10658_mask.png 0.86234 0.789892 0.826116 0.882614 0.840384 0.929314 0.909286
10642_mask.png 0.937539 0.643915 0.790727 0.783392 0.829302 0.742299 0.943878
10217_mask.png 0.965513 0.617405 0.791459 0.763452 0.821446 0.713106 0.967331
10133_mask.png 0.895571 0.582022 0.738796 0.735795 0.791853 0.687149 0.908829
--------------------
总mIou：0.9348396023279731
总mIou：0.6978590530682017
总mIou：0.8163493276980874
总fscore：0.8220459193089089
总recall：0.778436979446762
总precision0.8708308718800302
总accuracy0.9433634846480852
Finish!
