文件名，Iou_1，Iou_2，mIoU，fscore，recall，precision, accuracy
20393_mask.png 0.77958 0.872882 0.826231 0.932127 0.989395 0.881126 0.912308
20572_mask.png 0.972457 0.645055 0.808756 0.784235 0.996173 0.646657 0.97377
20337_mask.png 0.733071 0.846887 0.789979 0.917097 0.994958 0.850538 0.892212
20726_mask.png 0.912492 0.640637 0.776565 0.780962 0.974868 0.651396 0.924301
20411_mask.png 0.940446 0.442149 0.691298 0.613181 0.901985 0.464465 0.94313
20233_mask.png 0.750282 0.295477 0.52288 0.456167 0.298415 0.967757 0.773956
20784_mask.png 0.78799 0.663058 0.725524 0.797396 0.963109 0.680337 0.850403
20764_mask.png 0.97434 0.183594 0.578967 0.310231 0.184495 0.974093 0.974487
20125_mask.png 0.982189 0.509837 0.746013 0.675354 0.677658 0.673066 0.982513
20779_mask.png 1.0 nan 1.0 nan nan nan 1.0
20727_mask.png 0.926772 0.696006 0.811389 0.820759 0.87829 0.770301 0.937286
20385_mask.png 0.890407 0.784503 0.837455 0.87924 0.81321 0.95694 0.921661
20723_mask.png 0.017161 0.990385 0.503773 0.995169 0.990461 0.999923 0.990387
20795_mask.png 0.814057 0.53294 0.673499 0.695317 0.643462 0.756263 0.846603
20363_mask.png 0.681651 0.972055 0.826853 0.98583 0.984425 0.987238 0.973633
20459_mask.png 0.964798 0.977344 0.971071 0.988542 0.981861 0.995315 0.986023
20583_mask.png 0.827506 0.656155 0.741831 0.792384 0.681189 0.946963 0.870224
20654_mask.png 0.662094 0.729874 0.695984 0.843846 0.740203 0.98124 0.823364
20175_mask.png 0.926633 0.611712 0.769173 0.759083 0.774142 0.744599 0.934235
20772_mask.png 0.82021 0.879309 0.84976 0.935779 0.988772 0.888177 0.922165
20169_mask.png 0.825401 0.863216 0.844308 0.926587 0.983539 0.87587 0.916931
20131_mask.png 0.992349 0.714452 0.8534 0.833446 0.758005 0.925564 0.992493
20497_mask.png 0.995682 0.0 0.497841 nan 0.0 nan 0.995682
20730_mask.png 1.0 nan 1.0 nan nan nan 1.0
20790_mask.png 0.991865 0.332075 0.66197 0.498584 0.334601 0.977778 0.991898
20739_mask.png 0.847592 0.456676 0.652134 0.627012 0.507432 0.820326 0.864899
20488_mask.png 0.920505 0.749673 0.835089 0.856929 0.799721 0.922953 0.935791
20051_mask.png 0.523924 0.277009 0.400466 0.43384 0.280561 0.9563 0.597366
20197_mask.png 0.9946 0.842202 0.918401 0.914343 0.913888 0.914798 0.994751
20073_mask.png 0.971512 0.550685 0.761098 0.710247 0.560598 0.968887 0.972473
20454_mask.png 0.493299 0.642197 0.567748 0.78212 0.650861 0.979693 0.734634
20219_mask.png 1.0 nan 1.0 nan nan nan 1.0
20336_mask.png 0.960246 0.673359 0.816802 0.804799 0.772968 0.839364 0.963257
20236_mask.png 0.974424 0.876813 0.925619 0.934364 0.929716 0.939058 0.978363
20754_mask.png 0.878245 0.569612 0.723928 0.7258 0.674053 0.786153 0.895142
20181_mask.png 0.961876 0.651888 0.806882 0.789264 0.740169 0.845335 0.964417
20788_mask.png 0.92158 0.194249 0.557914 0.325308 0.205128 0.78553 0.923035
20308_mask.png 0.947711 0.396539 0.672125 0.567888 0.530329 0.611173 0.949448
20824_mask.png 0.696796 0.82483 0.760813 0.904007 0.827877 0.995557 0.875107
20327_mask.png 0.881281 0.877592 0.879437 0.934806 0.8871 0.987935 0.935867
20063_mask.png 0.937354 0.717916 0.827635 0.835799 0.783312 0.895825 0.945969
20234_mask.png 0.371521 0.88599 0.628755 0.939549 0.887957 0.997506 0.893188
20017_mask.png 0.572183 0.988708 0.780446 0.994322 0.991812 0.996845 0.988876
20064_mask.png 0.925571 0.858658 0.892114 0.923955 1.0 0.858658 0.948746
20041_mask.png 0.96958 0.56107 0.765325 0.718828 0.588391 0.923569 0.970718
20413_mask.png 0.97845 0.487027 0.732739 0.655035 0.491582 0.981329 0.978882
20248_mask.png 0.1392 0.677749 0.408475 0.807927 0.681183 0.992617 0.69371
20646_mask.png 0.941731 0.364902 0.653317 0.534693 0.448363 0.662196 0.943619
20402_mask.png 0.979512 0.541127 0.76032 0.702248 0.747221 0.662382 0.979996
20038_mask.png 0.77313 0.841011 0.80707 0.91364 0.869337 0.962702 0.896881
20558_mask.png 0.822337 0.812639 0.817488 0.896636 0.815613 0.995532 0.899658
20213_mask.png 0.976314 0.803772 0.890043 0.891212 0.810629 0.989585 0.978409
20724_mask.png 0.79438 0.609644 0.702012 0.757489 0.662839 0.883674 0.84436
20414_mask.png 0.925052 0.984189 0.95462 0.992031 0.995462 0.988624 0.986771
20364_mask.png 0.707472 0.805168 0.75632 0.89207 0.828605 0.966062 0.867569
20602_mask.png 0.984789 0.716312 0.850551 0.834711 0.985366 0.724014 0.985352
20279_mask.png 0.690557 0.975031 0.832794 0.987358 0.997199 0.977708 0.976349
20641_mask.png 0.891396 0.665466 0.778431 0.799135 0.696935 0.936459 0.91069
20191_mask.png 0.720844 0.821056 0.77095 0.901736 0.82492 0.994326 0.877609
20076_mask.png 0.933155 0.594347 0.763751 0.745568 0.825007 0.680084 0.939117
20130_mask.png 0.773505 0.844326 0.808915 0.915593 0.877614 0.957007 0.898361
20123_mask.png 0.986757 0.299513 0.643135 0.460962 0.299513 1.0 0.986832
20719_mask.png 0.766773 0.99082 0.878797 0.995389 1.0 0.99082 0.991089
20343_mask.png 0.94549 0.41377 0.67963 0.585342 0.463624 0.793723 0.94751
20668_mask.png 0.903969 0.597941 0.750955 0.748389 0.638497 0.903974 0.91597
20686_mask.png 0.914389 0.70648 0.810435 0.827997 0.786969 0.873537 0.929016
20246_mask.png 0.96575 0.397475 0.681612 0.568847 0.578737 0.559289 0.966507
20663_mask.png 0.983848 0.716555 0.850202 0.834876 0.992664 0.72037 0.984482
20264_mask.png 0.971152 0.715002 0.843077 0.83382 0.817409 0.850904 0.973099
20012_mask.png 0.673391 0.994756 0.834073 0.997371 0.999984 0.994771 0.994812
20407_mask.png 0.785442 0.971543 0.878493 0.985566 0.974252 0.997147 0.974228
20287_mask.png 1.0 nan 1.0 nan nan nan 1.0
20610_mask.png 0.986026 0.665791 0.825909 0.79937 0.748314 0.857902 0.986404
20625_mask.png 0.850086 0.327605 0.588846 0.493528 0.347052 0.853943 0.860291
20680_mask.png 0.971711 0.769492 0.870602 0.869732 0.769597 0.999823 0.974152
20138_mask.png 0.895551 0.710038 0.802794 0.830435 0.995377 0.712387 0.916824
20320_mask.png 0.972529 0.581967 0.777248 0.735751 0.598562 0.954527 0.973541
20168_mask.png 0.944547 0.171165 0.557856 0.292299 0.171363 0.993307 0.945175
20208_mask.png 0.566464 0.969521 0.767992 0.984524 0.973552 0.995747 0.970688
20314_mask.png 0.997272 0.622081 0.809676 0.767016 0.634199 0.970199 0.997284
20648_mask.png 0.601154 0.219251 0.410203 0.359649 0.219521 0.994426 0.641327
20239_mask.png 0.975228 0.760617 0.867923 0.864035 0.76195 0.997705 0.977036
20295_mask.png 0.994611 0.627263 0.810937 0.770942 0.713075 0.839031 0.994659
20505_mask.png 0.886369 0.468473 0.677421 0.638041 0.471807 0.985139 0.896713
20776_mask.png 1.0 nan 1.0 nan nan nan 1.0
20570_mask.png 0.859631 0.815776 0.837704 0.898542 0.951157 0.851444 0.913437
20545_mask.png 0.868328 0.64146 0.754894 0.781573 0.758514 0.806077 0.893433
20753_mask.png 0.852786 0.550915 0.70185 0.710439 0.712053 0.708831 0.875305
20503_mask.png 0.902674 0.891693 0.897183 0.942746 0.997093 0.894017 0.945969
20655_mask.png 0.829259 0.284895 0.557077 0.443453 0.313293 0.758633 0.840134
20210_mask.png 0.689348 0.546707 0.618028 0.70693 0.567318 0.937687 0.774017
20357_mask.png 0.869745 0.742119 0.805932 0.851973 0.790969 0.923172 0.905258
20600_mask.png 0.471171 0.958644 0.714908 0.978885 1.0 0.958644 0.960114
20077_mask.png 0.942237 0.320863 0.63155 0.485838 0.343664 0.828653 0.943771
20591_mask.png 0.91746 0.484441 0.70095 0.652691 0.7884 0.556841 0.923401
20298_mask.png 0.986583 0.384181 0.685382 0.555102 0.400294 0.905158 0.986694
20761_mask.png 0.945552 0.356134 0.650843 0.525219 0.913686 0.368532 0.947144
20116_mask.png 0.94637 0.567097 0.756733 0.723755 0.715093 0.732629 0.94989
20221_mask.png 0.0 0.97995 0.489975 0.989873 0.97995 1.0 0.97995
20483_mask.png 0.917808 0.463066 0.690437 0.633007 0.566097 0.717855 0.923248
20361_mask.png 0.964542 0.60306 0.783801 0.752386 0.639679 0.913304 0.966354
20542_mask.png 0.974547 0.419355 0.696951 0.590909 0.458527 0.830758 0.975006
20607_mask.png 0.905832 0.69714 0.801486 0.821547 0.713805 0.967595 0.922607
20555_mask.png 0.896168 0.586575 0.741371 0.739423 0.963255 0.6 0.9095
20135_mask.png 0.574849 0.869663 0.722256 0.930288 0.869663 1.0 0.889191
20344_mask.png 0.991073 0.733551 0.862312 0.846299 0.811146 0.884637 0.991287
20217_mask.png 0.63986 0.712788 0.676324 0.832313 0.809622 0.856312 0.80983
20429_mask.png 0.947251 0.5159 0.731575 0.680652 0.992884 0.517815 0.950058
20606_mask.png 0.918921 0.791164 0.855042 0.883407 0.955276 0.821596 0.937973
20212_mask.png 0.935441 0.902442 0.918941 0.948719 0.904941 0.996949 0.959579
20714_mask.png 0.945804 0.423168 0.684486 0.594684 0.526692 0.682834 0.947876
20157_mask.png 0.79209 0.97204 0.882065 0.985822 0.976524 0.995298 0.974731
20100_mask.png 0.91108 0.383499 0.64729 0.55439 0.403264 0.88668 0.915741
20611_mask.png 0.66772 0.9242 0.79596 0.960607 0.999164 0.924915 0.934219
20101_mask.png 0.874782 0.658714 0.766748 0.794247 0.786776 0.801861 0.899155
20484_mask.png 0.945568 0.418136 0.681852 0.589698 0.452494 0.846312 0.947617
20001_mask.png 0.868007 0.963148 0.915577 0.981228 0.972532 0.990081 0.970337
20086_mask.png 1.0 nan 1.0 nan nan nan 1.0
20231_mask.png 0.866209 0.523109 0.694659 0.686896 0.568957 0.866515 0.883331
20033_mask.png 0.893858 0.60368 0.748769 0.752868 0.638725 0.916683 0.90863
20688_mask.png 0.634818 0.89357 0.764194 0.943794 0.971151 0.917936 0.910187
20608_mask.png 0.897153 0.542317 0.719735 0.70325 0.739713 0.670213 0.908325
20804_mask.png 1.0 nan 1.0 nan nan nan 1.0
20352_mask.png 0.749878 0.48252 0.616199 0.650945 0.507369 0.907852 0.79718
20485_mask.png 0.971344 0.709773 0.840559 0.830254 0.719169 0.981926 0.973221
20463_mask.png 0.805797 0.831809 0.818803 0.908183 0.844099 0.982797 0.90094
20645_mask.png 0.844387 0.667465 0.755926 0.800575 0.894586 0.724444 0.881424
20530_mask.png 1.0 nan 1.0 nan nan nan 1.0
20358_mask.png 0.970237 0.178465 0.574351 0.302878 0.192501 0.709949 0.970428
20170_mask.png 0.909288 0.530104 0.719696 0.692899 0.819946 0.599941 0.917709
20088_mask.png 0.889543 0.863588 0.876566 0.926802 0.874964 0.985169 0.934998
20025_mask.png 0.203823 0.944567 0.574195 0.971494 0.980845 0.962319 0.945343
20692_mask.png 0.173311 0.550582 0.361946 0.710162 0.552732 0.992984 0.589279
20044_mask.png 0.895389 0.72954 0.812464 0.843623 0.767099 0.937106 0.918411
20787_mask.png 0.937023 0.414667 0.675845 0.586239 0.479856 0.753229 0.939713
20148_mask.png 0.157143 0.990079 0.573611 0.995015 0.999923 0.990154 0.990097
20550_mask.png 0.857699 0.819202 0.83845 0.900617 0.829277 0.985387 0.913483
20568_mask.png 0.820284 0.829005 0.824644 0.906509 0.857327 0.961677 0.903961
20691_mask.png 0.332992 0.754278 0.543635 0.85993 0.759863 0.990351 0.781128
20560_mask.png 0.97675 0.756678 0.866714 0.861487 0.913772 0.814863 0.978317
20813_mask.png 0.784838 0.598458 0.691648 0.748794 0.641731 0.898735 0.837082
20306_mask.png 0.817124 0.921212 0.869168 0.958991 0.94151 0.977132 0.941727
20652_mask.png 0.813756 0.90231 0.858033 0.948647 0.903549 0.998482 0.931534
20527_mask.png 0.958716 0.447563 0.70314 0.618367 0.772396 0.515557 0.960052
20247_mask.png 0.325345 0.778954 0.55215 0.875744 0.784331 0.991276 0.800247
20190_mask.png 0.489515 0.664751 0.577133 0.798619 0.820851 0.77756 0.746307
20492_mask.png 0.365672 0.769289 0.56748 0.869603 0.777461 0.986521 0.796371
20465_mask.png 0.424553 0.87373 0.649142 0.93261 0.99686 0.876142 0.884491
20171_mask.png 0.815227 0.830009 0.822618 0.907109 0.855197 0.96573 0.902863
20180_mask.png 0.241091 0.876041 0.558566 0.933925 0.985513 0.88747 0.880737
20354_mask.png 0.999985 0.0 0.499992 nan 0.0 nan 0.999985
20127_mask.png 0.992628 0.471947 0.732287 0.641256 0.646084 0.636499 0.992676
20226_mask.png 0.949301 0.934502 0.941901 0.966142 0.95947 0.972908 0.970581
20750_mask.png 0.784892 0.92381 0.854351 0.960397 0.935449 0.986711 0.940384
20586_mask.png 0.858078 0.725809 0.791944 0.841123 0.784268 0.906866 0.896835
20365_mask.png 0.659459 0.478282 0.56887 0.647078 0.519145 0.858685 0.740479
20045_mask.png 0.702531 0.87891 0.79072 0.935553 0.87891 1.0 0.905838
20359_mask.png 0.818071 0.430001 0.624036 0.601399 0.468099 0.840846 0.840027
20048_mask.png 0.503058 0.675471 0.589264 0.806306 0.713542 0.926793 0.755722
20252_mask.png 0.950522 0.583974 0.767248 0.737353 0.618066 0.913697 0.953735
20785_mask.png 0.744222 0.463093 0.603657 0.633033 0.469462 0.971539 0.790451
20734_mask.png 0.38085 0.968518 0.674684 0.984007 0.999647 0.96885 0.969116
20725_mask.png 0.895617 0.813976 0.854796 0.897449 0.983158 0.825486 0.928345
20713_mask.png 0.72646 0.593271 0.659865 0.744721 0.910025 0.630239 0.804474
20422_mask.png 0.894514 0.731158 0.812836 0.844704 0.840863 0.84858 0.91803
20196_mask.png 0.899129 0.699624 0.799377 0.823269 0.717376 0.965838 0.91832
20443_mask.png 0.216668 0.848009 0.532339 0.917754 0.97945 0.863371 0.854141
20449_mask.png 0.679524 0.904583 0.792054 0.949901 0.90548 0.998906 0.920639
20283_mask.png 0.950662 0.534601 0.742631 0.696729 0.637353 0.768306 0.953308
20349_mask.png 0.662687 0.697685 0.680186 0.821925 0.98798 0.703657 0.810333
20445_mask.png 0.825202 0.968039 0.89662 0.98376 0.98441 0.983111 0.972229
20537_mask.png 0.801098 0.600088 0.700593 0.750068 0.665342 0.859523 0.846817
20512_mask.png 0.902871 0.802149 0.85251 0.890214 0.845094 0.940424 0.930313
20372_mask.png 0.867666 0.707725 0.787696 0.828851 0.835075 0.82272 0.89978
20662_mask.png 0.643144 0.410891 0.527018 0.582456 0.971656 0.415876 0.714264
20722_mask.png 0.677349 0.230576 0.453962 0.374745 0.245329 0.793137 0.705795
20491_mask.png 0.982468 0.648452 0.81546 0.786741 0.898075 0.699966 0.983017
20165_mask.png 0.100129 0.957148 0.528639 0.978105 0.981048 0.975179 0.957352
20029_mask.png 0.841523 0.927665 0.884594 0.962475 0.934812 0.991826 0.947739
20134_mask.png 0.810053 0.527422 0.668738 0.690605 0.87264 0.571407 0.843277
20541_mask.png 0.684591 0.333321 0.508956 0.499986 0.351775 0.864015 0.727554
20319_mask.png 1.0 nan 1.0 nan nan nan 1.0
20773_mask.png 0.965542 0.333133 0.649338 0.499775 0.363965 0.797268 0.966125
20467_mask.png 0.668203 0.998899 0.833551 0.999449 0.998914 0.999985 0.998901
20330_mask.png 0.630854 0.965348 0.798101 0.982368 0.999314 0.965988 0.967285
20120_mask.png 0.986042 0.586445 0.786244 0.73932 0.659067 0.841827 0.986313
20107_mask.png 0.737766 0.705961 0.721864 0.82764 0.747101 0.927642 0.839081
20377_mask.png 0.755548 0.857353 0.806451 0.923199 0.875171 0.976804 0.901001
20230_mask.png 0.906319 0.461633 0.683976 0.631668 0.893637 0.488472 0.913284
20708_mask.png 0.962378 0.763935 0.863156 0.866171 0.823264 0.913798 0.966461
20539_mask.png 0.456765 0.671056 0.563911 0.803152 0.903464 0.722889 0.742325
20345_mask.png 0.712959 0.862778 0.787868 0.926335 0.865345 0.996573 0.897659
20103_mask.png 0.856267 0.735894 0.79608 0.847856 0.788663 0.916654 0.897369
20566_mask.png 0.0 0.0 0.0 nan 0.0 nan 0.0
20220_mask.png 0.366013 0.997035 0.681524 0.998515 1.0 0.997035 0.99704
20462_mask.png 0.907225 0.727522 0.817373 0.842272 0.943715 0.760521 0.925644
20501_mask.png 0.922305 0.653131 0.787718 0.790175 0.653131 1.0 0.93222
20797_mask.png 0.689906 0.21574 0.452823 0.354911 0.220279 0.912812 0.714279
20477_mask.png 0.986321 0.830952 0.908636 0.907672 0.891408 0.924541 0.987183
20431_mask.png 0.978025 0.415258 0.696642 0.58683 0.48931 0.732897 0.978363
20332_mask.png 0.992991 0.419314 0.706153 0.590868 0.419314 1.0 0.993027
20224_mask.png 0.934489 0.556661 0.745575 0.715199 0.617377 0.849855 0.939468
20442_mask.png 0.784222 0.66616 0.725191 0.799635 0.684349 0.961632 0.849167
20812_mask.png 0.818126 0.804184 0.811155 0.891466 0.878925 0.90437 0.895889
20433_mask.png 0.940154 0.534382 0.737268 0.696544 0.742333 0.656075 0.944
20256_mask.png 0.947447 0.861055 0.904251 0.925341 0.86378 0.996349 0.960358
20438_mask.png 0.887265 0.526228 0.706747 0.68958 0.566931 0.879947 0.899811
20836_mask.png 0.919791 0.347781 0.633786 0.516079 0.390471 0.760826 0.92308
20543_mask.png 0.595705 0.778187 0.686946 0.875259 0.810805 0.950846 0.832825
20605_mask.png 0.048111 0.912364 0.480237 0.954174 0.999966 0.912392 0.91275
20026_mask.png 0.912725 0.444687 0.678706 0.615617 0.659834 0.576954 0.918427
20767_mask.png 0.588938 0.983873 0.786406 0.991871 0.999952 0.98392 0.984238
20557_mask.png 0.859079 0.701956 0.780518 0.824881 0.745163 0.923699 0.894196
20338_mask.png 0.975086 0.493808 0.734447 0.661139 0.512525 0.931138 0.975677
20827_mask.png 0.912533 0.548811 0.730672 0.708687 0.60936 0.846702 0.920944
20673_mask.png 0.998975 0.720833 0.859904 0.837772 0.915344 0.772321 0.998978
20039_mask.png 0.939152 0.646125 0.792638 0.785025 0.857498 0.723848 0.945236
20833_mask.png 0.869589 0.647831 0.75871 0.786283 0.65069 0.993263 0.894821
20020_mask.png 0.883755 0.504835 0.694295 0.67095 0.692323 0.650858 0.896072
20222_mask.png 0.628053 0.917691 0.772872 0.957079 0.943585 0.970965 0.927734
20387_mask.png 0.876709 0.534215 0.705462 0.696402 0.656081 0.742003 0.891983
20328_mask.png 0.778104 0.860911 0.819507 0.925258 0.975437 0.879989 0.906509
20291_mask.png 0.896963 0.400342 0.648653 0.571777 0.53298 0.616667 0.903595
20781_mask.png 0.84471 0.760908 0.802809 0.864223 0.966212 0.781709 0.896072
20237_mask.png 0.983724 0.443446 0.713585 0.614427 0.450833 0.964368 0.983932
20035_mask.png 0.811597 0.930147 0.870872 0.963809 0.944946 0.983441 0.946304
20106_mask.png 0.815607 0.900817 0.858212 0.947821 0.906408 0.993199 0.931061
20603_mask.png 0.943848 0.704237 0.824042 0.826454 0.918806 0.750972 0.95047
20014_mask.png 0.977462 0.888055 0.932759 0.940709 0.957242 0.924737 0.980881
20596_mask.png 0.930417 0.181222 0.555819 0.306837 0.188008 0.833893 0.931473
20589_mask.png 1.0 nan 1.0 nan nan nan 1.0
20612_mask.png 0.993698 0.0 0.496849 nan 0.0 nan 0.993698
20388_mask.png 0.8476 0.456576 0.652088 0.626917 0.71812 0.55627 0.864899
20272_mask.png 0.394962 0.617547 0.506254 0.76356 0.629784 0.969496 0.693954
20706_mask.png 0.984021 0.61631 0.800165 0.762613 0.658106 0.906578 0.984421
20582_mask.png 0.900099 0.733347 0.816723 0.846163 0.997035 0.73495 0.921631
20296_mask.png 0.0 0.999939 0.499969 0.999969 1.0 0.999939 0.999939
20019_mask.png 0.788385 0.798499 0.793442 0.887961 0.809308 0.983548 0.884903
20523_mask.png 0.870108 0.275456 0.572782 0.431933 0.283274 0.90893 0.876221
20095_mask.png 0.534806 0.428044 0.481425 0.599483 0.987398 0.430395 0.654938
20517_mask.png 0.813102 0.307725 0.560414 0.470627 0.332364 0.805867 0.827438
20136_mask.png 0.95809 0.431318 0.694704 0.602687 0.503994 0.749443 0.959381
20709_mask.png 0.802315 0.673397 0.737856 0.804826 0.675915 0.994497 0.859558
20162_mask.png 0.950767 0.713574 0.832171 0.832849 0.921612 0.759682 0.956146
20556_mask.png 0.999939 0.0 0.499969 nan nan 0.0 0.999939
20458_mask.png 0.973851 0.891361 0.932606 0.942561 0.951508 0.93378 0.97847
20154_mask.png 0.924117 0.782614 0.853365 0.878052 0.782614 1.0 0.940399
20474_mask.png 0.836829 0.5087 0.672765 0.674356 0.558919 0.849888 0.860413
20744_mask.png 0.024012 0.047879 0.035945 0.091383 0.047879 1.0 0.069672
20016_mask.png 0.900104 0.923404 0.911754 0.960177 1.0 0.923404 0.954681
20396_mask.png 0.845519 0.450498 0.648009 0.621164 0.465441 0.933477 0.862885
20799_mask.png 0.0 0.760315 0.380157 0.86384 0.760315 1.0 0.760315
20707_mask.png 0.693855 0.937118 0.815486 0.967538 0.966868 0.968209 0.944962
20187_mask.png 0.858065 0.815358 0.836711 0.898289 0.858318 0.942164 0.91275
20524_mask.png 0.95572 0.757097 0.856408 0.861759 0.779827 0.962927 0.96109
20770_mask.png 0.420364 0.949576 0.68497 0.974136 0.964449 0.984019 0.951355
20091_mask.png 0.988675 0.748511 0.868593 0.85617 0.808551 0.909749 0.989044
20303_mask.png 0.888783 0.804126 0.846454 0.89143 0.805576 0.997766 0.923645
20746_mask.png 0.964381 0.458542 0.711462 0.628768 0.735249 0.549227 0.965424
20394_mask.png 0.954148 0.445995 0.700071 0.616869 0.938078 0.459523 0.95578
20494_mask.png 0.055197 0.88986 0.472528 0.94172 0.912462 0.972917 0.890564
20265_mask.png 0.892864 0.669322 0.781093 0.801909 0.670282 0.997864 0.911957
20397_mask.png 0.0 0.911133 0.455566 0.9535 0.911133 1.0 0.911133
20261_mask.png 0.986961 0.920836 0.953899 0.958787 0.943073 0.975034 0.988678
20310_mask.png 0.890267 0.69071 0.790488 0.817065 0.815206 0.818932 0.911865
20186_mask.png 0.963318 0.517522 0.74042 0.682062 0.658614 0.707241 0.964706
20624_mask.png 0.665584 0.690327 0.677955 0.816797 0.706497 0.967909 0.808411
20546_mask.png 0.0 0.972946 0.486473 0.986288 0.972946 1.0 0.972946
20434_mask.png 0.993636 0.286449 0.640043 0.445333 0.897849 0.296099 0.993652
20552_mask.png 0.981806 0.198515 0.59016 0.331268 0.199728 0.970297 0.981888
20214_mask.png 0.651945 0.967872 0.809909 0.983674 0.972213 0.995408 0.969696
20050_mask.png 0.234345 0.912256 0.573301 0.954115 0.927915 0.981838 0.914551
20826_mask.png 0.949884 0.715983 0.832934 0.834487 0.913622 0.767969 0.955505
20240_mask.png 0.706238 0.721167 0.713703 0.837998 0.76922 0.920282 0.833069
20259_mask.png 0.685527 0.940611 0.813069 0.969397 0.989826 0.949794 0.947418
20355_mask.png 0.0 0.9617 0.48085 0.980476 0.9617 1.0 0.9617
20816_mask.png 0.900948 0.660154 0.780551 0.795292 0.787592 0.803144 0.916931
20390_mask.png 0.933815 0.762019 0.847917 0.864938 0.913511 0.82127 0.945389
20699_mask.png 0.842032 0.95492 0.898476 0.97694 0.970532 0.983433 0.963654
20740_mask.png 0.684389 0.951221 0.817805 0.975001 0.985284 0.964929 0.955887
20507_mask.png 0.960665 0.636089 0.798377 0.777573 0.66857 0.929044 0.963196
20415_mask.png 0.979683 0.499617 0.73965 0.666326 0.502895 0.987121 0.980087
20763_mask.png 0.925454 0.807268 0.866361 0.893357 0.871222 0.916647 0.943192
20525_mask.png 0.797665 0.845602 0.821634 0.916343 0.854009 0.988494 0.904022
20622_mask.png 1.0 nan 1.0 nan nan nan 1.0
20650_mask.png 0.801414 0.486021 0.643717 0.654124 0.843112 0.534348 0.832809
20054_mask.png 0.994198 0.826779 0.910488 0.905177 0.859367 0.956145 0.994354
20227_mask.png 0.69363 0.952082 0.822856 0.975453 0.995702 0.956011 0.956772
20112_mask.png 0.960347 0.850943 0.905645 0.919469 0.999422 0.851362 0.967667
20656_mask.png 0.8992 0.933594 0.916397 0.965657 0.935891 0.997378 0.958298
20270_mask.png 0.938803 0.498075 0.718439 0.664953 0.638856 0.693274 0.942307
20004_mask.png 0.994634 0.469697 0.732166 0.639175 0.469697 1.0 0.994659
20831_mask.png 0.909522 0.539631 0.724576 0.700987 0.689943 0.712391 0.918198
20046_mask.png 0.86352 0.61722 0.74037 0.76331 0.711466 0.823304 0.888138
20167_mask.png 0.759176 0.88144 0.820308 0.936985 0.996115 0.884481 0.913696
20780_mask.png 0.740472 0.276739 0.508606 0.433509 0.281851 0.938491 0.763916
20302_mask.png 0.94687 0.513573 0.730222 0.678624 0.693841 0.66406 0.949692
20554_mask.png 0.822894 0.729969 0.776431 0.84391 0.754686 0.957059 0.880234
20040_mask.png 0.933816 0.550678 0.742247 0.710241 0.577587 0.921995 0.938782
20752_mask.png 0.97366 0.448433 0.711047 0.619198 0.847102 0.487926 0.974213
20052_mask.png 0.972477 0.468458 0.720468 0.638027 0.470731 0.989796 0.973129
20207_mask.png 0.576566 0.764375 0.670471 0.866454 0.838978 0.895791 0.821609
20098_mask.png 0.608571 0.231055 0.419813 0.375378 0.252056 0.734974 0.649765
20070_mask.png 0.983743 0.892267 0.938005 0.943067 0.899699 0.990827 0.985672
20113_mask.png 0.802051 0.62766 0.714856 0.771242 0.685895 0.880849 0.851578
20637_mask.png 0.983246 0.330258 0.656752 0.496533 0.420846 0.605411 0.983383
20032_mask.png 0.929988 0.54523 0.737609 0.705694 0.561767 0.948775 0.93541
20657_mask.png 1.0 nan 1.0 nan nan nan 1.0
20374_mask.png 0.972455 0.829404 0.90093 0.906748 0.857333 0.962208 0.975708
20569_mask.png 0.98264 0.669772 0.826206 0.802231 0.843679 0.764666 0.983231
20629_mask.png 0.903159 0.775163 0.839161 0.873343 0.7784 0.994664 0.927399
20209_mask.png 1.0 nan 1.0 nan nan nan 1.0
20575_mask.png 0.952661 0.27005 0.611356 0.425259 0.349659 0.542569 0.953476
20243_mask.png 0.82621 0.941166 0.883688 0.969691 0.943081 0.997847 0.954025
20551_mask.png 0.809065 0.742971 0.776018 0.852534 0.817531 0.890668 0.876968
20383_mask.png 0.912754 0.548393 0.730574 0.708338 0.609278 0.845864 0.921112
20273_mask.png 0.888898 0.939825 0.914362 0.968979 0.983861 0.954541 0.959381
20042_mask.png 0.9068 0.430482 0.668641 0.60187 0.467281 0.845355 0.912933
20198_mask.png 0.983755 0.936805 0.96028 0.967371 0.963415 0.971361 0.986908
20549_mask.png 0.875558 0.563908 0.719733 0.721153 0.771465 0.677001 0.892807
20177_mask.png 0.951125 0.323243 0.637184 0.488562 0.334527 0.905512 0.95224
20617_mask.png 0.864154 0.636171 0.750162 0.777634 0.80413 0.752828 0.890228
20616_mask.png 0.992421 0.55914 0.77578 0.717241 0.995215 0.560647 0.992493
20418_mask.png 0.911715 0.70719 0.809452 0.828484 0.946737 0.736492 0.927231
20737_mask.png 0.951894 0.602973 0.777434 0.752318 0.641276 0.909869 0.95517
20614_mask.png 0.980348 0.571526 0.775937 0.727352 0.672289 0.792239 0.98085
20544_mask.png 0.963243 0.591899 0.777571 0.743639 0.605071 0.964525 0.965103
20769_mask.png 0.993124 0.600716 0.79692 0.750559 0.973875 0.610555 0.993195
20172_mask.png 0.978591 0.529856 0.754223 0.692687 0.938602 0.54888 0.979095
20370_mask.png 1.0 nan 1.0 nan nan nan 1.0
20604_mask.png 0.581926 0.208148 0.395037 0.344573 0.208148 1.0 0.623322
20697_mask.png 0.470087 0.698292 0.584189 0.822346 0.759653 0.896318 0.761993
20828_mask.png 1.0 nan 1.0 nan nan nan 1.0
20111_mask.png 0.858682 0.544283 0.701483 0.704901 0.962278 0.55615 0.879089
20257_mask.png 0.975751 0.335309 0.65553 0.502219 0.374291 0.763006 0.976044
20335_mask.png 0.993332 0.405738 0.699535 0.577259 0.486885 0.708831 0.993362
20588_mask.png 0.831596 0.55105 0.691323 0.710551 0.575161 0.929305 0.860443
20286_mask.png 1.0 nan 1.0 nan nan nan 1.0
20071_mask.png 0.805065 0.73971 0.772387 0.850383 0.823482 0.879101 0.874557
20798_mask.png 0.914537 0.638988 0.776762 0.779735 0.639747 0.998145 0.925766
20147_mask.png 0.887723 0.466226 0.676975 0.635954 0.612751 0.660982 0.897751
20267_mask.png 0.888477 0.313222 0.60085 0.477028 0.318027 0.953985 0.893875
20509_mask.png 1.0 nan 1.0 nan nan nan 1.0
20189_mask.png 0.966692 0.391861 0.679277 0.563075 0.42592 0.830519 0.967392
20618_mask.png 0.846845 0.987783 0.917314 0.993854 0.989701 0.998041 0.988556
20487_mask.png 0.886724 0.482307 0.684515 0.650752 0.533652 0.833689 0.897537
20450_mask.png 0.925356 0.329211 0.627283 0.495348 0.340288 0.91002 0.927994
20519_mask.png 0.950204 0.506045 0.728125 0.672019 0.950687 0.519686 0.952621
20672_mask.png 0.844361 0.526728 0.685545 0.690009 0.633288 0.757891 0.86734
20360_mask.png 0.982367 0.272958 0.627662 0.428856 0.280599 0.909283 0.982483
20511_mask.png 0.866676 0.600264 0.73347 0.750206 0.626691 0.934359 0.888916
20671_mask.png 0.8561 0.880694 0.868397 0.936563 0.982908 0.894391 0.930222
20832_mask.png 0.928031 0.433891 0.680961 0.605193 0.712562 0.525944 0.931793
20005_mask.png 0.750769 0.9203 0.835534 0.958496 0.925871 0.993504 0.93573
20693_mask.png 0.893423 0.408384 0.650903 0.579933 0.431205 0.885275 0.900726
20437_mask.png 0.999359 0.045455 0.522407 0.086957 0.133333 0.064516 0.999359
20635_mask.png 0.636306 0.763807 0.700056 0.866089 0.763807 1.0 0.83287
20193_mask.png 0.977451 0.748136 0.862794 0.855924 0.85995 0.851936 0.978867
20277_mask.png 0.961636 0.587472 0.774554 0.740135 0.796948 0.690883 0.963623
20202_mask.png 0.954846 0.402165 0.678505 0.573634 0.475277 0.723325 0.956177
20282_mask.png 0.902878 0.564997 0.733937 0.722042 0.98168 0.571017 0.913757
20384_mask.png 0.998256 0.61745 0.807853 0.763485 0.968421 0.630137 0.99826
20118_mask.png 0.901387 0.757617 0.829502 0.862096 0.999223 0.758064 0.924622
20819_mask.png 0.758694 0.188665 0.473679 0.31744 0.188665 1.0 0.771515
20720_mask.png 0.814865 0.971897 0.893381 0.985748 0.994718 0.976939 0.974991
20643_mask.png 0.952052 0.316737 0.634394 0.481094 0.433262 0.540797 0.953094
20232_mask.png 0.477657 0.280068 0.378862 0.437583 0.282671 0.96816 0.565872
20621_mask.png 0.955425 0.269446 0.612436 0.424509 0.289855 0.79282 0.956146
20331_mask.png 0.993051 0.586239 0.789645 0.739156 0.701427 0.781174 0.993118
20155_mask.png 0.668678 0.675646 0.672162 0.806431 0.686955 0.976216 0.80397
20002_mask.png 0.985416 0.328379 0.656898 0.494406 0.342942 0.885496 0.985519
20677_mask.png 0.820506 0.600853 0.71068 0.750666 0.647034 0.893826 0.858688
20085_mask.png 0.733691 0.896802 0.815246 0.945594 0.96683 0.92527 0.919647
20403_mask.png 0.932348 0.867093 0.899721 0.928816 0.948797 0.90966 0.953064
20137_mask.png 0.864196 0.748323 0.80626 0.856047 0.774741 0.956418 0.903259
20097_mask.png 0.953492 0.756022 0.854757 0.861062 0.874748 0.847797 0.959351
20597_mask.png 0.902551 0.38171 0.642131 0.552518 0.384432 0.981785 0.908081
20440_mask.png 0.978811 0.415884 0.697347 0.587455 0.660787 0.528773 0.979126
20562_mask.png 0.878118 0.607937 0.743028 0.75617 1.0 0.607937 0.897491
20573_mask.png 0.667997 0.48129 0.574644 0.649825 0.505072 0.910883 0.746185
20489_mask.png 0.784688 0.891907 0.838298 0.942865 0.89501 0.996128 0.922455
20811_mask.png 0.729714 0.727639 0.728676 0.84235 0.747877 0.964143 0.843048
20716_mask.png 0.374366 0.679463 0.526914 0.809143 0.688922 0.980193 0.731049
20704_mask.png 0.912433 0.481637 0.697035 0.650142 0.660019 0.640556 0.919022
20818_mask.png 0.804272 0.365603 0.584937 0.535445 0.375778 0.931044 0.824112
20096_mask.png 0.972262 0.600869 0.786565 0.750679 0.899042 0.644346 0.973373
20782_mask.png 0.967338 0.48766 0.727499 0.655607 0.526232 0.869336 0.968323
20129_mask.png 0.682188 0.487584 0.584886 0.655538 0.5072 0.92651 0.755981
20164_mask.png 0.863486 0.587555 0.72552 0.740201 0.80057 0.688298 0.885712
20703_mask.png 0.58831 0.963356 0.775833 0.981336 0.9998 0.963542 0.965179
20132_mask.png 0.749556 0.759351 0.754454 0.863217 0.784047 0.960171 0.860107
20211_mask.png 0.898812 0.459079 0.678945 0.629272 0.543576 0.747045 0.906815
20561_mask.png 0.917875 0.696096 0.806985 0.820821 0.765022 0.8854 0.930878
20721_mask.png 0.956719 0.512489 0.734604 0.677676 0.630694 0.732221 0.958603
20379_mask.png 0.896148 0.719748 0.807948 0.837039 0.856761 0.818203 0.918015
20766_mask.png 0.915777 0.775444 0.84561 0.873521 0.807106 0.951847 0.934753
20090_mask.png 0.561587 0.721658 0.641622 0.838329 0.721867 0.999599 0.794815
20311_mask.png 0.888369 0.621148 0.754759 0.766306 0.849234 0.698134 0.90564
20011_mask.png 0.0 0.986511 0.493256 0.99321 0.986511 1.0 0.986511
20514_mask.png 0.92621 0.469929 0.698069 0.63939 0.610344 0.671338 0.93074
20185_mask.png 0.910319 0.843415 0.876867 0.915057 0.846929 0.995105 0.939529
20667_mask.png 0.959674 0.477128 0.718401 0.646021 0.655027 0.63726 0.961105
20630_mask.png 0.976854 0.538438 0.757646 0.69998 0.724863 0.676748 0.977463
20506_mask.png 0.978482 0.708949 0.843715 0.82969 0.770902 0.898184 0.979553
20253_mask.png 0.322413 0.667768 0.495091 0.800793 0.80092 0.800665 0.71312
20447_mask.png 0.951813 0.556383 0.754098 0.714969 0.588838 0.909866 0.954559
20037_mask.png 0.961394 0.334227 0.647811 0.501005 0.334227 1.0 0.962128
20235_mask.png 0.0 0.992722 0.496361 0.996347 0.999923 0.992797 0.992722
20696_mask.png 0.816148 0.333233 0.57469 0.499887 0.356128 0.838273 0.831619
20495_mask.png 0.719258 0.2935 0.506379 0.453807 0.302528 0.907705 0.748581
20480_mask.png 0.778745 0.990377 0.884561 0.995165 0.996935 0.993401 0.990692
20069_mask.png 0.905961 0.945643 0.925802 0.972062 0.965142 0.979082 0.964325
20526_mask.png 0.91103 0.224874 0.567952 0.367179 0.246266 0.721347 0.913269
20464_mask.png 0.853652 0.578105 0.715879 0.732657 0.846047 0.646069 0.878098
20642_mask.png 0.956694 0.966671 0.961682 0.983053 0.984804 0.981308 0.980804
20271_mask.png 0.505416 0.677675 0.591545 0.807874 0.677675 1.0 0.757538
20292_mask.png 0.860315 0.701986 0.781151 0.824902 0.723168 0.959946 0.894897
20229_mask.png 0.989074 0.734834 0.861954 0.847152 0.870312 0.825193 0.989395
20839_mask.png 0.9812 0.150761 0.56598 0.262019 0.150761 1.0 0.981262
20783_mask.png 0.899248 0.828034 0.863641 0.905929 0.928602 0.884336 0.932159
20094_mask.png 0.983852 0.68101 0.832431 0.810239 0.786744 0.835182 0.98439
20747_mask.png 0.914797 0.781269 0.848033 0.877205 0.790723 0.984928 0.934677
20508_mask.png 0.928796 0.880865 0.904831 0.93666 1.0 0.880865 0.953354
20003_mask.png 0.933837 0.71102 0.822429 0.831106 0.843601 0.818977 0.9431
20417_mask.png 0.492821 0.559833 0.526327 0.717811 0.560443 0.998058 0.691696
20260_mask.png 0.91961 0.535862 0.727736 0.6978 0.788832 0.625604 0.926437
20297_mask.png 0.241131 0.977316 0.609223 0.988528 0.997115 0.980087 0.977478
20326_mask.png 0.650349 0.873435 0.761892 0.932442 0.882653 0.988185 0.897552
20516_mask.png 0.912556 0.835194 0.873875 0.910197 0.998165 0.836479 0.939407
20315_mask.png 0.888496 0.947372 0.917934 0.972975 0.947372 1.0 0.962921
20055_mask.png 0.919078 0.189252 0.554165 0.318271 0.189252 1.0 0.920578
20269_mask.png 0.63423 0.580705 0.607467 0.734742 0.95576 0.596745 0.757217
20348_mask.png 0.771199 0.961798 0.866498 0.980527 0.979392 0.981665 0.966156
20802_mask.png 0.992139 0.037383 0.514761 0.072072 0.037383 1.0 0.992142
20745_mask.png 0.882354 0.617143 0.749749 0.763251 0.683212 0.864532 0.901108
20082_mask.png 0.957353 0.263116 0.610234 0.416614 0.314862 0.615529 0.957993
20280_mask.png 0.620224 0.673211 0.646718 0.804694 0.683903 0.977306 0.786926
20757_mask.png 0.223691 0.86116 0.542426 0.925401 0.862364 0.998381 0.866501
20099_mask.png 0.767049 0.782264 0.774656 0.877832 0.824242 0.938874 0.873184
20792_mask.png 0.932796 0.935627 0.934212 0.966743 0.940847 0.994106 0.966003
20249_mask.png 0.985288 0.777589 0.881439 0.874881 0.81474 0.944608 0.986008
20639_mask.png 0.687534 0.534606 0.61107 0.696734 0.973621 0.542463 0.770065
20626_mask.png 1.0 nan 1.0 nan nan nan 1.0
20733_mask.png 0.802742 0.797271 0.800007 0.887202 0.978168 0.811715 0.888916
20334_mask.png 0.81302 0.718282 0.765651 0.836047 0.72782 0.982082 0.873383
20263_mask.png 0.825116 0.866418 0.845767 0.928429 0.88877 0.971792 0.91806
20749_mask.png 0.986259 0.462885 0.724572 0.632838 0.468254 0.975827 0.98642
20203_mask.png 0.936182 0.853777 0.894979 0.921121 0.890663 0.953736 0.953506
20676_mask.png 0.551432 0.351244 0.451338 0.519882 0.35724 0.95439 0.639084
20075_mask.png 0.937364 0.623583 0.780474 0.768157 0.92355 0.657524 0.943253
20659_mask.png 0.751205 0.825777 0.788491 0.904576 0.934294 0.87669 0.885834
20092_mask.png 0.751159 0.563415 0.657287 0.720749 0.731976 0.709861 0.811646
20455_mask.png 0.0 0.842224 0.421112 0.914356 0.842224 1.0 0.842224
20619_mask.png 0.813568 0.715653 0.764611 0.834263 0.854565 0.814904 0.873108
20821_mask.png 0.811074 0.857389 0.834232 0.92322 0.876295 0.975454 0.911545
20599_mask.png 0.609296 0.761353 0.685325 0.86451 0.774554 0.978105 0.82608
20059_mask.png 0.076008 0.785369 0.430689 0.879784 0.999941 0.785406 0.789093
20670_mask.png 0.954416 0.546227 0.750321 0.706528 0.559219 0.959201 0.956787
20460_mask.png 0.855168 0.929601 0.892385 0.963516 0.999141 0.930344 0.950272
20179_mask.png 0.959673 0.580877 0.770275 0.73488 0.815085 0.669045 0.961807
20748_mask.png 0.981967 0.293373 0.63767 0.453656 0.29551 0.975952 0.982101
20156_mask.png nan 1.0 1.0 1.0 1.0 1.0 1.0
20255_mask.png 0.865508 0.969476 0.917492 0.984501 0.975567 0.993601 0.974487
20371_mask.png 1.0 nan 1.0 nan nan nan 1.0
20592_mask.png 0.0 0.928955 0.464478 0.963169 0.928955 1.0 0.928955
20166_mask.png 0.953435 0.827015 0.890225 0.905318 0.888004 0.923321 0.961914
20084_mask.png 0.914883 0.701061 0.807972 0.824263 0.867611 0.785041 0.929047
20580_mask.png 0.957548 0.557325 0.757436 0.715746 0.703853 0.728049 0.959702
20496_mask.png 0.897154 0.22471 0.560932 0.36696 0.229522 0.914658 0.900131
20067_mask.png 0.952805 0.44322 0.698012 0.61421 0.443551 0.998317 0.954514
20321_mask.png 0.812303 0.578764 0.695533 0.733186 0.578764 1.0 0.850784
20423_mask.png 0.427521 0.788177 0.607849 0.881543 0.990649 0.794085 0.817108
20301_mask.png 0.766085 0.827495 0.79679 0.905606 0.871883 0.942042 0.889771
20317_mask.png 0.975188 0.523049 0.749119 0.686845 0.759737 0.626715 0.975845
20072_mask.png 0.90963 0.639248 0.774439 0.779928 0.909694 0.682562 0.922104
20515_mask.png 0.813594 0.784139 0.798867 0.879011 0.888486 0.869737 0.888855
20765_mask.png 0.872727 0.530578 0.701652 0.693304 0.530578 1.0 0.888733
20461_mask.png 0.0 0.992798 0.496399 0.996386 0.992798 1.0 0.992798
20453_mask.png 0.814423 0.7909 0.802662 0.883243 0.811584 0.968781 0.890961
20242_mask.png 0.900657 0.759003 0.82983 0.862992 0.799775 0.937061 0.924332
20060_mask.png 0.303005 0.774205 0.538605 0.872734 0.968292 0.794344 0.794388
20399_mask.png 0.776514 0.701365 0.738939 0.824473 0.707369 0.988043 0.853439
20285_mask.png 0.994825 0.64557 0.820197 0.784615 0.824798 0.748166 0.994873
20194_mask.png 0.861021 0.487935 0.674478 0.655856 0.513914 0.906124 0.877274
20711_mask.png 0.896438 0.256439 0.576439 0.4082 0.276014 0.783362 0.900009
20470_mask.png 0.934503 0.504556 0.719529 0.670704 0.728663 0.621286 0.938599
20578_mask.png 0.844327 0.647962 0.746145 0.78638 0.904954 0.695279 0.878998
20700_mask.png 0.933815 0.758212 0.846014 0.862481 0.762885 0.991986 0.94519
20715_mask.png 0.530694 0.399134 0.464914 0.570544 0.399134 1.0 0.642227
20278_mask.png 0.701382 0.285393 0.493387 0.444056 0.302924 0.831409 0.7332
20325_mask.png 0.983787 0.560945 0.772366 0.718725 0.965868 0.572289 0.984116
20145_mask.png 1.0 nan 1.0 nan nan nan 1.0
20089_mask.png 0.929504 0.647176 0.78834 0.7858 0.666844 0.956411 0.937576
20647_mask.png 0.909448 0.881273 0.89536 0.93689 0.929731 0.94416 0.945847
20675_mask.png 0.792483 0.551166 0.671824 0.710647 0.610085 0.850905 0.834625
20023_mask.png 0.0 0.850189 0.425095 0.919029 0.850189 1.0 0.850189
20439_mask.png 0.969283 0.878585 0.923934 0.935369 0.994742 0.882684 0.974869
20126_mask.png 0.747188 0.887014 0.817101 0.940124 0.984213 0.899816 0.915298
20791_mask.png 0.946716 0.639874 0.793295 0.780394 0.877535 0.702616 0.951324
20119_mask.png 0.792988 0.685614 0.739301 0.813489 0.703212 0.964786 0.857376
20815_mask.png 1.0 nan 1.0 nan nan nan 1.0
20803_mask.png 0.812553 0.428268 0.620411 0.599703 0.501056 0.746715 0.835632
20223_mask.png 0.964176 0.558482 0.761329 0.7167 0.729959 0.703915 0.965729
20731_mask.png 1.0 nan 1.0 nan nan nan 1.0
20595_mask.png 0.717789 0.923411 0.8206 0.96018 0.996949 0.926027 0.935898
20007_mask.png 0.975127 0.683381 0.829254 0.811915 0.760419 0.870892 0.976395
20143_mask.png 0.922364 0.600123 0.761243 0.750096 0.639637 0.906668 0.930466
20653_mask.png 1.0 nan 1.0 nan nan nan 1.0
20307_mask.png 0.676728 0.782324 0.729526 0.877869 0.903682 0.853491 0.850464
20718_mask.png 0.804131 0.591967 0.698049 0.743692 0.598095 0.982987 0.847473
20628_mask.png 0.794424 0.958476 0.87645 0.978798 0.965675 0.992282 0.964218
20316_mask.png 0.468643 0.350232 0.409437 0.518773 0.357159 0.947529 0.586945
20184_mask.png 0.766327 0.770247 0.768287 0.870214 0.770598 0.99941 0.868973
20808_mask.png 0.955095 0.823542 0.889319 0.903234 0.872589 0.936109 0.962875
20139_mask.png 0.844477 0.65737 0.750924 0.793269 0.700903 0.913674 0.880219
20613_mask.png 0.943424 0.692911 0.818168 0.818603 0.883951 0.762252 0.949829
20251_mask.png 0.868003 0.550911 0.709457 0.710435 0.85451 0.607935 0.886398
20838_mask.png 0.95569 0.340381 0.648035 0.507887 0.807607 0.370417 0.95668
20576_mask.png 0.768222 0.650991 0.709606 0.788606 0.712598 0.882765 0.838181
20593_mask.png 0.852794 0.097072 0.474933 0.176965 0.097099 0.99707 0.855087
20694_mask.png 0.002301 0.98677 0.494536 0.993341 0.98677 1.0 0.986771
20585_mask.png 1.0 nan 1.0 nan nan nan 1.0
20584_mask.png 0.907444 0.36526 0.636352 0.535077 0.411064 0.766243 0.912125
20777_mask.png 0.683452 0.953563 0.818507 0.976229 0.957453 0.995757 0.957794
20176_mask.png 0.928107 0.519296 0.723702 0.683601 0.60668 0.782861 0.933289
20712_mask.png 0.932948 0.526017 0.729482 0.689399 0.680918 0.698093 0.937592
20520_mask.png 0.93229 0.569965 0.751128 0.726086 0.827507 0.646812 0.937866
20288_mask.png 0.989656 0.61266 0.801158 0.759813 0.61266 1.0 0.989822
20083_mask.png 0.96205 0.639876 0.800963 0.780396 0.911894 0.682043 0.964447
20830_mask.png 0.92172 0.641011 0.781366 0.781239 0.668803 0.939121 0.93132
20499_mask.png 0.793589 0.353213 0.573401 0.522037 0.357031 0.970614 0.814499
20201_mask.png 0.724494 0.778695 0.751595 0.87558 0.970166 0.797799 0.860107
20104_mask.png 0.778423 0.19602 0.487221 0.327787 0.203096 0.84909 0.78978
20502_mask.png 0.803993 0.585075 0.694534 0.73823 0.771502 0.70771 0.846436
20241_mask.png 0.968358 0.426712 0.697535 0.598175 0.432712 0.968529 0.969086
20837_mask.png 0.79184 0.781956 0.786898 0.877638 0.979783 0.794779 0.880814
20323_mask.png 0.848845 0.934422 0.891633 0.966099 0.987054 0.946016 0.952072
20531_mask.png 0.868563 0.911679 0.890121 0.953799 0.961934 0.945801 0.944229
20500_mask.png 0.995337 0.645199 0.820268 0.784342 0.658303 0.97007 0.995377
20684_mask.png 0.750543 0.550133 0.650338 0.709788 0.606285 0.855906 0.808853
20436_mask.png 0.975486 0.868918 0.922202 0.929862 0.942781 0.917292 0.978912
20043_mask.png 0.875767 0.464749 0.670258 0.634578 0.51253 0.83292 0.887863
20658_mask.png 0.688535 0.984568 0.836551 0.992224 0.989063 0.995406 0.985077
20644_mask.png 0.790176 0.595286 0.692731 0.746306 0.623377 0.929628 0.839661
20424_mask.png 0.989496 0.698655 0.844076 0.822598 0.814002 0.831377 0.989746
20547_mask.png 0.879085 0.704815 0.79195 0.826852 0.758407 0.908877 0.906174
20598_mask.png 0.938373 0.513659 0.726016 0.678699 0.514914 0.995278 0.942139
20742_mask.png 0.88572 0.08575 0.485735 0.157955 0.085866 0.984419 0.886932
20441_mask.png 0.0 0.041718 0.020859 0.080094 0.041718 1.0 0.041718
20262_mask.png 0.97888 0.579425 0.779152 0.733716 0.62223 0.893874 0.979477
20755_mask.png 0.824911 0.603013 0.713962 0.75235 0.848306 0.675896 0.861694
20380_mask.png 0.415668 0.949906 0.682787 0.97431 0.954067 0.995429 0.95163
20322_mask.png 0.872394 0.784985 0.828689 0.879542 0.785399 0.999328 0.912949
20121_mask.png 0.68166 0.616823 0.649241 0.763006 0.650372 0.922824 0.78952
20080_mask.png 0.95084 0.757447 0.854143 0.861985 0.793053 0.944042 0.957382
20738_mask.png 0.873955 0.516859 0.695407 0.681486 0.570226 0.846689 0.888931
20695_mask.png 0.937072 0.512662 0.724867 0.677828 0.767736 0.60677 0.940979
20163_mask.png 0.881901 0.784363 0.833132 0.879152 0.829983 0.934513 0.917389
20504_mask.png 0.364731 0.767396 0.566064 0.868392 0.958147 0.794012 0.7948
20346_mask.png 0.990099 0.308351 0.649225 0.471358 0.31068 0.976271 0.990143
20183_mask.png 0.68616 0.801401 0.74378 0.889753 0.819441 0.973263 0.861526
20685_mask.png 0.973497 0.933305 0.953401 0.965502 0.94555 0.986315 0.980667
20478_mask.png 0.942283 0.546015 0.744149 0.706351 0.561881 0.950827 0.94603
20015_mask.png 0.957412 0.970728 0.96407 0.985147 0.975839 0.994634 0.982346
20681_mask.png 0.986303 0.530287 0.758295 0.693056 0.549257 0.938852 0.986511
20108_mask.png 0.988148 0.386146 0.687147 0.557151 0.403494 0.899814 0.988235
20640_mask.png 0.894462 0.687347 0.790904 0.814707 0.710331 0.955041 0.914337
20416_mask.png 0.31774 0.67749 0.497615 0.807742 0.688854 0.976228 0.719604
20036_mask.png 0.557809 0.993291 0.77555 0.996634 0.997666 0.995604 0.993347
20333_mask.png 0.543597 0.969627 0.756612 0.98458 0.971609 0.997901 0.970688
20406_mask.png 1.0 nan 1.0 nan nan nan 1.0
20341_mask.png 0.561518 0.375141 0.468329 0.545603 0.377526 0.983438 0.652893
20634_mask.png 0.33939 0.895967 0.617678 0.945129 1.0 0.895967 0.901245
20144_mask.png 0.653528 0.891603 0.772565 0.942696 0.950062 0.935443 0.910004
20188_mask.png 0.844891 0.235781 0.540336 0.38159 0.246317 0.846437 0.851974
20674_mask.png 0.916173 0.416085 0.666129 0.587655 0.961729 0.42309 0.920898
20386_mask.png 0.989969 0.342052 0.666011 0.509745 0.342052 1.0 0.990021
20353_mask.png 0.772036 0.310831 0.541433 0.47425 0.317551 0.936255 0.793289
20294_mask.png 0.915891 0.395185 0.655538 0.566498 0.440914 0.792111 0.920273
20047_mask.png 0.98368 0.63496 0.80932 0.776728 0.859791 0.708301 0.984131
20140_mask.png 0.944178 0.619123 0.781651 0.764764 0.87232 0.680819 0.948822
20356_mask.png 0.822728 0.437497 0.630112 0.608692 0.620682 0.597157 0.844208
20577_mask.png 0.104364 0.992792 0.548578 0.996383 0.997346 0.995422 0.992798
20579_mask.png 0.622999 0.903816 0.763407 0.949478 0.903992 0.999785 0.917007
20717_mask.png 0.912296 0.91289 0.912593 0.954462 0.98112 0.929214 0.9543
20574_mask.png 0.709146 0.835457 0.772301 0.910353 0.862167 0.964244 0.882568
20456_mask.png 0.011057 0.829081 0.420069 0.906555 0.829081 1.0 0.829407
20151_mask.png 0.842919 0.90499 0.873955 0.950126 0.997157 0.907331 0.937073
20275_mask.png 0.790109 0.971851 0.88098 0.985725 0.997385 0.974334 0.974548
20398_mask.png 0.968494 0.593409 0.780951 0.744829 0.735137 0.754781 0.969879
20633_mask.png 0.682886 0.620156 0.651521 0.765551 0.630902 0.973269 0.791061
20631_mask.png 0.908435 0.870383 0.889409 0.9307 0.898624 0.96515 0.943298
20540_mask.png 0.989048 0.5575 0.773274 0.715891 0.768303 0.670173 0.989197
20419_mask.png 0.648956 0.919243 0.784099 0.957923 0.986636 0.930833 0.929733
20013_mask.png 0.889706 0.834 0.861853 0.909487 0.870053 0.952666 0.929031
20620_mask.png 0.905601 0.548524 0.727062 0.708447 0.656956 0.768696 0.915314
20225_mask.png 0.955607 0.529302 0.742455 0.692214 0.810825 0.603876 0.957718
20206_mask.png 0.973203 0.678841 0.826022 0.808702 0.705989 0.94639 0.97464
20817_mask.png 0.982235 0.615881 0.799058 0.762285 0.616508 0.99835 0.982727
20021_mask.png 0.626584 0.830111 0.728347 0.90717 0.971699 0.850678 0.867798
20375_mask.png 0.779594 0.308929 0.544262 0.472034 0.308929 1.0 0.799362
20133_mask.png 0.520517 0.772014 0.646266 0.871341 0.778236 0.98975 0.817245
20615_mask.png 0.657537 0.647416 0.652476 0.785977 0.659 0.973565 0.789749
20786_mask.png 0.918941 0.278672 0.598807 0.435878 0.279809 0.985636 0.921402
20528_mask.png 0.913153 0.708401 0.810777 0.829314 0.852917 0.806983 0.928284
20159_mask.png 0.900136 0.673209 0.786673 0.804692 0.887672 0.7359 0.917175
20008_mask.png 0.924493 0.444008 0.68425 0.614966 0.550924 0.695855 0.928787
20216_mask.png 0.970881 0.506393 0.738637 0.672325 0.526447 0.930039 0.971725
20276_mask.png 0.817453 0.980343 0.898898 0.990074 0.999661 0.980669 0.981934
20389_mask.png 0.969263 0.726979 0.848121 0.841909 0.73989 0.976561 0.971588
20679_mask.png 0.589654 0.941761 0.765708 0.970007 0.960017 0.980208 0.946259
20078_mask.png 0.951023 0.554951 0.752987 0.713786 0.59854 0.883993 0.953842
20266_mask.png 0.644043 0.628327 0.636185 0.771746 0.634251 0.985352 0.777771
20829_mask.png 0.894438 0.804715 0.849577 0.891792 0.837521 0.953583 0.926437
20324_mask.png 0.822192 0.771077 0.796634 0.870743 0.801253 0.953431 0.888794
20204_mask.png 0.733718 0.363449 0.548583 0.533132 0.367808 0.968425 0.76886
20548_mask.png 0.980938 0.712044 0.846491 0.831806 0.734745 0.958415 0.981796
20425_mask.png 0.947661 0.914106 0.930884 0.955126 0.951154 0.959131 0.966385
20369_mask.png 0.804566 0.440006 0.622286 0.611117 0.495992 0.79584 0.830582
20534_mask.png 0.741105 0.714852 0.727978 0.833719 0.751661 0.935888 0.843002
20535_mask.png 0.969883 0.69137 0.830627 0.817527 0.746441 0.903578 0.971786
20238_mask.png 0.986549 0.615076 0.800812 0.761668 0.615076 1.0 0.986832
20601_mask.png 0.002314 0.914458 0.458386 0.955318 0.92399 0.988844 0.914474
20793_mask.png 0.391033 0.794494 0.592763 0.885479 0.999348 0.794905 0.818451
20768_mask.png 0.838727 0.916763 0.877745 0.956574 0.931695 0.982819 0.94191
20638_mask.png 0.867792 0.526213 0.697003 0.689567 0.549149 0.926466 0.88472
20636_mask.png 0.700721 0.149813 0.425267 0.260587 0.998783 0.14984 0.715714
20735_mask.png 0.938407 0.325533 0.63197 0.491173 0.459446 0.527607 0.940186
20421_mask.png 0.343483 0.561036 0.45226 0.7188 0.565247 0.986897 0.643021
20428_mask.png 0.912149 0.781316 0.846732 0.877234 0.950635 0.814356 0.933136
20373_mask.png 0.987585 0.596057 0.791821 0.746912 0.596057 1.0 0.987808
20660_mask.png 0.824079 0.312906 0.568493 0.476662 0.319571 0.937512 0.837128
20760_mask.png 0.529664 0.562749 0.546206 0.720204 0.583973 0.939334 0.707016
20152_mask.png 0.949183 0.467691 0.708437 0.637315 0.469022 0.993967 0.951355
20122_mask.png 0.0 0.000107 5.3e-05 0.000214 0.000107 1.0 0.000107
20451_mask.png 0.982315 0.255814 0.619064 0.407407 0.255814 1.0 0.982422
20215_mask.png 0.411701 0.854061 0.632881 0.921287 0.990482 0.861128 0.867584
20412_mask.png 0.926258 0.610537 0.768397 0.758178 0.786724 0.731631 0.933899
20473_mask.png 0.904484 0.830411 0.867447 0.907349 0.889968 0.925422 0.934921
20452_mask.png 0.976288 0.513947 0.745117 0.67895 0.632597 0.732633 0.976868
20581_mask.png 0.873483 0.562845 0.718164 0.720282 0.580131 0.949721 0.891205
20110_mask.png 0.828974 0.471608 0.650291 0.640942 0.477866 0.972982 0.851624
20312_mask.png 0.803982 0.569735 0.686859 0.7259 0.636458 0.84459 0.844376
20666_mask.png 0.854233 0.810661 0.832447 0.895431 0.846379 0.950519 0.910248
20762_mask.png 0.707147 0.784508 0.745828 0.879243 0.802149 0.972731 0.858261
20701_mask.png 0.95416 0.355761 0.65496 0.524813 0.391105 0.797437 0.955292
20794_mask.png 0.72384 0.495161 0.609501 0.662352 0.551028 0.830045 0.7827
20587_mask.png 0.846682 0.748377 0.79753 0.856082 0.820114 0.89535 0.894699
20796_mask.png 0.751441 0.454696 0.603069 0.625142 0.476455 0.908731 0.794113
20800_mask.png 0.81704 0.452227 0.634634 0.622805 0.630591 0.615209 0.841049
20340_mask.png 0.543974 0.751321 0.647647 0.858005 0.991488 0.756198 0.808212
20010_mask.png 0.414733 0.673525 0.544129 0.804917 0.68566 0.974395 0.734863
20182_mask.png 1.0 nan 1.0 nan nan nan 1.0
20835_mask.png 1.0 nan 1.0 nan nan nan 1.0
20522_mask.png 0.732137 0.234858 0.483498 0.380381 0.240566 0.908245 0.752487
20469_mask.png 0.833688 0.75577 0.794729 0.860898 0.759767 0.993087 0.890198
20028_mask.png 0.998687 0.148515 0.573601 0.258621 0.283019 0.238095 0.998688
20117_mask.png 0.815262 0.51387 0.664566 0.678883 0.935763 0.53266 0.845444
20609_mask.png 0.222115 0.950136 0.586126 0.974431 0.954687 0.995008 0.950836
20665_mask.png 0.394698 0.849661 0.622179 0.918721 0.849661 1.0 0.863083
20305_mask.png 0.986529 0.399038 0.692784 0.570447 0.412935 0.922222 0.986649
20533_mask.png 0.999435 0.0 0.499718 nan 0.0 0.0 0.999435
20049_mask.png 0.82432 0.858293 0.841307 0.923744 0.911507 0.936313 0.914886
20378_mask.png 0.977118 0.542176 0.759647 0.703131 0.774642 0.643708 0.977722
20513_mask.png 0.828234 0.979788 0.904011 0.989791 0.988645 0.990939 0.981583
20124_mask.png 0.707315 0.749467 0.728391 0.856795 0.837802 0.876669 0.843948
20061_mask.png 0.889044 0.328008 0.608526 0.493985 0.330584 0.976791 0.894745
20651_mask.png 0.567603 0.816979 0.692291 0.899272 0.913419 0.885557 0.852432
20290_mask.png 0.379089 0.968412 0.67375 0.983952 0.999663 0.968728 0.969009
20408_mask.png 0.809871 0.445522 0.627697 0.616416 0.546226 0.707305 0.835068
20368_mask.png 0.866656 0.850098 0.858377 0.918976 0.978671 0.866145 0.924072
20056_mask.png 0.991895 0.493269 0.742582 0.660657 0.495174 0.992263 0.991959
20678_mask.png 0.0 0.904861 0.452431 0.950055 0.904861 1.0 0.904861
20057_mask.png 0.867493 0.782374 0.824933 0.877901 0.789708 0.988269 0.910248
20102_mask.png 0.0 0.99588 0.49794 0.997936 0.99588 1.0 0.99588
20199_mask.png 0.977312 0.589276 0.783294 0.741565 0.596765 0.979147 0.978027
20476_mask.png 0.979472 0.706502 0.842987 0.828012 0.748303 0.926727 0.980438
20710_mask.png 0.68821 0.697304 0.692757 0.821661 0.712613 0.970112 0.818542
20009_mask.png 0.804554 0.86359 0.834072 0.926802 0.877898 0.981477 0.912643
20444_mask.png 0.953328 0.378994 0.666161 0.549667 0.465146 0.671725 0.95462
20404_mask.png 0.735238 0.85255 0.793894 0.920407 0.863657 0.985139 0.895386
20395_mask.png 0.978203 0.553021 0.765612 0.712187 0.596327 0.883924 0.978775
20446_mask.png 1.0 nan 1.0 nan nan nan 1.0
20427_mask.png 0.813094 0.286493 0.549793 0.445386 0.288698 0.974026 0.826141
20153_mask.png 0.844555 0.405948 0.625252 0.577472 0.408371 0.985591 0.859482
20195_mask.png 0.757917 0.763472 0.760694 0.865873 0.975136 0.778629 0.864105
20702_mask.png 0.840345 0.249433 0.544889 0.399274 0.265862 0.801456 0.848389
20218_mask.png 0.391934 0.342595 0.367265 0.510348 0.343865 0.989335 0.538254
20034_mask.png 0.980516 0.343718 0.662117 0.511592 0.363138 0.865359 0.980713
20493_mask.png 0.827425 0.80657 0.816998 0.89293 0.873213 0.913558 0.899643
20814_mask.png 1.0 nan 1.0 nan nan nan 1.0
20105_mask.png 0.905069 0.470175 0.687622 0.639618 0.571364 0.726391 0.912445
20632_mask.png 0.872011 0.371048 0.62153 0.541262 0.402467 0.826181 0.880997
20362_mask.png 0.960144 0.514811 0.737478 0.679703 0.589971 0.801628 0.961761
20258_mask.png 0.790443 0.21574 0.503091 0.354911 0.234753 0.727051 0.801865
20289_mask.png 0.823697 0.908274 0.865986 0.951933 0.980354 0.925113 0.935791
20347_mask.png 0.946496 0.659631 0.803064 0.794913 0.898439 0.712781 0.951523
20150_mask.png 0.76116 0.745572 0.753366 0.854244 0.994545 0.748634 0.859497
20426_mask.png 0.356049 0.596712 0.47638 0.747426 0.600985 0.988225 0.670242
20682_mask.png 0.995202 0.228501 0.611852 0.372 0.230769 0.958763 0.995209
20479_mask.png 0.348715 0.935614 0.642164 0.966736 0.935983 0.999578 0.937759
20498_mask.png 0.989137 0.761855 0.875496 0.864833 0.798621 0.943016 0.989502
20245_mask.png 0.818515 0.926626 0.872571 0.961916 0.961723 0.962109 0.94487
20391_mask.png 1.0 nan 1.0 nan nan nan 1.0
20481_mask.png 0.702054 0.352601 0.527327 0.521368 0.352778 0.998581 0.743652
20058_mask.png 0.807937 0.580867 0.694402 0.734871 0.752389 0.718151 0.848312
20468_mask.png 0.781881 0.660942 0.721412 0.795864 0.694072 0.932646 0.846954
20553_mask.png 0.868594 0.35963 0.614112 0.529011 0.439887 0.663426 0.877625
20567_mask.png 0.988035 0.24976 0.618898 0.399693 0.292793 0.62954 0.988083
20027_mask.png 0.0 0.954163 0.477081 0.976544 0.954163 1.0 0.954163
20466_mask.png 0.664216 0.848818 0.756517 0.918228 0.882182 0.957344 0.883621
20559_mask.png 0.995299 0.739726 0.867513 0.850394 0.739726 1.0 0.995361
20409_mask.png 0.7956 0.383758 0.589679 0.55466 0.438155 0.755565 0.81868
20244_mask.png 0.694101 0.770755 0.732428 0.870538 0.891811 0.850256 0.849197
20664_mask.png 0.851133 0.997147 0.92414 0.998571 0.999922 0.997224 0.997192
20366_mask.png 0.849653 0.585014 0.717333 0.738181 0.614959 0.923157 0.875946
20022_mask.png 0.561885 0.642172 0.602028 0.782101 0.652485 0.975979 0.75473
20448_mask.png 0.889764 0.405099 0.647431 0.576613 0.407154 0.987697 0.897461
20759_mask.png 0.934364 0.881864 0.908114 0.937224 0.887749 0.992539 0.955948
20432_mask.png 0.367441 0.878512 0.622976 0.935328 0.880065 0.997996 0.88652
20141_mask.png 1.0 nan 1.0 nan nan nan 1.0
20590_mask.png 0.693371 0.524324 0.608847 0.687943 0.551025 0.9154 0.770828
20062_mask.png 0.999756 0.0 0.499878 nan 0.0 nan 0.999756
20741_mask.png 0.333845 0.779438 0.556642 0.87605 0.996382 0.78165 0.801392
20532_mask.png 0.914959 0.829893 0.872426 0.90704 0.851666 0.970115 0.939896
20192_mask.png 0.862222 0.622286 0.742254 0.767172 0.907078 0.664657 0.887711
20529_mask.png 0.859627 0.953877 0.906752 0.976394 0.985923 0.967048 0.964035
20563_mask.png 0.832839 0.676549 0.754694 0.807073 0.707181 0.939828 0.876144
20392_mask.png 0.951166 0.70001 0.825588 0.823537 0.807808 0.83989 0.956161
20771_mask.png 0.823027 0.908393 0.86571 0.951998 0.913481 0.993905 0.93576
20732_mask.png 0.961684 0.369124 0.665404 0.539212 0.439988 0.696221 0.962524
20536_mask.png 0.624243 0.594001 0.609122 0.745295 0.814833 0.686693 0.757538
20149_mask.png 0.805716 0.091921 0.448818 0.168365 0.092425 0.943988 0.809464
20268_mask.png 0.964397 0.547258 0.755827 0.70739 0.604786 0.851922 0.965866
20300_mask.png 0.653687 0.195326 0.424507 0.326817 0.195326 1.0 0.680542
20299_mask.png 0.971698 0.454874 0.713286 0.62531 0.546046 0.731495 0.972351
20410_mask.png 0.909761 0.505751 0.707756 0.671759 0.639871 0.706993 0.917389
20318_mask.png 0.800986 0.740787 0.770887 0.851094 0.774118 0.94507 0.873138
20006_mask.png 0.935765 0.3566 0.646182 0.525726 0.369587 0.910303 0.937973
20775_mask.png 0.981449 0.518189 0.749819 0.682641 0.754562 0.623238 0.981812
20690_mask.png 0.959513 0.579766 0.769639 0.73399 0.742239 0.725921 0.961655
20065_mask.png 1.0 nan 1.0 nan nan nan 1.0
20114_mask.png 0.832418 0.81691 0.824664 0.89923 0.863186 0.938416 0.904114
20115_mask.png 0.974218 0.701741 0.83798 0.824733 0.702399 0.998668 0.975693
20068_mask.png 0.921514 0.788365 0.85494 0.88166 0.826283 0.944993 0.93927
20079_mask.png 0.978421 0.743446 0.860933 0.852847 0.748932 0.990244 0.979691
20435_mask.png 0.666939 0.362411 0.514675 0.532014 0.364081 0.987505 0.719955
20521_mask.png 0.893238 0.378253 0.635746 0.548888 0.42458 0.776117 0.89975
20031_mask.png 0.466289 0.92647 0.69638 0.961832 0.999895 0.92656 0.930908
20661_mask.png 0.760693 0.752359 0.756526 0.858681 0.82137 0.899544 0.861435
20018_mask.png 0.926037 0.66112 0.793579 0.795993 0.893792 0.717486 0.935364
20834_mask.png 0.700328 0.767165 0.733746 0.868244 0.79079 0.962516 0.849213
20205_mask.png 0.708822 0.766641 0.737732 0.867908 0.933161 0.811185 0.851181
20128_mask.png 0.972842 0.648194 0.810518 0.786551 0.995855 0.649948 0.974136
20823_mask.png 0.943072 0.521324 0.732198 0.685356 0.719985 0.653905 0.946396
20053_mask.png 0.992766 0.54677 0.769768 0.706983 0.747036 0.671006 0.992828
20751_mask.png 0.7109 0.767822 0.739361 0.868664 0.830468 0.910543 0.852203
20822_mask.png 0.953851 0.546605 0.750228 0.706845 0.743755 0.673426 0.956284
20510_mask.png 0.952566 0.716416 0.834491 0.834782 0.730217 0.974298 0.957642
20024_mask.png 0.800181 0.674562 0.737372 0.805658 0.714036 0.924255 0.858704
20486_mask.png 0.913651 0.444654 0.679153 0.615586 0.482413 0.850321 0.919235
20482_mask.png 0.615424 0.936179 0.775801 0.967038 0.951736 0.982839 0.942093
20087_mask.png 0.800498 0.689468 0.744983 0.816196 0.845649 0.788725 0.86174
20339_mask.png 0.926202 0.570286 0.748244 0.726347 0.854803 0.631454 0.932785
20825_mask.png 0.961359 0.513886 0.737622 0.678897 0.962215 0.52447 0.962875
20623_mask.png 0.935519 0.348381 0.64195 0.51674 0.442195 0.621514 0.937668
20030_mask.png 0.859478 0.485251 0.672365 0.653427 0.514083 0.896399 0.875916
20729_mask.png 0.835098 0.096478 0.465788 0.175978 0.096478 1.0 0.837952
20705_mask.png 0.760209 0.179235 0.469722 0.303985 0.179304 0.997858 0.772141
20158_mask.png 0.981579 0.710526 0.846053 0.830769 0.964942 0.729354 0.982376
20683_mask.png 0.919958 0.394168 0.657063 0.565452 0.510464 0.633718 0.92392
20200_mask.png 0.827144 0.532784 0.679964 0.695184 0.561038 0.91364 0.855606
20313_mask.png 0.731601 0.787365 0.759483 0.881035 0.79005 0.995702 0.865387
20789_mask.png 0.866866 0.856316 0.861591 0.922597 0.857557 0.998313 0.925766
20564_mask.png 0.956737 0.259151 0.607944 0.411628 0.294899 0.681311 0.957382
20173_mask.png 0.908913 0.739312 0.824112 0.85012 0.945866 0.771976 0.927612
20518_mask.png 0.777302 0.724694 0.750998 0.840374 0.876933 0.806742 0.859604
20420_mask.png 0.987971 0.850091 0.919031 0.918972 0.93813 0.900581 0.988739
20178_mask.png 0.996927 0.385321 0.691124 0.556291 0.385321 1.0 0.996933
20490_mask.png 0.842461 0.681902 0.762182 0.81087 0.774941 0.850293 0.882233
20066_mask.png 0.938302 0.878637 0.908469 0.935398 0.89726 0.976923 0.957352
20471_mask.png 0.0 0.968491 0.484245 0.983993 0.968491 1.0 0.968491
20405_mask.png 0.0 0.999893 0.499947 0.999947 0.999893 1.0 0.999893
20284_mask.png 0.773935 0.269288 0.521612 0.424314 0.28103 0.865682 0.791321
20571_mask.png 0.985547 0.560907 0.773227 0.718693 0.767938 0.675384 0.985809
20472_mask.png 0.996639 0.259259 0.627949 0.411765 0.259259 1.0 0.996643
20250_mask.png nan 1.0 1.0 1.0 1.0 1.0 1.0
20806_mask.png 0.941043 0.500821 0.720932 0.667396 0.741491 0.606764 0.944336
20342_mask.png 0.992669 0.560074 0.776371 0.718009 0.564246 0.986971 0.992737
20293_mask.png 0.952454 0.596926 0.77469 0.747594 0.635372 0.907961 0.955582
20367_mask.png 0.438913 0.70153 0.570222 0.824587 0.71026 0.982782 0.758026
20698_mask.png 0.65335 0.952702 0.803026 0.975778 0.958244 0.993966 0.956573
20109_mask.png 0.962667 0.705249 0.833958 0.827151 0.81796 0.83655 0.965729
20146_mask.png 0.550923 0.632188 0.591556 0.774651 0.653325 0.951316 0.746552
20565_mask.png 0.640173 0.707822 0.673997 0.828918 0.73402 0.951998 0.807755
20309_mask.png 0.88632 0.590467 0.738393 0.742508 0.780003 0.708452 0.902328
20161_mask.png 0.055967 0.909953 0.48296 0.952854 0.999916 0.910023 0.910431
20401_mask.png 0.996361 0.839506 0.917934 0.912752 0.945174 0.88248 0.996429
20074_mask.png 0.647828 0.665706 0.656767 0.799308 0.92851 0.70167 0.792999
20649_mask.png 0.623169 0.689191 0.65618 0.816001 0.93629 0.723102 0.794708
20228_mask.png 0.906773 0.517673 0.712223 0.682193 0.647021 0.721409 0.915253
20351_mask.png 0.752682 0.351409 0.552046 0.520063 0.382665 0.8114 0.781906
20304_mask.png 0.984328 0.572097 0.778213 0.727814 0.572828 0.997774 0.98465
20093_mask.png 0.83055 0.712305 0.771428 0.831984 0.802694 0.863492 0.88063
20382_mask.png 0.971356 0.730466 0.850911 0.844242 0.813545 0.877346 0.973419
20728_mask.png 0.814552 0.229307 0.52193 0.373068 0.232654 0.940967 0.824249
20381_mask.png 0.966012 0.716791 0.841402 0.835036 0.717584 0.998461 0.968704
20627_mask.png 0.6893 0.770819 0.73006 0.870579 0.788051 0.972415 0.848068
20329_mask.png 0.976966 0.504035 0.740501 0.670244 0.512128 0.969599 0.977493
20538_mask.png 0.981539 0.670714 0.826127 0.802907 0.764403 0.845497 0.982208
20669_mask.png 0.960162 0.583179 0.77167 0.736719 0.934882 0.607871 0.962265
20350_mask.png 0.827808 0.575077 0.701442 0.73022 0.66161 0.814708 0.860352
20809_mask.png 0.574011 0.844287 0.709149 0.91557 0.981101 0.858245 0.871292
20807_mask.png 0.581269 0.975742 0.778505 0.987722 0.984108 0.991362 0.976532
20756_mask.png 0.942871 0.47214 0.707505 0.641433 0.491136 0.924282 0.945648
20142_mask.png 0.833806 0.699353 0.76658 0.823082 0.769283 0.884971 0.880142
20254_mask.png 0.741417 0.982754 0.862085 0.991302 0.983131 0.999609 0.983566
20689_mask.png 0.892352 0.884617 0.888484 0.938776 0.909152 0.970396 0.941025
20687_mask.png 0.925336 0.817303 0.87132 0.899468 0.818731 0.997872 0.944031
20810_mask.png 0.962563 0.542996 0.752779 0.70382 0.634462 0.790204 0.964157
20778_mask.png 0.984183 0.25398 0.619082 0.405078 0.25398 1.0 0.984268
20736_mask.png 0.934589 0.712426 0.823507 0.832066 0.73506 0.958569 0.94371
20174_mask.png 0.88965 0.970098 0.929874 0.984822 0.97192 0.998071 0.975906
20475_mask.png 0.714983 0.92861 0.821797 0.962984 0.988301 0.938931 0.939453
20801_mask.png 0.878963 0.8225 0.850731 0.902606 0.84791 0.964846 0.922455
20400_mask.png 0.980735 0.649612 0.815174 0.787594 0.713159 0.879377 0.9814
20376_mask.png 0.973861 0.778359 0.87611 0.875367 0.86717 0.883721 0.976059
20281_mask.png 0.825497 0.765015 0.795256 0.866865 0.989498 0.771277 0.888718
20594_mask.png 0.753908 0.751806 0.752857 0.858321 0.990095 0.757504 0.859009
20274_mask.png 0.886406 0.535661 0.711033 0.69763 0.552339 0.94664 0.899567
20457_mask.png 0.865631 0.759947 0.812789 0.863602 0.796303 0.943327 0.905731
20820_mask.png 1.0 nan 1.0 nan nan nan 1.0
20774_mask.png 0.827144 0.989402 0.908273 0.994673 0.989434 0.999968 0.989914
20805_mask.png 0.759255 0.191758 0.475506 0.321807 0.194272 0.936772 0.772263
20160_mask.png 0.952706 0.786747 0.869727 0.880648 0.937055 0.830646 0.959732
20758_mask.png 0.964487 0.23699 0.600739 0.383173 0.238254 0.978112 0.964874
20743_mask.png 0.964748 0.377203 0.670975 0.547781 0.425598 0.768368 0.965485
20430_mask.png 0.707819 0.510885 0.609352 0.676273 0.56101 0.851144 0.776138
20081_mask.png 0.689355 0.643753 0.666554 0.783272 0.689371 0.906789 0.801041
--------------------
总mIou：0.8732317201675445
总mIou：0.7560014630318264
总mIou：0.8146165915996855
总fscore：0.8610485219477368
总recall：0.8122176318611936
总precision0.916126457460039
总accuracy0.9089815232978248
Finish!
